ARM GAS  /var/folders/17/bkfps9l155v_zhlnnf_8b0040000gn/T//ccRLxkgQ.s 			page 1


   1              		.syntax unified
   2              		.cpu cortex-m3
   3              		.fpu softvfp
   4              		.eabi_attribute 20, 1
   5              		.eabi_attribute 21, 1
   6              		.eabi_attribute 23, 3
   7              		.eabi_attribute 24, 1
   8              		.eabi_attribute 25, 1
   9              		.eabi_attribute 26, 1
  10              		.eabi_attribute 30, 2
  11              		.eabi_attribute 34, 1
  12              		.eabi_attribute 18, 4
  13              		.thumb
  14              		.file	"chcore.c"
  15              		.text
  16              	.Ltext0:
  17              		.cfi_sections	.debug_frame
  18              		.section	.text.port_halt,"ax",%progbits
  19              		.align	2
  20              		.p2align 4,,15
  21              		.weak	port_halt
  22              		.thumb
  23              		.thumb_func
  24              		.type	port_halt, %function
  25              	port_halt:
  26              	.LFB7:
  27              		.file 1 "../../vexell/../ChibiOS-RT/os/ports/GCC/ARMCMx/chcore.c"
  28              		.loc 1 39 0
  29              		.cfi_startproc
  30              		@ args = 0, pretend = 0, frame = 0
  31              		@ frame_needed = 0, uses_anonymous_args = 0
  32              		@ link register save eliminated.
  33              		.loc 1 41 0
  34              	@ 41 "../../vexell/../ChibiOS-RT/os/ports/GCC/ARMCMx/chcore.c" 1
  35 0000 72B6     		cpsid   i
  36              	@ 0 "" 2
  37              		.thumb
  38              	.L2:
  39 0002 FEE7     		b	.L2
  40              		.cfi_endproc
  41              	.LFE7:
  42              		.size	port_halt, .-port_halt
  43 0004 AFF30080 		.text
  43      AFF30080 
  43      AFF30080 
  44              	.Letext0:
  45              		.section	.debug_info,"",%progbits
  46              	.Ldebug_info0:
  47 0000 8E000000 		.4byte	0x8e
  48 0004 0400     		.2byte	0x4
  49 0006 00000000 		.4byte	.Ldebug_abbrev0
  50 000a 04       		.byte	0x4
  51 000b 01       		.uleb128 0x1
  52 000c 1B000000 		.4byte	.LASF12
  53 0010 01       		.byte	0x1
  54 0011 E0010000 		.4byte	.LASF13
  55 0015 6F010000 		.4byte	.LASF14
ARM GAS  /var/folders/17/bkfps9l155v_zhlnnf_8b0040000gn/T//ccRLxkgQ.s 			page 2


  56 0019 00000000 		.4byte	.Ldebug_ranges0+0
  57 001d 00000000 		.4byte	0
  58 0021 00000000 		.4byte	.Ldebug_line0
  59 0025 02       		.uleb128 0x2
  60 0026 04       		.byte	0x4
  61 0027 05       		.byte	0x5
  62 0028 696E7400 		.ascii	"int\000"
  63 002c 03       		.uleb128 0x3
  64 002d 04       		.byte	0x4
  65 002e 07       		.byte	0x7
  66 002f 0E000000 		.4byte	.LASF0
  67 0033 03       		.uleb128 0x3
  68 0034 01       		.byte	0x1
  69 0035 06       		.byte	0x6
  70 0036 C0010000 		.4byte	.LASF1
  71 003a 03       		.uleb128 0x3
  72 003b 02       		.byte	0x2
  73 003c 05       		.byte	0x5
  74 003d D6010000 		.4byte	.LASF2
  75 0041 03       		.uleb128 0x3
  76 0042 04       		.byte	0x4
  77 0043 05       		.byte	0x5
  78 0044 60010000 		.4byte	.LASF3
  79 0048 03       		.uleb128 0x3
  80 0049 08       		.byte	0x8
  81 004a 05       		.byte	0x5
  82 004b 00000000 		.4byte	.LASF4
  83 004f 03       		.uleb128 0x3
  84 0050 01       		.byte	0x1
  85 0051 08       		.byte	0x8
  86 0052 4D010000 		.4byte	.LASF5
  87 0056 03       		.uleb128 0x3
  88 0057 02       		.byte	0x2
  89 0058 07       		.byte	0x7
  90 0059 AD010000 		.4byte	.LASF6
  91 005d 03       		.uleb128 0x3
  92 005e 04       		.byte	0x4
  93 005f 07       		.byte	0x7
  94 0060 24010000 		.4byte	.LASF7
  95 0064 03       		.uleb128 0x3
  96 0065 08       		.byte	0x8
  97 0066 07       		.byte	0x7
  98 0067 36010000 		.4byte	.LASF8
  99 006b 03       		.uleb128 0x3
 100 006c 01       		.byte	0x1
 101 006d 02       		.byte	0x2
 102 006e 69010000 		.4byte	.LASF9
 103 0072 03       		.uleb128 0x3
 104 0073 04       		.byte	0x4
 105 0074 07       		.byte	0x7
 106 0075 18020000 		.4byte	.LASF10
 107 0079 03       		.uleb128 0x3
 108 007a 01       		.byte	0x1
 109 007b 08       		.byte	0x8
 110 007c 5B010000 		.4byte	.LASF11
 111 0080 04       		.uleb128 0x4
 112 0081 CC010000 		.4byte	.LASF15
ARM GAS  /var/folders/17/bkfps9l155v_zhlnnf_8b0040000gn/T//ccRLxkgQ.s 			page 3


 113 0085 01       		.byte	0x1
 114 0086 27       		.byte	0x27
 115 0087 00000000 		.4byte	.LFB7
 116 008b 04000000 		.4byte	.LFE7-.LFB7
 117 008f 01       		.uleb128 0x1
 118 0090 9C       		.byte	0x9c
 119 0091 00       		.byte	0
 120              		.section	.debug_abbrev,"",%progbits
 121              	.Ldebug_abbrev0:
 122 0000 01       		.uleb128 0x1
 123 0001 11       		.uleb128 0x11
 124 0002 01       		.byte	0x1
 125 0003 25       		.uleb128 0x25
 126 0004 0E       		.uleb128 0xe
 127 0005 13       		.uleb128 0x13
 128 0006 0B       		.uleb128 0xb
 129 0007 03       		.uleb128 0x3
 130 0008 0E       		.uleb128 0xe
 131 0009 1B       		.uleb128 0x1b
 132 000a 0E       		.uleb128 0xe
 133 000b 55       		.uleb128 0x55
 134 000c 17       		.uleb128 0x17
 135 000d 11       		.uleb128 0x11
 136 000e 01       		.uleb128 0x1
 137 000f 10       		.uleb128 0x10
 138 0010 17       		.uleb128 0x17
 139 0011 00       		.byte	0
 140 0012 00       		.byte	0
 141 0013 02       		.uleb128 0x2
 142 0014 24       		.uleb128 0x24
 143 0015 00       		.byte	0
 144 0016 0B       		.uleb128 0xb
 145 0017 0B       		.uleb128 0xb
 146 0018 3E       		.uleb128 0x3e
 147 0019 0B       		.uleb128 0xb
 148 001a 03       		.uleb128 0x3
 149 001b 08       		.uleb128 0x8
 150 001c 00       		.byte	0
 151 001d 00       		.byte	0
 152 001e 03       		.uleb128 0x3
 153 001f 24       		.uleb128 0x24
 154 0020 00       		.byte	0
 155 0021 0B       		.uleb128 0xb
 156 0022 0B       		.uleb128 0xb
 157 0023 3E       		.uleb128 0x3e
 158 0024 0B       		.uleb128 0xb
 159 0025 03       		.uleb128 0x3
 160 0026 0E       		.uleb128 0xe
 161 0027 00       		.byte	0
 162 0028 00       		.byte	0
 163 0029 04       		.uleb128 0x4
 164 002a 2E       		.uleb128 0x2e
 165 002b 00       		.byte	0
 166 002c 3F       		.uleb128 0x3f
 167 002d 19       		.uleb128 0x19
 168 002e 03       		.uleb128 0x3
 169 002f 0E       		.uleb128 0xe
ARM GAS  /var/folders/17/bkfps9l155v_zhlnnf_8b0040000gn/T//ccRLxkgQ.s 			page 4


 170 0030 3A       		.uleb128 0x3a
 171 0031 0B       		.uleb128 0xb
 172 0032 3B       		.uleb128 0x3b
 173 0033 0B       		.uleb128 0xb
 174 0034 27       		.uleb128 0x27
 175 0035 19       		.uleb128 0x19
 176 0036 11       		.uleb128 0x11
 177 0037 01       		.uleb128 0x1
 178 0038 12       		.uleb128 0x12
 179 0039 06       		.uleb128 0x6
 180 003a 40       		.uleb128 0x40
 181 003b 18       		.uleb128 0x18
 182 003c 9742     		.uleb128 0x2117
 183 003e 19       		.uleb128 0x19
 184 003f 00       		.byte	0
 185 0040 00       		.byte	0
 186 0041 00       		.byte	0
 187              		.section	.debug_aranges,"",%progbits
 188 0000 1C000000 		.4byte	0x1c
 189 0004 0200     		.2byte	0x2
 190 0006 00000000 		.4byte	.Ldebug_info0
 191 000a 04       		.byte	0x4
 192 000b 00       		.byte	0
 193 000c 0000     		.2byte	0
 194 000e 0000     		.2byte	0
 195 0010 00000000 		.4byte	.LFB7
 196 0014 04000000 		.4byte	.LFE7-.LFB7
 197 0018 00000000 		.4byte	0
 198 001c 00000000 		.4byte	0
 199              		.section	.debug_ranges,"",%progbits
 200              	.Ldebug_ranges0:
 201 0000 00000000 		.4byte	.LFB7
 202 0004 04000000 		.4byte	.LFE7
 203 0008 00000000 		.4byte	0
 204 000c 00000000 		.4byte	0
 205              		.section	.debug_line,"",%progbits
 206              	.Ldebug_line0:
 207 0000 64000000 		.section	.debug_str,"MS",%progbits,1
 207      02004E00 
 207      00000201 
 207      FB0E0D00 
 207      01010101 
 208              	.LASF4:
 209 0000 6C6F6E67 		.ascii	"long long int\000"
 209      206C6F6E 
 209      6720696E 
 209      7400
 210              	.LASF0:
 211 000e 756E7369 		.ascii	"unsigned int\000"
 211      676E6564 
 211      20696E74 
 211      00
 212              	.LASF12:
 213 001b 474E5520 		.ascii	"GNU C 4.8.3 20131129 (release) [ARM/embedded-4_8-br"
 213      4320342E 
 213      382E3320 
 213      32303133 
ARM GAS  /var/folders/17/bkfps9l155v_zhlnnf_8b0040000gn/T//ccRLxkgQ.s 			page 5


 213      31313239 
 214 004e 616E6368 		.ascii	"anch revision 205641] -mcpu=cortex-m3 -mno-thumb-in"
 214      20726576 
 214      6973696F 
 214      6E203230 
 214      35363431 
 215 0081 74657277 		.ascii	"terwork -mthumb -ggdb -O2 -std=gnu99 -fomit-frame-p"
 215      6F726B20 
 215      2D6D7468 
 215      756D6220 
 215      2D676764 
 216 00b4 6F696E74 		.ascii	"ointer -falign-functions=16 -ffreestanding -fno-str"
 216      6572202D 
 216      66616C69 
 216      676E2D66 
 216      756E6374 
 217 00e7 6963742D 		.ascii	"ict-aliasing -ffunction-sections -fdata-sections -f"
 217      616C6961 
 217      73696E67 
 217      202D6666 
 217      756E6374 
 218 011a 6E6F2D63 		.ascii	"no-common\000"
 218      6F6D6D6F 
 218      6E00
 219              	.LASF7:
 220 0124 6C6F6E67 		.ascii	"long unsigned int\000"
 220      20756E73 
 220      69676E65 
 220      6420696E 
 220      7400
 221              	.LASF8:
 222 0136 6C6F6E67 		.ascii	"long long unsigned int\000"
 222      206C6F6E 
 222      6720756E 
 222      7369676E 
 222      65642069 
 223              	.LASF5:
 224 014d 756E7369 		.ascii	"unsigned char\000"
 224      676E6564 
 224      20636861 
 224      7200
 225              	.LASF11:
 226 015b 63686172 		.ascii	"char\000"
 226      00
 227              	.LASF3:
 228 0160 6C6F6E67 		.ascii	"long int\000"
 228      20696E74 
 228      00
 229              	.LASF9:
 230 0169 5F426F6F 		.ascii	"_Bool\000"
 230      6C00
 231              	.LASF14:
 232 016f 2F557365 		.ascii	"/Users/leroux/src/robotics/vex/convex-vexell/projec"
 232      72732F6C 
 232      65726F75 
 232      782F7372 
 232      632F726F 
ARM GAS  /var/folders/17/bkfps9l155v_zhlnnf_8b0040000gn/T//ccRLxkgQ.s 			page 6


 233 01a2 74732F64 		.ascii	"ts/default\000"
 233      65666175 
 233      6C7400
 234              	.LASF6:
 235 01ad 73686F72 		.ascii	"short unsigned int\000"
 235      7420756E 
 235      7369676E 
 235      65642069 
 235      6E7400
 236              	.LASF1:
 237 01c0 7369676E 		.ascii	"signed char\000"
 237      65642063 
 237      68617200 
 238              	.LASF15:
 239 01cc 706F7274 		.ascii	"port_halt\000"
 239      5F68616C 
 239      7400
 240              	.LASF2:
 241 01d6 73686F72 		.ascii	"short int\000"
 241      7420696E 
 241      7400
 242              	.LASF13:
 243 01e0 2E2E2F2E 		.ascii	"../../vexell/../ChibiOS-RT/os/ports/GCC/ARMCMx/chco"
 243      2E2F7665 
 243      78656C6C 
 243      2F2E2E2F 
 243      43686962 
 244 0213 72652E63 		.ascii	"re.c\000"
 244      00
 245              	.LASF10:
 246 0218 73697A65 		.ascii	"sizetype\000"
 246      74797065 
 246      00
 247              		.ident	"GCC: (GNU Tools for ARM Embedded Processors) 4.8.3 20131129 (release) [ARM/embedded-4_8-br
ARM GAS  /var/folders/17/bkfps9l155v_zhlnnf_8b0040000gn/T//ccRLxkgQ.s 			page 7


DEFINED SYMBOLS
                            *ABS*:0000000000000000 chcore.c
/var/folders/17/bkfps9l155v_zhlnnf_8b0040000gn/T//ccRLxkgQ.s:19     .text.port_halt:0000000000000000 $t
/var/folders/17/bkfps9l155v_zhlnnf_8b0040000gn/T//ccRLxkgQ.s:25     .text.port_halt:0000000000000000 port_halt
                     .debug_frame:0000000000000010 $d

NO UNDEFINED SYMBOLS
