ARM GAS  /var/folders/17/bkfps9l155v_zhlnnf_8b0040000gn/T//ccqW2E5R.s 			page 1


   1              		.syntax unified
   2              		.cpu cortex-m3
   3              		.fpu softvfp
   4              		.eabi_attribute 20, 1
   5              		.eabi_attribute 21, 1
   6              		.eabi_attribute 23, 3
   7              		.eabi_attribute 24, 1
   8              		.eabi_attribute 25, 1
   9              		.eabi_attribute 26, 1
  10              		.eabi_attribute 30, 2
  11              		.eabi_attribute 34, 1
  12              		.eabi_attribute 18, 4
  13              		.thumb
  14              		.file	"chcore_v7m.c"
  15              		.text
  16              	.Ltext0:
  17              		.cfi_sections	.debug_frame
  18              		.section	.text._port_switch_from_isr,"ax",%progbits
  19              		.align	2
  20              		.p2align 4,,15
  21              		.global	_port_switch_from_isr
  22              		.thumb
  23              		.thumb_func
  24              		.type	_port_switch_from_isr, %function
  25              	_port_switch_from_isr:
  26              	.LFB11:
  27              		.file 1 "../../vexell/../ChibiOS-RT/os/ports/GCC/ARMCMx/chcore_v7m.c"
  28              		.loc 1 200 0
  29              		.cfi_startproc
  30              		@ Naked Function: prologue and epilogue provided by programmer.
  31              		@ args = 0, pretend = 0, frame = 0
  32              		@ frame_needed = 0, uses_anonymous_args = 0
  33              		.loc 1 203 0
  34 0000 FFF7FEFF 		bl	chSchDoReschedule
  35              	.LVL0:
  36              		.loc 1 205 0
  37              	@ 205 "../../vexell/../ChibiOS-RT/os/ports/GCC/ARMCMx/chcore_v7m.c" 1
  38              		_port_exit_from_isr:
  39              	@ 0 "" 2
  40              		.loc 1 207 0
  41              	@ 207 "../../vexell/../ChibiOS-RT/os/ports/GCC/ARMCMx/chcore_v7m.c" 1
  42 0004 00DF     		svc     #0
  43              	@ 0 "" 2
  44              		.loc 1 214 0
  45              		.thumb
  46              		.cfi_endproc
  47              	.LFE11:
  48              		.size	_port_switch_from_isr, .-_port_switch_from_isr
  49 0006 00BFAFF3 		.section	.text.SVCallVector,"ax",%progbits
  49      0080AFF3 
  49      0080
  50              		.align	2
  51              		.p2align 4,,15
  52              		.global	SVCallVector
  53              		.thumb
  54              		.thumb_func
  55              		.type	SVCallVector, %function
ARM GAS  /var/folders/17/bkfps9l155v_zhlnnf_8b0040000gn/T//ccqW2E5R.s 			page 2


  56              	SVCallVector:
  57              	.LFB8:
  58              		.loc 1 58 0
  59              		.cfi_startproc
  60              		@ args = 0, pretend = 0, frame = 0
  61              		@ frame_needed = 0, uses_anonymous_args = 0
  62              		@ link register save eliminated.
  63              		.loc 1 62 0
  64              	@ 62 "../../vexell/../ChibiOS-RT/os/ports/GCC/ARMCMx/chcore_v7m.c" 1
  65 0000 EFF30983 		mrs     r3, PSP
  66              	@ 0 "" 2
  67              	.LVL1:
  68              		.loc 1 66 0
  69              		.thumb
  70 0004 2033     		adds	r3, r3, #32
  71              	.LVL2:
  72              		.loc 1 73 0
  73              	@ 73 "../../vexell/../ChibiOS-RT/os/ports/GCC/ARMCMx/chcore_v7m.c" 1
  74 0006 83F30988 		msr     PSP, r3
  75              	@ 0 "" 2
  76              		.thumb
  77              	.LBB2:
  78              		.loc 1 74 0
  79 000a 0023     		movs	r3, #0
  80              	.LVL3:
  81              	@ 74 "../../vexell/../ChibiOS-RT/os/ports/GCC/ARMCMx/chcore_v7m.c" 1
  82 000c 83F31188 		msr     BASEPRI, r3
  83              	@ 0 "" 2
  84              		.thumb
  85 0010 7047     		bx	lr
  86              	.LBE2:
  87              		.cfi_endproc
  88              	.LFE8:
  89              		.size	SVCallVector, .-SVCallVector
  90 0012 00BFAFF3 		.section	.text._port_init,"ax",%progbits
  90      0080AFF3 
  90      0080AFF3 
  90      0080
  91              		.align	2
  92              		.p2align 4,,15
  93              		.global	_port_init
  94              		.thumb
  95              		.thumb_func
  96              		.type	_port_init, %function
  97              	_port_init:
  98              	.LFB9:
  99              		.loc 1 111 0
 100              		.cfi_startproc
 101              		@ args = 0, pretend = 0, frame = 0
 102              		@ frame_needed = 0, uses_anonymous_args = 0
 103 0000 08B5     		push	{r3, lr}
 104              		.cfi_def_cfa_offset 8
 105              		.cfi_offset 3, -8
 106              		.cfi_offset 14, -4
 107              		.loc 1 115 0
 108 0002 094A     		ldr	r2, .L4
 109              		.loc 1 114 0
ARM GAS  /var/folders/17/bkfps9l155v_zhlnnf_8b0040000gn/T//ccqW2E5R.s 			page 3


 110 0004 094B     		ldr	r3, .L4+4
 111 0006 0021     		movs	r1, #0
 112 0008 9960     		str	r1, [r3, #8]
 113              		.loc 1 118 0
 114 000a 0720     		movs	r0, #7
 115              		.loc 1 115 0
 116 000c DA60     		str	r2, [r3, #12]
 117              		.loc 1 118 0
 118 000e 1021     		movs	r1, #16
 119 0010 FFF7FEFF 		bl	nvicSetSystemHandlerPriority
 120              	.LVL4:
 121              		.loc 1 120 0
 122 0014 0A20     		movs	r0, #10
 123 0016 2021     		movs	r1, #32
 124 0018 FFF7FEFF 		bl	nvicSetSystemHandlerPriority
 125              	.LVL5:
 126              		.loc 1 124 0
 127 001c BDE80840 		pop	{r3, lr}
 128              		.loc 1 122 0
 129 0020 0B20     		movs	r0, #11
 130 0022 8021     		movs	r1, #128
 131 0024 FFF7FEBF 		b	nvicSetSystemHandlerPriority
 132              	.LVL6:
 133              	.L5:
 134              		.align	2
 135              	.L4:
 136 0028 0003FA05 		.word	100270848
 137 002c 00ED00E0 		.word	-536810240
 138              		.cfi_endproc
 139              	.LFE9:
 140              		.size	_port_init, .-_port_init
 141              		.section	.text._port_irq_epilogue,"ax",%progbits
 142              		.align	2
 143              		.p2align 4,,15
 144              		.global	_port_irq_epilogue
 145              		.thumb
 146              		.thumb_func
 147              		.type	_port_irq_epilogue, %function
 148              	_port_irq_epilogue:
 149              	.LFB10:
 150              		.loc 1 141 0
 151              		.cfi_startproc
 152              		@ args = 0, pretend = 0, frame = 0
 153              		@ frame_needed = 0, uses_anonymous_args = 0
 154              		@ link register save eliminated.
 155              	.LBB3:
 156              		.loc 1 143 0
 157 0000 2023     		movs	r3, #32
 158              	@ 143 "../../vexell/../ChibiOS-RT/os/ports/GCC/ARMCMx/chcore_v7m.c" 1
 159 0002 83F31188 		msr     BASEPRI, r3
 160              	@ 0 "" 2
 161              		.thumb
 162              	.LBE3:
 163              		.loc 1 144 0
 164 0006 164B     		ldr	r3, .L14
 165 0008 5B68     		ldr	r3, [r3, #4]
 166 000a 13F40063 		ands	r3, r3, #2048
ARM GAS  /var/folders/17/bkfps9l155v_zhlnnf_8b0040000gn/T//ccqW2E5R.s 			page 4


 167 000e 19D0     		beq	.L7
 168              	.LBB4:
 169              		.loc 1 148 0
 170              	@ 148 "../../vexell/../ChibiOS-RT/os/ports/GCC/ARMCMx/chcore_v7m.c" 1
 171 0010 EFF30983 		mrs     r3, PSP
 172              	@ 0 "" 2
 173              	.LVL7:
 174              		.loc 1 152 0
 175              		.thumb
 176 0014 A3F12002 		sub	r2, r3, #32
 177              	.LVL8:
 178              		.loc 1 153 0
 179              	@ 153 "../../vexell/../ChibiOS-RT/os/ports/GCC/ARMCMx/chcore_v7m.c" 1
 180 0018 82F30988 		msr     PSP, r2
 181              	@ 0 "" 2
 182              		.loc 1 154 0
 183              		.thumb
 184 001c 4FF08072 		mov	r2, #16777216
 185              	.LVL9:
 186              		.loc 1 158 0
 187 0020 1049     		ldr	r1, .L14+4
 188              		.loc 1 154 0
 189 0022 43F8042C 		str	r2, [r3, #-4]
 190              		.loc 1 158 0
 191 0026 8A69     		ldr	r2, [r1, #24]
 192 0028 0968     		ldr	r1, [r1]
 193 002a D07F     		ldrb	r0, [r2, #31]	@ zero_extendqisi2
 194 002c 8968     		ldr	r1, [r1, #8]
 195 002e 9268     		ldr	r2, [r2, #8]
 196 0030 58B1     		cbz	r0, .L8
 197              		.loc 1 158 0 is_stmt 0 discriminator 1
 198 0032 9142     		cmp	r1, r2
 199 0034 94BF     		ite	ls
 200 0036 0022     		movls	r2, #0
 201 0038 0122     		movhi	r2, #1
 202 003a 62B1     		cbz	r2, .L10
 203              	.L13:
 204              		.loc 1 160 0 is_stmt 1
 205 003c 0A4A     		ldr	r2, .L14+8
 206 003e 43F8082C 		str	r2, [r3, #-8]
 207 0042 7047     		bx	lr
 208              	.LVL10:
 209              	.L7:
 210              	.LBE4:
 211              	.LBB5:
 212              		.loc 1 190 0
 213              	@ 190 "../../vexell/../ChibiOS-RT/os/ports/GCC/ARMCMx/chcore_v7m.c" 1
 214 0044 83F31188 		msr     BASEPRI, r3
 215              	@ 0 "" 2
 216              		.thumb
 217 0048 7047     		bx	lr
 218              	.LVL11:
 219              	.L8:
 220              	.LBE5:
 221              	.LBB6:
 222              		.loc 1 158 0 discriminator 2
 223 004a 9142     		cmp	r1, r2
ARM GAS  /var/folders/17/bkfps9l155v_zhlnnf_8b0040000gn/T//ccqW2E5R.s 			page 5


 224 004c 34BF     		ite	cc
 225 004e 0022     		movcc	r2, #0
 226 0050 0122     		movcs	r2, #1
 227 0052 002A     		cmp	r2, #0
 228 0054 F2D1     		bne	.L13
 229              	.L10:
 230              		.loc 1 169 0
 231 0056 054A     		ldr	r2, .L14+12
 232 0058 43F8082C 		str	r2, [r3, #-8]
 233 005c 7047     		bx	lr
 234              	.L15:
 235 005e 00BF     		.align	2
 236              	.L14:
 237 0060 00ED00E0 		.word	-536810240
 238 0064 00000000 		.word	rlist
 239 0068 00000000 		.word	_port_switch_from_isr
 240 006c 04000000 		.word	_port_exit_from_isr
 241              	.LBE6:
 242              		.cfi_endproc
 243              	.LFE10:
 244              		.size	_port_irq_epilogue, .-_port_irq_epilogue
 245              		.section	.text.SysTickVector,"ax",%progbits
 246              		.align	2
 247              		.p2align 4,,15
 248              		.global	SysTickVector
 249              		.thumb
 250              		.thumb_func
 251              		.type	SysTickVector, %function
 252              	SysTickVector:
 253              	.LFB7:
 254              		.loc 1 40 0
 255              		.cfi_startproc
 256              		@ args = 0, pretend = 0, frame = 0
 257              		@ frame_needed = 0, uses_anonymous_args = 0
 258 0000 08B5     		push	{r3, lr}
 259              		.cfi_def_cfa_offset 8
 260              		.cfi_offset 3, -8
 261              		.cfi_offset 14, -4
 262              	.LBB7:
 263              		.loc 1 44 0
 264 0002 2023     		movs	r3, #32
 265              	@ 44 "../../vexell/../ChibiOS-RT/os/ports/GCC/ARMCMx/chcore_v7m.c" 1
 266 0004 83F31188 		msr     BASEPRI, r3
 267              	@ 0 "" 2
 268              		.thumb
 269              	.LBE7:
 270              		.loc 1 45 0
 271 0008 FFF7FEFF 		bl	chSysTimerHandlerI
 272              	.LVL12:
 273              	.LBB8:
 274              		.loc 1 46 0
 275 000c 0023     		movs	r3, #0
 276              	@ 46 "../../vexell/../ChibiOS-RT/os/ports/GCC/ARMCMx/chcore_v7m.c" 1
 277 000e 83F31188 		msr     BASEPRI, r3
 278              	@ 0 "" 2
 279              		.thumb
 280              	.LBE8:
ARM GAS  /var/folders/17/bkfps9l155v_zhlnnf_8b0040000gn/T//ccqW2E5R.s 			page 6


 281              		.loc 1 49 0
 282 0012 BDE80840 		pop	{r3, lr}
 283              		.loc 1 48 0
 284 0016 FFF7FEBF 		b	_port_irq_epilogue
 285              	.LVL13:
 286              		.cfi_endproc
 287              	.LFE7:
 288              		.size	SysTickVector, .-SysTickVector
 289 001a 00BFAFF3 		.section	.text._port_switch,"ax",%progbits
 289      0080
 290              		.align	2
 291              		.p2align 4,,15
 292              		.global	_port_switch
 293              		.thumb
 294              		.thumb_func
 295              		.type	_port_switch, %function
 296              	_port_switch:
 297              	.LFB12:
 298              		.loc 1 229 0
 299              		.cfi_startproc
 300              		@ Naked Function: prologue and epilogue provided by programmer.
 301              		@ args = 0, pretend = 0, frame = 0
 302              		@ frame_needed = 0, uses_anonymous_args = 0
 303              	.LVL14:
 304              		.loc 1 231 0
 305              	@ 231 "../../vexell/../ChibiOS-RT/os/ports/GCC/ARMCMx/chcore_v7m.c" 1
 306 0000 2DE9F04F 		push    {r4, r5, r6, r7, r8, r9, r10, r11, lr}
 307              	@ 0 "" 2
 308              		.loc 1 237 0
 309              	@ 237 "../../vexell/../ChibiOS-RT/os/ports/GCC/ARMCMx/chcore_v7m.c" 1
 310 0004 C1F80CD0 		str     sp, [r1, #12]                          
 311 0008 D0F80CD0 		ldr     sp, [r0, #12]
 312              	@ 0 "" 2
 313              		.loc 1 243 0
 314              	@ 243 "../../vexell/../ChibiOS-RT/os/ports/GCC/ARMCMx/chcore_v7m.c" 1
 315 000c BDE8F08F 		pop     {r4, r5, r6, r7, r8, r9, r10, r11, pc}
 316              	@ 0 "" 2
 317              		.loc 1 245 0
 318              		.thumb
 319              		.cfi_endproc
 320              	.LFE12:
 321              		.size	_port_switch, .-_port_switch
 322              		.section	.text._port_thread_start,"ax",%progbits
 323              		.align	2
 324              		.p2align 4,,15
 325              		.global	_port_thread_start
 326              		.thumb
 327              		.thumb_func
 328              		.type	_port_thread_start, %function
 329              	_port_thread_start:
 330              	.LFB13:
 331              		.loc 1 252 0
 332              		.cfi_startproc
 333              		@ args = 0, pretend = 0, frame = 0
 334              		@ frame_needed = 0, uses_anonymous_args = 0
 335              		@ link register save eliminated.
 336              	.LBB9:
ARM GAS  /var/folders/17/bkfps9l155v_zhlnnf_8b0040000gn/T//ccqW2E5R.s 			page 7


 337              		.loc 1 254 0
 338 0000 0023     		movs	r3, #0
 339              	@ 254 "../../vexell/../ChibiOS-RT/os/ports/GCC/ARMCMx/chcore_v7m.c" 1
 340 0002 83F31188 		msr     BASEPRI, r3
 341              	@ 0 "" 2
 342              		.thumb
 343              	.LBE9:
 344              		.loc 1 255 0
 345              	@ 255 "../../vexell/../ChibiOS-RT/os/ports/GCC/ARMCMx/chcore_v7m.c" 1
 346 0006 2846     		mov     r0, r5                                 
 347 0008 A047     		blx     r4                                     
 348 000a FFF7FEFF 		bl      chThdExit
 349              	@ 0 "" 2
 350              		.thumb
 351 000e 7047     		bx	lr
 352              		.cfi_endproc
 353              	.LFE13:
 354              		.size	_port_thread_start, .-_port_thread_start
 355              		.text
 356              	.Letext0:
 357              		.file 2 "/Users/leroux/src/gcc-arm-none-eabi-4_8-2013q4/lib/gcc/arm-none-eabi/4.8.3/include/stdint
 358              		.file 3 "../../vexell/../ChibiOS-RT/os/ports/GCC/ARMCMx/chtypes.h"
 359              		.file 4 "../../vexell/../ChibiOS-RT/os/kernel/include/chlists.h"
 360              		.file 5 "../../vexell/../ChibiOS-RT/os/kernel/include/chthreads.h"
 361              		.file 6 "../../vexell/../ChibiOS-RT/os/ports/GCC/ARMCMx/chcore_v7m.h"
 362              		.file 7 "../../vexell/../ChibiOS-RT/os/ports/common/ARMCMx/nvic.h"
 363              		.file 8 "../../vexell/../ChibiOS-RT/os/kernel/include/chschd.h"
 364              		.file 9 "../../vexell/../ChibiOS-RT/os/kernel/include/chmtx.h"
 365              		.file 10 "../../vexell/../ChibiOS-RT/os/kernel/include/chsys.h"
 366              		.section	.debug_info,"",%progbits
 367              	.Ldebug_info0:
 368 0000 CD070000 		.4byte	0x7cd
 369 0004 0400     		.2byte	0x4
 370 0006 00000000 		.4byte	.Ldebug_abbrev0
 371 000a 04       		.byte	0x4
 372 000b 01       		.uleb128 0x1
 373 000c 7B030000 		.4byte	.LASF93
 374 0010 01       		.byte	0x1
 375 0011 0A030000 		.4byte	.LASF94
 376 0015 09020000 		.4byte	.LASF95
 377 0019 18000000 		.4byte	.Ldebug_ranges0+0x18
 378 001d 00000000 		.4byte	0
 379 0021 00000000 		.4byte	.Ldebug_line0
 380 0025 02       		.uleb128 0x2
 381 0026 04       		.byte	0x4
 382 0027 05       		.byte	0x5
 383 0028 696E7400 		.ascii	"int\000"
 384 002c 03       		.uleb128 0x3
 385 002d 04       		.byte	0x4
 386 002e 07       		.byte	0x7
 387 002f 09010000 		.4byte	.LASF0
 388 0033 03       		.uleb128 0x3
 389 0034 01       		.byte	0x1
 390 0035 06       		.byte	0x6
 391 0036 71000000 		.4byte	.LASF1
 392 003a 03       		.uleb128 0x3
 393 003b 02       		.byte	0x2
ARM GAS  /var/folders/17/bkfps9l155v_zhlnnf_8b0040000gn/T//ccqW2E5R.s 			page 8


 394 003c 05       		.byte	0x5
 395 003d 8F020000 		.4byte	.LASF2
 396 0041 04       		.uleb128 0x4
 397 0042 69020000 		.4byte	.LASF5
 398 0046 02       		.byte	0x2
 399 0047 28       		.byte	0x28
 400 0048 4C000000 		.4byte	0x4c
 401 004c 03       		.uleb128 0x3
 402 004d 04       		.byte	0x4
 403 004e 05       		.byte	0x5
 404 004f 97000000 		.4byte	.LASF3
 405 0053 03       		.uleb128 0x3
 406 0054 08       		.byte	0x8
 407 0055 05       		.byte	0x5
 408 0056 63000000 		.4byte	.LASF4
 409 005a 04       		.uleb128 0x4
 410 005b B2040000 		.4byte	.LASF6
 411 005f 02       		.byte	0x2
 412 0060 2E       		.byte	0x2e
 413 0061 65000000 		.4byte	0x65
 414 0065 03       		.uleb128 0x3
 415 0066 01       		.byte	0x1
 416 0067 08       		.byte	0x8
 417 0068 71020000 		.4byte	.LASF7
 418 006c 03       		.uleb128 0x3
 419 006d 02       		.byte	0x2
 420 006e 07       		.byte	0x7
 421 006f 66010000 		.4byte	.LASF8
 422 0073 04       		.uleb128 0x4
 423 0074 DF020000 		.4byte	.LASF9
 424 0078 02       		.byte	0x2
 425 0079 34       		.byte	0x34
 426 007a 7E000000 		.4byte	0x7e
 427 007e 03       		.uleb128 0x3
 428 007f 04       		.byte	0x4
 429 0080 07       		.byte	0x7
 430 0081 31010000 		.4byte	.LASF10
 431 0085 03       		.uleb128 0x3
 432 0086 08       		.byte	0x8
 433 0087 07       		.byte	0x7
 434 0088 36000000 		.4byte	.LASF11
 435 008c 03       		.uleb128 0x3
 436 008d 01       		.byte	0x1
 437 008e 02       		.byte	0x2
 438 008f 63020000 		.4byte	.LASF12
 439 0093 04       		.uleb128 0x4
 440 0094 A8010000 		.4byte	.LASF13
 441 0098 03       		.byte	0x3
 442 0099 25       		.byte	0x25
 443 009a 5A000000 		.4byte	0x5a
 444 009e 04       		.uleb128 0x4
 445 009f A0000000 		.4byte	.LASF14
 446 00a3 03       		.byte	0x3
 447 00a4 26       		.byte	0x26
 448 00a5 5A000000 		.4byte	0x5a
 449 00a9 04       		.uleb128 0x4
 450 00aa 47020000 		.4byte	.LASF15
ARM GAS  /var/folders/17/bkfps9l155v_zhlnnf_8b0040000gn/T//ccqW2E5R.s 			page 9


 451 00ae 03       		.byte	0x3
 452 00af 27       		.byte	0x27
 453 00b0 5A000000 		.4byte	0x5a
 454 00b4 04       		.uleb128 0x4
 455 00b5 8D000000 		.4byte	.LASF16
 456 00b9 03       		.byte	0x3
 457 00ba 28       		.byte	0x28
 458 00bb 5A000000 		.4byte	0x5a
 459 00bf 04       		.uleb128 0x4
 460 00c0 5B020000 		.4byte	.LASF17
 461 00c4 03       		.byte	0x3
 462 00c5 29       		.byte	0x29
 463 00c6 73000000 		.4byte	0x73
 464 00ca 04       		.uleb128 0x4
 465 00cb 7E010000 		.4byte	.LASF18
 466 00cf 03       		.byte	0x3
 467 00d0 2A       		.byte	0x2a
 468 00d1 41000000 		.4byte	0x41
 469 00d5 04       		.uleb128 0x4
 470 00d6 BC010000 		.4byte	.LASF19
 471 00da 03       		.byte	0x3
 472 00db 2C       		.byte	0x2c
 473 00dc 73000000 		.4byte	0x73
 474 00e0 04       		.uleb128 0x4
 475 00e1 4D030000 		.4byte	.LASF20
 476 00e5 03       		.byte	0x3
 477 00e6 2E       		.byte	0x2e
 478 00e7 73000000 		.4byte	0x73
 479 00eb 04       		.uleb128 0x4
 480 00ec CD020000 		.4byte	.LASF21
 481 00f0 04       		.byte	0x4
 482 00f1 23       		.byte	0x23
 483 00f2 F6000000 		.4byte	0xf6
 484 00f6 05       		.uleb128 0x5
 485 00f7 CD020000 		.4byte	.LASF21
 486 00fb 48       		.byte	0x48
 487 00fc 05       		.byte	0x5
 488 00fd 57       		.byte	0x57
 489 00fe F3010000 		.4byte	0x1f3
 490 0102 06       		.uleb128 0x6
 491 0103 BE020000 		.4byte	.LASF22
 492 0107 05       		.byte	0x5
 493 0108 58       		.byte	0x58
 494 0109 14020000 		.4byte	0x214
 495 010d 00       		.byte	0
 496 010e 06       		.uleb128 0x6
 497 010f 54020000 		.4byte	.LASF23
 498 0113 05       		.byte	0x5
 499 0114 5A       		.byte	0x5a
 500 0115 14020000 		.4byte	0x214
 501 0119 04       		.byte	0x4
 502 011a 06       		.uleb128 0x6
 503 011b 5C000000 		.4byte	.LASF24
 504 011f 05       		.byte	0x5
 505 0120 5C       		.byte	0x5c
 506 0121 BF000000 		.4byte	0xbf
 507 0125 08       		.byte	0x8
ARM GAS  /var/folders/17/bkfps9l155v_zhlnnf_8b0040000gn/T//ccqW2E5R.s 			page 10


 508 0126 06       		.uleb128 0x6
 509 0127 E6040000 		.4byte	.LASF25
 510 012b 05       		.byte	0x5
 511 012c 5D       		.byte	0x5d
 512 012d 36030000 		.4byte	0x336
 513 0131 0C       		.byte	0xc
 514 0132 06       		.uleb128 0x6
 515 0133 BC000000 		.4byte	.LASF26
 516 0137 05       		.byte	0x5
 517 0138 5F       		.byte	0x5f
 518 0139 14020000 		.4byte	0x214
 519 013d 10       		.byte	0x10
 520 013e 06       		.uleb128 0x6
 521 013f DC010000 		.4byte	.LASF27
 522 0143 05       		.byte	0x5
 523 0144 60       		.byte	0x60
 524 0145 14020000 		.4byte	0x214
 525 0149 14       		.byte	0x14
 526 014a 06       		.uleb128 0x6
 527 014b CC040000 		.4byte	.LASF28
 528 014f 05       		.byte	0x5
 529 0150 67       		.byte	0x67
 530 0151 AF050000 		.4byte	0x5af
 531 0155 18       		.byte	0x18
 532 0156 06       		.uleb128 0x6
 533 0157 99020000 		.4byte	.LASF29
 534 015b 05       		.byte	0x5
 535 015c 72       		.byte	0x72
 536 015d 9E000000 		.4byte	0x9e
 537 0161 1C       		.byte	0x1c
 538 0162 06       		.uleb128 0x6
 539 0163 C5020000 		.4byte	.LASF30
 540 0167 05       		.byte	0x5
 541 0168 76       		.byte	0x76
 542 0169 93000000 		.4byte	0x93
 543 016d 1D       		.byte	0x1d
 544 016e 06       		.uleb128 0x6
 545 016f 96040000 		.4byte	.LASF31
 546 0173 05       		.byte	0x5
 547 0174 7B       		.byte	0x7b
 548 0175 A9000000 		.4byte	0xa9
 549 0179 1E       		.byte	0x1e
 550 017a 06       		.uleb128 0x6
 551 017b A1020000 		.4byte	.LASF32
 552 017f 05       		.byte	0x5
 553 0180 81       		.byte	0x81
 554 0181 B4000000 		.4byte	0xb4
 555 0185 1F       		.byte	0x1f
 556 0186 06       		.uleb128 0x6
 557 0187 6F030000 		.4byte	.LASF33
 558 018b 05       		.byte	0x5
 559 018c 88       		.byte	0x88
 560 018d D7040000 		.4byte	0x4d7
 561 0191 20       		.byte	0x20
 562 0192 07       		.uleb128 0x7
 563 0193 705F7500 		.ascii	"p_u\000"
 564 0197 05       		.byte	0x5
ARM GAS  /var/folders/17/bkfps9l155v_zhlnnf_8b0040000gn/T//ccqW2E5R.s 			page 11


 565 0198 AD       		.byte	0xad
 566 0199 7A050000 		.4byte	0x57a
 567 019d 24       		.byte	0x24
 568 019e 06       		.uleb128 0x6
 569 019f EC040000 		.4byte	.LASF34
 570 01a3 05       		.byte	0x5
 571 01a4 B2       		.byte	0xb2
 572 01a5 3A020000 		.4byte	0x23a
 573 01a9 28       		.byte	0x28
 574 01aa 06       		.uleb128 0x6
 575 01ab 8B040000 		.4byte	.LASF35
 576 01af 05       		.byte	0x5
 577 01b0 B8       		.byte	0xb8
 578 01b1 1A020000 		.4byte	0x21a
 579 01b5 2C       		.byte	0x2c
 580 01b6 06       		.uleb128 0x6
 581 01b7 00000000 		.4byte	.LASF36
 582 01bb 05       		.byte	0x5
 583 01bc BC       		.byte	0xbc
 584 01bd CA000000 		.4byte	0xca
 585 01c1 34       		.byte	0x34
 586 01c2 06       		.uleb128 0x6
 587 01c3 D4020000 		.4byte	.LASF37
 588 01c7 05       		.byte	0x5
 589 01c8 C2       		.byte	0xc2
 590 01c9 D5000000 		.4byte	0xd5
 591 01cd 38       		.byte	0x38
 592 01ce 06       		.uleb128 0x6
 593 01cf 85020000 		.4byte	.LASF38
 594 01d3 05       		.byte	0x5
 595 01d4 C9       		.byte	0xc9
 596 01d5 C1050000 		.4byte	0x5c1
 597 01d9 3C       		.byte	0x3c
 598 01da 06       		.uleb128 0x6
 599 01db 57030000 		.4byte	.LASF39
 600 01df 05       		.byte	0x5
 601 01e0 CD       		.byte	0xcd
 602 01e1 BF000000 		.4byte	0xbf
 603 01e5 40       		.byte	0x40
 604 01e6 06       		.uleb128 0x6
 605 01e7 7D000000 		.4byte	.LASF40
 606 01eb 05       		.byte	0x5
 607 01ec D3       		.byte	0xd3
 608 01ed 50020000 		.4byte	0x250
 609 01f1 44       		.byte	0x44
 610 01f2 00       		.byte	0
 611 01f3 08       		.uleb128 0x8
 612 01f4 08       		.byte	0x8
 613 01f5 04       		.byte	0x4
 614 01f6 5A       		.byte	0x5a
 615 01f7 14020000 		.4byte	0x214
 616 01fb 06       		.uleb128 0x6
 617 01fc BE020000 		.4byte	.LASF22
 618 0200 04       		.byte	0x4
 619 0201 5B       		.byte	0x5b
 620 0202 14020000 		.4byte	0x214
 621 0206 00       		.byte	0
ARM GAS  /var/folders/17/bkfps9l155v_zhlnnf_8b0040000gn/T//ccqW2E5R.s 			page 12


 622 0207 06       		.uleb128 0x6
 623 0208 54020000 		.4byte	.LASF23
 624 020c 04       		.byte	0x4
 625 020d 5D       		.byte	0x5d
 626 020e 14020000 		.4byte	0x214
 627 0212 04       		.byte	0x4
 628 0213 00       		.byte	0
 629 0214 09       		.uleb128 0x9
 630 0215 04       		.byte	0x4
 631 0216 EB000000 		.4byte	0xeb
 632 021a 04       		.uleb128 0x4
 633 021b EA010000 		.4byte	.LASF41
 634 021f 04       		.byte	0x4
 635 0220 5F       		.byte	0x5f
 636 0221 F3010000 		.4byte	0x1f3
 637 0225 08       		.uleb128 0x8
 638 0226 04       		.byte	0x4
 639 0227 04       		.byte	0x4
 640 0228 64       		.byte	0x64
 641 0229 3A020000 		.4byte	0x23a
 642 022d 06       		.uleb128 0x6
 643 022e BE020000 		.4byte	.LASF22
 644 0232 04       		.byte	0x4
 645 0233 66       		.byte	0x66
 646 0234 14020000 		.4byte	0x214
 647 0238 00       		.byte	0
 648 0239 00       		.byte	0
 649 023a 04       		.uleb128 0x4
 650 023b B0010000 		.4byte	.LASF42
 651 023f 04       		.byte	0x4
 652 0240 69       		.byte	0x69
 653 0241 25020000 		.4byte	0x225
 654 0245 04       		.uleb128 0x4
 655 0246 EE000000 		.4byte	.LASF43
 656 024a 06       		.byte	0x6
 657 024b DE       		.byte	0xde
 658 024c 50020000 		.4byte	0x250
 659 0250 0A       		.uleb128 0xa
 660 0251 04       		.byte	0x4
 661 0252 05       		.uleb128 0x5
 662 0253 1D010000 		.4byte	.LASF44
 663 0257 20       		.byte	0x20
 664 0258 06       		.byte	0x6
 665 0259 E6       		.byte	0xe6
 666 025a BA020000 		.4byte	0x2ba
 667 025e 07       		.uleb128 0x7
 668 025f 723000   		.ascii	"r0\000"
 669 0262 06       		.byte	0x6
 670 0263 E7       		.byte	0xe7
 671 0264 45020000 		.4byte	0x245
 672 0268 00       		.byte	0
 673 0269 07       		.uleb128 0x7
 674 026a 723100   		.ascii	"r1\000"
 675 026d 06       		.byte	0x6
 676 026e E8       		.byte	0xe8
 677 026f 45020000 		.4byte	0x245
 678 0273 04       		.byte	0x4
ARM GAS  /var/folders/17/bkfps9l155v_zhlnnf_8b0040000gn/T//ccqW2E5R.s 			page 13


 679 0274 07       		.uleb128 0x7
 680 0275 723200   		.ascii	"r2\000"
 681 0278 06       		.byte	0x6
 682 0279 E9       		.byte	0xe9
 683 027a 45020000 		.4byte	0x245
 684 027e 08       		.byte	0x8
 685 027f 07       		.uleb128 0x7
 686 0280 723300   		.ascii	"r3\000"
 687 0283 06       		.byte	0x6
 688 0284 EA       		.byte	0xea
 689 0285 45020000 		.4byte	0x245
 690 0289 0C       		.byte	0xc
 691 028a 07       		.uleb128 0x7
 692 028b 72313200 		.ascii	"r12\000"
 693 028f 06       		.byte	0x6
 694 0290 EB       		.byte	0xeb
 695 0291 45020000 		.4byte	0x245
 696 0295 10       		.byte	0x10
 697 0296 06       		.uleb128 0x6
 698 0297 16010000 		.4byte	.LASF45
 699 029b 06       		.byte	0x6
 700 029c EC       		.byte	0xec
 701 029d 45020000 		.4byte	0x245
 702 02a1 14       		.byte	0x14
 703 02a2 07       		.uleb128 0x7
 704 02a3 706300   		.ascii	"pc\000"
 705 02a6 06       		.byte	0x6
 706 02a7 ED       		.byte	0xed
 707 02a8 45020000 		.4byte	0x245
 708 02ac 18       		.byte	0x18
 709 02ad 06       		.uleb128 0x6
 710 02ae AB020000 		.4byte	.LASF46
 711 02b2 06       		.byte	0x6
 712 02b3 EE       		.byte	0xee
 713 02b4 45020000 		.4byte	0x245
 714 02b8 1C       		.byte	0x1c
 715 02b9 00       		.byte	0
 716 02ba 0B       		.uleb128 0xb
 717 02bb 84040000 		.4byte	.LASF47
 718 02bf 24       		.byte	0x24
 719 02c0 06       		.byte	0x6
 720 02c1 0501     		.2byte	0x105
 721 02c3 36030000 		.4byte	0x336
 722 02c7 0C       		.uleb128 0xc
 723 02c8 723400   		.ascii	"r4\000"
 724 02cb 06       		.byte	0x6
 725 02cc 1801     		.2byte	0x118
 726 02ce 45020000 		.4byte	0x245
 727 02d2 00       		.byte	0
 728 02d3 0C       		.uleb128 0xc
 729 02d4 723500   		.ascii	"r5\000"
 730 02d7 06       		.byte	0x6
 731 02d8 1901     		.2byte	0x119
 732 02da 45020000 		.4byte	0x245
 733 02de 04       		.byte	0x4
 734 02df 0C       		.uleb128 0xc
 735 02e0 723600   		.ascii	"r6\000"
ARM GAS  /var/folders/17/bkfps9l155v_zhlnnf_8b0040000gn/T//ccqW2E5R.s 			page 14


 736 02e3 06       		.byte	0x6
 737 02e4 1A01     		.2byte	0x11a
 738 02e6 45020000 		.4byte	0x245
 739 02ea 08       		.byte	0x8
 740 02eb 0C       		.uleb128 0xc
 741 02ec 723700   		.ascii	"r7\000"
 742 02ef 06       		.byte	0x6
 743 02f0 1B01     		.2byte	0x11b
 744 02f2 45020000 		.4byte	0x245
 745 02f6 0C       		.byte	0xc
 746 02f7 0C       		.uleb128 0xc
 747 02f8 723800   		.ascii	"r8\000"
 748 02fb 06       		.byte	0x6
 749 02fc 1C01     		.2byte	0x11c
 750 02fe 45020000 		.4byte	0x245
 751 0302 10       		.byte	0x10
 752 0303 0C       		.uleb128 0xc
 753 0304 723900   		.ascii	"r9\000"
 754 0307 06       		.byte	0x6
 755 0308 1D01     		.2byte	0x11d
 756 030a 45020000 		.4byte	0x245
 757 030e 14       		.byte	0x14
 758 030f 0C       		.uleb128 0xc
 759 0310 72313000 		.ascii	"r10\000"
 760 0314 06       		.byte	0x6
 761 0315 1E01     		.2byte	0x11e
 762 0317 45020000 		.4byte	0x245
 763 031b 18       		.byte	0x18
 764 031c 0C       		.uleb128 0xc
 765 031d 72313100 		.ascii	"r11\000"
 766 0321 06       		.byte	0x6
 767 0322 1F01     		.2byte	0x11f
 768 0324 45020000 		.4byte	0x245
 769 0328 1C       		.byte	0x1c
 770 0329 0C       		.uleb128 0xc
 771 032a 6C7200   		.ascii	"lr\000"
 772 032d 06       		.byte	0x6
 773 032e 2001     		.2byte	0x120
 774 0330 45020000 		.4byte	0x245
 775 0334 20       		.byte	0x20
 776 0335 00       		.byte	0
 777 0336 0B       		.uleb128 0xb
 778 0337 5E010000 		.4byte	.LASF48
 779 033b 04       		.byte	0x4
 780 033c 06       		.byte	0x6
 781 033d 2A01     		.2byte	0x12a
 782 033f 51030000 		.4byte	0x351
 783 0343 0C       		.uleb128 0xc
 784 0344 72313300 		.ascii	"r13\000"
 785 0348 06       		.byte	0x6
 786 0349 2B01     		.2byte	0x12b
 787 034b 51030000 		.4byte	0x351
 788 034f 00       		.byte	0
 789 0350 00       		.byte	0
 790 0351 09       		.uleb128 0x9
 791 0352 04       		.byte	0x4
 792 0353 BA020000 		.4byte	0x2ba
ARM GAS  /var/folders/17/bkfps9l155v_zhlnnf_8b0040000gn/T//ccqW2E5R.s 			page 15


 793 0357 04       		.uleb128 0x4
 794 0358 02030000 		.4byte	.LASF49
 795 035c 07       		.byte	0x7
 796 035d 33       		.byte	0x33
 797 035e 62030000 		.4byte	0x362
 798 0362 0D       		.uleb128 0xd
 799 0363 73000000 		.4byte	0x73
 800 0367 03       		.uleb128 0x3
 801 0368 04       		.byte	0x4
 802 0369 07       		.byte	0x7
 803 036a CE010000 		.4byte	.LASF50
 804 036e 08       		.uleb128 0x8
 805 036f 8C       		.byte	0x8c
 806 0370 07       		.byte	0x7
 807 0371 82       		.byte	0x82
 808 0372 73040000 		.4byte	0x473
 809 0376 06       		.uleb128 0x6
 810 0377 56000000 		.4byte	.LASF51
 811 037b 07       		.byte	0x7
 812 037c 83       		.byte	0x83
 813 037d 57030000 		.4byte	0x357
 814 0381 00       		.byte	0
 815 0382 06       		.uleb128 0x6
 816 0383 79010000 		.4byte	.LASF52
 817 0387 07       		.byte	0x7
 818 0388 84       		.byte	0x84
 819 0389 57030000 		.4byte	0x357
 820 038d 04       		.byte	0x4
 821 038e 06       		.uleb128 0x6
 822 038f 43010000 		.4byte	.LASF53
 823 0393 07       		.byte	0x7
 824 0394 85       		.byte	0x85
 825 0395 57030000 		.4byte	0x357
 826 0399 08       		.byte	0x8
 827 039a 06       		.uleb128 0x6
 828 039b 84010000 		.4byte	.LASF54
 829 039f 07       		.byte	0x7
 830 03a0 86       		.byte	0x86
 831 03a1 57030000 		.4byte	0x357
 832 03a5 0C       		.byte	0xc
 833 03a6 07       		.uleb128 0x7
 834 03a7 53435200 		.ascii	"SCR\000"
 835 03ab 07       		.byte	0x7
 836 03ac 87       		.byte	0x87
 837 03ad 57030000 		.4byte	0x357
 838 03b1 10       		.byte	0x10
 839 03b2 07       		.uleb128 0x7
 840 03b3 43435200 		.ascii	"CCR\000"
 841 03b7 07       		.byte	0x7
 842 03b8 88       		.byte	0x88
 843 03b9 57030000 		.4byte	0x357
 844 03bd 14       		.byte	0x14
 845 03be 06       		.uleb128 0x6
 846 03bf 76030000 		.4byte	.LASF55
 847 03c3 07       		.byte	0x7
 848 03c4 89       		.byte	0x89
 849 03c5 83040000 		.4byte	0x483
ARM GAS  /var/folders/17/bkfps9l155v_zhlnnf_8b0040000gn/T//ccqW2E5R.s 			page 16


 850 03c9 18       		.byte	0x18
 851 03ca 06       		.uleb128 0x6
 852 03cb 7F020000 		.4byte	.LASF56
 853 03cf 07       		.byte	0x7
 854 03d0 8A       		.byte	0x8a
 855 03d1 57030000 		.4byte	0x357
 856 03d5 24       		.byte	0x24
 857 03d6 06       		.uleb128 0x6
 858 03d7 D7010000 		.4byte	.LASF57
 859 03db 07       		.byte	0x7
 860 03dc 8B       		.byte	0x8b
 861 03dd 57030000 		.4byte	0x357
 862 03e1 28       		.byte	0x28
 863 03e2 06       		.uleb128 0x6
 864 03e3 D9040000 		.4byte	.LASF58
 865 03e7 07       		.byte	0x7
 866 03e8 8C       		.byte	0x8c
 867 03e9 57030000 		.4byte	0x357
 868 03ed 2C       		.byte	0x2c
 869 03ee 06       		.uleb128 0x6
 870 03ef 8A010000 		.4byte	.LASF59
 871 03f3 07       		.byte	0x7
 872 03f4 8D       		.byte	0x8d
 873 03f5 57030000 		.4byte	0x357
 874 03f9 30       		.byte	0x30
 875 03fa 06       		.uleb128 0x6
 876 03fb 8F010000 		.4byte	.LASF60
 877 03ff 07       		.byte	0x7
 878 0400 8E       		.byte	0x8e
 879 0401 57030000 		.4byte	0x357
 880 0405 34       		.byte	0x34
 881 0406 06       		.uleb128 0x6
 882 0407 C4000000 		.4byte	.LASF61
 883 040b 07       		.byte	0x7
 884 040c 8F       		.byte	0x8f
 885 040d 57030000 		.4byte	0x357
 886 0411 38       		.byte	0x38
 887 0412 06       		.uleb128 0x6
 888 0413 F0020000 		.4byte	.LASF62
 889 0417 07       		.byte	0x7
 890 0418 90       		.byte	0x90
 891 0419 57030000 		.4byte	0x357
 892 041d 3C       		.byte	0x3c
 893 041e 07       		.uleb128 0x7
 894 041f 50465200 		.ascii	"PFR\000"
 895 0423 07       		.byte	0x7
 896 0424 91       		.byte	0x91
 897 0425 98040000 		.4byte	0x498
 898 0429 40       		.byte	0x40
 899 042a 07       		.uleb128 0x7
 900 042b 44465200 		.ascii	"DFR\000"
 901 042f 07       		.byte	0x7
 902 0430 92       		.byte	0x92
 903 0431 57030000 		.4byte	0x357
 904 0435 48       		.byte	0x48
 905 0436 07       		.uleb128 0x7
 906 0437 41445200 		.ascii	"ADR\000"
ARM GAS  /var/folders/17/bkfps9l155v_zhlnnf_8b0040000gn/T//ccqW2E5R.s 			page 17


 907 043b 07       		.byte	0x7
 908 043c 93       		.byte	0x93
 909 043d 57030000 		.4byte	0x357
 910 0441 4C       		.byte	0x4c
 911 0442 06       		.uleb128 0x6
 912 0443 A7040000 		.4byte	.LASF63
 913 0447 07       		.byte	0x7
 914 0448 94       		.byte	0x94
 915 0449 AD040000 		.4byte	0x4ad
 916 044d 50       		.byte	0x50
 917 044e 07       		.uleb128 0x7
 918 044f 53415200 		.ascii	"SAR\000"
 919 0453 07       		.byte	0x7
 920 0454 95       		.byte	0x95
 921 0455 C2040000 		.4byte	0x4c2
 922 0459 60       		.byte	0x60
 923 045a 06       		.uleb128 0x6
 924 045b F5020000 		.4byte	.LASF64
 925 045f 07       		.byte	0x7
 926 0460 96       		.byte	0x96
 927 0461 C7040000 		.4byte	0x4c7
 928 0465 74       		.byte	0x74
 929 0466 06       		.uleb128 0x6
 930 0467 D3040000 		.4byte	.LASF65
 931 046b 07       		.byte	0x7
 932 046c 97       		.byte	0x97
 933 046d 57030000 		.4byte	0x357
 934 0471 88       		.byte	0x88
 935 0472 00       		.byte	0
 936 0473 0E       		.uleb128 0xe
 937 0474 57030000 		.4byte	0x357
 938 0478 83040000 		.4byte	0x483
 939 047c 0F       		.uleb128 0xf
 940 047d 67030000 		.4byte	0x367
 941 0481 02       		.byte	0x2
 942 0482 00       		.byte	0
 943 0483 0D       		.uleb128 0xd
 944 0484 73040000 		.4byte	0x473
 945 0488 0E       		.uleb128 0xe
 946 0489 57030000 		.4byte	0x357
 947 048d 98040000 		.4byte	0x498
 948 0491 0F       		.uleb128 0xf
 949 0492 67030000 		.4byte	0x367
 950 0496 01       		.byte	0x1
 951 0497 00       		.byte	0
 952 0498 0D       		.uleb128 0xd
 953 0499 88040000 		.4byte	0x488
 954 049d 0E       		.uleb128 0xe
 955 049e 57030000 		.4byte	0x357
 956 04a2 AD040000 		.4byte	0x4ad
 957 04a6 0F       		.uleb128 0xf
 958 04a7 67030000 		.4byte	0x367
 959 04ab 03       		.byte	0x3
 960 04ac 00       		.byte	0
 961 04ad 0D       		.uleb128 0xd
 962 04ae 9D040000 		.4byte	0x49d
 963 04b2 0E       		.uleb128 0xe
ARM GAS  /var/folders/17/bkfps9l155v_zhlnnf_8b0040000gn/T//ccqW2E5R.s 			page 18


 964 04b3 57030000 		.4byte	0x357
 965 04b7 C2040000 		.4byte	0x4c2
 966 04bb 0F       		.uleb128 0xf
 967 04bc 67030000 		.4byte	0x367
 968 04c0 04       		.byte	0x4
 969 04c1 00       		.byte	0
 970 04c2 0D       		.uleb128 0xd
 971 04c3 B2040000 		.4byte	0x4b2
 972 04c7 0D       		.uleb128 0xd
 973 04c8 B2040000 		.4byte	0x4b2
 974 04cc 04       		.uleb128 0x4
 975 04cd 0D000000 		.4byte	.LASF66
 976 04d1 07       		.byte	0x7
 977 04d2 98       		.byte	0x98
 978 04d3 6E030000 		.4byte	0x36e
 979 04d7 0D       		.uleb128 0xd
 980 04d8 E0000000 		.4byte	0xe0
 981 04dc 08       		.uleb128 0x8
 982 04dd 1C       		.byte	0x1c
 983 04de 08       		.byte	0x8
 984 04df 57       		.byte	0x57
 985 04e0 2D050000 		.4byte	0x52d
 986 04e4 06       		.uleb128 0x6
 987 04e5 E8020000 		.4byte	.LASF67
 988 04e9 08       		.byte	0x8
 989 04ea 58       		.byte	0x58
 990 04eb 1A020000 		.4byte	0x21a
 991 04ef 00       		.byte	0
 992 04f0 06       		.uleb128 0x6
 993 04f1 B0020000 		.4byte	.LASF68
 994 04f5 08       		.byte	0x8
 995 04f6 59       		.byte	0x59
 996 04f7 BF000000 		.4byte	0xbf
 997 04fb 08       		.byte	0x8
 998 04fc 06       		.uleb128 0x6
 999 04fd E4010000 		.4byte	.LASF69
 1000 0501 08       		.byte	0x8
 1001 0502 5B       		.byte	0x5b
 1002 0503 36030000 		.4byte	0x336
 1003 0507 0C       		.byte	0xc
 1004 0508 06       		.uleb128 0x6
 1005 0509 C9000000 		.4byte	.LASF70
 1006 050d 08       		.byte	0x8
 1007 050e 5E       		.byte	0x5e
 1008 050f 14020000 		.4byte	0x214
 1009 0513 10       		.byte	0x10
 1010 0514 06       		.uleb128 0x6
 1011 0515 01020000 		.4byte	.LASF71
 1012 0519 08       		.byte	0x8
 1013 051a 5F       		.byte	0x5f
 1014 051b 14020000 		.4byte	0x214
 1015 051f 14       		.byte	0x14
 1016 0520 06       		.uleb128 0x6
 1017 0521 F7010000 		.4byte	.LASF72
 1018 0525 08       		.byte	0x8
 1019 0526 62       		.byte	0x62
 1020 0527 14020000 		.4byte	0x214
ARM GAS  /var/folders/17/bkfps9l155v_zhlnnf_8b0040000gn/T//ccqW2E5R.s 			page 19


 1021 052b 18       		.byte	0x18
 1022 052c 00       		.byte	0
 1023 052d 04       		.uleb128 0x4
 1024 052e 9D040000 		.4byte	.LASF73
 1025 0532 08       		.byte	0x8
 1026 0533 64       		.byte	0x64
 1027 0534 DC040000 		.4byte	0x4dc
 1028 0538 05       		.uleb128 0x5
 1029 0539 C8010000 		.4byte	.LASF74
 1030 053d 10       		.byte	0x10
 1031 053e 09       		.byte	0x9
 1032 053f 25       		.byte	0x25
 1033 0540 69050000 		.4byte	0x569
 1034 0544 06       		.uleb128 0x6
 1035 0545 85000000 		.4byte	.LASF75
 1036 0549 09       		.byte	0x9
 1037 054a 26       		.byte	0x26
 1038 054b 1A020000 		.4byte	0x21a
 1039 054f 00       		.byte	0
 1040 0550 06       		.uleb128 0x6
 1041 0551 DE040000 		.4byte	.LASF76
 1042 0555 09       		.byte	0x9
 1043 0556 28       		.byte	0x28
 1044 0557 14020000 		.4byte	0x214
 1045 055b 08       		.byte	0x8
 1046 055c 06       		.uleb128 0x6
 1047 055d 46030000 		.4byte	.LASF77
 1048 0561 09       		.byte	0x9
 1049 0562 2A       		.byte	0x2a
 1050 0563 69050000 		.4byte	0x569
 1051 0567 0C       		.byte	0xc
 1052 0568 00       		.byte	0
 1053 0569 09       		.uleb128 0x9
 1054 056a 04       		.byte	0x4
 1055 056b 38050000 		.4byte	0x538
 1056 056f 04       		.uleb128 0x4
 1057 0570 C8010000 		.4byte	.LASF74
 1058 0574 09       		.byte	0x9
 1059 0575 2C       		.byte	0x2c
 1060 0576 38050000 		.4byte	0x538
 1061 057a 10       		.uleb128 0x10
 1062 057b 04       		.byte	0x4
 1063 057c 05       		.byte	0x5
 1064 057d 8F       		.byte	0x8f
 1065 057e AF050000 		.4byte	0x5af
 1066 0582 11       		.uleb128 0x11
 1067 0583 06000000 		.4byte	.LASF78
 1068 0587 05       		.byte	0x5
 1069 0588 96       		.byte	0x96
 1070 0589 CA000000 		.4byte	0xca
 1071 058d 11       		.uleb128 0x11
 1072 058e 4D000000 		.4byte	.LASF79
 1073 0592 05       		.byte	0x5
 1074 0593 9D       		.byte	0x9d
 1075 0594 CA000000 		.4byte	0xca
 1076 0598 11       		.uleb128 0x11
 1077 0599 C5040000 		.4byte	.LASF80
ARM GAS  /var/folders/17/bkfps9l155v_zhlnnf_8b0040000gn/T//ccqW2E5R.s 			page 20


 1078 059d 05       		.byte	0x5
 1079 059e A4       		.byte	0xa4
 1080 059f 50020000 		.4byte	0x250
 1081 05a3 11       		.uleb128 0x11
 1082 05a4 B7020000 		.4byte	.LASF81
 1083 05a8 05       		.byte	0x5
 1084 05a9 AB       		.byte	0xab
 1085 05aa D5000000 		.4byte	0xd5
 1086 05ae 00       		.byte	0
 1087 05af 09       		.uleb128 0x9
 1088 05b0 04       		.byte	0x4
 1089 05b1 B5050000 		.4byte	0x5b5
 1090 05b5 12       		.uleb128 0x12
 1091 05b6 BA050000 		.4byte	0x5ba
 1092 05ba 03       		.uleb128 0x3
 1093 05bb 01       		.byte	0x1
 1094 05bc 08       		.byte	0x8
 1095 05bd FD020000 		.4byte	.LASF82
 1096 05c1 09       		.uleb128 0x9
 1097 05c2 04       		.byte	0x4
 1098 05c3 6F050000 		.4byte	0x56f
 1099 05c7 13       		.uleb128 0x13
 1100 05c8 48010000 		.4byte	.LASF83
 1101 05cc 01       		.byte	0x1
 1102 05cd C8       		.byte	0xc8
 1103 05ce 00000000 		.4byte	.LFB11
 1104 05d2 06000000 		.4byte	.LFE11-.LFB11
 1105 05d6 01       		.uleb128 0x1
 1106 05d7 9C       		.byte	0x9c
 1107 05d8 E6050000 		.4byte	0x5e6
 1108 05dc 14       		.uleb128 0x14
 1109 05dd 04000000 		.4byte	.LVL0
 1110 05e1 AB070000 		.4byte	0x7ab
 1111 05e5 00       		.byte	0
 1112 05e6 13       		.uleb128 0x13
 1113 05e7 62030000 		.4byte	.LASF84
 1114 05eb 01       		.byte	0x1
 1115 05ec 3A       		.byte	0x3a
 1116 05ed 00000000 		.4byte	.LFB8
 1117 05f1 12000000 		.4byte	.LFE8-.LFB8
 1118 05f5 01       		.uleb128 0x1
 1119 05f6 9C       		.byte	0x9c
 1120 05f7 22060000 		.4byte	0x622
 1121 05fb 15       		.uleb128 0x15
 1122 05fc 4F020000 		.4byte	.LASF85
 1123 0600 01       		.byte	0x1
 1124 0601 3B       		.byte	0x3b
 1125 0602 22060000 		.4byte	0x622
 1126 0606 00000000 		.4byte	.LLST0
 1127 060a 16       		.uleb128 0x16
 1128 060b 0A000000 		.4byte	.LBB2
 1129 060f 08000000 		.4byte	.LBE2-.LBB2
 1130 0613 17       		.uleb128 0x17
 1131 0614 746D7000 		.ascii	"tmp\000"
 1132 0618 01       		.byte	0x1
 1133 0619 4A       		.byte	0x4a
 1134 061a 73000000 		.4byte	0x73
ARM GAS  /var/folders/17/bkfps9l155v_zhlnnf_8b0040000gn/T//ccqW2E5R.s 			page 21


 1135 061e 01       		.uleb128 0x1
 1136 061f 53       		.byte	0x53
 1137 0620 00       		.byte	0
 1138 0621 00       		.byte	0
 1139 0622 09       		.uleb128 0x9
 1140 0623 04       		.byte	0x4
 1141 0624 52020000 		.4byte	0x252
 1142 0628 13       		.uleb128 0x13
 1143 0629 BA040000 		.4byte	.LASF86
 1144 062d 01       		.byte	0x1
 1145 062e 6F       		.byte	0x6f
 1146 062f 00000000 		.4byte	.LFB9
 1147 0633 30000000 		.4byte	.LFE9-.LFB9
 1148 0637 01       		.uleb128 0x1
 1149 0638 9C       		.byte	0x9c
 1150 0639 84060000 		.4byte	0x684
 1151 063d 18       		.uleb128 0x18
 1152 063e 14000000 		.4byte	.LVL4
 1153 0642 B2070000 		.4byte	0x7b2
 1154 0646 55060000 		.4byte	0x655
 1155 064a 19       		.uleb128 0x19
 1156 064b 01       		.uleb128 0x1
 1157 064c 51       		.byte	0x51
 1158 064d 01       		.uleb128 0x1
 1159 064e 40       		.byte	0x40
 1160 064f 19       		.uleb128 0x19
 1161 0650 01       		.uleb128 0x1
 1162 0651 50       		.byte	0x50
 1163 0652 01       		.uleb128 0x1
 1164 0653 37       		.byte	0x37
 1165 0654 00       		.byte	0
 1166 0655 18       		.uleb128 0x18
 1167 0656 1C000000 		.4byte	.LVL5
 1168 065a B2070000 		.4byte	0x7b2
 1169 065e 6E060000 		.4byte	0x66e
 1170 0662 19       		.uleb128 0x19
 1171 0663 01       		.uleb128 0x1
 1172 0664 51       		.byte	0x51
 1173 0665 02       		.uleb128 0x2
 1174 0666 08       		.byte	0x8
 1175 0667 20       		.byte	0x20
 1176 0668 19       		.uleb128 0x19
 1177 0669 01       		.uleb128 0x1
 1178 066a 50       		.byte	0x50
 1179 066b 01       		.uleb128 0x1
 1180 066c 3A       		.byte	0x3a
 1181 066d 00       		.byte	0
 1182 066e 1A       		.uleb128 0x1a
 1183 066f 28000000 		.4byte	.LVL6
 1184 0673 B2070000 		.4byte	0x7b2
 1185 0677 19       		.uleb128 0x19
 1186 0678 01       		.uleb128 0x1
 1187 0679 51       		.byte	0x51
 1188 067a 02       		.uleb128 0x2
 1189 067b 08       		.byte	0x8
 1190 067c 80       		.byte	0x80
 1191 067d 19       		.uleb128 0x19
ARM GAS  /var/folders/17/bkfps9l155v_zhlnnf_8b0040000gn/T//ccqW2E5R.s 			page 22


 1192 067e 01       		.uleb128 0x1
 1193 067f 50       		.byte	0x50
 1194 0680 01       		.uleb128 0x1
 1195 0681 3B       		.byte	0x3b
 1196 0682 00       		.byte	0
 1197 0683 00       		.byte	0
 1198 0684 13       		.uleb128 0x13
 1199 0685 95010000 		.4byte	.LASF87
 1200 0689 01       		.byte	0x1
 1201 068a 8D       		.byte	0x8d
 1202 068b 00000000 		.4byte	.LFB10
 1203 068f 70000000 		.4byte	.LFE10-.LFB10
 1204 0693 01       		.uleb128 0x1
 1205 0694 9C       		.byte	0x9c
 1206 0695 E5060000 		.4byte	0x6e5
 1207 0699 1B       		.uleb128 0x1b
 1208 069a 00000000 		.4byte	.LBB3
 1209 069e 06000000 		.4byte	.LBE3-.LBB3
 1210 06a2 B4060000 		.4byte	0x6b4
 1211 06a6 17       		.uleb128 0x17
 1212 06a7 746D7000 		.ascii	"tmp\000"
 1213 06ab 01       		.byte	0x1
 1214 06ac 8F       		.byte	0x8f
 1215 06ad 73000000 		.4byte	0x73
 1216 06b1 01       		.uleb128 0x1
 1217 06b2 53       		.byte	0x53
 1218 06b3 00       		.byte	0
 1219 06b4 1C       		.uleb128 0x1c
 1220 06b5 00000000 		.4byte	.Ldebug_ranges0+0
 1221 06b9 CD060000 		.4byte	0x6cd
 1222 06bd 15       		.uleb128 0x15
 1223 06be 4F020000 		.4byte	.LASF85
 1224 06c2 01       		.byte	0x1
 1225 06c3 91       		.byte	0x91
 1226 06c4 22060000 		.4byte	0x622
 1227 06c8 20000000 		.4byte	.LLST1
 1228 06cc 00       		.byte	0
 1229 06cd 16       		.uleb128 0x16
 1230 06ce 44000000 		.4byte	.LBB5
 1231 06d2 06000000 		.4byte	.LBE5-.LBB5
 1232 06d6 17       		.uleb128 0x17
 1233 06d7 746D7000 		.ascii	"tmp\000"
 1234 06db 01       		.byte	0x1
 1235 06dc BE       		.byte	0xbe
 1236 06dd 73000000 		.4byte	0x73
 1237 06e1 01       		.uleb128 0x1
 1238 06e2 53       		.byte	0x53
 1239 06e3 00       		.byte	0
 1240 06e4 00       		.byte	0
 1241 06e5 13       		.uleb128 0x13
 1242 06e6 28000000 		.4byte	.LASF88
 1243 06ea 01       		.byte	0x1
 1244 06eb 28       		.byte	0x28
 1245 06ec 00000000 		.4byte	.LFB7
 1246 06f0 1A000000 		.4byte	.LFE7-.LFB7
 1247 06f4 01       		.uleb128 0x1
 1248 06f5 9C       		.byte	0x9c
ARM GAS  /var/folders/17/bkfps9l155v_zhlnnf_8b0040000gn/T//ccqW2E5R.s 			page 23


 1249 06f6 43070000 		.4byte	0x743
 1250 06fa 1B       		.uleb128 0x1b
 1251 06fb 02000000 		.4byte	.LBB7
 1252 06ff 06000000 		.4byte	.LBE7-.LBB7
 1253 0703 15070000 		.4byte	0x715
 1254 0707 17       		.uleb128 0x17
 1255 0708 746D7000 		.ascii	"tmp\000"
 1256 070c 01       		.byte	0x1
 1257 070d 2C       		.byte	0x2c
 1258 070e 73000000 		.4byte	0x73
 1259 0712 01       		.uleb128 0x1
 1260 0713 53       		.byte	0x53
 1261 0714 00       		.byte	0
 1262 0715 1B       		.uleb128 0x1b
 1263 0716 0C000000 		.4byte	.LBB8
 1264 071a 06000000 		.4byte	.LBE8-.LBB8
 1265 071e 30070000 		.4byte	0x730
 1266 0722 17       		.uleb128 0x17
 1267 0723 746D7000 		.ascii	"tmp\000"
 1268 0727 01       		.byte	0x1
 1269 0728 2E       		.byte	0x2e
 1270 0729 73000000 		.4byte	0x73
 1271 072d 01       		.uleb128 0x1
 1272 072e 53       		.byte	0x53
 1273 072f 00       		.byte	0
 1274 0730 14       		.uleb128 0x14
 1275 0731 0C000000 		.4byte	.LVL12
 1276 0735 C9070000 		.4byte	0x7c9
 1277 0739 1D       		.uleb128 0x1d
 1278 073a 1A000000 		.4byte	.LVL13
 1279 073e 84060000 		.4byte	0x684
 1280 0742 00       		.byte	0
 1281 0743 13       		.uleb128 0x13
 1282 0744 24010000 		.4byte	.LASF89
 1283 0748 01       		.byte	0x1
 1284 0749 E5       		.byte	0xe5
 1285 074a 00000000 		.4byte	.LFB12
 1286 074e 10000000 		.4byte	.LFE12-.LFB12
 1287 0752 01       		.uleb128 0x1
 1288 0753 9C       		.byte	0x9c
 1289 0754 73070000 		.4byte	0x773
 1290 0758 1E       		.uleb128 0x1e
 1291 0759 6E747000 		.ascii	"ntp\000"
 1292 075d 01       		.byte	0x1
 1293 075e E5       		.byte	0xe5
 1294 075f 14020000 		.4byte	0x214
 1295 0763 01       		.uleb128 0x1
 1296 0764 50       		.byte	0x50
 1297 0765 1E       		.uleb128 0x1e
 1298 0766 6F747000 		.ascii	"otp\000"
 1299 076a 01       		.byte	0x1
 1300 076b E5       		.byte	0xe5
 1301 076c 14020000 		.4byte	0x214
 1302 0770 01       		.uleb128 0x1
 1303 0771 51       		.byte	0x51
 1304 0772 00       		.byte	0
 1305 0773 13       		.uleb128 0x13
ARM GAS  /var/folders/17/bkfps9l155v_zhlnnf_8b0040000gn/T//ccqW2E5R.s 			page 24


 1306 0774 A9000000 		.4byte	.LASF90
 1307 0778 01       		.byte	0x1
 1308 0779 FC       		.byte	0xfc
 1309 077a 00000000 		.4byte	.LFB13
 1310 077e 10000000 		.4byte	.LFE13-.LFB13
 1311 0782 01       		.uleb128 0x1
 1312 0783 9C       		.byte	0x9c
 1313 0784 A0070000 		.4byte	0x7a0
 1314 0788 16       		.uleb128 0x16
 1315 0789 00000000 		.4byte	.LBB9
 1316 078d 06000000 		.4byte	.LBE9-.LBB9
 1317 0791 17       		.uleb128 0x17
 1318 0792 746D7000 		.ascii	"tmp\000"
 1319 0796 01       		.byte	0x1
 1320 0797 FE       		.byte	0xfe
 1321 0798 73000000 		.4byte	0x73
 1322 079c 01       		.uleb128 0x1
 1323 079d 53       		.byte	0x53
 1324 079e 00       		.byte	0
 1325 079f 00       		.byte	0
 1326 07a0 1F       		.uleb128 0x1f
 1327 07a1 AC040000 		.4byte	.LASF96
 1328 07a5 08       		.byte	0x8
 1329 07a6 68       		.byte	0x68
 1330 07a7 2D050000 		.4byte	0x52d
 1331 07ab 20       		.uleb128 0x20
 1332 07ac F7000000 		.4byte	.LASF91
 1333 07b0 08       		.byte	0x8
 1334 07b1 A1       		.byte	0xa1
 1335 07b2 21       		.uleb128 0x21
 1336 07b3 D1000000 		.4byte	.LASF97
 1337 07b7 07       		.byte	0x7
 1338 07b8 1E01     		.2byte	0x11e
 1339 07ba C9070000 		.4byte	0x7c9
 1340 07be 22       		.uleb128 0x22
 1341 07bf 73000000 		.4byte	0x73
 1342 07c3 22       		.uleb128 0x22
 1343 07c4 73000000 		.4byte	0x73
 1344 07c8 00       		.byte	0
 1345 07c9 20       		.uleb128 0x20
 1346 07ca 15000000 		.4byte	.LASF92
 1347 07ce 0A       		.byte	0xa
 1348 07cf F0       		.byte	0xf0
 1349 07d0 00       		.byte	0
 1350              		.section	.debug_abbrev,"",%progbits
 1351              	.Ldebug_abbrev0:
 1352 0000 01       		.uleb128 0x1
 1353 0001 11       		.uleb128 0x11
 1354 0002 01       		.byte	0x1
 1355 0003 25       		.uleb128 0x25
 1356 0004 0E       		.uleb128 0xe
 1357 0005 13       		.uleb128 0x13
 1358 0006 0B       		.uleb128 0xb
 1359 0007 03       		.uleb128 0x3
 1360 0008 0E       		.uleb128 0xe
 1361 0009 1B       		.uleb128 0x1b
 1362 000a 0E       		.uleb128 0xe
ARM GAS  /var/folders/17/bkfps9l155v_zhlnnf_8b0040000gn/T//ccqW2E5R.s 			page 25


 1363 000b 55       		.uleb128 0x55
 1364 000c 17       		.uleb128 0x17
 1365 000d 11       		.uleb128 0x11
 1366 000e 01       		.uleb128 0x1
 1367 000f 10       		.uleb128 0x10
 1368 0010 17       		.uleb128 0x17
 1369 0011 00       		.byte	0
 1370 0012 00       		.byte	0
 1371 0013 02       		.uleb128 0x2
 1372 0014 24       		.uleb128 0x24
 1373 0015 00       		.byte	0
 1374 0016 0B       		.uleb128 0xb
 1375 0017 0B       		.uleb128 0xb
 1376 0018 3E       		.uleb128 0x3e
 1377 0019 0B       		.uleb128 0xb
 1378 001a 03       		.uleb128 0x3
 1379 001b 08       		.uleb128 0x8
 1380 001c 00       		.byte	0
 1381 001d 00       		.byte	0
 1382 001e 03       		.uleb128 0x3
 1383 001f 24       		.uleb128 0x24
 1384 0020 00       		.byte	0
 1385 0021 0B       		.uleb128 0xb
 1386 0022 0B       		.uleb128 0xb
 1387 0023 3E       		.uleb128 0x3e
 1388 0024 0B       		.uleb128 0xb
 1389 0025 03       		.uleb128 0x3
 1390 0026 0E       		.uleb128 0xe
 1391 0027 00       		.byte	0
 1392 0028 00       		.byte	0
 1393 0029 04       		.uleb128 0x4
 1394 002a 16       		.uleb128 0x16
 1395 002b 00       		.byte	0
 1396 002c 03       		.uleb128 0x3
 1397 002d 0E       		.uleb128 0xe
 1398 002e 3A       		.uleb128 0x3a
 1399 002f 0B       		.uleb128 0xb
 1400 0030 3B       		.uleb128 0x3b
 1401 0031 0B       		.uleb128 0xb
 1402 0032 49       		.uleb128 0x49
 1403 0033 13       		.uleb128 0x13
 1404 0034 00       		.byte	0
 1405 0035 00       		.byte	0
 1406 0036 05       		.uleb128 0x5
 1407 0037 13       		.uleb128 0x13
 1408 0038 01       		.byte	0x1
 1409 0039 03       		.uleb128 0x3
 1410 003a 0E       		.uleb128 0xe
 1411 003b 0B       		.uleb128 0xb
 1412 003c 0B       		.uleb128 0xb
 1413 003d 3A       		.uleb128 0x3a
 1414 003e 0B       		.uleb128 0xb
 1415 003f 3B       		.uleb128 0x3b
 1416 0040 0B       		.uleb128 0xb
 1417 0041 01       		.uleb128 0x1
 1418 0042 13       		.uleb128 0x13
 1419 0043 00       		.byte	0
ARM GAS  /var/folders/17/bkfps9l155v_zhlnnf_8b0040000gn/T//ccqW2E5R.s 			page 26


 1420 0044 00       		.byte	0
 1421 0045 06       		.uleb128 0x6
 1422 0046 0D       		.uleb128 0xd
 1423 0047 00       		.byte	0
 1424 0048 03       		.uleb128 0x3
 1425 0049 0E       		.uleb128 0xe
 1426 004a 3A       		.uleb128 0x3a
 1427 004b 0B       		.uleb128 0xb
 1428 004c 3B       		.uleb128 0x3b
 1429 004d 0B       		.uleb128 0xb
 1430 004e 49       		.uleb128 0x49
 1431 004f 13       		.uleb128 0x13
 1432 0050 38       		.uleb128 0x38
 1433 0051 0B       		.uleb128 0xb
 1434 0052 00       		.byte	0
 1435 0053 00       		.byte	0
 1436 0054 07       		.uleb128 0x7
 1437 0055 0D       		.uleb128 0xd
 1438 0056 00       		.byte	0
 1439 0057 03       		.uleb128 0x3
 1440 0058 08       		.uleb128 0x8
 1441 0059 3A       		.uleb128 0x3a
 1442 005a 0B       		.uleb128 0xb
 1443 005b 3B       		.uleb128 0x3b
 1444 005c 0B       		.uleb128 0xb
 1445 005d 49       		.uleb128 0x49
 1446 005e 13       		.uleb128 0x13
 1447 005f 38       		.uleb128 0x38
 1448 0060 0B       		.uleb128 0xb
 1449 0061 00       		.byte	0
 1450 0062 00       		.byte	0
 1451 0063 08       		.uleb128 0x8
 1452 0064 13       		.uleb128 0x13
 1453 0065 01       		.byte	0x1
 1454 0066 0B       		.uleb128 0xb
 1455 0067 0B       		.uleb128 0xb
 1456 0068 3A       		.uleb128 0x3a
 1457 0069 0B       		.uleb128 0xb
 1458 006a 3B       		.uleb128 0x3b
 1459 006b 0B       		.uleb128 0xb
 1460 006c 01       		.uleb128 0x1
 1461 006d 13       		.uleb128 0x13
 1462 006e 00       		.byte	0
 1463 006f 00       		.byte	0
 1464 0070 09       		.uleb128 0x9
 1465 0071 0F       		.uleb128 0xf
 1466 0072 00       		.byte	0
 1467 0073 0B       		.uleb128 0xb
 1468 0074 0B       		.uleb128 0xb
 1469 0075 49       		.uleb128 0x49
 1470 0076 13       		.uleb128 0x13
 1471 0077 00       		.byte	0
 1472 0078 00       		.byte	0
 1473 0079 0A       		.uleb128 0xa
 1474 007a 0F       		.uleb128 0xf
 1475 007b 00       		.byte	0
 1476 007c 0B       		.uleb128 0xb
ARM GAS  /var/folders/17/bkfps9l155v_zhlnnf_8b0040000gn/T//ccqW2E5R.s 			page 27


 1477 007d 0B       		.uleb128 0xb
 1478 007e 00       		.byte	0
 1479 007f 00       		.byte	0
 1480 0080 0B       		.uleb128 0xb
 1481 0081 13       		.uleb128 0x13
 1482 0082 01       		.byte	0x1
 1483 0083 03       		.uleb128 0x3
 1484 0084 0E       		.uleb128 0xe
 1485 0085 0B       		.uleb128 0xb
 1486 0086 0B       		.uleb128 0xb
 1487 0087 3A       		.uleb128 0x3a
 1488 0088 0B       		.uleb128 0xb
 1489 0089 3B       		.uleb128 0x3b
 1490 008a 05       		.uleb128 0x5
 1491 008b 01       		.uleb128 0x1
 1492 008c 13       		.uleb128 0x13
 1493 008d 00       		.byte	0
 1494 008e 00       		.byte	0
 1495 008f 0C       		.uleb128 0xc
 1496 0090 0D       		.uleb128 0xd
 1497 0091 00       		.byte	0
 1498 0092 03       		.uleb128 0x3
 1499 0093 08       		.uleb128 0x8
 1500 0094 3A       		.uleb128 0x3a
 1501 0095 0B       		.uleb128 0xb
 1502 0096 3B       		.uleb128 0x3b
 1503 0097 05       		.uleb128 0x5
 1504 0098 49       		.uleb128 0x49
 1505 0099 13       		.uleb128 0x13
 1506 009a 38       		.uleb128 0x38
 1507 009b 0B       		.uleb128 0xb
 1508 009c 00       		.byte	0
 1509 009d 00       		.byte	0
 1510 009e 0D       		.uleb128 0xd
 1511 009f 35       		.uleb128 0x35
 1512 00a0 00       		.byte	0
 1513 00a1 49       		.uleb128 0x49
 1514 00a2 13       		.uleb128 0x13
 1515 00a3 00       		.byte	0
 1516 00a4 00       		.byte	0
 1517 00a5 0E       		.uleb128 0xe
 1518 00a6 01       		.uleb128 0x1
 1519 00a7 01       		.byte	0x1
 1520 00a8 49       		.uleb128 0x49
 1521 00a9 13       		.uleb128 0x13
 1522 00aa 01       		.uleb128 0x1
 1523 00ab 13       		.uleb128 0x13
 1524 00ac 00       		.byte	0
 1525 00ad 00       		.byte	0
 1526 00ae 0F       		.uleb128 0xf
 1527 00af 21       		.uleb128 0x21
 1528 00b0 00       		.byte	0
 1529 00b1 49       		.uleb128 0x49
 1530 00b2 13       		.uleb128 0x13
 1531 00b3 2F       		.uleb128 0x2f
 1532 00b4 0B       		.uleb128 0xb
 1533 00b5 00       		.byte	0
ARM GAS  /var/folders/17/bkfps9l155v_zhlnnf_8b0040000gn/T//ccqW2E5R.s 			page 28


 1534 00b6 00       		.byte	0
 1535 00b7 10       		.uleb128 0x10
 1536 00b8 17       		.uleb128 0x17
 1537 00b9 01       		.byte	0x1
 1538 00ba 0B       		.uleb128 0xb
 1539 00bb 0B       		.uleb128 0xb
 1540 00bc 3A       		.uleb128 0x3a
 1541 00bd 0B       		.uleb128 0xb
 1542 00be 3B       		.uleb128 0x3b
 1543 00bf 0B       		.uleb128 0xb
 1544 00c0 01       		.uleb128 0x1
 1545 00c1 13       		.uleb128 0x13
 1546 00c2 00       		.byte	0
 1547 00c3 00       		.byte	0
 1548 00c4 11       		.uleb128 0x11
 1549 00c5 0D       		.uleb128 0xd
 1550 00c6 00       		.byte	0
 1551 00c7 03       		.uleb128 0x3
 1552 00c8 0E       		.uleb128 0xe
 1553 00c9 3A       		.uleb128 0x3a
 1554 00ca 0B       		.uleb128 0xb
 1555 00cb 3B       		.uleb128 0x3b
 1556 00cc 0B       		.uleb128 0xb
 1557 00cd 49       		.uleb128 0x49
 1558 00ce 13       		.uleb128 0x13
 1559 00cf 00       		.byte	0
 1560 00d0 00       		.byte	0
 1561 00d1 12       		.uleb128 0x12
 1562 00d2 26       		.uleb128 0x26
 1563 00d3 00       		.byte	0
 1564 00d4 49       		.uleb128 0x49
 1565 00d5 13       		.uleb128 0x13
 1566 00d6 00       		.byte	0
 1567 00d7 00       		.byte	0
 1568 00d8 13       		.uleb128 0x13
 1569 00d9 2E       		.uleb128 0x2e
 1570 00da 01       		.byte	0x1
 1571 00db 3F       		.uleb128 0x3f
 1572 00dc 19       		.uleb128 0x19
 1573 00dd 03       		.uleb128 0x3
 1574 00de 0E       		.uleb128 0xe
 1575 00df 3A       		.uleb128 0x3a
 1576 00e0 0B       		.uleb128 0xb
 1577 00e1 3B       		.uleb128 0x3b
 1578 00e2 0B       		.uleb128 0xb
 1579 00e3 27       		.uleb128 0x27
 1580 00e4 19       		.uleb128 0x19
 1581 00e5 11       		.uleb128 0x11
 1582 00e6 01       		.uleb128 0x1
 1583 00e7 12       		.uleb128 0x12
 1584 00e8 06       		.uleb128 0x6
 1585 00e9 40       		.uleb128 0x40
 1586 00ea 18       		.uleb128 0x18
 1587 00eb 9742     		.uleb128 0x2117
 1588 00ed 19       		.uleb128 0x19
 1589 00ee 01       		.uleb128 0x1
 1590 00ef 13       		.uleb128 0x13
ARM GAS  /var/folders/17/bkfps9l155v_zhlnnf_8b0040000gn/T//ccqW2E5R.s 			page 29


 1591 00f0 00       		.byte	0
 1592 00f1 00       		.byte	0
 1593 00f2 14       		.uleb128 0x14
 1594 00f3 898201   		.uleb128 0x4109
 1595 00f6 00       		.byte	0
 1596 00f7 11       		.uleb128 0x11
 1597 00f8 01       		.uleb128 0x1
 1598 00f9 31       		.uleb128 0x31
 1599 00fa 13       		.uleb128 0x13
 1600 00fb 00       		.byte	0
 1601 00fc 00       		.byte	0
 1602 00fd 15       		.uleb128 0x15
 1603 00fe 34       		.uleb128 0x34
 1604 00ff 00       		.byte	0
 1605 0100 03       		.uleb128 0x3
 1606 0101 0E       		.uleb128 0xe
 1607 0102 3A       		.uleb128 0x3a
 1608 0103 0B       		.uleb128 0xb
 1609 0104 3B       		.uleb128 0x3b
 1610 0105 0B       		.uleb128 0xb
 1611 0106 49       		.uleb128 0x49
 1612 0107 13       		.uleb128 0x13
 1613 0108 02       		.uleb128 0x2
 1614 0109 17       		.uleb128 0x17
 1615 010a 00       		.byte	0
 1616 010b 00       		.byte	0
 1617 010c 16       		.uleb128 0x16
 1618 010d 0B       		.uleb128 0xb
 1619 010e 01       		.byte	0x1
 1620 010f 11       		.uleb128 0x11
 1621 0110 01       		.uleb128 0x1
 1622 0111 12       		.uleb128 0x12
 1623 0112 06       		.uleb128 0x6
 1624 0113 00       		.byte	0
 1625 0114 00       		.byte	0
 1626 0115 17       		.uleb128 0x17
 1627 0116 34       		.uleb128 0x34
 1628 0117 00       		.byte	0
 1629 0118 03       		.uleb128 0x3
 1630 0119 08       		.uleb128 0x8
 1631 011a 3A       		.uleb128 0x3a
 1632 011b 0B       		.uleb128 0xb
 1633 011c 3B       		.uleb128 0x3b
 1634 011d 0B       		.uleb128 0xb
 1635 011e 49       		.uleb128 0x49
 1636 011f 13       		.uleb128 0x13
 1637 0120 02       		.uleb128 0x2
 1638 0121 18       		.uleb128 0x18
 1639 0122 00       		.byte	0
 1640 0123 00       		.byte	0
 1641 0124 18       		.uleb128 0x18
 1642 0125 898201   		.uleb128 0x4109
 1643 0128 01       		.byte	0x1
 1644 0129 11       		.uleb128 0x11
 1645 012a 01       		.uleb128 0x1
 1646 012b 31       		.uleb128 0x31
 1647 012c 13       		.uleb128 0x13
ARM GAS  /var/folders/17/bkfps9l155v_zhlnnf_8b0040000gn/T//ccqW2E5R.s 			page 30


 1648 012d 01       		.uleb128 0x1
 1649 012e 13       		.uleb128 0x13
 1650 012f 00       		.byte	0
 1651 0130 00       		.byte	0
 1652 0131 19       		.uleb128 0x19
 1653 0132 8A8201   		.uleb128 0x410a
 1654 0135 00       		.byte	0
 1655 0136 02       		.uleb128 0x2
 1656 0137 18       		.uleb128 0x18
 1657 0138 9142     		.uleb128 0x2111
 1658 013a 18       		.uleb128 0x18
 1659 013b 00       		.byte	0
 1660 013c 00       		.byte	0
 1661 013d 1A       		.uleb128 0x1a
 1662 013e 898201   		.uleb128 0x4109
 1663 0141 01       		.byte	0x1
 1664 0142 11       		.uleb128 0x11
 1665 0143 01       		.uleb128 0x1
 1666 0144 9542     		.uleb128 0x2115
 1667 0146 19       		.uleb128 0x19
 1668 0147 31       		.uleb128 0x31
 1669 0148 13       		.uleb128 0x13
 1670 0149 00       		.byte	0
 1671 014a 00       		.byte	0
 1672 014b 1B       		.uleb128 0x1b
 1673 014c 0B       		.uleb128 0xb
 1674 014d 01       		.byte	0x1
 1675 014e 11       		.uleb128 0x11
 1676 014f 01       		.uleb128 0x1
 1677 0150 12       		.uleb128 0x12
 1678 0151 06       		.uleb128 0x6
 1679 0152 01       		.uleb128 0x1
 1680 0153 13       		.uleb128 0x13
 1681 0154 00       		.byte	0
 1682 0155 00       		.byte	0
 1683 0156 1C       		.uleb128 0x1c
 1684 0157 0B       		.uleb128 0xb
 1685 0158 01       		.byte	0x1
 1686 0159 55       		.uleb128 0x55
 1687 015a 17       		.uleb128 0x17
 1688 015b 01       		.uleb128 0x1
 1689 015c 13       		.uleb128 0x13
 1690 015d 00       		.byte	0
 1691 015e 00       		.byte	0
 1692 015f 1D       		.uleb128 0x1d
 1693 0160 898201   		.uleb128 0x4109
 1694 0163 00       		.byte	0
 1695 0164 11       		.uleb128 0x11
 1696 0165 01       		.uleb128 0x1
 1697 0166 9542     		.uleb128 0x2115
 1698 0168 19       		.uleb128 0x19
 1699 0169 31       		.uleb128 0x31
 1700 016a 13       		.uleb128 0x13
 1701 016b 00       		.byte	0
 1702 016c 00       		.byte	0
 1703 016d 1E       		.uleb128 0x1e
 1704 016e 05       		.uleb128 0x5
ARM GAS  /var/folders/17/bkfps9l155v_zhlnnf_8b0040000gn/T//ccqW2E5R.s 			page 31


 1705 016f 00       		.byte	0
 1706 0170 03       		.uleb128 0x3
 1707 0171 08       		.uleb128 0x8
 1708 0172 3A       		.uleb128 0x3a
 1709 0173 0B       		.uleb128 0xb
 1710 0174 3B       		.uleb128 0x3b
 1711 0175 0B       		.uleb128 0xb
 1712 0176 49       		.uleb128 0x49
 1713 0177 13       		.uleb128 0x13
 1714 0178 02       		.uleb128 0x2
 1715 0179 18       		.uleb128 0x18
 1716 017a 00       		.byte	0
 1717 017b 00       		.byte	0
 1718 017c 1F       		.uleb128 0x1f
 1719 017d 34       		.uleb128 0x34
 1720 017e 00       		.byte	0
 1721 017f 03       		.uleb128 0x3
 1722 0180 0E       		.uleb128 0xe
 1723 0181 3A       		.uleb128 0x3a
 1724 0182 0B       		.uleb128 0xb
 1725 0183 3B       		.uleb128 0x3b
 1726 0184 0B       		.uleb128 0xb
 1727 0185 49       		.uleb128 0x49
 1728 0186 13       		.uleb128 0x13
 1729 0187 3F       		.uleb128 0x3f
 1730 0188 19       		.uleb128 0x19
 1731 0189 3C       		.uleb128 0x3c
 1732 018a 19       		.uleb128 0x19
 1733 018b 00       		.byte	0
 1734 018c 00       		.byte	0
 1735 018d 20       		.uleb128 0x20
 1736 018e 2E       		.uleb128 0x2e
 1737 018f 00       		.byte	0
 1738 0190 3F       		.uleb128 0x3f
 1739 0191 19       		.uleb128 0x19
 1740 0192 03       		.uleb128 0x3
 1741 0193 0E       		.uleb128 0xe
 1742 0194 3A       		.uleb128 0x3a
 1743 0195 0B       		.uleb128 0xb
 1744 0196 3B       		.uleb128 0x3b
 1745 0197 0B       		.uleb128 0xb
 1746 0198 27       		.uleb128 0x27
 1747 0199 19       		.uleb128 0x19
 1748 019a 3C       		.uleb128 0x3c
 1749 019b 19       		.uleb128 0x19
 1750 019c 00       		.byte	0
 1751 019d 00       		.byte	0
 1752 019e 21       		.uleb128 0x21
 1753 019f 2E       		.uleb128 0x2e
 1754 01a0 01       		.byte	0x1
 1755 01a1 3F       		.uleb128 0x3f
 1756 01a2 19       		.uleb128 0x19
 1757 01a3 03       		.uleb128 0x3
 1758 01a4 0E       		.uleb128 0xe
 1759 01a5 3A       		.uleb128 0x3a
 1760 01a6 0B       		.uleb128 0xb
 1761 01a7 3B       		.uleb128 0x3b
ARM GAS  /var/folders/17/bkfps9l155v_zhlnnf_8b0040000gn/T//ccqW2E5R.s 			page 32


 1762 01a8 05       		.uleb128 0x5
 1763 01a9 27       		.uleb128 0x27
 1764 01aa 19       		.uleb128 0x19
 1765 01ab 3C       		.uleb128 0x3c
 1766 01ac 19       		.uleb128 0x19
 1767 01ad 01       		.uleb128 0x1
 1768 01ae 13       		.uleb128 0x13
 1769 01af 00       		.byte	0
 1770 01b0 00       		.byte	0
 1771 01b1 22       		.uleb128 0x22
 1772 01b2 05       		.uleb128 0x5
 1773 01b3 00       		.byte	0
 1774 01b4 49       		.uleb128 0x49
 1775 01b5 13       		.uleb128 0x13
 1776 01b6 00       		.byte	0
 1777 01b7 00       		.byte	0
 1778 01b8 00       		.byte	0
 1779              		.section	.debug_loc,"",%progbits
 1780              	.Ldebug_loc0:
 1781              	.LLST0:
 1782 0000 04000000 		.4byte	.LVL1
 1783 0004 06000000 		.4byte	.LVL2
 1784 0008 0300     		.2byte	0x3
 1785 000a 73       		.byte	0x73
 1786 000b 20       		.sleb128 32
 1787 000c 9F       		.byte	0x9f
 1788 000d 06000000 		.4byte	.LVL2
 1789 0011 0C000000 		.4byte	.LVL3
 1790 0015 0100     		.2byte	0x1
 1791 0017 53       		.byte	0x53
 1792 0018 00000000 		.4byte	0
 1793 001c 00000000 		.4byte	0
 1794              	.LLST1:
 1795 0020 14000000 		.4byte	.LVL7
 1796 0024 18000000 		.4byte	.LVL8
 1797 0028 0300     		.2byte	0x3
 1798 002a 73       		.byte	0x73
 1799 002b 60       		.sleb128 -32
 1800 002c 9F       		.byte	0x9f
 1801 002d 18000000 		.4byte	.LVL8
 1802 0031 20000000 		.4byte	.LVL9
 1803 0035 0100     		.2byte	0x1
 1804 0037 52       		.byte	0x52
 1805 0038 20000000 		.4byte	.LVL9
 1806 003c 44000000 		.4byte	.LVL10
 1807 0040 0300     		.2byte	0x3
 1808 0042 73       		.byte	0x73
 1809 0043 60       		.sleb128 -32
 1810 0044 9F       		.byte	0x9f
 1811 0045 4A000000 		.4byte	.LVL11
 1812 0049 70000000 		.4byte	.LFE10
 1813 004d 0300     		.2byte	0x3
 1814 004f 73       		.byte	0x73
 1815 0050 60       		.sleb128 -32
 1816 0051 9F       		.byte	0x9f
 1817 0052 00000000 		.4byte	0
 1818 0056 00000000 		.4byte	0
ARM GAS  /var/folders/17/bkfps9l155v_zhlnnf_8b0040000gn/T//ccqW2E5R.s 			page 33


 1819              		.section	.debug_aranges,"",%progbits
 1820 0000 4C000000 		.4byte	0x4c
 1821 0004 0200     		.2byte	0x2
 1822 0006 00000000 		.4byte	.Ldebug_info0
 1823 000a 04       		.byte	0x4
 1824 000b 00       		.byte	0
 1825 000c 0000     		.2byte	0
 1826 000e 0000     		.2byte	0
 1827 0010 00000000 		.4byte	.LFB11
 1828 0014 06000000 		.4byte	.LFE11-.LFB11
 1829 0018 00000000 		.4byte	.LFB8
 1830 001c 12000000 		.4byte	.LFE8-.LFB8
 1831 0020 00000000 		.4byte	.LFB9
 1832 0024 30000000 		.4byte	.LFE9-.LFB9
 1833 0028 00000000 		.4byte	.LFB10
 1834 002c 70000000 		.4byte	.LFE10-.LFB10
 1835 0030 00000000 		.4byte	.LFB7
 1836 0034 1A000000 		.4byte	.LFE7-.LFB7
 1837 0038 00000000 		.4byte	.LFB12
 1838 003c 10000000 		.4byte	.LFE12-.LFB12
 1839 0040 00000000 		.4byte	.LFB13
 1840 0044 10000000 		.4byte	.LFE13-.LFB13
 1841 0048 00000000 		.4byte	0
 1842 004c 00000000 		.4byte	0
 1843              		.section	.debug_ranges,"",%progbits
 1844              	.Ldebug_ranges0:
 1845 0000 10000000 		.4byte	.LBB4
 1846 0004 44000000 		.4byte	.LBE4
 1847 0008 4A000000 		.4byte	.LBB6
 1848 000c 70000000 		.4byte	.LBE6
 1849 0010 00000000 		.4byte	0
 1850 0014 00000000 		.4byte	0
 1851 0018 00000000 		.4byte	.LFB11
 1852 001c 06000000 		.4byte	.LFE11
 1853 0020 00000000 		.4byte	.LFB8
 1854 0024 12000000 		.4byte	.LFE8
 1855 0028 00000000 		.4byte	.LFB9
 1856 002c 30000000 		.4byte	.LFE9
 1857 0030 00000000 		.4byte	.LFB10
 1858 0034 70000000 		.4byte	.LFE10
 1859 0038 00000000 		.4byte	.LFB7
 1860 003c 1A000000 		.4byte	.LFE7
 1861 0040 00000000 		.4byte	.LFB12
 1862 0044 10000000 		.4byte	.LFE12
 1863 0048 00000000 		.4byte	.LFB13
 1864 004c 10000000 		.4byte	.LFE13
 1865 0050 00000000 		.4byte	0
 1866 0054 00000000 		.4byte	0
 1867              		.section	.debug_line,"",%progbits
 1868              	.Ldebug_line0:
 1869 0000 2A020000 		.section	.debug_str,"MS",%progbits,1
 1869      02007901 
 1869      00000201 
 1869      FB0E0D00 
 1869      01010101 
 1870              	.LASF36:
 1871 0000 705F6D73 		.ascii	"p_msg\000"
ARM GAS  /var/folders/17/bkfps9l155v_zhlnnf_8b0040000gn/T//ccqW2E5R.s 			page 34


 1871      6700
 1872              	.LASF78:
 1873 0006 7264796D 		.ascii	"rdymsg\000"
 1873      736700
 1874              	.LASF66:
 1875 000d 434D785F 		.ascii	"CMx_SCB\000"
 1875      53434200 
 1876              	.LASF92:
 1877 0015 63685379 		.ascii	"chSysTimerHandlerI\000"
 1877      7354696D 
 1877      65724861 
 1877      6E646C65 
 1877      724900
 1878              	.LASF88:
 1879 0028 53797354 		.ascii	"SysTickVector\000"
 1879      69636B56 
 1879      6563746F 
 1879      7200
 1880              	.LASF11:
 1881 0036 6C6F6E67 		.ascii	"long long unsigned int\000"
 1881      206C6F6E 
 1881      6720756E 
 1881      7369676E 
 1881      65642069 
 1882              	.LASF79:
 1883 004d 65786974 		.ascii	"exitcode\000"
 1883      636F6465 
 1883      00
 1884              	.LASF51:
 1885 0056 43505549 		.ascii	"CPUID\000"
 1885      4400
 1886              	.LASF24:
 1887 005c 705F7072 		.ascii	"p_prio\000"
 1887      696F00
 1888              	.LASF4:
 1889 0063 6C6F6E67 		.ascii	"long long int\000"
 1889      206C6F6E 
 1889      6720696E 
 1889      7400
 1890              	.LASF1:
 1891 0071 7369676E 		.ascii	"signed char\000"
 1891      65642063 
 1891      68617200 
 1892              	.LASF40:
 1893 007d 705F6D70 		.ascii	"p_mpool\000"
 1893      6F6F6C00 
 1894              	.LASF75:
 1895 0085 6D5F7175 		.ascii	"m_queue\000"
 1895      65756500 
 1896              	.LASF16:
 1897 008d 74736C69 		.ascii	"tslices_t\000"
 1897      6365735F 
 1897      7400
 1898              	.LASF3:
 1899 0097 6C6F6E67 		.ascii	"long int\000"
 1899      20696E74 
 1899      00
ARM GAS  /var/folders/17/bkfps9l155v_zhlnnf_8b0040000gn/T//ccqW2E5R.s 			page 35


 1900              	.LASF14:
 1901 00a0 74737461 		.ascii	"tstate_t\000"
 1901      74655F74 
 1901      00
 1902              	.LASF90:
 1903 00a9 5F706F72 		.ascii	"_port_thread_start\000"
 1903      745F7468 
 1903      72656164 
 1903      5F737461 
 1903      727400
 1904              	.LASF26:
 1905 00bc 705F6E65 		.ascii	"p_newer\000"
 1905      77657200 
 1906              	.LASF61:
 1907 00c4 42464152 		.ascii	"BFAR\000"
 1907      00
 1908              	.LASF70:
 1909 00c9 725F6E65 		.ascii	"r_newer\000"
 1909      77657200 
 1910              	.LASF97:
 1911 00d1 6E766963 		.ascii	"nvicSetSystemHandlerPriority\000"
 1911      53657453 
 1911      79737465 
 1911      6D48616E 
 1911      646C6572 
 1912              	.LASF43:
 1913 00ee 72656761 		.ascii	"regarm_t\000"
 1913      726D5F74 
 1913      00
 1914              	.LASF91:
 1915 00f7 63685363 		.ascii	"chSchDoReschedule\000"
 1915      68446F52 
 1915      65736368 
 1915      6564756C 
 1915      6500
 1916              	.LASF0:
 1917 0109 756E7369 		.ascii	"unsigned int\000"
 1917      676E6564 
 1917      20696E74 
 1917      00
 1918              	.LASF45:
 1919 0116 6C725F74 		.ascii	"lr_thd\000"
 1919      686400
 1920              	.LASF44:
 1921 011d 65787463 		.ascii	"extctx\000"
 1921      747800
 1922              	.LASF89:
 1923 0124 5F706F72 		.ascii	"_port_switch\000"
 1923      745F7377 
 1923      69746368 
 1923      00
 1924              	.LASF10:
 1925 0131 6C6F6E67 		.ascii	"long unsigned int\000"
 1925      20756E73 
 1925      69676E65 
 1925      6420696E 
 1925      7400
ARM GAS  /var/folders/17/bkfps9l155v_zhlnnf_8b0040000gn/T//ccqW2E5R.s 			page 36


 1926              	.LASF53:
 1927 0143 56544F52 		.ascii	"VTOR\000"
 1927      00
 1928              	.LASF83:
 1929 0148 5F706F72 		.ascii	"_port_switch_from_isr\000"
 1929      745F7377 
 1929      69746368 
 1929      5F66726F 
 1929      6D5F6973 
 1930              	.LASF48:
 1931 015e 636F6E74 		.ascii	"context\000"
 1931      65787400 
 1932              	.LASF8:
 1933 0166 73686F72 		.ascii	"short unsigned int\000"
 1933      7420756E 
 1933      7369676E 
 1933      65642069 
 1933      6E7400
 1934              	.LASF52:
 1935 0179 49435352 		.ascii	"ICSR\000"
 1935      00
 1936              	.LASF18:
 1937 017e 6D73675F 		.ascii	"msg_t\000"
 1937      7400
 1938              	.LASF54:
 1939 0184 41495243 		.ascii	"AIRCR\000"
 1939      5200
 1940              	.LASF59:
 1941 018a 44465352 		.ascii	"DFSR\000"
 1941      00
 1942              	.LASF60:
 1943 018f 4D4D4641 		.ascii	"MMFAR\000"
 1943      5200
 1944              	.LASF87:
 1945 0195 5F706F72 		.ascii	"_port_irq_epilogue\000"
 1945      745F6972 
 1945      715F6570 
 1945      696C6F67 
 1945      756500
 1946              	.LASF13:
 1947 01a8 746D6F64 		.ascii	"tmode_t\000"
 1947      655F7400 
 1948              	.LASF42:
 1949 01b0 54687265 		.ascii	"ThreadsList\000"
 1949      6164734C 
 1949      69737400 
 1950              	.LASF19:
 1951 01bc 6576656E 		.ascii	"eventmask_t\000"
 1951      746D6173 
 1951      6B5F7400 
 1952              	.LASF74:
 1953 01c8 4D757465 		.ascii	"Mutex\000"
 1953      7800
 1954              	.LASF50:
 1955 01ce 73697A65 		.ascii	"sizetype\000"
 1955      74797065 
 1955      00
ARM GAS  /var/folders/17/bkfps9l155v_zhlnnf_8b0040000gn/T//ccqW2E5R.s 			page 37


 1956              	.LASF57:
 1957 01d7 43465352 		.ascii	"CFSR\000"
 1957      00
 1958              	.LASF27:
 1959 01dc 705F6F6C 		.ascii	"p_older\000"
 1959      64657200 
 1960              	.LASF69:
 1961 01e4 725F6374 		.ascii	"r_ctx\000"
 1961      7800
 1962              	.LASF41:
 1963 01ea 54687265 		.ascii	"ThreadsQueue\000"
 1963      61647351 
 1963      75657565 
 1963      00
 1964              	.LASF72:
 1965 01f7 725F6375 		.ascii	"r_current\000"
 1965      7272656E 
 1965      7400
 1966              	.LASF71:
 1967 0201 725F6F6C 		.ascii	"r_older\000"
 1967      64657200 
 1968              	.LASF95:
 1969 0209 2F557365 		.ascii	"/Users/leroux/src/robotics/vex/convex-vexell/projec"
 1969      72732F6C 
 1969      65726F75 
 1969      782F7372 
 1969      632F726F 
 1970 023c 74732F64 		.ascii	"ts/default\000"
 1970      65666175 
 1970      6C7400
 1971              	.LASF15:
 1972 0247 74726566 		.ascii	"trefs_t\000"
 1972      735F7400 
 1973              	.LASF85:
 1974 024f 63747870 		.ascii	"ctxp\000"
 1974      00
 1975              	.LASF23:
 1976 0254 705F7072 		.ascii	"p_prev\000"
 1976      657600
 1977              	.LASF17:
 1978 025b 74707269 		.ascii	"tprio_t\000"
 1978      6F5F7400 
 1979              	.LASF12:
 1980 0263 5F426F6F 		.ascii	"_Bool\000"
 1980      6C00
 1981              	.LASF5:
 1982 0269 696E7433 		.ascii	"int32_t\000"
 1982      325F7400 
 1983              	.LASF7:
 1984 0271 756E7369 		.ascii	"unsigned char\000"
 1984      676E6564 
 1984      20636861 
 1984      7200
 1985              	.LASF56:
 1986 027f 53484353 		.ascii	"SHCSR\000"
 1986      5200
 1987              	.LASF38:
ARM GAS  /var/folders/17/bkfps9l155v_zhlnnf_8b0040000gn/T//ccqW2E5R.s 			page 38


 1988 0285 705F6D74 		.ascii	"p_mtxlist\000"
 1988      786C6973 
 1988      7400
 1989              	.LASF2:
 1990 028f 73686F72 		.ascii	"short int\000"
 1990      7420696E 
 1990      7400
 1991              	.LASF29:
 1992 0299 705F7374 		.ascii	"p_state\000"
 1992      61746500 
 1993              	.LASF32:
 1994 02a1 705F7072 		.ascii	"p_preempt\000"
 1994      65656D70 
 1994      7400
 1995              	.LASF46:
 1996 02ab 78707372 		.ascii	"xpsr\000"
 1996      00
 1997              	.LASF68:
 1998 02b0 725F7072 		.ascii	"r_prio\000"
 1998      696F00
 1999              	.LASF81:
 2000 02b7 65776D61 		.ascii	"ewmask\000"
 2000      736B00
 2001              	.LASF22:
 2002 02be 705F6E65 		.ascii	"p_next\000"
 2002      787400
 2003              	.LASF30:
 2004 02c5 705F666C 		.ascii	"p_flags\000"
 2004      61677300 
 2005              	.LASF21:
 2006 02cd 54687265 		.ascii	"Thread\000"
 2006      616400
 2007              	.LASF37:
 2008 02d4 705F6570 		.ascii	"p_epending\000"
 2008      656E6469 
 2008      6E6700
 2009              	.LASF9:
 2010 02df 75696E74 		.ascii	"uint32_t\000"
 2010      33325F74 
 2010      00
 2011              	.LASF67:
 2012 02e8 725F7175 		.ascii	"r_queue\000"
 2012      65756500 
 2013              	.LASF62:
 2014 02f0 41465352 		.ascii	"AFSR\000"
 2014      00
 2015              	.LASF64:
 2016 02f5 756E7573 		.ascii	"unused1\000"
 2016      65643100 
 2017              	.LASF82:
 2018 02fd 63686172 		.ascii	"char\000"
 2018      00
 2019              	.LASF49:
 2020 0302 494F5245 		.ascii	"IOREG32\000"
 2020      47333200 
 2021              	.LASF94:
 2022 030a 2E2E2F2E 		.ascii	"../../vexell/../ChibiOS-RT/os/ports/GCC/ARMCMx/chco"
ARM GAS  /var/folders/17/bkfps9l155v_zhlnnf_8b0040000gn/T//ccqW2E5R.s 			page 39


 2022      2E2F7665 
 2022      78656C6C 
 2022      2F2E2E2F 
 2022      43686962 
 2023 033d 72655F76 		.ascii	"re_v7m.c\000"
 2023      376D2E63 
 2023      00
 2024              	.LASF77:
 2025 0346 6D5F6E65 		.ascii	"m_next\000"
 2025      787400
 2026              	.LASF20:
 2027 034d 73797374 		.ascii	"systime_t\000"
 2027      696D655F 
 2027      7400
 2028              	.LASF39:
 2029 0357 705F7265 		.ascii	"p_realprio\000"
 2029      616C7072 
 2029      696F00
 2030              	.LASF84:
 2031 0362 53564361 		.ascii	"SVCallVector\000"
 2031      6C6C5665 
 2031      63746F72 
 2031      00
 2032              	.LASF33:
 2033 036f 705F7469 		.ascii	"p_time\000"
 2033      6D6500
 2034              	.LASF55:
 2035 0376 53485052 		.ascii	"SHPR\000"
 2035      00
 2036              	.LASF93:
 2037 037b 474E5520 		.ascii	"GNU C 4.8.3 20131129 (release) [ARM/embedded-4_8-br"
 2037      4320342E 
 2037      382E3320 
 2037      32303133 
 2037      31313239 
 2038 03ae 616E6368 		.ascii	"anch revision 205641] -mcpu=cortex-m3 -mno-thumb-in"
 2038      20726576 
 2038      6973696F 
 2038      6E203230 
 2038      35363431 
 2039 03e1 74657277 		.ascii	"terwork -mthumb -ggdb -O2 -std=gnu99 -fomit-frame-p"
 2039      6F726B20 
 2039      2D6D7468 
 2039      756D6220 
 2039      2D676764 
 2040 0414 6F696E74 		.ascii	"ointer -falign-functions=16 -ffreestanding -fno-str"
 2040      6572202D 
 2040      66616C69 
 2040      676E2D66 
 2040      756E6374 
 2041 0447 6963742D 		.ascii	"ict-aliasing -ffunction-sections -fdata-sections -f"
 2041      616C6961 
 2041      73696E67 
 2041      202D6666 
 2041      756E6374 
 2042 047a 6E6F2D63 		.ascii	"no-common\000"
 2042      6F6D6D6F 
ARM GAS  /var/folders/17/bkfps9l155v_zhlnnf_8b0040000gn/T//ccqW2E5R.s 			page 40


 2042      6E00
 2043              	.LASF47:
 2044 0484 696E7463 		.ascii	"intctx\000"
 2044      747800
 2045              	.LASF35:
 2046 048b 705F6D73 		.ascii	"p_msgqueue\000"
 2046      67717565 
 2046      756500
 2047              	.LASF31:
 2048 0496 705F7265 		.ascii	"p_refs\000"
 2048      667300
 2049              	.LASF73:
 2050 049d 52656164 		.ascii	"ReadyList\000"
 2050      794C6973 
 2050      7400
 2051              	.LASF63:
 2052 04a7 4D4D4652 		.ascii	"MMFR\000"
 2052      00
 2053              	.LASF96:
 2054 04ac 726C6973 		.ascii	"rlist\000"
 2054      7400
 2055              	.LASF6:
 2056 04b2 75696E74 		.ascii	"uint8_t\000"
 2056      385F7400 
 2057              	.LASF86:
 2058 04ba 5F706F72 		.ascii	"_port_init\000"
 2058      745F696E 
 2058      697400
 2059              	.LASF80:
 2060 04c5 77746F62 		.ascii	"wtobjp\000"
 2060      6A7000
 2061              	.LASF28:
 2062 04cc 705F6E61 		.ascii	"p_name\000"
 2062      6D6500
 2063              	.LASF65:
 2064 04d3 43504143 		.ascii	"CPACR\000"
 2064      5200
 2065              	.LASF58:
 2066 04d9 48465352 		.ascii	"HFSR\000"
 2066      00
 2067              	.LASF76:
 2068 04de 6D5F6F77 		.ascii	"m_owner\000"
 2068      6E657200 
 2069              	.LASF25:
 2070 04e6 705F6374 		.ascii	"p_ctx\000"
 2070      7800
 2071              	.LASF34:
 2072 04ec 705F7761 		.ascii	"p_waiting\000"
 2072      6974696E 
 2072      6700
 2073              		.ident	"GCC: (GNU Tools for ARM Embedded Processors) 4.8.3 20131129 (release) [ARM/embedded-4_8-br
ARM GAS  /var/folders/17/bkfps9l155v_zhlnnf_8b0040000gn/T//ccqW2E5R.s 			page 41


DEFINED SYMBOLS
                            *ABS*:0000000000000000 chcore_v7m.c
/var/folders/17/bkfps9l155v_zhlnnf_8b0040000gn/T//ccqW2E5R.s:19     .text._port_switch_from_isr:0000000000000000 $t
/var/folders/17/bkfps9l155v_zhlnnf_8b0040000gn/T//ccqW2E5R.s:25     .text._port_switch_from_isr:0000000000000000 _port_switch_from_isr
/var/folders/17/bkfps9l155v_zhlnnf_8b0040000gn/T//ccqW2E5R.s:38     .text._port_switch_from_isr:0000000000000004 _port_exit_from_isr
/var/folders/17/bkfps9l155v_zhlnnf_8b0040000gn/T//ccqW2E5R.s:50     .text.SVCallVector:0000000000000000 $t
/var/folders/17/bkfps9l155v_zhlnnf_8b0040000gn/T//ccqW2E5R.s:56     .text.SVCallVector:0000000000000000 SVCallVector
/var/folders/17/bkfps9l155v_zhlnnf_8b0040000gn/T//ccqW2E5R.s:91     .text._port_init:0000000000000000 $t
/var/folders/17/bkfps9l155v_zhlnnf_8b0040000gn/T//ccqW2E5R.s:97     .text._port_init:0000000000000000 _port_init
/var/folders/17/bkfps9l155v_zhlnnf_8b0040000gn/T//ccqW2E5R.s:136    .text._port_init:0000000000000028 $d
/var/folders/17/bkfps9l155v_zhlnnf_8b0040000gn/T//ccqW2E5R.s:142    .text._port_irq_epilogue:0000000000000000 $t
/var/folders/17/bkfps9l155v_zhlnnf_8b0040000gn/T//ccqW2E5R.s:148    .text._port_irq_epilogue:0000000000000000 _port_irq_epilogue
/var/folders/17/bkfps9l155v_zhlnnf_8b0040000gn/T//ccqW2E5R.s:237    .text._port_irq_epilogue:0000000000000060 $d
/var/folders/17/bkfps9l155v_zhlnnf_8b0040000gn/T//ccqW2E5R.s:246    .text.SysTickVector:0000000000000000 $t
/var/folders/17/bkfps9l155v_zhlnnf_8b0040000gn/T//ccqW2E5R.s:252    .text.SysTickVector:0000000000000000 SysTickVector
/var/folders/17/bkfps9l155v_zhlnnf_8b0040000gn/T//ccqW2E5R.s:290    .text._port_switch:0000000000000000 $t
/var/folders/17/bkfps9l155v_zhlnnf_8b0040000gn/T//ccqW2E5R.s:296    .text._port_switch:0000000000000000 _port_switch
/var/folders/17/bkfps9l155v_zhlnnf_8b0040000gn/T//ccqW2E5R.s:323    .text._port_thread_start:0000000000000000 $t
/var/folders/17/bkfps9l155v_zhlnnf_8b0040000gn/T//ccqW2E5R.s:329    .text._port_thread_start:0000000000000000 _port_thread_start
                     .debug_frame:0000000000000010 $d

UNDEFINED SYMBOLS
chSchDoReschedule
nvicSetSystemHandlerPriority
rlist
chSysTimerHandlerI
chThdExit
