ARM GAS  /var/folders/17/bkfps9l155v_zhlnnf_8b0040000gn/T//ccpVN4Jz.s 			page 1


   1              		.syntax unified
   2              		.cpu cortex-m3
   3              		.fpu softvfp
   4              		.eabi_attribute 20, 1
   5              		.eabi_attribute 21, 1
   6              		.eabi_attribute 23, 3
   7              		.eabi_attribute 24, 1
   8              		.eabi_attribute 25, 1
   9              		.eabi_attribute 26, 1
  10              		.eabi_attribute 30, 2
  11              		.eabi_attribute 34, 1
  12              		.eabi_attribute 18, 4
  13              		.thumb
  14              		.file	"chdynamic.c"
  15              		.text
  16              	.Ltext0:
  17              		.cfi_sections	.debug_frame
  18              		.section	.text.chThdAddRef,"ax",%progbits
  19              		.align	2
  20              		.p2align 4,,15
  21              		.global	chThdAddRef
  22              		.thumb
  23              		.thumb_func
  24              		.type	chThdAddRef, %function
  25              	chThdAddRef:
  26              	.LFB7:
  27              		.file 1 "../../vexell/../ChibiOS-RT/os/kernel/src/chdynamic.c"
  28              		.loc 1 45 0
  29              		.cfi_startproc
  30              		@ args = 0, pretend = 0, frame = 0
  31              		@ frame_needed = 0, uses_anonymous_args = 0
  32              		@ link register save eliminated.
  33              	.LVL0:
  34              	.LBB2:
  35              		.loc 1 47 0
  36 0000 2023     		movs	r3, #32
  37              	@ 47 "../../vexell/../ChibiOS-RT/os/kernel/src/chdynamic.c" 1
  38 0002 83F31188 		msr     BASEPRI, r3
  39              	@ 0 "" 2
  40              		.thumb
  41              	.LBE2:
  42              		.loc 1 49 0
  43 0006 827F     		ldrb	r2, [r0, #30]	@ zero_extendqisi2
  44              	.LBB3:
  45              		.loc 1 50 0
  46 0008 0023     		movs	r3, #0
  47              	.LBE3:
  48              		.loc 1 49 0
  49 000a 0132     		adds	r2, r2, #1
  50 000c 8277     		strb	r2, [r0, #30]
  51              	.LBB4:
  52              		.loc 1 50 0
  53              	@ 50 "../../vexell/../ChibiOS-RT/os/kernel/src/chdynamic.c" 1
  54 000e 83F31188 		msr     BASEPRI, r3
  55              	@ 0 "" 2
  56              		.thumb
  57              	.LBE4:
ARM GAS  /var/folders/17/bkfps9l155v_zhlnnf_8b0040000gn/T//ccpVN4Jz.s 			page 2


  58              		.loc 1 52 0
  59 0012 7047     		bx	lr
  60              		.cfi_endproc
  61              	.LFE7:
  62              		.size	chThdAddRef, .-chThdAddRef
  63 0014 AFF30080 		.section	.text.chThdRelease,"ax",%progbits
  63      AFF30080 
  63      AFF30080 
  64              		.align	2
  65              		.p2align 4,,15
  66              		.global	chThdRelease
  67              		.thumb
  68              		.thumb_func
  69              		.type	chThdRelease, %function
  70              	chThdRelease:
  71              	.LFB8:
  72              		.loc 1 67 0
  73              		.cfi_startproc
  74              		@ args = 0, pretend = 0, frame = 0
  75              		@ frame_needed = 0, uses_anonymous_args = 0
  76              		@ link register save eliminated.
  77              	.LVL1:
  78              		.loc 1 67 0
  79 0000 0246     		mov	r2, r0
  80              	.LBB5:
  81              		.loc 1 70 0
  82 0002 2023     		movs	r3, #32
  83              	@ 70 "../../vexell/../ChibiOS-RT/os/kernel/src/chdynamic.c" 1
  84 0004 83F31188 		msr     BASEPRI, r3
  85              	@ 0 "" 2
  86              		.thumb
  87              	.LBE5:
  88              		.loc 1 72 0
  89 0008 817F     		ldrb	r1, [r0, #30]	@ zero_extendqisi2
  90              	.LBB6:
  91              		.loc 1 73 0
  92 000a 0023     		movs	r3, #0
  93              	.LBE6:
  94              		.loc 1 72 0
  95 000c 0139     		subs	r1, r1, #1
  96 000e C9B2     		uxtb	r1, r1
  97 0010 8177     		strb	r1, [r0, #30]
  98              	.LVL2:
  99              	.LBB7:
 100              		.loc 1 73 0
 101              	@ 73 "../../vexell/../ChibiOS-RT/os/kernel/src/chdynamic.c" 1
 102 0012 83F31188 		msr     BASEPRI, r3
 103              	@ 0 "" 2
 104              		.thumb
 105              	.LBE7:
 106              		.loc 1 78 0
 107 0016 11B9     		cbnz	r1, .L2
 108              		.loc 1 78 0 is_stmt 0 discriminator 1
 109 0018 037F     		ldrb	r3, [r0, #28]	@ zero_extendqisi2
 110 001a 0E2B     		cmp	r3, #14
 111 001c 00D0     		beq	.L7
 112              	.L2:
ARM GAS  /var/folders/17/bkfps9l155v_zhlnnf_8b0040000gn/T//ccpVN4Jz.s 			page 3


 113 001e 7047     		bx	lr
 114              	.L7:
 115              		.loc 1 79 0 is_stmt 1
 116 0020 437F     		ldrb	r3, [r0, #29]	@ zero_extendqisi2
 117 0022 03F00303 		and	r3, r3, #3
 118 0026 012B     		cmp	r3, #1
 119 0028 02D0     		beq	.L4
 120 002a 022B     		cmp	r3, #2
 121 002c 08D0     		beq	.L5
 122 002e 7047     		bx	lr
 123              	.L4:
 124              		.loc 1 83 0
 125 0030 4369     		ldr	r3, [r0, #20]
 126 0032 0169     		ldr	r1, [r0, #16]
 127              	.LVL3:
 128 0034 1961     		str	r1, [r3, #16]
 129 0036 1169     		ldr	r1, [r2, #16]
 130 0038 5369     		ldr	r3, [r2, #20]
 131 003a 4B61     		str	r3, [r1, #20]
 132              		.loc 1 85 0
 133 003c FFF7FEBF 		b	chHeapFree
 134              	.LVL4:
 135              	.L5:
 136              		.loc 1 91 0
 137 0040 4369     		ldr	r3, [r0, #20]
 138 0042 0069     		ldr	r0, [r0, #16]
 139              	.LVL5:
 140              		.loc 1 93 0
 141 0044 1146     		mov	r1, r2
 142              	.LVL6:
 143              		.loc 1 91 0
 144 0046 1861     		str	r0, [r3, #16]
 145 0048 5069     		ldr	r0, [r2, #20]
 146 004a 1369     		ldr	r3, [r2, #16]
 147 004c 5861     		str	r0, [r3, #20]
 148              		.loc 1 93 0
 149 004e 506C     		ldr	r0, [r2, #68]
 150 0050 FFF7FEBF 		b	chPoolFree
 151              	.LVL7:
 152              		.cfi_endproc
 153              	.LFE8:
 154              		.size	chThdRelease, .-chThdRelease
 155              		.section	.text.chThdCreateFromHeap,"ax",%progbits
 156              		.align	2
 157              		.p2align 4,,15
 158              		.global	chThdCreateFromHeap
 159              		.thumb
 160              		.thumb_func
 161              		.type	chThdCreateFromHeap, %function
 162              	chThdCreateFromHeap:
 163              	.LFB9:
 164              		.loc 1 124 0
 165              		.cfi_startproc
 166              		@ args = 4, pretend = 0, frame = 0
 167              		@ frame_needed = 0, uses_anonymous_args = 0
 168              	.LVL8:
 169 0000 70B5     		push	{r4, r5, r6, lr}
ARM GAS  /var/folders/17/bkfps9l155v_zhlnnf_8b0040000gn/T//ccpVN4Jz.s 			page 4


 170              		.cfi_def_cfa_offset 16
 171              		.cfi_offset 4, -16
 172              		.cfi_offset 5, -12
 173              		.cfi_offset 6, -8
 174              		.cfi_offset 14, -4
 175 0002 82B0     		sub	sp, sp, #8
 176              		.cfi_def_cfa_offset 24
 177              		.loc 1 124 0
 178 0004 1646     		mov	r6, r2
 179 0006 1C46     		mov	r4, r3
 180 0008 0D46     		mov	r5, r1
 181              		.loc 1 128 0
 182 000a FFF7FEFF 		bl	chHeapAlloc
 183              	.LVL9:
 184              		.loc 1 129 0
 185 000e 98B1     		cbz	r0, .L9
 186              	.LBB8:
 187              		.loc 1 141 0
 188 0010 2023     		movs	r3, #32
 189              	@ 141 "../../vexell/../ChibiOS-RT/os/kernel/src/chdynamic.c" 1
 190 0012 83F31188 		msr     BASEPRI, r3
 191              	@ 0 "" 2
 192              		.thumb
 193              	.LBE8:
 194              		.loc 1 142 0
 195 0016 069B     		ldr	r3, [sp, #24]
 196 0018 2946     		mov	r1, r5
 197 001a 0093     		str	r3, [sp]
 198 001c 3246     		mov	r2, r6
 199 001e 2346     		mov	r3, r4
 200 0020 FFF7FEFF 		bl	chThdCreateI
 201              	.LVL10:
 202              		.loc 1 143 0
 203 0024 0123     		movs	r3, #1
 204 0026 4377     		strb	r3, [r0, #29]
 205              		.loc 1 144 0
 206 0028 0021     		movs	r1, #0
 207              		.loc 1 142 0
 208 002a 0446     		mov	r4, r0
 209              	.LVL11:
 210              		.loc 1 144 0
 211 002c FFF7FEFF 		bl	chSchWakeupS
 212              	.LVL12:
 213              	.LBB9:
 214              		.loc 1 145 0
 215 0030 0023     		movs	r3, #0
 216              	@ 145 "../../vexell/../ChibiOS-RT/os/kernel/src/chdynamic.c" 1
 217 0032 83F31188 		msr     BASEPRI, r3
 218              	@ 0 "" 2
 219              		.thumb
 220              	.LBE9:
 221              		.loc 1 146 0
 222 0036 2046     		mov	r0, r4
 223              	.LVL13:
 224              	.L9:
 225              		.loc 1 147 0
 226 0038 02B0     		add	sp, sp, #8
ARM GAS  /var/folders/17/bkfps9l155v_zhlnnf_8b0040000gn/T//ccpVN4Jz.s 			page 5


 227              		@ sp needed
 228 003a 70BD     		pop	{r4, r5, r6, pc}
 229              		.cfi_endproc
 230              	.LFE9:
 231              		.size	chThdCreateFromHeap, .-chThdCreateFromHeap
 232 003c AFF30080 		.section	.text.chThdCreateFromMemoryPool,"ax",%progbits
 233              		.align	2
 234              		.p2align 4,,15
 235              		.global	chThdCreateFromMemoryPool
 236              		.thumb
 237              		.thumb_func
 238              		.type	chThdCreateFromMemoryPool, %function
 239              	chThdCreateFromMemoryPool:
 240              	.LFB10:
 241              		.loc 1 173 0
 242              		.cfi_startproc
 243              		@ args = 0, pretend = 0, frame = 0
 244              		@ frame_needed = 0, uses_anonymous_args = 0
 245              	.LVL14:
 246 0000 F0B5     		push	{r4, r5, r6, r7, lr}
 247              		.cfi_def_cfa_offset 20
 248              		.cfi_offset 4, -20
 249              		.cfi_offset 5, -16
 250              		.cfi_offset 6, -12
 251              		.cfi_offset 7, -8
 252              		.cfi_offset 14, -4
 253 0002 83B0     		sub	sp, sp, #12
 254              		.cfi_def_cfa_offset 32
 255              		.loc 1 173 0
 256 0004 0F46     		mov	r7, r1
 257 0006 1446     		mov	r4, r2
 258 0008 1E46     		mov	r6, r3
 259 000a 0546     		mov	r5, r0
 260              		.loc 1 179 0
 261 000c FFF7FEFF 		bl	chPoolAlloc
 262              	.LVL15:
 263              		.loc 1 180 0
 264 0010 98B1     		cbz	r0, .L12
 265              	.LBB10:
 266              		.loc 1 192 0
 267 0012 2023     		movs	r3, #32
 268              	@ 192 "../../vexell/../ChibiOS-RT/os/kernel/src/chdynamic.c" 1
 269 0014 83F31188 		msr     BASEPRI, r3
 270              	@ 0 "" 2
 271              		.thumb
 272              	.LBE10:
 273              		.loc 1 193 0
 274 0018 6968     		ldr	r1, [r5, #4]
 275 001a 3A46     		mov	r2, r7
 276 001c 2346     		mov	r3, r4
 277 001e 0096     		str	r6, [sp]
 278 0020 FFF7FEFF 		bl	chThdCreateI
 279              	.LVL16:
 280              		.loc 1 194 0
 281 0024 0223     		movs	r3, #2
 282 0026 4377     		strb	r3, [r0, #29]
 283              		.loc 1 195 0
ARM GAS  /var/folders/17/bkfps9l155v_zhlnnf_8b0040000gn/T//ccpVN4Jz.s 			page 6


 284 0028 4564     		str	r5, [r0, #68]
 285              		.loc 1 196 0
 286 002a 0021     		movs	r1, #0
 287              		.loc 1 193 0
 288 002c 0446     		mov	r4, r0
 289              	.LVL17:
 290              		.loc 1 196 0
 291 002e FFF7FEFF 		bl	chSchWakeupS
 292              	.LVL18:
 293              	.LBB11:
 294              		.loc 1 197 0
 295 0032 0023     		movs	r3, #0
 296              	@ 197 "../../vexell/../ChibiOS-RT/os/kernel/src/chdynamic.c" 1
 297 0034 83F31188 		msr     BASEPRI, r3
 298              	@ 0 "" 2
 299              		.thumb
 300              	.LBE11:
 301              		.loc 1 198 0
 302 0038 2046     		mov	r0, r4
 303              	.LVL19:
 304              	.L12:
 305              		.loc 1 199 0
 306 003a 03B0     		add	sp, sp, #12
 307              		@ sp needed
 308 003c F0BD     		pop	{r4, r5, r6, r7, pc}
 309              		.cfi_endproc
 310              	.LFE10:
 311              		.size	chThdCreateFromMemoryPool, .-chThdCreateFromMemoryPool
 312 003e 00BF     		.text
 313              	.Letext0:
 314              		.file 2 "/Users/leroux/src/gcc-arm-none-eabi-4_8-2013q4/lib/gcc/arm-none-eabi/4.8.3/include/stddef
 315              		.file 3 "/Users/leroux/src/gcc-arm-none-eabi-4_8-2013q4/lib/gcc/arm-none-eabi/4.8.3/include/stdint
 316              		.file 4 "../../vexell/../ChibiOS-RT/os/ports/GCC/ARMCMx/chtypes.h"
 317              		.file 5 "../../vexell/../ChibiOS-RT/os/kernel/include/chlists.h"
 318              		.file 6 "../../vexell/../ChibiOS-RT/os/kernel/include/chthreads.h"
 319              		.file 7 "../../vexell/../ChibiOS-RT/os/ports/GCC/ARMCMx/chcore_v7m.h"
 320              		.file 8 "../../vexell/../ChibiOS-RT/os/kernel/include/chmtx.h"
 321              		.file 9 "../../vexell/../ChibiOS-RT/os/kernel/include/chmemcore.h"
 322              		.file 10 "../../vexell/../ChibiOS-RT/os/kernel/include/chheap.h"
 323              		.file 11 "../../vexell/../ChibiOS-RT/os/kernel/include/chmempools.h"
 324              		.file 12 "../../vexell/../ChibiOS-RT/os/kernel/include/chschd.h"
 325              		.section	.debug_info,"",%progbits
 326              	.Ldebug_info0:
 327 0000 5C080000 		.4byte	0x85c
 328 0004 0400     		.2byte	0x4
 329 0006 00000000 		.4byte	.Ldebug_abbrev0
 330 000a 04       		.byte	0x4
 331 000b 01       		.uleb128 0x1
 332 000c 59030000 		.4byte	.LASF88
 333 0010 01       		.byte	0x1
 334 0011 08000000 		.4byte	.LASF89
 335 0015 2F020000 		.4byte	.LASF90
 336 0019 30000000 		.4byte	.Ldebug_ranges0+0x30
 337 001d 00000000 		.4byte	0
 338 0021 00000000 		.4byte	.Ldebug_line0
 339 0025 02       		.uleb128 0x2
 340 0026 04       		.byte	0x4
ARM GAS  /var/folders/17/bkfps9l155v_zhlnnf_8b0040000gn/T//ccpVN4Jz.s 			page 7


 341 0027 05       		.byte	0x5
 342 0028 696E7400 		.ascii	"int\000"
 343 002c 03       		.uleb128 0x3
 344 002d 43000000 		.4byte	.LASF3
 345 0031 02       		.byte	0x2
 346 0032 D4       		.byte	0xd4
 347 0033 37000000 		.4byte	0x37
 348 0037 04       		.uleb128 0x4
 349 0038 04       		.byte	0x4
 350 0039 07       		.byte	0x7
 351 003a 68010000 		.4byte	.LASF0
 352 003e 04       		.uleb128 0x4
 353 003f 01       		.byte	0x1
 354 0040 06       		.byte	0x6
 355 0041 B9000000 		.4byte	.LASF1
 356 0045 04       		.uleb128 0x4
 357 0046 02       		.byte	0x2
 358 0047 05       		.byte	0x5
 359 0048 BA020000 		.4byte	.LASF2
 360 004c 03       		.uleb128 0x3
 361 004d 8F020000 		.4byte	.LASF4
 362 0051 03       		.byte	0x3
 363 0052 28       		.byte	0x28
 364 0053 57000000 		.4byte	0x57
 365 0057 04       		.uleb128 0x4
 366 0058 04       		.byte	0x4
 367 0059 05       		.byte	0x5
 368 005a FD000000 		.4byte	.LASF5
 369 005e 04       		.uleb128 0x4
 370 005f 08       		.byte	0x8
 371 0060 05       		.byte	0x5
 372 0061 AB000000 		.4byte	.LASF6
 373 0065 03       		.uleb128 0x3
 374 0066 94040000 		.4byte	.LASF7
 375 006a 03       		.byte	0x3
 376 006b 2E       		.byte	0x2e
 377 006c 70000000 		.4byte	0x70
 378 0070 04       		.uleb128 0x4
 379 0071 01       		.byte	0x1
 380 0072 08       		.byte	0x8
 381 0073 97020000 		.4byte	.LASF8
 382 0077 04       		.uleb128 0x4
 383 0078 02       		.byte	0x2
 384 0079 07       		.byte	0x7
 385 007a 94010000 		.4byte	.LASF9
 386 007e 03       		.uleb128 0x3
 387 007f 23030000 		.4byte	.LASF10
 388 0083 03       		.byte	0x3
 389 0084 34       		.byte	0x34
 390 0085 89000000 		.4byte	0x89
 391 0089 04       		.uleb128 0x4
 392 008a 04       		.byte	0x4
 393 008b 07       		.byte	0x7
 394 008c 75010000 		.4byte	.LASF11
 395 0090 03       		.uleb128 0x3
 396 0091 51000000 		.4byte	.LASF12
 397 0095 03       		.byte	0x3
ARM GAS  /var/folders/17/bkfps9l155v_zhlnnf_8b0040000gn/T//ccpVN4Jz.s 			page 8


 398 0096 37       		.byte	0x37
 399 0097 9B000000 		.4byte	0x9b
 400 009b 04       		.uleb128 0x4
 401 009c 08       		.byte	0x8
 402 009d 07       		.byte	0x7
 403 009e 72000000 		.4byte	.LASF13
 404 00a2 04       		.uleb128 0x4
 405 00a3 01       		.byte	0x1
 406 00a4 02       		.byte	0x2
 407 00a5 89020000 		.4byte	.LASF14
 408 00a9 03       		.uleb128 0x3
 409 00aa AD010000 		.4byte	.LASF15
 410 00ae 04       		.byte	0x4
 411 00af 25       		.byte	0x25
 412 00b0 65000000 		.4byte	0x65
 413 00b4 03       		.uleb128 0x3
 414 00b5 1A010000 		.4byte	.LASF16
 415 00b9 04       		.byte	0x4
 416 00ba 26       		.byte	0x26
 417 00bb 65000000 		.4byte	0x65
 418 00bf 03       		.uleb128 0x3
 419 00c0 6D020000 		.4byte	.LASF17
 420 00c4 04       		.byte	0x4
 421 00c5 27       		.byte	0x27
 422 00c6 65000000 		.4byte	0x65
 423 00ca 03       		.uleb128 0x3
 424 00cb E6000000 		.4byte	.LASF18
 425 00cf 04       		.byte	0x4
 426 00d0 28       		.byte	0x28
 427 00d1 65000000 		.4byte	0x65
 428 00d5 03       		.uleb128 0x3
 429 00d6 81020000 		.4byte	.LASF19
 430 00da 04       		.byte	0x4
 431 00db 29       		.byte	0x29
 432 00dc 7E000000 		.4byte	0x7e
 433 00e0 03       		.uleb128 0x3
 434 00e1 A7010000 		.4byte	.LASF20
 435 00e5 04       		.byte	0x4
 436 00e6 2A       		.byte	0x2a
 437 00e7 4C000000 		.4byte	0x4c
 438 00eb 03       		.uleb128 0x3
 439 00ec C1010000 		.4byte	.LASF21
 440 00f0 04       		.byte	0x4
 441 00f1 2C       		.byte	0x2c
 442 00f2 7E000000 		.4byte	0x7e
 443 00f6 03       		.uleb128 0x3
 444 00f7 3D030000 		.4byte	.LASF22
 445 00fb 04       		.byte	0x4
 446 00fc 2E       		.byte	0x2e
 447 00fd 7E000000 		.4byte	0x7e
 448 0101 03       		.uleb128 0x3
 449 0102 05030000 		.4byte	.LASF23
 450 0106 05       		.byte	0x5
 451 0107 23       		.byte	0x23
 452 0108 0C010000 		.4byte	0x10c
 453 010c 05       		.uleb128 0x5
 454 010d 05030000 		.4byte	.LASF23
ARM GAS  /var/folders/17/bkfps9l155v_zhlnnf_8b0040000gn/T//ccpVN4Jz.s 			page 9


 455 0111 48       		.byte	0x48
 456 0112 06       		.byte	0x6
 457 0113 57       		.byte	0x57
 458 0114 09020000 		.4byte	0x209
 459 0118 06       		.uleb128 0x6
 460 0119 E9020000 		.4byte	.LASF24
 461 011d 06       		.byte	0x6
 462 011e 58       		.byte	0x58
 463 011f 2A020000 		.4byte	0x22a
 464 0123 00       		.byte	0
 465 0124 06       		.uleb128 0x6
 466 0125 7A020000 		.4byte	.LASF25
 467 0129 06       		.byte	0x6
 468 012a 5A       		.byte	0x5a
 469 012b 2A020000 		.4byte	0x22a
 470 012f 04       		.byte	0x4
 471 0130 06       		.uleb128 0x6
 472 0131 A4000000 		.4byte	.LASF26
 473 0135 06       		.byte	0x6
 474 0136 5C       		.byte	0x5c
 475 0137 D5000000 		.4byte	0xd5
 476 013b 08       		.byte	0x8
 477 013c 06       		.uleb128 0x6
 478 013d C9040000 		.4byte	.LASF27
 479 0141 06       		.byte	0x6
 480 0142 5D       		.byte	0x5d
 481 0143 EF020000 		.4byte	0x2ef
 482 0147 0C       		.byte	0xc
 483 0148 06       		.uleb128 0x6
 484 0149 2B010000 		.4byte	.LASF28
 485 014d 06       		.byte	0x6
 486 014e 5F       		.byte	0x5f
 487 014f 2A020000 		.4byte	0x22a
 488 0153 10       		.byte	0x10
 489 0154 06       		.uleb128 0x6
 490 0155 F3010000 		.4byte	.LASF29
 491 0159 06       		.byte	0x6
 492 015a 60       		.byte	0x60
 493 015b 2A020000 		.4byte	0x22a
 494 015f 14       		.byte	0x14
 495 0160 06       		.uleb128 0x6
 496 0161 BA040000 		.4byte	.LASF30
 497 0165 06       		.byte	0x6
 498 0166 67       		.byte	0x67
 499 0167 B1040000 		.4byte	0x4b1
 500 016b 18       		.byte	0x18
 501 016c 06       		.uleb128 0x6
 502 016d C4020000 		.4byte	.LASF31
 503 0171 06       		.byte	0x6
 504 0172 72       		.byte	0x72
 505 0173 B4000000 		.4byte	0xb4
 506 0177 1C       		.byte	0x1c
 507 0178 06       		.uleb128 0x6
 508 0179 F0020000 		.4byte	.LASF32
 509 017d 06       		.byte	0x6
 510 017e 76       		.byte	0x76
 511 017f A9000000 		.4byte	0xa9
ARM GAS  /var/folders/17/bkfps9l155v_zhlnnf_8b0040000gn/T//ccpVN4Jz.s 			page 10


 512 0183 1D       		.byte	0x1d
 513 0184 06       		.uleb128 0x6
 514 0185 8D040000 		.4byte	.LASF33
 515 0189 06       		.byte	0x6
 516 018a 7B       		.byte	0x7b
 517 018b BF000000 		.4byte	0xbf
 518 018f 1E       		.byte	0x1e
 519 0190 06       		.uleb128 0x6
 520 0191 CC020000 		.4byte	.LASF34
 521 0195 06       		.byte	0x6
 522 0196 81       		.byte	0x81
 523 0197 CA000000 		.4byte	0xca
 524 019b 1F       		.byte	0x1f
 525 019c 06       		.uleb128 0x6
 526 019d 52030000 		.4byte	.LASF35
 527 01a1 06       		.byte	0x6
 528 01a2 88       		.byte	0x88
 529 01a3 17030000 		.4byte	0x317
 530 01a7 20       		.byte	0x20
 531 01a8 07       		.uleb128 0x7
 532 01a9 705F7500 		.ascii	"p_u\000"
 533 01ad 06       		.byte	0x6
 534 01ae AD       		.byte	0xad
 535 01af 7C040000 		.4byte	0x47c
 536 01b3 24       		.byte	0x24
 537 01b4 06       		.uleb128 0x6
 538 01b5 CF040000 		.4byte	.LASF36
 539 01b9 06       		.byte	0x6
 540 01ba B2       		.byte	0xb2
 541 01bb 50020000 		.4byte	0x250
 542 01bf 28       		.byte	0x28
 543 01c0 06       		.uleb128 0x6
 544 01c1 69040000 		.4byte	.LASF37
 545 01c5 06       		.byte	0x6
 546 01c6 B8       		.byte	0xb8
 547 01c7 30020000 		.4byte	0x230
 548 01cb 2C       		.byte	0x2c
 549 01cc 06       		.uleb128 0x6
 550 01cd 3D000000 		.4byte	.LASF38
 551 01d1 06       		.byte	0x6
 552 01d2 BC       		.byte	0xbc
 553 01d3 E0000000 		.4byte	0xe0
 554 01d7 34       		.byte	0x34
 555 01d8 06       		.uleb128 0x6
 556 01d9 18030000 		.4byte	.LASF39
 557 01dd 06       		.byte	0x6
 558 01de C2       		.byte	0xc2
 559 01df EB000000 		.4byte	0xeb
 560 01e3 38       		.byte	0x38
 561 01e4 06       		.uleb128 0x6
 562 01e5 B0020000 		.4byte	.LASF40
 563 01e9 06       		.byte	0x6
 564 01ea C9       		.byte	0xc9
 565 01eb C3040000 		.4byte	0x4c3
 566 01ef 3C       		.byte	0x3c
 567 01f0 06       		.uleb128 0x6
 568 01f1 47030000 		.4byte	.LASF41
ARM GAS  /var/folders/17/bkfps9l155v_zhlnnf_8b0040000gn/T//ccpVN4Jz.s 			page 11


 569 01f5 06       		.byte	0x6
 570 01f6 CD       		.byte	0xcd
 571 01f7 D5000000 		.4byte	0xd5
 572 01fb 40       		.byte	0x40
 573 01fc 06       		.uleb128 0x6
 574 01fd CB000000 		.4byte	.LASF42
 575 0201 06       		.byte	0x6
 576 0202 D3       		.byte	0xd3
 577 0203 66020000 		.4byte	0x266
 578 0207 44       		.byte	0x44
 579 0208 00       		.byte	0
 580 0209 08       		.uleb128 0x8
 581 020a 08       		.byte	0x8
 582 020b 05       		.byte	0x5
 583 020c 5A       		.byte	0x5a
 584 020d 2A020000 		.4byte	0x22a
 585 0211 06       		.uleb128 0x6
 586 0212 E9020000 		.4byte	.LASF24
 587 0216 05       		.byte	0x5
 588 0217 5B       		.byte	0x5b
 589 0218 2A020000 		.4byte	0x22a
 590 021c 00       		.byte	0
 591 021d 06       		.uleb128 0x6
 592 021e 7A020000 		.4byte	.LASF25
 593 0222 05       		.byte	0x5
 594 0223 5D       		.byte	0x5d
 595 0224 2A020000 		.4byte	0x22a
 596 0228 04       		.byte	0x4
 597 0229 00       		.byte	0
 598 022a 09       		.uleb128 0x9
 599 022b 04       		.byte	0x4
 600 022c 01010000 		.4byte	0x101
 601 0230 03       		.uleb128 0x3
 602 0231 FB010000 		.4byte	.LASF43
 603 0235 05       		.byte	0x5
 604 0236 5F       		.byte	0x5f
 605 0237 09020000 		.4byte	0x209
 606 023b 08       		.uleb128 0x8
 607 023c 04       		.byte	0x4
 608 023d 05       		.byte	0x5
 609 023e 64       		.byte	0x64
 610 023f 50020000 		.4byte	0x250
 611 0243 06       		.uleb128 0x6
 612 0244 E9020000 		.4byte	.LASF24
 613 0248 05       		.byte	0x5
 614 0249 66       		.byte	0x66
 615 024a 2A020000 		.4byte	0x22a
 616 024e 00       		.byte	0
 617 024f 00       		.byte	0
 618 0250 03       		.uleb128 0x3
 619 0251 B5010000 		.4byte	.LASF44
 620 0255 05       		.byte	0x5
 621 0256 69       		.byte	0x69
 622 0257 3B020000 		.4byte	0x23b
 623 025b 03       		.uleb128 0x3
 624 025c 59010000 		.4byte	.LASF45
 625 0260 07       		.byte	0x7
ARM GAS  /var/folders/17/bkfps9l155v_zhlnnf_8b0040000gn/T//ccpVN4Jz.s 			page 12


 626 0261 DE       		.byte	0xde
 627 0262 66020000 		.4byte	0x266
 628 0266 0A       		.uleb128 0xa
 629 0267 04       		.byte	0x4
 630 0268 03       		.uleb128 0x3
 631 0269 DF010000 		.4byte	.LASF46
 632 026d 07       		.byte	0x7
 633 026e E4       		.byte	0xe4
 634 026f 90000000 		.4byte	0x90
 635 0273 0B       		.uleb128 0xb
 636 0274 62040000 		.4byte	.LASF47
 637 0278 24       		.byte	0x24
 638 0279 07       		.byte	0x7
 639 027a 0501     		.2byte	0x105
 640 027c EF020000 		.4byte	0x2ef
 641 0280 0C       		.uleb128 0xc
 642 0281 723400   		.ascii	"r4\000"
 643 0284 07       		.byte	0x7
 644 0285 1801     		.2byte	0x118
 645 0287 5B020000 		.4byte	0x25b
 646 028b 00       		.byte	0
 647 028c 0C       		.uleb128 0xc
 648 028d 723500   		.ascii	"r5\000"
 649 0290 07       		.byte	0x7
 650 0291 1901     		.2byte	0x119
 651 0293 5B020000 		.4byte	0x25b
 652 0297 04       		.byte	0x4
 653 0298 0C       		.uleb128 0xc
 654 0299 723600   		.ascii	"r6\000"
 655 029c 07       		.byte	0x7
 656 029d 1A01     		.2byte	0x11a
 657 029f 5B020000 		.4byte	0x25b
 658 02a3 08       		.byte	0x8
 659 02a4 0C       		.uleb128 0xc
 660 02a5 723700   		.ascii	"r7\000"
 661 02a8 07       		.byte	0x7
 662 02a9 1B01     		.2byte	0x11b
 663 02ab 5B020000 		.4byte	0x25b
 664 02af 0C       		.byte	0xc
 665 02b0 0C       		.uleb128 0xc
 666 02b1 723800   		.ascii	"r8\000"
 667 02b4 07       		.byte	0x7
 668 02b5 1C01     		.2byte	0x11c
 669 02b7 5B020000 		.4byte	0x25b
 670 02bb 10       		.byte	0x10
 671 02bc 0C       		.uleb128 0xc
 672 02bd 723900   		.ascii	"r9\000"
 673 02c0 07       		.byte	0x7
 674 02c1 1D01     		.2byte	0x11d
 675 02c3 5B020000 		.4byte	0x25b
 676 02c7 14       		.byte	0x14
 677 02c8 0C       		.uleb128 0xc
 678 02c9 72313000 		.ascii	"r10\000"
 679 02cd 07       		.byte	0x7
 680 02ce 1E01     		.2byte	0x11e
 681 02d0 5B020000 		.4byte	0x25b
 682 02d4 18       		.byte	0x18
ARM GAS  /var/folders/17/bkfps9l155v_zhlnnf_8b0040000gn/T//ccpVN4Jz.s 			page 13


 683 02d5 0C       		.uleb128 0xc
 684 02d6 72313100 		.ascii	"r11\000"
 685 02da 07       		.byte	0x7
 686 02db 1F01     		.2byte	0x11f
 687 02dd 5B020000 		.4byte	0x25b
 688 02e1 1C       		.byte	0x1c
 689 02e2 0C       		.uleb128 0xc
 690 02e3 6C7200   		.ascii	"lr\000"
 691 02e6 07       		.byte	0x7
 692 02e7 2001     		.2byte	0x120
 693 02e9 5B020000 		.4byte	0x25b
 694 02ed 20       		.byte	0x20
 695 02ee 00       		.byte	0
 696 02ef 0B       		.uleb128 0xb
 697 02f0 87010000 		.4byte	.LASF48
 698 02f4 04       		.byte	0x4
 699 02f5 07       		.byte	0x7
 700 02f6 2A01     		.2byte	0x12a
 701 02f8 0A030000 		.4byte	0x30a
 702 02fc 0C       		.uleb128 0xc
 703 02fd 72313300 		.ascii	"r13\000"
 704 0301 07       		.byte	0x7
 705 0302 2B01     		.2byte	0x12b
 706 0304 0A030000 		.4byte	0x30a
 707 0308 00       		.byte	0
 708 0309 00       		.byte	0
 709 030a 09       		.uleb128 0x9
 710 030b 04       		.byte	0x4
 711 030c 73020000 		.4byte	0x273
 712 0310 04       		.uleb128 0x4
 713 0311 04       		.byte	0x4
 714 0312 07       		.byte	0x7
 715 0313 EA010000 		.4byte	.LASF49
 716 0317 0D       		.uleb128 0xd
 717 0318 F6000000 		.4byte	0xf6
 718 031c 05       		.uleb128 0x5
 719 031d CD010000 		.4byte	.LASF50
 720 0321 10       		.byte	0x10
 721 0322 08       		.byte	0x8
 722 0323 25       		.byte	0x25
 723 0324 4D030000 		.4byte	0x34d
 724 0328 06       		.uleb128 0x6
 725 0329 D3000000 		.4byte	.LASF51
 726 032d 08       		.byte	0x8
 727 032e 26       		.byte	0x26
 728 032f 30020000 		.4byte	0x230
 729 0333 00       		.byte	0
 730 0334 06       		.uleb128 0x6
 731 0335 C1040000 		.4byte	.LASF52
 732 0339 08       		.byte	0x8
 733 033a 28       		.byte	0x28
 734 033b 2A020000 		.4byte	0x22a
 735 033f 08       		.byte	0x8
 736 0340 06       		.uleb128 0x6
 737 0341 36030000 		.4byte	.LASF53
 738 0345 08       		.byte	0x8
 739 0346 2A       		.byte	0x2a
ARM GAS  /var/folders/17/bkfps9l155v_zhlnnf_8b0040000gn/T//ccpVN4Jz.s 			page 14


 740 0347 4D030000 		.4byte	0x34d
 741 034b 0C       		.byte	0xc
 742 034c 00       		.byte	0
 743 034d 09       		.uleb128 0x9
 744 034e 04       		.byte	0x4
 745 034f 1C030000 		.4byte	0x31c
 746 0353 03       		.uleb128 0x3
 747 0354 CD010000 		.4byte	.LASF50
 748 0358 08       		.byte	0x8
 749 0359 2C       		.byte	0x2c
 750 035a 1C030000 		.4byte	0x31c
 751 035e 03       		.uleb128 0x3
 752 035f 65000000 		.4byte	.LASF54
 753 0363 09       		.byte	0x9
 754 0364 25       		.byte	0x25
 755 0365 69030000 		.4byte	0x369
 756 0369 09       		.uleb128 0x9
 757 036a 04       		.byte	0x4
 758 036b 6F030000 		.4byte	0x36f
 759 036f 0E       		.uleb128 0xe
 760 0370 66020000 		.4byte	0x266
 761 0374 7E030000 		.4byte	0x37e
 762 0378 0F       		.uleb128 0xf
 763 0379 2C000000 		.4byte	0x2c
 764 037d 00       		.byte	0
 765 037e 03       		.uleb128 0x3
 766 037f 1C020000 		.4byte	.LASF55
 767 0383 0A       		.byte	0xa
 768 0384 2D       		.byte	0x2d
 769 0385 89030000 		.4byte	0x389
 770 0389 05       		.uleb128 0x5
 771 038a D9040000 		.4byte	.LASF56
 772 038e 20       		.byte	0x20
 773 038f 0A       		.byte	0xa
 774 0390 40       		.byte	0x40
 775 0391 BA030000 		.4byte	0x3ba
 776 0395 06       		.uleb128 0x6
 777 0396 A5020000 		.4byte	.LASF57
 778 039a 0A       		.byte	0xa
 779 039b 41       		.byte	0x41
 780 039c 5E030000 		.4byte	0x35e
 781 03a0 00       		.byte	0
 782 03a1 06       		.uleb128 0x6
 783 03a2 92000000 		.4byte	.LASF58
 784 03a6 0A       		.byte	0xa
 785 03a7 43       		.byte	0x43
 786 03a8 D9030000 		.4byte	0x3d9
 787 03ac 08       		.byte	0x8
 788 03ad 06       		.uleb128 0x6
 789 03ae C5000000 		.4byte	.LASF59
 790 03b2 0A       		.byte	0xa
 791 03b3 45       		.byte	0x45
 792 03b4 53030000 		.4byte	0x353
 793 03b8 10       		.byte	0x10
 794 03b9 00       		.byte	0
 795 03ba 10       		.uleb128 0x10
 796 03bb 04       		.byte	0x4
ARM GAS  /var/folders/17/bkfps9l155v_zhlnnf_8b0040000gn/T//ccpVN4Jz.s 			page 15


 797 03bc 0A       		.byte	0xa
 798 03bd 35       		.byte	0x35
 799 03be D9030000 		.4byte	0x3d9
 800 03c2 11       		.uleb128 0x11
 801 03c3 9F000000 		.4byte	.LASF60
 802 03c7 0A       		.byte	0xa
 803 03c8 36       		.byte	0x36
 804 03c9 FA030000 		.4byte	0x3fa
 805 03cd 11       		.uleb128 0x11
 806 03ce 2C030000 		.4byte	.LASF61
 807 03d2 0A       		.byte	0xa
 808 03d3 37       		.byte	0x37
 809 03d4 00040000 		.4byte	0x400
 810 03d8 00       		.byte	0
 811 03d9 12       		.uleb128 0x12
 812 03da D6020000 		.4byte	.LASF91
 813 03de 08       		.byte	0x8
 814 03df 0A       		.byte	0xa
 815 03e0 32       		.byte	0x32
 816 03e1 FA030000 		.4byte	0x3fa
 817 03e5 11       		.uleb128 0x11
 818 03e6 62010000 		.4byte	.LASF62
 819 03ea 0A       		.byte	0xa
 820 03eb 33       		.byte	0x33
 821 03ec 68020000 		.4byte	0x268
 822 03f0 13       		.uleb128 0x13
 823 03f1 6800     		.ascii	"h\000"
 824 03f3 0A       		.byte	0xa
 825 03f4 3A       		.byte	0x3a
 826 03f5 06040000 		.4byte	0x406
 827 03f9 00       		.byte	0
 828 03fa 09       		.uleb128 0x9
 829 03fb 04       		.byte	0x4
 830 03fc D9030000 		.4byte	0x3d9
 831 0400 09       		.uleb128 0x9
 832 0401 04       		.byte	0x4
 833 0402 7E030000 		.4byte	0x37e
 834 0406 08       		.uleb128 0x8
 835 0407 08       		.byte	0x8
 836 0408 0A       		.byte	0xa
 837 0409 34       		.byte	0x34
 838 040a 25040000 		.4byte	0x425
 839 040e 07       		.uleb128 0x7
 840 040f 7500     		.ascii	"u\000"
 841 0411 0A       		.byte	0xa
 842 0412 38       		.byte	0x38
 843 0413 BA030000 		.4byte	0x3ba
 844 0417 00       		.byte	0
 845 0418 06       		.uleb128 0x6
 846 0419 8F010000 		.4byte	.LASF63
 847 041d 0A       		.byte	0xa
 848 041e 39       		.byte	0x39
 849 041f 2C000000 		.4byte	0x2c
 850 0423 04       		.byte	0x4
 851 0424 00       		.byte	0
 852 0425 05       		.uleb128 0x5
 853 0426 81040000 		.4byte	.LASF64
ARM GAS  /var/folders/17/bkfps9l155v_zhlnnf_8b0040000gn/T//ccpVN4Jz.s 			page 16


 854 042a 04       		.byte	0x4
 855 042b 0B       		.byte	0xb
 856 042c 25       		.byte	0x25
 857 042d 3E040000 		.4byte	0x43e
 858 0431 06       		.uleb128 0x6
 859 0432 27020000 		.4byte	.LASF65
 860 0436 0B       		.byte	0xb
 861 0437 26       		.byte	0x26
 862 0438 3E040000 		.4byte	0x43e
 863 043c 00       		.byte	0
 864 043d 00       		.byte	0
 865 043e 09       		.uleb128 0x9
 866 043f 04       		.byte	0x4
 867 0440 25040000 		.4byte	0x425
 868 0444 08       		.uleb128 0x8
 869 0445 0C       		.byte	0xc
 870 0446 0B       		.byte	0xb
 871 0447 2D       		.byte	0x2d
 872 0448 71040000 		.4byte	0x471
 873 044c 06       		.uleb128 0x6
 874 044d 23010000 		.4byte	.LASF66
 875 0451 0B       		.byte	0xb
 876 0452 2E       		.byte	0x2e
 877 0453 3E040000 		.4byte	0x43e
 878 0457 00       		.byte	0
 879 0458 06       		.uleb128 0x6
 880 0459 08020000 		.4byte	.LASF67
 881 045d 0B       		.byte	0xb
 882 045e 2F       		.byte	0x2f
 883 045f 2C000000 		.4byte	0x2c
 884 0463 04       		.byte	0x4
 885 0464 06       		.uleb128 0x6
 886 0465 4D010000 		.4byte	.LASF68
 887 0469 0B       		.byte	0xb
 888 046a 31       		.byte	0x31
 889 046b 5E030000 		.4byte	0x35e
 890 046f 08       		.byte	0x8
 891 0470 00       		.byte	0
 892 0471 03       		.uleb128 0x3
 893 0472 5A000000 		.4byte	.LASF69
 894 0476 0B       		.byte	0xb
 895 0477 33       		.byte	0x33
 896 0478 44040000 		.4byte	0x444
 897 047c 10       		.uleb128 0x10
 898 047d 04       		.byte	0x4
 899 047e 06       		.byte	0x6
 900 047f 8F       		.byte	0x8f
 901 0480 B1040000 		.4byte	0x4b1
 902 0484 11       		.uleb128 0x11
 903 0485 4A000000 		.4byte	.LASF70
 904 0489 06       		.byte	0x6
 905 048a 96       		.byte	0x96
 906 048b E0000000 		.4byte	0xe0
 907 048f 11       		.uleb128 0x11
 908 0490 89000000 		.4byte	.LASF71
 909 0494 06       		.byte	0x6
 910 0495 9D       		.byte	0x9d
ARM GAS  /var/folders/17/bkfps9l155v_zhlnnf_8b0040000gn/T//ccpVN4Jz.s 			page 17


 911 0496 E0000000 		.4byte	0xe0
 912 049a 11       		.uleb128 0x11
 913 049b B3040000 		.4byte	.LASF72
 914 049f 06       		.byte	0x6
 915 04a0 A4       		.byte	0xa4
 916 04a1 66020000 		.4byte	0x266
 917 04a5 11       		.uleb128 0x11
 918 04a6 E2020000 		.4byte	.LASF73
 919 04aa 06       		.byte	0x6
 920 04ab AB       		.byte	0xab
 921 04ac EB000000 		.4byte	0xeb
 922 04b0 00       		.byte	0
 923 04b1 09       		.uleb128 0x9
 924 04b2 04       		.byte	0x4
 925 04b3 B7040000 		.4byte	0x4b7
 926 04b7 14       		.uleb128 0x14
 927 04b8 BC040000 		.4byte	0x4bc
 928 04bc 04       		.uleb128 0x4
 929 04bd 01       		.byte	0x1
 930 04be 08       		.byte	0x8
 931 04bf 31030000 		.4byte	.LASF74
 932 04c3 09       		.uleb128 0x9
 933 04c4 04       		.byte	0x4
 934 04c5 53030000 		.4byte	0x353
 935 04c9 03       		.uleb128 0x3
 936 04ca 00000000 		.4byte	.LASF75
 937 04ce 06       		.byte	0x6
 938 04cf DE       		.byte	0xde
 939 04d0 D4040000 		.4byte	0x4d4
 940 04d4 09       		.uleb128 0x9
 941 04d5 04       		.byte	0x4
 942 04d6 DA040000 		.4byte	0x4da
 943 04da 0E       		.uleb128 0xe
 944 04db E0000000 		.4byte	0xe0
 945 04df E9040000 		.4byte	0x4e9
 946 04e3 0F       		.uleb128 0xf
 947 04e4 66020000 		.4byte	0x266
 948 04e8 00       		.byte	0
 949 04e9 15       		.uleb128 0x15
 950 04ea D3010000 		.4byte	.LASF77
 951 04ee 01       		.byte	0x1
 952 04ef 2D       		.byte	0x2d
 953 04f0 2A020000 		.4byte	0x22a
 954 04f4 00000000 		.4byte	.LFB7
 955 04f8 14000000 		.4byte	.LFE7-.LFB7
 956 04fc 01       		.uleb128 0x1
 957 04fd 9C       		.byte	0x9c
 958 04fe 3D050000 		.4byte	0x53d
 959 0502 16       		.uleb128 0x16
 960 0503 747000   		.ascii	"tp\000"
 961 0506 01       		.byte	0x1
 962 0507 2D       		.byte	0x2d
 963 0508 2A020000 		.4byte	0x22a
 964 050c 01       		.uleb128 0x1
 965 050d 50       		.byte	0x50
 966 050e 17       		.uleb128 0x17
 967 050f 00000000 		.4byte	.LBB2
ARM GAS  /var/folders/17/bkfps9l155v_zhlnnf_8b0040000gn/T//ccpVN4Jz.s 			page 18


 968 0513 06000000 		.4byte	.LBE2-.LBB2
 969 0517 29050000 		.4byte	0x529
 970 051b 18       		.uleb128 0x18
 971 051c 746D7000 		.ascii	"tmp\000"
 972 0520 01       		.byte	0x1
 973 0521 2F       		.byte	0x2f
 974 0522 7E000000 		.4byte	0x7e
 975 0526 01       		.uleb128 0x1
 976 0527 53       		.byte	0x53
 977 0528 00       		.byte	0
 978 0529 19       		.uleb128 0x19
 979 052a 00000000 		.4byte	.Ldebug_ranges0+0
 980 052e 18       		.uleb128 0x18
 981 052f 746D7000 		.ascii	"tmp\000"
 982 0533 01       		.byte	0x1
 983 0534 32       		.byte	0x32
 984 0535 7E000000 		.4byte	0x7e
 985 0539 01       		.uleb128 0x1
 986 053a 53       		.byte	0x53
 987 053b 00       		.byte	0
 988 053c 00       		.byte	0
 989 053d 1A       		.uleb128 0x1a
 990 053e F8020000 		.4byte	.LASF92
 991 0542 01       		.byte	0x1
 992 0543 43       		.byte	0x43
 993 0544 00000000 		.4byte	.LFB8
 994 0548 54000000 		.4byte	.LFE8-.LFB8
 995 054c 01       		.uleb128 0x1
 996 054d 9C       		.byte	0x9c
 997 054e C8050000 		.4byte	0x5c8
 998 0552 1B       		.uleb128 0x1b
 999 0553 747000   		.ascii	"tp\000"
 1000 0556 01       		.byte	0x1
 1001 0557 43       		.byte	0x43
 1002 0558 2A020000 		.4byte	0x22a
 1003 055c 00000000 		.4byte	.LLST0
 1004 0560 1C       		.uleb128 0x1c
 1005 0561 75020000 		.4byte	.LASF76
 1006 0565 01       		.byte	0x1
 1007 0566 44       		.byte	0x44
 1008 0567 BF000000 		.4byte	0xbf
 1009 056b 45000000 		.4byte	.LLST1
 1010 056f 17       		.uleb128 0x17
 1011 0570 02000000 		.4byte	.LBB5
 1012 0574 06000000 		.4byte	.LBE5-.LBB5
 1013 0578 8A050000 		.4byte	0x58a
 1014 057c 18       		.uleb128 0x18
 1015 057d 746D7000 		.ascii	"tmp\000"
 1016 0581 01       		.byte	0x1
 1017 0582 46       		.byte	0x46
 1018 0583 7E000000 		.4byte	0x7e
 1019 0587 01       		.uleb128 0x1
 1020 0588 53       		.byte	0x53
 1021 0589 00       		.byte	0
 1022 058a 1D       		.uleb128 0x1d
 1023 058b 18000000 		.4byte	.Ldebug_ranges0+0x18
 1024 058f A1050000 		.4byte	0x5a1
ARM GAS  /var/folders/17/bkfps9l155v_zhlnnf_8b0040000gn/T//ccpVN4Jz.s 			page 19


 1025 0593 18       		.uleb128 0x18
 1026 0594 746D7000 		.ascii	"tmp\000"
 1027 0598 01       		.byte	0x1
 1028 0599 49       		.byte	0x49
 1029 059a 7E000000 		.4byte	0x7e
 1030 059e 01       		.uleb128 0x1
 1031 059f 53       		.byte	0x53
 1032 05a0 00       		.byte	0
 1033 05a1 1E       		.uleb128 0x1e
 1034 05a2 40000000 		.4byte	.LVL4
 1035 05a6 CD070000 		.4byte	0x7cd
 1036 05aa B6050000 		.4byte	0x5b6
 1037 05ae 1F       		.uleb128 0x1f
 1038 05af 01       		.uleb128 0x1
 1039 05b0 50       		.byte	0x50
 1040 05b1 03       		.uleb128 0x3
 1041 05b2 F3       		.byte	0xf3
 1042 05b3 01       		.uleb128 0x1
 1043 05b4 50       		.byte	0x50
 1044 05b5 00       		.byte	0
 1045 05b6 20       		.uleb128 0x20
 1046 05b7 54000000 		.4byte	.LVL7
 1047 05bb DE070000 		.4byte	0x7de
 1048 05bf 1F       		.uleb128 0x1f
 1049 05c0 01       		.uleb128 0x1
 1050 05c1 51       		.byte	0x51
 1051 05c2 03       		.uleb128 0x3
 1052 05c3 F3       		.byte	0xf3
 1053 05c4 01       		.uleb128 0x1
 1054 05c5 50       		.byte	0x50
 1055 05c6 00       		.byte	0
 1056 05c7 00       		.byte	0
 1057 05c8 15       		.uleb128 0x15
 1058 05c9 06010000 		.4byte	.LASF78
 1059 05cd 01       		.byte	0x1
 1060 05ce 7B       		.byte	0x7b
 1061 05cf 2A020000 		.4byte	0x22a
 1062 05d3 00000000 		.4byte	.LFB9
 1063 05d7 3C000000 		.4byte	.LFE9-.LFB9
 1064 05db 01       		.uleb128 0x1
 1065 05dc 9C       		.byte	0x9c
 1066 05dd D6060000 		.4byte	0x6d6
 1067 05e1 21       		.uleb128 0x21
 1068 05e2 99000000 		.4byte	.LASF79
 1069 05e6 01       		.byte	0x1
 1070 05e7 7B       		.byte	0x7b
 1071 05e8 00040000 		.4byte	0x400
 1072 05ec 63000000 		.4byte	.LLST2
 1073 05f0 21       		.uleb128 0x21
 1074 05f1 8F010000 		.4byte	.LASF63
 1075 05f5 01       		.byte	0x1
 1076 05f6 7B       		.byte	0x7b
 1077 05f7 2C000000 		.4byte	0x2c
 1078 05fb 84000000 		.4byte	.LLST3
 1079 05ff 21       		.uleb128 0x21
 1080 0600 17020000 		.4byte	.LASF80
 1081 0604 01       		.byte	0x1
ARM GAS  /var/folders/17/bkfps9l155v_zhlnnf_8b0040000gn/T//ccpVN4Jz.s 			page 20


 1082 0605 7C       		.byte	0x7c
 1083 0606 D5000000 		.4byte	0xd5
 1084 060a A2000000 		.4byte	.LLST4
 1085 060e 1B       		.uleb128 0x1b
 1086 060f 706600   		.ascii	"pf\000"
 1087 0612 01       		.byte	0x1
 1088 0613 7C       		.byte	0x7c
 1089 0614 C9040000 		.4byte	0x4c9
 1090 0618 C0000000 		.4byte	.LLST5
 1091 061c 16       		.uleb128 0x16
 1092 061d 61726700 		.ascii	"arg\000"
 1093 0621 01       		.byte	0x1
 1094 0622 7C       		.byte	0x7c
 1095 0623 66020000 		.4byte	0x266
 1096 0627 02       		.uleb128 0x2
 1097 0628 91       		.byte	0x91
 1098 0629 00       		.sleb128 0
 1099 062a 22       		.uleb128 0x22
 1100 062b 77737000 		.ascii	"wsp\000"
 1101 062f 01       		.byte	0x1
 1102 0630 7D       		.byte	0x7d
 1103 0631 66020000 		.4byte	0x266
 1104 0635 EC000000 		.4byte	.LLST6
 1105 0639 22       		.uleb128 0x22
 1106 063a 747000   		.ascii	"tp\000"
 1107 063d 01       		.byte	0x1
 1108 063e 7E       		.byte	0x7e
 1109 063f 2A020000 		.4byte	0x22a
 1110 0643 FF000000 		.4byte	.LLST7
 1111 0647 17       		.uleb128 0x17
 1112 0648 10000000 		.4byte	.LBB8
 1113 064c 06000000 		.4byte	.LBE8-.LBB8
 1114 0650 62060000 		.4byte	0x662
 1115 0654 18       		.uleb128 0x18
 1116 0655 746D7000 		.ascii	"tmp\000"
 1117 0659 01       		.byte	0x1
 1118 065a 8D       		.byte	0x8d
 1119 065b 7E000000 		.4byte	0x7e
 1120 065f 01       		.uleb128 0x1
 1121 0660 53       		.byte	0x53
 1122 0661 00       		.byte	0
 1123 0662 17       		.uleb128 0x17
 1124 0663 30000000 		.4byte	.LBB9
 1125 0667 06000000 		.4byte	.LBE9-.LBB9
 1126 066b 7D060000 		.4byte	0x67d
 1127 066f 18       		.uleb128 0x18
 1128 0670 746D7000 		.ascii	"tmp\000"
 1129 0674 01       		.byte	0x1
 1130 0675 91       		.byte	0x91
 1131 0676 7E000000 		.4byte	0x7e
 1132 067a 01       		.uleb128 0x1
 1133 067b 53       		.byte	0x53
 1134 067c 00       		.byte	0
 1135 067d 23       		.uleb128 0x23
 1136 067e 0E000000 		.4byte	.LVL9
 1137 0682 F4070000 		.4byte	0x7f4
 1138 0686 98060000 		.4byte	0x698
ARM GAS  /var/folders/17/bkfps9l155v_zhlnnf_8b0040000gn/T//ccpVN4Jz.s 			page 21


 1139 068a 1F       		.uleb128 0x1f
 1140 068b 01       		.uleb128 0x1
 1141 068c 51       		.byte	0x51
 1142 068d 02       		.uleb128 0x2
 1143 068e 75       		.byte	0x75
 1144 068f 00       		.sleb128 0
 1145 0690 1F       		.uleb128 0x1f
 1146 0691 01       		.uleb128 0x1
 1147 0692 50       		.byte	0x50
 1148 0693 03       		.uleb128 0x3
 1149 0694 F3       		.byte	0xf3
 1150 0695 01       		.uleb128 0x1
 1151 0696 50       		.byte	0x50
 1152 0697 00       		.byte	0
 1153 0698 23       		.uleb128 0x23
 1154 0699 24000000 		.4byte	.LVL10
 1155 069d 0E080000 		.4byte	0x80e
 1156 06a1 C0060000 		.4byte	0x6c0
 1157 06a5 1F       		.uleb128 0x1f
 1158 06a6 01       		.uleb128 0x1
 1159 06a7 53       		.byte	0x53
 1160 06a8 02       		.uleb128 0x2
 1161 06a9 74       		.byte	0x74
 1162 06aa 00       		.sleb128 0
 1163 06ab 1F       		.uleb128 0x1f
 1164 06ac 01       		.uleb128 0x1
 1165 06ad 52       		.byte	0x52
 1166 06ae 02       		.uleb128 0x2
 1167 06af 76       		.byte	0x76
 1168 06b0 00       		.sleb128 0
 1169 06b1 1F       		.uleb128 0x1f
 1170 06b2 01       		.uleb128 0x1
 1171 06b3 51       		.byte	0x51
 1172 06b4 02       		.uleb128 0x2
 1173 06b5 75       		.byte	0x75
 1174 06b6 00       		.sleb128 0
 1175 06b7 1F       		.uleb128 0x1f
 1176 06b8 02       		.uleb128 0x2
 1177 06b9 7D       		.byte	0x7d
 1178 06ba 00       		.sleb128 0
 1179 06bb 03       		.uleb128 0x3
 1180 06bc 91       		.byte	0x91
 1181 06bd 00       		.sleb128 0
 1182 06be 06       		.byte	0x6
 1183 06bf 00       		.byte	0
 1184 06c0 24       		.uleb128 0x24
 1185 06c1 30000000 		.4byte	.LVL12
 1186 06c5 38080000 		.4byte	0x838
 1187 06c9 1F       		.uleb128 0x1f
 1188 06ca 01       		.uleb128 0x1
 1189 06cb 51       		.byte	0x51
 1190 06cc 01       		.uleb128 0x1
 1191 06cd 30       		.byte	0x30
 1192 06ce 1F       		.uleb128 0x1f
 1193 06cf 01       		.uleb128 0x1
 1194 06d0 50       		.byte	0x50
 1195 06d1 02       		.uleb128 0x2
ARM GAS  /var/folders/17/bkfps9l155v_zhlnnf_8b0040000gn/T//ccpVN4Jz.s 			page 22


 1196 06d2 74       		.byte	0x74
 1197 06d3 00       		.sleb128 0
 1198 06d4 00       		.byte	0
 1199 06d5 00       		.byte	0
 1200 06d6 15       		.uleb128 0x15
 1201 06d7 33010000 		.4byte	.LASF81
 1202 06db 01       		.byte	0x1
 1203 06dc AC       		.byte	0xac
 1204 06dd 2A020000 		.4byte	0x22a
 1205 06e1 00000000 		.4byte	.LFB10
 1206 06e5 3E000000 		.4byte	.LFE10-.LFB10
 1207 06e9 01       		.uleb128 0x1
 1208 06ea 9C       		.byte	0x9c
 1209 06eb C7070000 		.4byte	0x7c7
 1210 06ef 1B       		.uleb128 0x1b
 1211 06f0 6D7000   		.ascii	"mp\000"
 1212 06f3 01       		.byte	0x1
 1213 06f4 AC       		.byte	0xac
 1214 06f5 C7070000 		.4byte	0x7c7
 1215 06f9 1D010000 		.4byte	.LLST8
 1216 06fd 21       		.uleb128 0x21
 1217 06fe 17020000 		.4byte	.LASF80
 1218 0702 01       		.byte	0x1
 1219 0703 AC       		.byte	0xac
 1220 0704 D5000000 		.4byte	0xd5
 1221 0708 3B010000 		.4byte	.LLST9
 1222 070c 1B       		.uleb128 0x1b
 1223 070d 706600   		.ascii	"pf\000"
 1224 0710 01       		.byte	0x1
 1225 0711 AD       		.byte	0xad
 1226 0712 C9040000 		.4byte	0x4c9
 1227 0716 59010000 		.4byte	.LLST10
 1228 071a 1B       		.uleb128 0x1b
 1229 071b 61726700 		.ascii	"arg\000"
 1230 071f 01       		.byte	0x1
 1231 0720 AD       		.byte	0xad
 1232 0721 66020000 		.4byte	0x266
 1233 0725 85010000 		.4byte	.LLST11
 1234 0729 22       		.uleb128 0x22
 1235 072a 77737000 		.ascii	"wsp\000"
 1236 072e 01       		.byte	0x1
 1237 072f AE       		.byte	0xae
 1238 0730 66020000 		.4byte	0x266
 1239 0734 A3010000 		.4byte	.LLST12
 1240 0738 22       		.uleb128 0x22
 1241 0739 747000   		.ascii	"tp\000"
 1242 073c 01       		.byte	0x1
 1243 073d AF       		.byte	0xaf
 1244 073e 2A020000 		.4byte	0x22a
 1245 0742 B6010000 		.4byte	.LLST13
 1246 0746 17       		.uleb128 0x17
 1247 0747 12000000 		.4byte	.LBB10
 1248 074b 06000000 		.4byte	.LBE10-.LBB10
 1249 074f 61070000 		.4byte	0x761
 1250 0753 18       		.uleb128 0x18
 1251 0754 746D7000 		.ascii	"tmp\000"
 1252 0758 01       		.byte	0x1
ARM GAS  /var/folders/17/bkfps9l155v_zhlnnf_8b0040000gn/T//ccpVN4Jz.s 			page 23


 1253 0759 C0       		.byte	0xc0
 1254 075a 7E000000 		.4byte	0x7e
 1255 075e 01       		.uleb128 0x1
 1256 075f 53       		.byte	0x53
 1257 0760 00       		.byte	0
 1258 0761 17       		.uleb128 0x17
 1259 0762 32000000 		.4byte	.LBB11
 1260 0766 06000000 		.4byte	.LBE11-.LBB11
 1261 076a 7C070000 		.4byte	0x77c
 1262 076e 18       		.uleb128 0x18
 1263 076f 746D7000 		.ascii	"tmp\000"
 1264 0773 01       		.byte	0x1
 1265 0774 C5       		.byte	0xc5
 1266 0775 7E000000 		.4byte	0x7e
 1267 0779 01       		.uleb128 0x1
 1268 077a 53       		.byte	0x53
 1269 077b 00       		.byte	0
 1270 077c 23       		.uleb128 0x23
 1271 077d 10000000 		.4byte	.LVL15
 1272 0781 4E080000 		.4byte	0x84e
 1273 0785 90070000 		.4byte	0x790
 1274 0789 1F       		.uleb128 0x1f
 1275 078a 01       		.uleb128 0x1
 1276 078b 50       		.byte	0x50
 1277 078c 02       		.uleb128 0x2
 1278 078d 75       		.byte	0x75
 1279 078e 00       		.sleb128 0
 1280 078f 00       		.byte	0
 1281 0790 23       		.uleb128 0x23
 1282 0791 24000000 		.4byte	.LVL16
 1283 0795 0E080000 		.4byte	0x80e
 1284 0799 B1070000 		.4byte	0x7b1
 1285 079d 1F       		.uleb128 0x1f
 1286 079e 01       		.uleb128 0x1
 1287 079f 53       		.byte	0x53
 1288 07a0 02       		.uleb128 0x2
 1289 07a1 74       		.byte	0x74
 1290 07a2 00       		.sleb128 0
 1291 07a3 1F       		.uleb128 0x1f
 1292 07a4 01       		.uleb128 0x1
 1293 07a5 52       		.byte	0x52
 1294 07a6 02       		.uleb128 0x2
 1295 07a7 77       		.byte	0x77
 1296 07a8 00       		.sleb128 0
 1297 07a9 1F       		.uleb128 0x1f
 1298 07aa 02       		.uleb128 0x2
 1299 07ab 7D       		.byte	0x7d
 1300 07ac 00       		.sleb128 0
 1301 07ad 02       		.uleb128 0x2
 1302 07ae 76       		.byte	0x76
 1303 07af 00       		.sleb128 0
 1304 07b0 00       		.byte	0
 1305 07b1 24       		.uleb128 0x24
 1306 07b2 32000000 		.4byte	.LVL18
 1307 07b6 38080000 		.4byte	0x838
 1308 07ba 1F       		.uleb128 0x1f
 1309 07bb 01       		.uleb128 0x1
ARM GAS  /var/folders/17/bkfps9l155v_zhlnnf_8b0040000gn/T//ccpVN4Jz.s 			page 24


 1310 07bc 51       		.byte	0x51
 1311 07bd 01       		.uleb128 0x1
 1312 07be 30       		.byte	0x30
 1313 07bf 1F       		.uleb128 0x1f
 1314 07c0 01       		.uleb128 0x1
 1315 07c1 50       		.byte	0x50
 1316 07c2 02       		.uleb128 0x2
 1317 07c3 74       		.byte	0x74
 1318 07c4 00       		.sleb128 0
 1319 07c5 00       		.byte	0
 1320 07c6 00       		.byte	0
 1321 07c7 09       		.uleb128 0x9
 1322 07c8 04       		.byte	0x4
 1323 07c9 71040000 		.4byte	0x471
 1324 07cd 25       		.uleb128 0x25
 1325 07ce DB000000 		.4byte	.LASF82
 1326 07d2 0A       		.byte	0xa
 1327 07d3 53       		.byte	0x53
 1328 07d4 DE070000 		.4byte	0x7de
 1329 07d8 0F       		.uleb128 0xf
 1330 07d9 66020000 		.4byte	0x266
 1331 07dd 00       		.byte	0
 1332 07de 25       		.uleb128 0x25
 1333 07df A8040000 		.4byte	.LASF83
 1334 07e3 0B       		.byte	0xb
 1335 07e4 7D       		.byte	0x7d
 1336 07e5 F4070000 		.4byte	0x7f4
 1337 07e9 0F       		.uleb128 0xf
 1338 07ea C7070000 		.4byte	0x7c7
 1339 07ee 0F       		.uleb128 0xf
 1340 07ef 66020000 		.4byte	0x266
 1341 07f3 00       		.byte	0
 1342 07f4 26       		.uleb128 0x26
 1343 07f5 0C030000 		.4byte	.LASF84
 1344 07f9 0A       		.byte	0xa
 1345 07fa 52       		.byte	0x52
 1346 07fb 66020000 		.4byte	0x266
 1347 07ff 0E080000 		.4byte	0x80e
 1348 0803 0F       		.uleb128 0xf
 1349 0804 00040000 		.4byte	0x400
 1350 0808 0F       		.uleb128 0xf
 1351 0809 2C000000 		.4byte	0x2c
 1352 080d 00       		.byte	0
 1353 080e 27       		.uleb128 0x27
 1354 080f F0000000 		.4byte	.LASF85
 1355 0813 06       		.byte	0x6
 1356 0814 6701     		.2byte	0x167
 1357 0816 2A020000 		.4byte	0x22a
 1358 081a 38080000 		.4byte	0x838
 1359 081e 0F       		.uleb128 0xf
 1360 081f 66020000 		.4byte	0x266
 1361 0823 0F       		.uleb128 0xf
 1362 0824 2C000000 		.4byte	0x2c
 1363 0828 0F       		.uleb128 0xf
 1364 0829 D5000000 		.4byte	0xd5
 1365 082d 0F       		.uleb128 0xf
 1366 082e C9040000 		.4byte	0x4c9
ARM GAS  /var/folders/17/bkfps9l155v_zhlnnf_8b0040000gn/T//ccpVN4Jz.s 			page 25


 1367 0832 0F       		.uleb128 0xf
 1368 0833 66020000 		.4byte	0x266
 1369 0837 00       		.byte	0
 1370 0838 25       		.uleb128 0x25
 1371 0839 74040000 		.4byte	.LASF86
 1372 083d 0C       		.byte	0xc
 1373 083e 92       		.byte	0x92
 1374 083f 4E080000 		.4byte	0x84e
 1375 0843 0F       		.uleb128 0xf
 1376 0844 2A020000 		.4byte	0x22a
 1377 0848 0F       		.uleb128 0xf
 1378 0849 E0000000 		.4byte	0xe0
 1379 084d 00       		.byte	0
 1380 084e 28       		.uleb128 0x28
 1381 084f 9C040000 		.4byte	.LASF87
 1382 0853 0B       		.byte	0xb
 1383 0854 7B       		.byte	0x7b
 1384 0855 66020000 		.4byte	0x266
 1385 0859 0F       		.uleb128 0xf
 1386 085a C7070000 		.4byte	0x7c7
 1387 085e 00       		.byte	0
 1388 085f 00       		.byte	0
 1389              		.section	.debug_abbrev,"",%progbits
 1390              	.Ldebug_abbrev0:
 1391 0000 01       		.uleb128 0x1
 1392 0001 11       		.uleb128 0x11
 1393 0002 01       		.byte	0x1
 1394 0003 25       		.uleb128 0x25
 1395 0004 0E       		.uleb128 0xe
 1396 0005 13       		.uleb128 0x13
 1397 0006 0B       		.uleb128 0xb
 1398 0007 03       		.uleb128 0x3
 1399 0008 0E       		.uleb128 0xe
 1400 0009 1B       		.uleb128 0x1b
 1401 000a 0E       		.uleb128 0xe
 1402 000b 55       		.uleb128 0x55
 1403 000c 17       		.uleb128 0x17
 1404 000d 11       		.uleb128 0x11
 1405 000e 01       		.uleb128 0x1
 1406 000f 10       		.uleb128 0x10
 1407 0010 17       		.uleb128 0x17
 1408 0011 00       		.byte	0
 1409 0012 00       		.byte	0
 1410 0013 02       		.uleb128 0x2
 1411 0014 24       		.uleb128 0x24
 1412 0015 00       		.byte	0
 1413 0016 0B       		.uleb128 0xb
 1414 0017 0B       		.uleb128 0xb
 1415 0018 3E       		.uleb128 0x3e
 1416 0019 0B       		.uleb128 0xb
 1417 001a 03       		.uleb128 0x3
 1418 001b 08       		.uleb128 0x8
 1419 001c 00       		.byte	0
 1420 001d 00       		.byte	0
 1421 001e 03       		.uleb128 0x3
 1422 001f 16       		.uleb128 0x16
 1423 0020 00       		.byte	0
ARM GAS  /var/folders/17/bkfps9l155v_zhlnnf_8b0040000gn/T//ccpVN4Jz.s 			page 26


 1424 0021 03       		.uleb128 0x3
 1425 0022 0E       		.uleb128 0xe
 1426 0023 3A       		.uleb128 0x3a
 1427 0024 0B       		.uleb128 0xb
 1428 0025 3B       		.uleb128 0x3b
 1429 0026 0B       		.uleb128 0xb
 1430 0027 49       		.uleb128 0x49
 1431 0028 13       		.uleb128 0x13
 1432 0029 00       		.byte	0
 1433 002a 00       		.byte	0
 1434 002b 04       		.uleb128 0x4
 1435 002c 24       		.uleb128 0x24
 1436 002d 00       		.byte	0
 1437 002e 0B       		.uleb128 0xb
 1438 002f 0B       		.uleb128 0xb
 1439 0030 3E       		.uleb128 0x3e
 1440 0031 0B       		.uleb128 0xb
 1441 0032 03       		.uleb128 0x3
 1442 0033 0E       		.uleb128 0xe
 1443 0034 00       		.byte	0
 1444 0035 00       		.byte	0
 1445 0036 05       		.uleb128 0x5
 1446 0037 13       		.uleb128 0x13
 1447 0038 01       		.byte	0x1
 1448 0039 03       		.uleb128 0x3
 1449 003a 0E       		.uleb128 0xe
 1450 003b 0B       		.uleb128 0xb
 1451 003c 0B       		.uleb128 0xb
 1452 003d 3A       		.uleb128 0x3a
 1453 003e 0B       		.uleb128 0xb
 1454 003f 3B       		.uleb128 0x3b
 1455 0040 0B       		.uleb128 0xb
 1456 0041 01       		.uleb128 0x1
 1457 0042 13       		.uleb128 0x13
 1458 0043 00       		.byte	0
 1459 0044 00       		.byte	0
 1460 0045 06       		.uleb128 0x6
 1461 0046 0D       		.uleb128 0xd
 1462 0047 00       		.byte	0
 1463 0048 03       		.uleb128 0x3
 1464 0049 0E       		.uleb128 0xe
 1465 004a 3A       		.uleb128 0x3a
 1466 004b 0B       		.uleb128 0xb
 1467 004c 3B       		.uleb128 0x3b
 1468 004d 0B       		.uleb128 0xb
 1469 004e 49       		.uleb128 0x49
 1470 004f 13       		.uleb128 0x13
 1471 0050 38       		.uleb128 0x38
 1472 0051 0B       		.uleb128 0xb
 1473 0052 00       		.byte	0
 1474 0053 00       		.byte	0
 1475 0054 07       		.uleb128 0x7
 1476 0055 0D       		.uleb128 0xd
 1477 0056 00       		.byte	0
 1478 0057 03       		.uleb128 0x3
 1479 0058 08       		.uleb128 0x8
 1480 0059 3A       		.uleb128 0x3a
ARM GAS  /var/folders/17/bkfps9l155v_zhlnnf_8b0040000gn/T//ccpVN4Jz.s 			page 27


 1481 005a 0B       		.uleb128 0xb
 1482 005b 3B       		.uleb128 0x3b
 1483 005c 0B       		.uleb128 0xb
 1484 005d 49       		.uleb128 0x49
 1485 005e 13       		.uleb128 0x13
 1486 005f 38       		.uleb128 0x38
 1487 0060 0B       		.uleb128 0xb
 1488 0061 00       		.byte	0
 1489 0062 00       		.byte	0
 1490 0063 08       		.uleb128 0x8
 1491 0064 13       		.uleb128 0x13
 1492 0065 01       		.byte	0x1
 1493 0066 0B       		.uleb128 0xb
 1494 0067 0B       		.uleb128 0xb
 1495 0068 3A       		.uleb128 0x3a
 1496 0069 0B       		.uleb128 0xb
 1497 006a 3B       		.uleb128 0x3b
 1498 006b 0B       		.uleb128 0xb
 1499 006c 01       		.uleb128 0x1
 1500 006d 13       		.uleb128 0x13
 1501 006e 00       		.byte	0
 1502 006f 00       		.byte	0
 1503 0070 09       		.uleb128 0x9
 1504 0071 0F       		.uleb128 0xf
 1505 0072 00       		.byte	0
 1506 0073 0B       		.uleb128 0xb
 1507 0074 0B       		.uleb128 0xb
 1508 0075 49       		.uleb128 0x49
 1509 0076 13       		.uleb128 0x13
 1510 0077 00       		.byte	0
 1511 0078 00       		.byte	0
 1512 0079 0A       		.uleb128 0xa
 1513 007a 0F       		.uleb128 0xf
 1514 007b 00       		.byte	0
 1515 007c 0B       		.uleb128 0xb
 1516 007d 0B       		.uleb128 0xb
 1517 007e 00       		.byte	0
 1518 007f 00       		.byte	0
 1519 0080 0B       		.uleb128 0xb
 1520 0081 13       		.uleb128 0x13
 1521 0082 01       		.byte	0x1
 1522 0083 03       		.uleb128 0x3
 1523 0084 0E       		.uleb128 0xe
 1524 0085 0B       		.uleb128 0xb
 1525 0086 0B       		.uleb128 0xb
 1526 0087 3A       		.uleb128 0x3a
 1527 0088 0B       		.uleb128 0xb
 1528 0089 3B       		.uleb128 0x3b
 1529 008a 05       		.uleb128 0x5
 1530 008b 01       		.uleb128 0x1
 1531 008c 13       		.uleb128 0x13
 1532 008d 00       		.byte	0
 1533 008e 00       		.byte	0
 1534 008f 0C       		.uleb128 0xc
 1535 0090 0D       		.uleb128 0xd
 1536 0091 00       		.byte	0
 1537 0092 03       		.uleb128 0x3
ARM GAS  /var/folders/17/bkfps9l155v_zhlnnf_8b0040000gn/T//ccpVN4Jz.s 			page 28


 1538 0093 08       		.uleb128 0x8
 1539 0094 3A       		.uleb128 0x3a
 1540 0095 0B       		.uleb128 0xb
 1541 0096 3B       		.uleb128 0x3b
 1542 0097 05       		.uleb128 0x5
 1543 0098 49       		.uleb128 0x49
 1544 0099 13       		.uleb128 0x13
 1545 009a 38       		.uleb128 0x38
 1546 009b 0B       		.uleb128 0xb
 1547 009c 00       		.byte	0
 1548 009d 00       		.byte	0
 1549 009e 0D       		.uleb128 0xd
 1550 009f 35       		.uleb128 0x35
 1551 00a0 00       		.byte	0
 1552 00a1 49       		.uleb128 0x49
 1553 00a2 13       		.uleb128 0x13
 1554 00a3 00       		.byte	0
 1555 00a4 00       		.byte	0
 1556 00a5 0E       		.uleb128 0xe
 1557 00a6 15       		.uleb128 0x15
 1558 00a7 01       		.byte	0x1
 1559 00a8 27       		.uleb128 0x27
 1560 00a9 19       		.uleb128 0x19
 1561 00aa 49       		.uleb128 0x49
 1562 00ab 13       		.uleb128 0x13
 1563 00ac 01       		.uleb128 0x1
 1564 00ad 13       		.uleb128 0x13
 1565 00ae 00       		.byte	0
 1566 00af 00       		.byte	0
 1567 00b0 0F       		.uleb128 0xf
 1568 00b1 05       		.uleb128 0x5
 1569 00b2 00       		.byte	0
 1570 00b3 49       		.uleb128 0x49
 1571 00b4 13       		.uleb128 0x13
 1572 00b5 00       		.byte	0
 1573 00b6 00       		.byte	0
 1574 00b7 10       		.uleb128 0x10
 1575 00b8 17       		.uleb128 0x17
 1576 00b9 01       		.byte	0x1
 1577 00ba 0B       		.uleb128 0xb
 1578 00bb 0B       		.uleb128 0xb
 1579 00bc 3A       		.uleb128 0x3a
 1580 00bd 0B       		.uleb128 0xb
 1581 00be 3B       		.uleb128 0x3b
 1582 00bf 0B       		.uleb128 0xb
 1583 00c0 01       		.uleb128 0x1
 1584 00c1 13       		.uleb128 0x13
 1585 00c2 00       		.byte	0
 1586 00c3 00       		.byte	0
 1587 00c4 11       		.uleb128 0x11
 1588 00c5 0D       		.uleb128 0xd
 1589 00c6 00       		.byte	0
 1590 00c7 03       		.uleb128 0x3
 1591 00c8 0E       		.uleb128 0xe
 1592 00c9 3A       		.uleb128 0x3a
 1593 00ca 0B       		.uleb128 0xb
 1594 00cb 3B       		.uleb128 0x3b
ARM GAS  /var/folders/17/bkfps9l155v_zhlnnf_8b0040000gn/T//ccpVN4Jz.s 			page 29


 1595 00cc 0B       		.uleb128 0xb
 1596 00cd 49       		.uleb128 0x49
 1597 00ce 13       		.uleb128 0x13
 1598 00cf 00       		.byte	0
 1599 00d0 00       		.byte	0
 1600 00d1 12       		.uleb128 0x12
 1601 00d2 17       		.uleb128 0x17
 1602 00d3 01       		.byte	0x1
 1603 00d4 03       		.uleb128 0x3
 1604 00d5 0E       		.uleb128 0xe
 1605 00d6 0B       		.uleb128 0xb
 1606 00d7 0B       		.uleb128 0xb
 1607 00d8 3A       		.uleb128 0x3a
 1608 00d9 0B       		.uleb128 0xb
 1609 00da 3B       		.uleb128 0x3b
 1610 00db 0B       		.uleb128 0xb
 1611 00dc 01       		.uleb128 0x1
 1612 00dd 13       		.uleb128 0x13
 1613 00de 00       		.byte	0
 1614 00df 00       		.byte	0
 1615 00e0 13       		.uleb128 0x13
 1616 00e1 0D       		.uleb128 0xd
 1617 00e2 00       		.byte	0
 1618 00e3 03       		.uleb128 0x3
 1619 00e4 08       		.uleb128 0x8
 1620 00e5 3A       		.uleb128 0x3a
 1621 00e6 0B       		.uleb128 0xb
 1622 00e7 3B       		.uleb128 0x3b
 1623 00e8 0B       		.uleb128 0xb
 1624 00e9 49       		.uleb128 0x49
 1625 00ea 13       		.uleb128 0x13
 1626 00eb 00       		.byte	0
 1627 00ec 00       		.byte	0
 1628 00ed 14       		.uleb128 0x14
 1629 00ee 26       		.uleb128 0x26
 1630 00ef 00       		.byte	0
 1631 00f0 49       		.uleb128 0x49
 1632 00f1 13       		.uleb128 0x13
 1633 00f2 00       		.byte	0
 1634 00f3 00       		.byte	0
 1635 00f4 15       		.uleb128 0x15
 1636 00f5 2E       		.uleb128 0x2e
 1637 00f6 01       		.byte	0x1
 1638 00f7 3F       		.uleb128 0x3f
 1639 00f8 19       		.uleb128 0x19
 1640 00f9 03       		.uleb128 0x3
 1641 00fa 0E       		.uleb128 0xe
 1642 00fb 3A       		.uleb128 0x3a
 1643 00fc 0B       		.uleb128 0xb
 1644 00fd 3B       		.uleb128 0x3b
 1645 00fe 0B       		.uleb128 0xb
 1646 00ff 27       		.uleb128 0x27
 1647 0100 19       		.uleb128 0x19
 1648 0101 49       		.uleb128 0x49
 1649 0102 13       		.uleb128 0x13
 1650 0103 11       		.uleb128 0x11
 1651 0104 01       		.uleb128 0x1
ARM GAS  /var/folders/17/bkfps9l155v_zhlnnf_8b0040000gn/T//ccpVN4Jz.s 			page 30


 1652 0105 12       		.uleb128 0x12
 1653 0106 06       		.uleb128 0x6
 1654 0107 40       		.uleb128 0x40
 1655 0108 18       		.uleb128 0x18
 1656 0109 9742     		.uleb128 0x2117
 1657 010b 19       		.uleb128 0x19
 1658 010c 01       		.uleb128 0x1
 1659 010d 13       		.uleb128 0x13
 1660 010e 00       		.byte	0
 1661 010f 00       		.byte	0
 1662 0110 16       		.uleb128 0x16
 1663 0111 05       		.uleb128 0x5
 1664 0112 00       		.byte	0
 1665 0113 03       		.uleb128 0x3
 1666 0114 08       		.uleb128 0x8
 1667 0115 3A       		.uleb128 0x3a
 1668 0116 0B       		.uleb128 0xb
 1669 0117 3B       		.uleb128 0x3b
 1670 0118 0B       		.uleb128 0xb
 1671 0119 49       		.uleb128 0x49
 1672 011a 13       		.uleb128 0x13
 1673 011b 02       		.uleb128 0x2
 1674 011c 18       		.uleb128 0x18
 1675 011d 00       		.byte	0
 1676 011e 00       		.byte	0
 1677 011f 17       		.uleb128 0x17
 1678 0120 0B       		.uleb128 0xb
 1679 0121 01       		.byte	0x1
 1680 0122 11       		.uleb128 0x11
 1681 0123 01       		.uleb128 0x1
 1682 0124 12       		.uleb128 0x12
 1683 0125 06       		.uleb128 0x6
 1684 0126 01       		.uleb128 0x1
 1685 0127 13       		.uleb128 0x13
 1686 0128 00       		.byte	0
 1687 0129 00       		.byte	0
 1688 012a 18       		.uleb128 0x18
 1689 012b 34       		.uleb128 0x34
 1690 012c 00       		.byte	0
 1691 012d 03       		.uleb128 0x3
 1692 012e 08       		.uleb128 0x8
 1693 012f 3A       		.uleb128 0x3a
 1694 0130 0B       		.uleb128 0xb
 1695 0131 3B       		.uleb128 0x3b
 1696 0132 0B       		.uleb128 0xb
 1697 0133 49       		.uleb128 0x49
 1698 0134 13       		.uleb128 0x13
 1699 0135 02       		.uleb128 0x2
 1700 0136 18       		.uleb128 0x18
 1701 0137 00       		.byte	0
 1702 0138 00       		.byte	0
 1703 0139 19       		.uleb128 0x19
 1704 013a 0B       		.uleb128 0xb
 1705 013b 01       		.byte	0x1
 1706 013c 55       		.uleb128 0x55
 1707 013d 17       		.uleb128 0x17
 1708 013e 00       		.byte	0
ARM GAS  /var/folders/17/bkfps9l155v_zhlnnf_8b0040000gn/T//ccpVN4Jz.s 			page 31


 1709 013f 00       		.byte	0
 1710 0140 1A       		.uleb128 0x1a
 1711 0141 2E       		.uleb128 0x2e
 1712 0142 01       		.byte	0x1
 1713 0143 3F       		.uleb128 0x3f
 1714 0144 19       		.uleb128 0x19
 1715 0145 03       		.uleb128 0x3
 1716 0146 0E       		.uleb128 0xe
 1717 0147 3A       		.uleb128 0x3a
 1718 0148 0B       		.uleb128 0xb
 1719 0149 3B       		.uleb128 0x3b
 1720 014a 0B       		.uleb128 0xb
 1721 014b 27       		.uleb128 0x27
 1722 014c 19       		.uleb128 0x19
 1723 014d 11       		.uleb128 0x11
 1724 014e 01       		.uleb128 0x1
 1725 014f 12       		.uleb128 0x12
 1726 0150 06       		.uleb128 0x6
 1727 0151 40       		.uleb128 0x40
 1728 0152 18       		.uleb128 0x18
 1729 0153 9742     		.uleb128 0x2117
 1730 0155 19       		.uleb128 0x19
 1731 0156 01       		.uleb128 0x1
 1732 0157 13       		.uleb128 0x13
 1733 0158 00       		.byte	0
 1734 0159 00       		.byte	0
 1735 015a 1B       		.uleb128 0x1b
 1736 015b 05       		.uleb128 0x5
 1737 015c 00       		.byte	0
 1738 015d 03       		.uleb128 0x3
 1739 015e 08       		.uleb128 0x8
 1740 015f 3A       		.uleb128 0x3a
 1741 0160 0B       		.uleb128 0xb
 1742 0161 3B       		.uleb128 0x3b
 1743 0162 0B       		.uleb128 0xb
 1744 0163 49       		.uleb128 0x49
 1745 0164 13       		.uleb128 0x13
 1746 0165 02       		.uleb128 0x2
 1747 0166 17       		.uleb128 0x17
 1748 0167 00       		.byte	0
 1749 0168 00       		.byte	0
 1750 0169 1C       		.uleb128 0x1c
 1751 016a 34       		.uleb128 0x34
 1752 016b 00       		.byte	0
 1753 016c 03       		.uleb128 0x3
 1754 016d 0E       		.uleb128 0xe
 1755 016e 3A       		.uleb128 0x3a
 1756 016f 0B       		.uleb128 0xb
 1757 0170 3B       		.uleb128 0x3b
 1758 0171 0B       		.uleb128 0xb
 1759 0172 49       		.uleb128 0x49
 1760 0173 13       		.uleb128 0x13
 1761 0174 02       		.uleb128 0x2
 1762 0175 17       		.uleb128 0x17
 1763 0176 00       		.byte	0
 1764 0177 00       		.byte	0
 1765 0178 1D       		.uleb128 0x1d
ARM GAS  /var/folders/17/bkfps9l155v_zhlnnf_8b0040000gn/T//ccpVN4Jz.s 			page 32


 1766 0179 0B       		.uleb128 0xb
 1767 017a 01       		.byte	0x1
 1768 017b 55       		.uleb128 0x55
 1769 017c 17       		.uleb128 0x17
 1770 017d 01       		.uleb128 0x1
 1771 017e 13       		.uleb128 0x13
 1772 017f 00       		.byte	0
 1773 0180 00       		.byte	0
 1774 0181 1E       		.uleb128 0x1e
 1775 0182 898201   		.uleb128 0x4109
 1776 0185 01       		.byte	0x1
 1777 0186 11       		.uleb128 0x11
 1778 0187 01       		.uleb128 0x1
 1779 0188 9542     		.uleb128 0x2115
 1780 018a 19       		.uleb128 0x19
 1781 018b 31       		.uleb128 0x31
 1782 018c 13       		.uleb128 0x13
 1783 018d 01       		.uleb128 0x1
 1784 018e 13       		.uleb128 0x13
 1785 018f 00       		.byte	0
 1786 0190 00       		.byte	0
 1787 0191 1F       		.uleb128 0x1f
 1788 0192 8A8201   		.uleb128 0x410a
 1789 0195 00       		.byte	0
 1790 0196 02       		.uleb128 0x2
 1791 0197 18       		.uleb128 0x18
 1792 0198 9142     		.uleb128 0x2111
 1793 019a 18       		.uleb128 0x18
 1794 019b 00       		.byte	0
 1795 019c 00       		.byte	0
 1796 019d 20       		.uleb128 0x20
 1797 019e 898201   		.uleb128 0x4109
 1798 01a1 01       		.byte	0x1
 1799 01a2 11       		.uleb128 0x11
 1800 01a3 01       		.uleb128 0x1
 1801 01a4 9542     		.uleb128 0x2115
 1802 01a6 19       		.uleb128 0x19
 1803 01a7 31       		.uleb128 0x31
 1804 01a8 13       		.uleb128 0x13
 1805 01a9 00       		.byte	0
 1806 01aa 00       		.byte	0
 1807 01ab 21       		.uleb128 0x21
 1808 01ac 05       		.uleb128 0x5
 1809 01ad 00       		.byte	0
 1810 01ae 03       		.uleb128 0x3
 1811 01af 0E       		.uleb128 0xe
 1812 01b0 3A       		.uleb128 0x3a
 1813 01b1 0B       		.uleb128 0xb
 1814 01b2 3B       		.uleb128 0x3b
 1815 01b3 0B       		.uleb128 0xb
 1816 01b4 49       		.uleb128 0x49
 1817 01b5 13       		.uleb128 0x13
 1818 01b6 02       		.uleb128 0x2
 1819 01b7 17       		.uleb128 0x17
 1820 01b8 00       		.byte	0
 1821 01b9 00       		.byte	0
 1822 01ba 22       		.uleb128 0x22
ARM GAS  /var/folders/17/bkfps9l155v_zhlnnf_8b0040000gn/T//ccpVN4Jz.s 			page 33


 1823 01bb 34       		.uleb128 0x34
 1824 01bc 00       		.byte	0
 1825 01bd 03       		.uleb128 0x3
 1826 01be 08       		.uleb128 0x8
 1827 01bf 3A       		.uleb128 0x3a
 1828 01c0 0B       		.uleb128 0xb
 1829 01c1 3B       		.uleb128 0x3b
 1830 01c2 0B       		.uleb128 0xb
 1831 01c3 49       		.uleb128 0x49
 1832 01c4 13       		.uleb128 0x13
 1833 01c5 02       		.uleb128 0x2
 1834 01c6 17       		.uleb128 0x17
 1835 01c7 00       		.byte	0
 1836 01c8 00       		.byte	0
 1837 01c9 23       		.uleb128 0x23
 1838 01ca 898201   		.uleb128 0x4109
 1839 01cd 01       		.byte	0x1
 1840 01ce 11       		.uleb128 0x11
 1841 01cf 01       		.uleb128 0x1
 1842 01d0 31       		.uleb128 0x31
 1843 01d1 13       		.uleb128 0x13
 1844 01d2 01       		.uleb128 0x1
 1845 01d3 13       		.uleb128 0x13
 1846 01d4 00       		.byte	0
 1847 01d5 00       		.byte	0
 1848 01d6 24       		.uleb128 0x24
 1849 01d7 898201   		.uleb128 0x4109
 1850 01da 01       		.byte	0x1
 1851 01db 11       		.uleb128 0x11
 1852 01dc 01       		.uleb128 0x1
 1853 01dd 31       		.uleb128 0x31
 1854 01de 13       		.uleb128 0x13
 1855 01df 00       		.byte	0
 1856 01e0 00       		.byte	0
 1857 01e1 25       		.uleb128 0x25
 1858 01e2 2E       		.uleb128 0x2e
 1859 01e3 01       		.byte	0x1
 1860 01e4 3F       		.uleb128 0x3f
 1861 01e5 19       		.uleb128 0x19
 1862 01e6 03       		.uleb128 0x3
 1863 01e7 0E       		.uleb128 0xe
 1864 01e8 3A       		.uleb128 0x3a
 1865 01e9 0B       		.uleb128 0xb
 1866 01ea 3B       		.uleb128 0x3b
 1867 01eb 0B       		.uleb128 0xb
 1868 01ec 27       		.uleb128 0x27
 1869 01ed 19       		.uleb128 0x19
 1870 01ee 3C       		.uleb128 0x3c
 1871 01ef 19       		.uleb128 0x19
 1872 01f0 01       		.uleb128 0x1
 1873 01f1 13       		.uleb128 0x13
 1874 01f2 00       		.byte	0
 1875 01f3 00       		.byte	0
 1876 01f4 26       		.uleb128 0x26
 1877 01f5 2E       		.uleb128 0x2e
 1878 01f6 01       		.byte	0x1
 1879 01f7 3F       		.uleb128 0x3f
ARM GAS  /var/folders/17/bkfps9l155v_zhlnnf_8b0040000gn/T//ccpVN4Jz.s 			page 34


 1880 01f8 19       		.uleb128 0x19
 1881 01f9 03       		.uleb128 0x3
 1882 01fa 0E       		.uleb128 0xe
 1883 01fb 3A       		.uleb128 0x3a
 1884 01fc 0B       		.uleb128 0xb
 1885 01fd 3B       		.uleb128 0x3b
 1886 01fe 0B       		.uleb128 0xb
 1887 01ff 27       		.uleb128 0x27
 1888 0200 19       		.uleb128 0x19
 1889 0201 49       		.uleb128 0x49
 1890 0202 13       		.uleb128 0x13
 1891 0203 3C       		.uleb128 0x3c
 1892 0204 19       		.uleb128 0x19
 1893 0205 01       		.uleb128 0x1
 1894 0206 13       		.uleb128 0x13
 1895 0207 00       		.byte	0
 1896 0208 00       		.byte	0
 1897 0209 27       		.uleb128 0x27
 1898 020a 2E       		.uleb128 0x2e
 1899 020b 01       		.byte	0x1
 1900 020c 3F       		.uleb128 0x3f
 1901 020d 19       		.uleb128 0x19
 1902 020e 03       		.uleb128 0x3
 1903 020f 0E       		.uleb128 0xe
 1904 0210 3A       		.uleb128 0x3a
 1905 0211 0B       		.uleb128 0xb
 1906 0212 3B       		.uleb128 0x3b
 1907 0213 05       		.uleb128 0x5
 1908 0214 27       		.uleb128 0x27
 1909 0215 19       		.uleb128 0x19
 1910 0216 49       		.uleb128 0x49
 1911 0217 13       		.uleb128 0x13
 1912 0218 3C       		.uleb128 0x3c
 1913 0219 19       		.uleb128 0x19
 1914 021a 01       		.uleb128 0x1
 1915 021b 13       		.uleb128 0x13
 1916 021c 00       		.byte	0
 1917 021d 00       		.byte	0
 1918 021e 28       		.uleb128 0x28
 1919 021f 2E       		.uleb128 0x2e
 1920 0220 01       		.byte	0x1
 1921 0221 3F       		.uleb128 0x3f
 1922 0222 19       		.uleb128 0x19
 1923 0223 03       		.uleb128 0x3
 1924 0224 0E       		.uleb128 0xe
 1925 0225 3A       		.uleb128 0x3a
 1926 0226 0B       		.uleb128 0xb
 1927 0227 3B       		.uleb128 0x3b
 1928 0228 0B       		.uleb128 0xb
 1929 0229 27       		.uleb128 0x27
 1930 022a 19       		.uleb128 0x19
 1931 022b 49       		.uleb128 0x49
 1932 022c 13       		.uleb128 0x13
 1933 022d 3C       		.uleb128 0x3c
 1934 022e 19       		.uleb128 0x19
 1935 022f 00       		.byte	0
 1936 0230 00       		.byte	0
ARM GAS  /var/folders/17/bkfps9l155v_zhlnnf_8b0040000gn/T//ccpVN4Jz.s 			page 35


 1937 0231 00       		.byte	0
 1938              		.section	.debug_loc,"",%progbits
 1939              	.Ldebug_loc0:
 1940              	.LLST0:
 1941 0000 00000000 		.4byte	.LVL1
 1942 0004 3F000000 		.4byte	.LVL4-1
 1943 0008 0100     		.2byte	0x1
 1944 000a 50       		.byte	0x50
 1945 000b 3F000000 		.4byte	.LVL4-1
 1946 000f 40000000 		.4byte	.LVL4
 1947 0013 0400     		.2byte	0x4
 1948 0015 F3       		.byte	0xf3
 1949 0016 01       		.uleb128 0x1
 1950 0017 50       		.byte	0x50
 1951 0018 9F       		.byte	0x9f
 1952 0019 40000000 		.4byte	.LVL4
 1953 001d 44000000 		.4byte	.LVL5
 1954 0021 0100     		.2byte	0x1
 1955 0023 50       		.byte	0x50
 1956 0024 44000000 		.4byte	.LVL5
 1957 0028 53000000 		.4byte	.LVL7-1
 1958 002c 0100     		.2byte	0x1
 1959 002e 52       		.byte	0x52
 1960 002f 53000000 		.4byte	.LVL7-1
 1961 0033 54000000 		.4byte	.LFE8
 1962 0037 0400     		.2byte	0x4
 1963 0039 F3       		.byte	0xf3
 1964 003a 01       		.uleb128 0x1
 1965 003b 50       		.byte	0x50
 1966 003c 9F       		.byte	0x9f
 1967 003d 00000000 		.4byte	0
 1968 0041 00000000 		.4byte	0
 1969              	.LLST1:
 1970 0045 12000000 		.4byte	.LVL2
 1971 0049 34000000 		.4byte	.LVL3
 1972 004d 0100     		.2byte	0x1
 1973 004f 51       		.byte	0x51
 1974 0050 40000000 		.4byte	.LVL4
 1975 0054 46000000 		.4byte	.LVL6
 1976 0058 0100     		.2byte	0x1
 1977 005a 51       		.byte	0x51
 1978 005b 00000000 		.4byte	0
 1979 005f 00000000 		.4byte	0
 1980              	.LLST2:
 1981 0063 00000000 		.4byte	.LVL8
 1982 0067 0D000000 		.4byte	.LVL9-1
 1983 006b 0100     		.2byte	0x1
 1984 006d 50       		.byte	0x50
 1985 006e 0D000000 		.4byte	.LVL9-1
 1986 0072 3C000000 		.4byte	.LFE9
 1987 0076 0400     		.2byte	0x4
 1988 0078 F3       		.byte	0xf3
 1989 0079 01       		.uleb128 0x1
 1990 007a 50       		.byte	0x50
 1991 007b 9F       		.byte	0x9f
 1992 007c 00000000 		.4byte	0
 1993 0080 00000000 		.4byte	0
ARM GAS  /var/folders/17/bkfps9l155v_zhlnnf_8b0040000gn/T//ccpVN4Jz.s 			page 36


 1994              	.LLST3:
 1995 0084 00000000 		.4byte	.LVL8
 1996 0088 0D000000 		.4byte	.LVL9-1
 1997 008c 0100     		.2byte	0x1
 1998 008e 51       		.byte	0x51
 1999 008f 0D000000 		.4byte	.LVL9-1
 2000 0093 3C000000 		.4byte	.LFE9
 2001 0097 0100     		.2byte	0x1
 2002 0099 55       		.byte	0x55
 2003 009a 00000000 		.4byte	0
 2004 009e 00000000 		.4byte	0
 2005              	.LLST4:
 2006 00a2 00000000 		.4byte	.LVL8
 2007 00a6 0D000000 		.4byte	.LVL9-1
 2008 00aa 0100     		.2byte	0x1
 2009 00ac 52       		.byte	0x52
 2010 00ad 0D000000 		.4byte	.LVL9-1
 2011 00b1 3C000000 		.4byte	.LFE9
 2012 00b5 0100     		.2byte	0x1
 2013 00b7 56       		.byte	0x56
 2014 00b8 00000000 		.4byte	0
 2015 00bc 00000000 		.4byte	0
 2016              	.LLST5:
 2017 00c0 00000000 		.4byte	.LVL8
 2018 00c4 0D000000 		.4byte	.LVL9-1
 2019 00c8 0100     		.2byte	0x1
 2020 00ca 53       		.byte	0x53
 2021 00cb 0D000000 		.4byte	.LVL9-1
 2022 00cf 2C000000 		.4byte	.LVL11
 2023 00d3 0100     		.2byte	0x1
 2024 00d5 54       		.byte	0x54
 2025 00d6 2C000000 		.4byte	.LVL11
 2026 00da 3C000000 		.4byte	.LFE9
 2027 00de 0400     		.2byte	0x4
 2028 00e0 F3       		.byte	0xf3
 2029 00e1 01       		.uleb128 0x1
 2030 00e2 53       		.byte	0x53
 2031 00e3 9F       		.byte	0x9f
 2032 00e4 00000000 		.4byte	0
 2033 00e8 00000000 		.4byte	0
 2034              	.LLST6:
 2035 00ec 0E000000 		.4byte	.LVL9
 2036 00f0 23000000 		.4byte	.LVL10-1
 2037 00f4 0100     		.2byte	0x1
 2038 00f6 50       		.byte	0x50
 2039 00f7 00000000 		.4byte	0
 2040 00fb 00000000 		.4byte	0
 2041              	.LLST7:
 2042 00ff 2C000000 		.4byte	.LVL11
 2043 0103 2F000000 		.4byte	.LVL12-1
 2044 0107 0100     		.2byte	0x1
 2045 0109 50       		.byte	0x50
 2046 010a 2F000000 		.4byte	.LVL12-1
 2047 010e 38000000 		.4byte	.LVL13
 2048 0112 0100     		.2byte	0x1
 2049 0114 54       		.byte	0x54
 2050 0115 00000000 		.4byte	0
ARM GAS  /var/folders/17/bkfps9l155v_zhlnnf_8b0040000gn/T//ccpVN4Jz.s 			page 37


 2051 0119 00000000 		.4byte	0
 2052              	.LLST8:
 2053 011d 00000000 		.4byte	.LVL14
 2054 0121 0F000000 		.4byte	.LVL15-1
 2055 0125 0100     		.2byte	0x1
 2056 0127 50       		.byte	0x50
 2057 0128 0F000000 		.4byte	.LVL15-1
 2058 012c 3E000000 		.4byte	.LFE10
 2059 0130 0100     		.2byte	0x1
 2060 0132 55       		.byte	0x55
 2061 0133 00000000 		.4byte	0
 2062 0137 00000000 		.4byte	0
 2063              	.LLST9:
 2064 013b 00000000 		.4byte	.LVL14
 2065 013f 0F000000 		.4byte	.LVL15-1
 2066 0143 0100     		.2byte	0x1
 2067 0145 51       		.byte	0x51
 2068 0146 0F000000 		.4byte	.LVL15-1
 2069 014a 3E000000 		.4byte	.LFE10
 2070 014e 0100     		.2byte	0x1
 2071 0150 57       		.byte	0x57
 2072 0151 00000000 		.4byte	0
 2073 0155 00000000 		.4byte	0
 2074              	.LLST10:
 2075 0159 00000000 		.4byte	.LVL14
 2076 015d 0F000000 		.4byte	.LVL15-1
 2077 0161 0100     		.2byte	0x1
 2078 0163 52       		.byte	0x52
 2079 0164 0F000000 		.4byte	.LVL15-1
 2080 0168 2E000000 		.4byte	.LVL17
 2081 016c 0100     		.2byte	0x1
 2082 016e 54       		.byte	0x54
 2083 016f 2E000000 		.4byte	.LVL17
 2084 0173 3E000000 		.4byte	.LFE10
 2085 0177 0400     		.2byte	0x4
 2086 0179 F3       		.byte	0xf3
 2087 017a 01       		.uleb128 0x1
 2088 017b 52       		.byte	0x52
 2089 017c 9F       		.byte	0x9f
 2090 017d 00000000 		.4byte	0
 2091 0181 00000000 		.4byte	0
 2092              	.LLST11:
 2093 0185 00000000 		.4byte	.LVL14
 2094 0189 0F000000 		.4byte	.LVL15-1
 2095 018d 0100     		.2byte	0x1
 2096 018f 53       		.byte	0x53
 2097 0190 0F000000 		.4byte	.LVL15-1
 2098 0194 3E000000 		.4byte	.LFE10
 2099 0198 0100     		.2byte	0x1
 2100 019a 56       		.byte	0x56
 2101 019b 00000000 		.4byte	0
 2102 019f 00000000 		.4byte	0
 2103              	.LLST12:
 2104 01a3 10000000 		.4byte	.LVL15
 2105 01a7 23000000 		.4byte	.LVL16-1
 2106 01ab 0100     		.2byte	0x1
 2107 01ad 50       		.byte	0x50
ARM GAS  /var/folders/17/bkfps9l155v_zhlnnf_8b0040000gn/T//ccpVN4Jz.s 			page 38


 2108 01ae 00000000 		.4byte	0
 2109 01b2 00000000 		.4byte	0
 2110              	.LLST13:
 2111 01b6 2E000000 		.4byte	.LVL17
 2112 01ba 31000000 		.4byte	.LVL18-1
 2113 01be 0100     		.2byte	0x1
 2114 01c0 50       		.byte	0x50
 2115 01c1 31000000 		.4byte	.LVL18-1
 2116 01c5 3A000000 		.4byte	.LVL19
 2117 01c9 0100     		.2byte	0x1
 2118 01cb 54       		.byte	0x54
 2119 01cc 00000000 		.4byte	0
 2120 01d0 00000000 		.4byte	0
 2121              		.section	.debug_aranges,"",%progbits
 2122 0000 34000000 		.4byte	0x34
 2123 0004 0200     		.2byte	0x2
 2124 0006 00000000 		.4byte	.Ldebug_info0
 2125 000a 04       		.byte	0x4
 2126 000b 00       		.byte	0
 2127 000c 0000     		.2byte	0
 2128 000e 0000     		.2byte	0
 2129 0010 00000000 		.4byte	.LFB7
 2130 0014 14000000 		.4byte	.LFE7-.LFB7
 2131 0018 00000000 		.4byte	.LFB8
 2132 001c 54000000 		.4byte	.LFE8-.LFB8
 2133 0020 00000000 		.4byte	.LFB9
 2134 0024 3C000000 		.4byte	.LFE9-.LFB9
 2135 0028 00000000 		.4byte	.LFB10
 2136 002c 3E000000 		.4byte	.LFE10-.LFB10
 2137 0030 00000000 		.4byte	0
 2138 0034 00000000 		.4byte	0
 2139              		.section	.debug_ranges,"",%progbits
 2140              	.Ldebug_ranges0:
 2141 0000 08000000 		.4byte	.LBB3
 2142 0004 0A000000 		.4byte	.LBE3
 2143 0008 0E000000 		.4byte	.LBB4
 2144 000c 12000000 		.4byte	.LBE4
 2145 0010 00000000 		.4byte	0
 2146 0014 00000000 		.4byte	0
 2147 0018 0A000000 		.4byte	.LBB6
 2148 001c 0C000000 		.4byte	.LBE6
 2149 0020 12000000 		.4byte	.LBB7
 2150 0024 16000000 		.4byte	.LBE7
 2151 0028 00000000 		.4byte	0
 2152 002c 00000000 		.4byte	0
 2153 0030 00000000 		.4byte	.LFB7
 2154 0034 14000000 		.4byte	.LFE7
 2155 0038 00000000 		.4byte	.LFB8
 2156 003c 54000000 		.4byte	.LFE8
 2157 0040 00000000 		.4byte	.LFB9
 2158 0044 3C000000 		.4byte	.LFE9
 2159 0048 00000000 		.4byte	.LFB10
 2160 004c 3E000000 		.4byte	.LFE10
 2161 0050 00000000 		.4byte	0
 2162 0054 00000000 		.4byte	0
 2163              		.section	.debug_line,"",%progbits
 2164              	.Ldebug_line0:
ARM GAS  /var/folders/17/bkfps9l155v_zhlnnf_8b0040000gn/T//ccpVN4Jz.s 			page 39


 2165 0000 0E020000 		.section	.debug_str,"MS",%progbits,1
 2165      02009101 
 2165      00000201 
 2165      FB0E0D00 
 2165      01010101 
 2166              	.LASF75:
 2167 0000 7466756E 		.ascii	"tfunc_t\000"
 2167      635F7400 
 2168              	.LASF89:
 2169 0008 2E2E2F2E 		.ascii	"../../vexell/../ChibiOS-RT/os/kernel/src/chdynamic."
 2169      2E2F7665 
 2169      78656C6C 
 2169      2F2E2E2F 
 2169      43686962 
 2170 003b 6300     		.ascii	"c\000"
 2171              	.LASF38:
 2172 003d 705F6D73 		.ascii	"p_msg\000"
 2172      6700
 2173              	.LASF3:
 2174 0043 73697A65 		.ascii	"size_t\000"
 2174      5F7400
 2175              	.LASF70:
 2176 004a 7264796D 		.ascii	"rdymsg\000"
 2176      736700
 2177              	.LASF12:
 2178 0051 75696E74 		.ascii	"uint64_t\000"
 2178      36345F74 
 2178      00
 2179              	.LASF69:
 2180 005a 4D656D6F 		.ascii	"MemoryPool\000"
 2180      7279506F 
 2180      6F6C00
 2181              	.LASF54:
 2182 0065 6D656D67 		.ascii	"memgetfunc_t\000"
 2182      65746675 
 2182      6E635F74 
 2182      00
 2183              	.LASF13:
 2184 0072 6C6F6E67 		.ascii	"long long unsigned int\000"
 2184      206C6F6E 
 2184      6720756E 
 2184      7369676E 
 2184      65642069 
 2185              	.LASF71:
 2186 0089 65786974 		.ascii	"exitcode\000"
 2186      636F6465 
 2186      00
 2187              	.LASF58:
 2188 0092 685F6672 		.ascii	"h_free\000"
 2188      656500
 2189              	.LASF79:
 2190 0099 68656170 		.ascii	"heapp\000"
 2190      7000
 2191              	.LASF60:
 2192 009f 6E657874 		.ascii	"next\000"
 2192      00
 2193              	.LASF26:
ARM GAS  /var/folders/17/bkfps9l155v_zhlnnf_8b0040000gn/T//ccpVN4Jz.s 			page 40


 2194 00a4 705F7072 		.ascii	"p_prio\000"
 2194      696F00
 2195              	.LASF6:
 2196 00ab 6C6F6E67 		.ascii	"long long int\000"
 2196      206C6F6E 
 2196      6720696E 
 2196      7400
 2197              	.LASF1:
 2198 00b9 7369676E 		.ascii	"signed char\000"
 2198      65642063 
 2198      68617200 
 2199              	.LASF59:
 2200 00c5 685F6D74 		.ascii	"h_mtx\000"
 2200      7800
 2201              	.LASF42:
 2202 00cb 705F6D70 		.ascii	"p_mpool\000"
 2202      6F6F6C00 
 2203              	.LASF51:
 2204 00d3 6D5F7175 		.ascii	"m_queue\000"
 2204      65756500 
 2205              	.LASF82:
 2206 00db 63684865 		.ascii	"chHeapFree\000"
 2206      61704672 
 2206      656500
 2207              	.LASF18:
 2208 00e6 74736C69 		.ascii	"tslices_t\000"
 2208      6365735F 
 2208      7400
 2209              	.LASF85:
 2210 00f0 63685468 		.ascii	"chThdCreateI\000"
 2210      64437265 
 2210      61746549 
 2210      00
 2211              	.LASF5:
 2212 00fd 6C6F6E67 		.ascii	"long int\000"
 2212      20696E74 
 2212      00
 2213              	.LASF78:
 2214 0106 63685468 		.ascii	"chThdCreateFromHeap\000"
 2214      64437265 
 2214      61746546 
 2214      726F6D48 
 2214      65617000 
 2215              	.LASF16:
 2216 011a 74737461 		.ascii	"tstate_t\000"
 2216      74655F74 
 2216      00
 2217              	.LASF66:
 2218 0123 6D705F6E 		.ascii	"mp_next\000"
 2218      65787400 
 2219              	.LASF28:
 2220 012b 705F6E65 		.ascii	"p_newer\000"
 2220      77657200 
 2221              	.LASF81:
 2222 0133 63685468 		.ascii	"chThdCreateFromMemoryPool\000"
 2222      64437265 
 2222      61746546 
ARM GAS  /var/folders/17/bkfps9l155v_zhlnnf_8b0040000gn/T//ccpVN4Jz.s 			page 41


 2222      726F6D4D 
 2222      656D6F72 
 2223              	.LASF68:
 2224 014d 6D705F70 		.ascii	"mp_provider\000"
 2224      726F7669 
 2224      64657200 
 2225              	.LASF45:
 2226 0159 72656761 		.ascii	"regarm_t\000"
 2226      726D5F74 
 2226      00
 2227              	.LASF62:
 2228 0162 616C6967 		.ascii	"align\000"
 2228      6E00
 2229              	.LASF0:
 2230 0168 756E7369 		.ascii	"unsigned int\000"
 2230      676E6564 
 2230      20696E74 
 2230      00
 2231              	.LASF11:
 2232 0175 6C6F6E67 		.ascii	"long unsigned int\000"
 2232      20756E73 
 2232      69676E65 
 2232      6420696E 
 2232      7400
 2233              	.LASF48:
 2234 0187 636F6E74 		.ascii	"context\000"
 2234      65787400 
 2235              	.LASF63:
 2236 018f 73697A65 		.ascii	"size\000"
 2236      00
 2237              	.LASF9:
 2238 0194 73686F72 		.ascii	"short unsigned int\000"
 2238      7420756E 
 2238      7369676E 
 2238      65642069 
 2238      6E7400
 2239              	.LASF20:
 2240 01a7 6D73675F 		.ascii	"msg_t\000"
 2240      7400
 2241              	.LASF15:
 2242 01ad 746D6F64 		.ascii	"tmode_t\000"
 2242      655F7400 
 2243              	.LASF44:
 2244 01b5 54687265 		.ascii	"ThreadsList\000"
 2244      6164734C 
 2244      69737400 
 2245              	.LASF21:
 2246 01c1 6576656E 		.ascii	"eventmask_t\000"
 2246      746D6173 
 2246      6B5F7400 
 2247              	.LASF50:
 2248 01cd 4D757465 		.ascii	"Mutex\000"
 2248      7800
 2249              	.LASF77:
 2250 01d3 63685468 		.ascii	"chThdAddRef\000"
 2250      64416464 
 2250      52656600 
ARM GAS  /var/folders/17/bkfps9l155v_zhlnnf_8b0040000gn/T//ccpVN4Jz.s 			page 42


 2251              	.LASF46:
 2252 01df 73746B61 		.ascii	"stkalign_t\000"
 2252      6C69676E 
 2252      5F7400
 2253              	.LASF49:
 2254 01ea 73697A65 		.ascii	"sizetype\000"
 2254      74797065 
 2254      00
 2255              	.LASF29:
 2256 01f3 705F6F6C 		.ascii	"p_older\000"
 2256      64657200 
 2257              	.LASF43:
 2258 01fb 54687265 		.ascii	"ThreadsQueue\000"
 2258      61647351 
 2258      75657565 
 2258      00
 2259              	.LASF67:
 2260 0208 6D705F6F 		.ascii	"mp_object_size\000"
 2260      626A6563 
 2260      745F7369 
 2260      7A6500
 2261              	.LASF80:
 2262 0217 7072696F 		.ascii	"prio\000"
 2262      00
 2263              	.LASF55:
 2264 021c 4D656D6F 		.ascii	"MemoryHeap\000"
 2264      72794865 
 2264      617000
 2265              	.LASF65:
 2266 0227 70685F6E 		.ascii	"ph_next\000"
 2266      65787400 
 2267              	.LASF90:
 2268 022f 2F557365 		.ascii	"/Users/leroux/src/robotics/vex/convex-vexell/projec"
 2268      72732F6C 
 2268      65726F75 
 2268      782F7372 
 2268      632F726F 
 2269 0262 74732F64 		.ascii	"ts/default\000"
 2269      65666175 
 2269      6C7400
 2270              	.LASF17:
 2271 026d 74726566 		.ascii	"trefs_t\000"
 2271      735F7400 
 2272              	.LASF76:
 2273 0275 72656673 		.ascii	"refs\000"
 2273      00
 2274              	.LASF25:
 2275 027a 705F7072 		.ascii	"p_prev\000"
 2275      657600
 2276              	.LASF19:
 2277 0281 74707269 		.ascii	"tprio_t\000"
 2277      6F5F7400 
 2278              	.LASF14:
 2279 0289 5F426F6F 		.ascii	"_Bool\000"
 2279      6C00
 2280              	.LASF4:
 2281 028f 696E7433 		.ascii	"int32_t\000"
ARM GAS  /var/folders/17/bkfps9l155v_zhlnnf_8b0040000gn/T//ccpVN4Jz.s 			page 43


 2281      325F7400 
 2282              	.LASF8:
 2283 0297 756E7369 		.ascii	"unsigned char\000"
 2283      676E6564 
 2283      20636861 
 2283      7200
 2284              	.LASF57:
 2285 02a5 685F7072 		.ascii	"h_provider\000"
 2285      6F766964 
 2285      657200
 2286              	.LASF40:
 2287 02b0 705F6D74 		.ascii	"p_mtxlist\000"
 2287      786C6973 
 2287      7400
 2288              	.LASF2:
 2289 02ba 73686F72 		.ascii	"short int\000"
 2289      7420696E 
 2289      7400
 2290              	.LASF31:
 2291 02c4 705F7374 		.ascii	"p_state\000"
 2291      61746500 
 2292              	.LASF34:
 2293 02cc 705F7072 		.ascii	"p_preempt\000"
 2293      65656D70 
 2293      7400
 2294              	.LASF91:
 2295 02d6 68656170 		.ascii	"heap_header\000"
 2295      5F686561 
 2295      64657200 
 2296              	.LASF73:
 2297 02e2 65776D61 		.ascii	"ewmask\000"
 2297      736B00
 2298              	.LASF24:
 2299 02e9 705F6E65 		.ascii	"p_next\000"
 2299      787400
 2300              	.LASF32:
 2301 02f0 705F666C 		.ascii	"p_flags\000"
 2301      61677300 
 2302              	.LASF92:
 2303 02f8 63685468 		.ascii	"chThdRelease\000"
 2303      6452656C 
 2303      65617365 
 2303      00
 2304              	.LASF23:
 2305 0305 54687265 		.ascii	"Thread\000"
 2305      616400
 2306              	.LASF84:
 2307 030c 63684865 		.ascii	"chHeapAlloc\000"
 2307      6170416C 
 2307      6C6F6300 
 2308              	.LASF39:
 2309 0318 705F6570 		.ascii	"p_epending\000"
 2309      656E6469 
 2309      6E6700
 2310              	.LASF10:
 2311 0323 75696E74 		.ascii	"uint32_t\000"
 2311      33325F74 
ARM GAS  /var/folders/17/bkfps9l155v_zhlnnf_8b0040000gn/T//ccpVN4Jz.s 			page 44


 2311      00
 2312              	.LASF61:
 2313 032c 68656170 		.ascii	"heap\000"
 2313      00
 2314              	.LASF74:
 2315 0331 63686172 		.ascii	"char\000"
 2315      00
 2316              	.LASF53:
 2317 0336 6D5F6E65 		.ascii	"m_next\000"
 2317      787400
 2318              	.LASF22:
 2319 033d 73797374 		.ascii	"systime_t\000"
 2319      696D655F 
 2319      7400
 2320              	.LASF41:
 2321 0347 705F7265 		.ascii	"p_realprio\000"
 2321      616C7072 
 2321      696F00
 2322              	.LASF35:
 2323 0352 705F7469 		.ascii	"p_time\000"
 2323      6D6500
 2324              	.LASF88:
 2325 0359 474E5520 		.ascii	"GNU C 4.8.3 20131129 (release) [ARM/embedded-4_8-br"
 2325      4320342E 
 2325      382E3320 
 2325      32303133 
 2325      31313239 
 2326 038c 616E6368 		.ascii	"anch revision 205641] -mcpu=cortex-m3 -mno-thumb-in"
 2326      20726576 
 2326      6973696F 
 2326      6E203230 
 2326      35363431 
 2327 03bf 74657277 		.ascii	"terwork -mthumb -ggdb -O2 -std=gnu99 -fomit-frame-p"
 2327      6F726B20 
 2327      2D6D7468 
 2327      756D6220 
 2327      2D676764 
 2328 03f2 6F696E74 		.ascii	"ointer -falign-functions=16 -ffreestanding -fno-str"
 2328      6572202D 
 2328      66616C69 
 2328      676E2D66 
 2328      756E6374 
 2329 0425 6963742D 		.ascii	"ict-aliasing -ffunction-sections -fdata-sections -f"
 2329      616C6961 
 2329      73696E67 
 2329      202D6666 
 2329      756E6374 
 2330 0458 6E6F2D63 		.ascii	"no-common\000"
 2330      6F6D6D6F 
 2330      6E00
 2331              	.LASF47:
 2332 0462 696E7463 		.ascii	"intctx\000"
 2332      747800
 2333              	.LASF37:
 2334 0469 705F6D73 		.ascii	"p_msgqueue\000"
 2334      67717565 
 2334      756500
ARM GAS  /var/folders/17/bkfps9l155v_zhlnnf_8b0040000gn/T//ccpVN4Jz.s 			page 45


 2335              	.LASF86:
 2336 0474 63685363 		.ascii	"chSchWakeupS\000"
 2336      6857616B 
 2336      65757053 
 2336      00
 2337              	.LASF64:
 2338 0481 706F6F6C 		.ascii	"pool_header\000"
 2338      5F686561 
 2338      64657200 
 2339              	.LASF33:
 2340 048d 705F7265 		.ascii	"p_refs\000"
 2340      667300
 2341              	.LASF7:
 2342 0494 75696E74 		.ascii	"uint8_t\000"
 2342      385F7400 
 2343              	.LASF87:
 2344 049c 6368506F 		.ascii	"chPoolAlloc\000"
 2344      6F6C416C 
 2344      6C6F6300 
 2345              	.LASF83:
 2346 04a8 6368506F 		.ascii	"chPoolFree\000"
 2346      6F6C4672 
 2346      656500
 2347              	.LASF72:
 2348 04b3 77746F62 		.ascii	"wtobjp\000"
 2348      6A7000
 2349              	.LASF30:
 2350 04ba 705F6E61 		.ascii	"p_name\000"
 2350      6D6500
 2351              	.LASF52:
 2352 04c1 6D5F6F77 		.ascii	"m_owner\000"
 2352      6E657200 
 2353              	.LASF27:
 2354 04c9 705F6374 		.ascii	"p_ctx\000"
 2354      7800
 2355              	.LASF36:
 2356 04cf 705F7761 		.ascii	"p_waiting\000"
 2356      6974696E 
 2356      6700
 2357              	.LASF56:
 2358 04d9 6D656D6F 		.ascii	"memory_heap\000"
 2358      72795F68 
 2358      65617000 
 2359              		.ident	"GCC: (GNU Tools for ARM Embedded Processors) 4.8.3 20131129 (release) [ARM/embedded-4_8-br
ARM GAS  /var/folders/17/bkfps9l155v_zhlnnf_8b0040000gn/T//ccpVN4Jz.s 			page 46


DEFINED SYMBOLS
                            *ABS*:0000000000000000 chdynamic.c
/var/folders/17/bkfps9l155v_zhlnnf_8b0040000gn/T//ccpVN4Jz.s:19     .text.chThdAddRef:0000000000000000 $t
/var/folders/17/bkfps9l155v_zhlnnf_8b0040000gn/T//ccpVN4Jz.s:25     .text.chThdAddRef:0000000000000000 chThdAddRef
/var/folders/17/bkfps9l155v_zhlnnf_8b0040000gn/T//ccpVN4Jz.s:64     .text.chThdRelease:0000000000000000 $t
/var/folders/17/bkfps9l155v_zhlnnf_8b0040000gn/T//ccpVN4Jz.s:70     .text.chThdRelease:0000000000000000 chThdRelease
/var/folders/17/bkfps9l155v_zhlnnf_8b0040000gn/T//ccpVN4Jz.s:156    .text.chThdCreateFromHeap:0000000000000000 $t
/var/folders/17/bkfps9l155v_zhlnnf_8b0040000gn/T//ccpVN4Jz.s:162    .text.chThdCreateFromHeap:0000000000000000 chThdCreateFromHeap
/var/folders/17/bkfps9l155v_zhlnnf_8b0040000gn/T//ccpVN4Jz.s:233    .text.chThdCreateFromMemoryPool:0000000000000000 $t
/var/folders/17/bkfps9l155v_zhlnnf_8b0040000gn/T//ccpVN4Jz.s:239    .text.chThdCreateFromMemoryPool:0000000000000000 chThdCreateFromMemoryPool
                     .debug_frame:0000000000000010 $d

UNDEFINED SYMBOLS
chHeapFree
chPoolFree
chHeapAlloc
chThdCreateI
chSchWakeupS
chPoolAlloc
