ARM GAS  /var/folders/17/bkfps9l155v_zhlnnf_8b0040000gn/T//ccoVgCJ3.s 			page 1


   1              		.syntax unified
   2              		.cpu cortex-m3
   3              		.fpu softvfp
   4              		.eabi_attribute 20, 1
   5              		.eabi_attribute 21, 1
   6              		.eabi_attribute 23, 3
   7              		.eabi_attribute 24, 1
   8              		.eabi_attribute 25, 1
   9              		.eabi_attribute 26, 1
  10              		.eabi_attribute 30, 2
  11              		.eabi_attribute 34, 1
  12              		.eabi_attribute 18, 4
  13              		.thumb
  14              		.file	"chlists.c"
  15              		.text
  16              	.Ltext0:
  17              		.cfi_sections	.debug_frame
  18              	.Letext0:
  19              		.section	.debug_info,"",%progbits
  20              	.Ldebug_info0:
  21 0000 75000000 		.4byte	0x75
  22 0004 0400     		.2byte	0x4
  23 0006 00000000 		.4byte	.Ldebug_abbrev0
  24 000a 04       		.byte	0x4
  25 000b 01       		.uleb128 0x1
  26 000c 1B000000 		.4byte	.LASF12
  27 0010 01       		.byte	0x1
  28 0011 DF010000 		.4byte	.LASF13
  29 0015 6F010000 		.4byte	.LASF14
  30 0019 00000000 		.4byte	.Ldebug_line0
  31 001d 02       		.uleb128 0x2
  32 001e 04       		.byte	0x4
  33 001f 05       		.byte	0x5
  34 0020 696E7400 		.ascii	"int\000"
  35 0024 03       		.uleb128 0x3
  36 0025 04       		.byte	0x4
  37 0026 07       		.byte	0x7
  38 0027 0E000000 		.4byte	.LASF0
  39 002b 03       		.uleb128 0x3
  40 002c 01       		.byte	0x1
  41 002d 06       		.byte	0x6
  42 002e C0010000 		.4byte	.LASF1
  43 0032 03       		.uleb128 0x3
  44 0033 02       		.byte	0x2
  45 0034 05       		.byte	0x5
  46 0035 CC010000 		.4byte	.LASF2
  47 0039 03       		.uleb128 0x3
  48 003a 04       		.byte	0x4
  49 003b 05       		.byte	0x5
  50 003c 60010000 		.4byte	.LASF3
  51 0040 03       		.uleb128 0x3
  52 0041 08       		.byte	0x8
  53 0042 05       		.byte	0x5
  54 0043 00000000 		.4byte	.LASF4
  55 0047 03       		.uleb128 0x3
  56 0048 01       		.byte	0x1
  57 0049 08       		.byte	0x8
ARM GAS  /var/folders/17/bkfps9l155v_zhlnnf_8b0040000gn/T//ccoVgCJ3.s 			page 2


  58 004a 4D010000 		.4byte	.LASF5
  59 004e 03       		.uleb128 0x3
  60 004f 02       		.byte	0x2
  61 0050 07       		.byte	0x7
  62 0051 AD010000 		.4byte	.LASF6
  63 0055 03       		.uleb128 0x3
  64 0056 04       		.byte	0x4
  65 0057 07       		.byte	0x7
  66 0058 24010000 		.4byte	.LASF7
  67 005c 03       		.uleb128 0x3
  68 005d 08       		.byte	0x8
  69 005e 07       		.byte	0x7
  70 005f 36010000 		.4byte	.LASF8
  71 0063 03       		.uleb128 0x3
  72 0064 01       		.byte	0x1
  73 0065 02       		.byte	0x2
  74 0066 69010000 		.4byte	.LASF9
  75 006a 03       		.uleb128 0x3
  76 006b 04       		.byte	0x4
  77 006c 07       		.byte	0x7
  78 006d D6010000 		.4byte	.LASF10
  79 0071 03       		.uleb128 0x3
  80 0072 01       		.byte	0x1
  81 0073 08       		.byte	0x8
  82 0074 5B010000 		.4byte	.LASF11
  83 0078 00       		.byte	0
  84              		.section	.debug_abbrev,"",%progbits
  85              	.Ldebug_abbrev0:
  86 0000 01       		.uleb128 0x1
  87 0001 11       		.uleb128 0x11
  88 0002 01       		.byte	0x1
  89 0003 25       		.uleb128 0x25
  90 0004 0E       		.uleb128 0xe
  91 0005 13       		.uleb128 0x13
  92 0006 0B       		.uleb128 0xb
  93 0007 03       		.uleb128 0x3
  94 0008 0E       		.uleb128 0xe
  95 0009 1B       		.uleb128 0x1b
  96 000a 0E       		.uleb128 0xe
  97 000b 10       		.uleb128 0x10
  98 000c 17       		.uleb128 0x17
  99 000d 00       		.byte	0
 100 000e 00       		.byte	0
 101 000f 02       		.uleb128 0x2
 102 0010 24       		.uleb128 0x24
 103 0011 00       		.byte	0
 104 0012 0B       		.uleb128 0xb
 105 0013 0B       		.uleb128 0xb
 106 0014 3E       		.uleb128 0x3e
 107 0015 0B       		.uleb128 0xb
 108 0016 03       		.uleb128 0x3
 109 0017 08       		.uleb128 0x8
 110 0018 00       		.byte	0
 111 0019 00       		.byte	0
 112 001a 03       		.uleb128 0x3
 113 001b 24       		.uleb128 0x24
 114 001c 00       		.byte	0
ARM GAS  /var/folders/17/bkfps9l155v_zhlnnf_8b0040000gn/T//ccoVgCJ3.s 			page 3


 115 001d 0B       		.uleb128 0xb
 116 001e 0B       		.uleb128 0xb
 117 001f 3E       		.uleb128 0x3e
 118 0020 0B       		.uleb128 0xb
 119 0021 03       		.uleb128 0x3
 120 0022 0E       		.uleb128 0xe
 121 0023 00       		.byte	0
 122 0024 00       		.byte	0
 123 0025 00       		.byte	0
 124              		.section	.debug_aranges,"",%progbits
 125 0000 14000000 		.4byte	0x14
 126 0004 0200     		.2byte	0x2
 127 0006 00000000 		.4byte	.Ldebug_info0
 128 000a 04       		.byte	0x4
 129 000b 00       		.byte	0
 130 000c 0000     		.2byte	0
 131 000e 0000     		.2byte	0
 132 0010 00000000 		.4byte	0
 133 0014 00000000 		.4byte	0
 134              		.section	.debug_line,"",%progbits
 135              	.Ldebug_line0:
 136 0000 19000000 		.section	.debug_str,"MS",%progbits,1
 136      02001300 
 136      00000201 
 136      FB0E0D00 
 136      01010101 
 137              	.LASF4:
 138 0000 6C6F6E67 		.ascii	"long long int\000"
 138      206C6F6E 
 138      6720696E 
 138      7400
 139              	.LASF0:
 140 000e 756E7369 		.ascii	"unsigned int\000"
 140      676E6564 
 140      20696E74 
 140      00
 141              	.LASF12:
 142 001b 474E5520 		.ascii	"GNU C 4.8.3 20131129 (release) [ARM/embedded-4_8-br"
 142      4320342E 
 142      382E3320 
 142      32303133 
 142      31313239 
 143 004e 616E6368 		.ascii	"anch revision 205641] -mcpu=cortex-m3 -mno-thumb-in"
 143      20726576 
 143      6973696F 
 143      6E203230 
 143      35363431 
 144 0081 74657277 		.ascii	"terwork -mthumb -ggdb -O2 -std=gnu99 -fomit-frame-p"
 144      6F726B20 
 144      2D6D7468 
 144      756D6220 
 144      2D676764 
 145 00b4 6F696E74 		.ascii	"ointer -falign-functions=16 -ffreestanding -fno-str"
 145      6572202D 
 145      66616C69 
 145      676E2D66 
 145      756E6374 
ARM GAS  /var/folders/17/bkfps9l155v_zhlnnf_8b0040000gn/T//ccoVgCJ3.s 			page 4


 146 00e7 6963742D 		.ascii	"ict-aliasing -ffunction-sections -fdata-sections -f"
 146      616C6961 
 146      73696E67 
 146      202D6666 
 146      756E6374 
 147 011a 6E6F2D63 		.ascii	"no-common\000"
 147      6F6D6D6F 
 147      6E00
 148              	.LASF7:
 149 0124 6C6F6E67 		.ascii	"long unsigned int\000"
 149      20756E73 
 149      69676E65 
 149      6420696E 
 149      7400
 150              	.LASF8:
 151 0136 6C6F6E67 		.ascii	"long long unsigned int\000"
 151      206C6F6E 
 151      6720756E 
 151      7369676E 
 151      65642069 
 152              	.LASF5:
 153 014d 756E7369 		.ascii	"unsigned char\000"
 153      676E6564 
 153      20636861 
 153      7200
 154              	.LASF11:
 155 015b 63686172 		.ascii	"char\000"
 155      00
 156              	.LASF3:
 157 0160 6C6F6E67 		.ascii	"long int\000"
 157      20696E74 
 157      00
 158              	.LASF9:
 159 0169 5F426F6F 		.ascii	"_Bool\000"
 159      6C00
 160              	.LASF14:
 161 016f 2F557365 		.ascii	"/Users/leroux/src/robotics/vex/convex-vexell/projec"
 161      72732F6C 
 161      65726F75 
 161      782F7372 
 161      632F726F 
 162 01a2 74732F64 		.ascii	"ts/default\000"
 162      65666175 
 162      6C7400
 163              	.LASF6:
 164 01ad 73686F72 		.ascii	"short unsigned int\000"
 164      7420756E 
 164      7369676E 
 164      65642069 
 164      6E7400
 165              	.LASF1:
 166 01c0 7369676E 		.ascii	"signed char\000"
 166      65642063 
 166      68617200 
 167              	.LASF2:
 168 01cc 73686F72 		.ascii	"short int\000"
 168      7420696E 
ARM GAS  /var/folders/17/bkfps9l155v_zhlnnf_8b0040000gn/T//ccoVgCJ3.s 			page 5


 168      7400
 169              	.LASF10:
 170 01d6 73697A65 		.ascii	"sizetype\000"
 170      74797065 
 170      00
 171              	.LASF13:
 172 01df 2E2E2F2E 		.ascii	"../../vexell/../ChibiOS-RT/os/kernel/src/chlists.c\000"
 172      2E2F7665 
 172      78656C6C 
 172      2F2E2E2F 
 172      43686962 
 173              		.ident	"GCC: (GNU Tools for ARM Embedded Processors) 4.8.3 20131129 (release) [ARM/embedded-4_8-br
ARM GAS  /var/folders/17/bkfps9l155v_zhlnnf_8b0040000gn/T//ccoVgCJ3.s 			page 6


DEFINED SYMBOLS
                            *ABS*:0000000000000000 chlists.c

NO UNDEFINED SYMBOLS
