ARM GAS  /var/folders/17/bkfps9l155v_zhlnnf_8b0040000gn/T//ccCk3gYP.s 			page 1


   1              		.syntax unified
   2              		.cpu cortex-m3
   3              		.fpu softvfp
   4              		.eabi_attribute 20, 1
   5              		.eabi_attribute 21, 1
   6              		.eabi_attribute 23, 3
   7              		.eabi_attribute 24, 1
   8              		.eabi_attribute 25, 1
   9              		.eabi_attribute 26, 1
  10              		.eabi_attribute 30, 2
  11              		.eabi_attribute 34, 1
  12              		.eabi_attribute 18, 4
  13              		.thumb
  14              		.file	"chmempools.c"
  15              		.text
  16              	.Ltext0:
  17              		.cfi_sections	.debug_frame
  18              		.section	.text.chPoolInit,"ax",%progbits
  19              		.align	2
  20              		.p2align 4,,15
  21              		.global	chPoolInit
  22              		.thumb
  23              		.thumb_func
  24              		.type	chPoolInit, %function
  25              	chPoolInit:
  26              	.LFB7:
  27              		.file 1 "../../vexell/../ChibiOS-RT/os/kernel/src/chmempools.c"
  28              		.loc 1 55 0
  29              		.cfi_startproc
  30              		@ args = 0, pretend = 0, frame = 0
  31              		@ frame_needed = 0, uses_anonymous_args = 0
  32              		@ link register save eliminated.
  33              	.LVL0:
  34              		.loc 1 59 0
  35 0000 0023     		movs	r3, #0
  36              		.loc 1 60 0
  37 0002 4160     		str	r1, [r0, #4]
  38              		.loc 1 61 0
  39 0004 8260     		str	r2, [r0, #8]
  40              		.loc 1 59 0
  41 0006 0360     		str	r3, [r0]
  42 0008 7047     		bx	lr
  43              		.cfi_endproc
  44              	.LFE7:
  45              		.size	chPoolInit, .-chPoolInit
  46 000a 00BFAFF3 		.section	.text.chPoolLoadArray,"ax",%progbits
  46      0080
  47              		.align	2
  48              		.p2align 4,,15
  49              		.global	chPoolLoadArray
  50              		.thumb
  51              		.thumb_func
  52              		.type	chPoolLoadArray, %function
  53              	chPoolLoadArray:
  54              	.LFB8:
  55              		.loc 1 77 0
  56              		.cfi_startproc
ARM GAS  /var/folders/17/bkfps9l155v_zhlnnf_8b0040000gn/T//ccCk3gYP.s 			page 2


  57              		@ args = 0, pretend = 0, frame = 0
  58              		@ frame_needed = 0, uses_anonymous_args = 0
  59              		@ link register save eliminated.
  60              	.LVL1:
  61 0000 10B4     		push	{r4}
  62              		.cfi_def_cfa_offset 4
  63              		.cfi_offset 4, -4
  64              		.loc 1 81 0
  65 0002 62B1     		cbz	r2, .L2
  66              	.LVL2:
  67              	.L5:
  68              	.LBB16:
  69              	.LBB17:
  70              		.loc 1 166 0
  71 0004 2023     		movs	r3, #32
  72              	@ 166 "../../vexell/../ChibiOS-RT/os/kernel/src/chmempools.c" 1
  73 0006 83F31188 		msr     BASEPRI, r3
  74              	@ 0 "" 2
  75              	.LVL3:
  76              		.thumb
  77              	.LBE17:
  78              	.LBB18:
  79              	.LBB19:
  80              		.loc 1 148 0
  81 000a 0468     		ldr	r4, [r0]
  82              	.LBE19:
  83              	.LBE18:
  84              	.LBB21:
  85              		.loc 1 168 0
  86 000c 0023     		movs	r3, #0
  87              	.LBE21:
  88              	.LBB22:
  89              	.LBB20:
  90              		.loc 1 148 0
  91 000e 0C60     		str	r4, [r1]
  92              		.loc 1 149 0
  93 0010 0160     		str	r1, [r0]
  94              	.LBE20:
  95              	.LBE22:
  96              	.LBB23:
  97              		.loc 1 168 0
  98              	@ 168 "../../vexell/../ChibiOS-RT/os/kernel/src/chmempools.c" 1
  99 0012 83F31188 		msr     BASEPRI, r3
 100              	@ 0 "" 2
 101              		.thumb
 102              	.LBE23:
 103              	.LBE16:
 104              		.loc 1 83 0
 105 0016 4368     		ldr	r3, [r0, #4]
 106              		.loc 1 81 0
 107 0018 013A     		subs	r2, r2, #1
 108              	.LVL4:
 109              		.loc 1 83 0
 110 001a 1944     		add	r1, r1, r3
 111              	.LVL5:
 112              		.loc 1 81 0
 113 001c F2D1     		bne	.L5
ARM GAS  /var/folders/17/bkfps9l155v_zhlnnf_8b0040000gn/T//ccCk3gYP.s 			page 3


 114              	.LVL6:
 115              	.L2:
 116              		.loc 1 86 0
 117 001e 5DF8044B 		ldr	r4, [sp], #4
 118 0022 7047     		bx	lr
 119              		.cfi_endproc
 120              	.LFE8:
 121              		.size	chPoolLoadArray, .-chPoolLoadArray
 122 0024 AFF30080 		.section	.text.chPoolAllocI,"ax",%progbits
 122      AFF30080 
 122      AFF30080 
 123              		.align	2
 124              		.p2align 4,,15
 125              		.global	chPoolAllocI
 126              		.thumb
 127              		.thumb_func
 128              		.type	chPoolAllocI, %function
 129              	chPoolAllocI:
 130              	.LFB9:
 131              		.loc 1 98 0
 132              		.cfi_startproc
 133              		@ args = 0, pretend = 0, frame = 0
 134              		@ frame_needed = 0, uses_anonymous_args = 0
 135              	.LVL7:
 136 0000 08B5     		push	{r3, lr}
 137              		.cfi_def_cfa_offset 8
 138              		.cfi_offset 3, -8
 139              		.cfi_offset 14, -4
 140              		.loc 1 98 0
 141 0002 0346     		mov	r3, r0
 142              		.loc 1 104 0
 143 0004 0068     		ldr	r0, [r0]
 144              	.LVL8:
 145 0006 10B1     		cbz	r0, .L12
 146              		.loc 1 105 0
 147 0008 0268     		ldr	r2, [r0]
 148 000a 1A60     		str	r2, [r3]
 149 000c 08BD     		pop	{r3, pc}
 150              	.LVL9:
 151              	.L12:
 152              		.loc 1 106 0
 153 000e 9A68     		ldr	r2, [r3, #8]
 154 0010 0AB1     		cbz	r2, .L13
 155              		.loc 1 107 0
 156 0012 5868     		ldr	r0, [r3, #4]
 157              	.LVL10:
 158 0014 9047     		blx	r2
 159              	.LVL11:
 160              	.L13:
 161              		.loc 1 109 0
 162 0016 08BD     		pop	{r3, pc}
 163              		.cfi_endproc
 164              	.LFE9:
 165              		.size	chPoolAllocI, .-chPoolAllocI
 166 0018 AFF30080 		.section	.text.chPoolAlloc,"ax",%progbits
 166      AFF30080 
 167              		.align	2
ARM GAS  /var/folders/17/bkfps9l155v_zhlnnf_8b0040000gn/T//ccCk3gYP.s 			page 4


 168              		.p2align 4,,15
 169              		.global	chPoolAlloc
 170              		.thumb
 171              		.thumb_func
 172              		.type	chPoolAlloc, %function
 173              	chPoolAlloc:
 174              	.LFB10:
 175              		.loc 1 121 0
 176              		.cfi_startproc
 177              		@ args = 0, pretend = 0, frame = 0
 178              		@ frame_needed = 0, uses_anonymous_args = 0
 179              	.LVL12:
 180 0000 08B5     		push	{r3, lr}
 181              		.cfi_def_cfa_offset 8
 182              		.cfi_offset 3, -8
 183              		.cfi_offset 14, -4
 184              		.loc 1 121 0
 185 0002 0246     		mov	r2, r0
 186              	.LBB24:
 187              		.loc 1 124 0
 188 0004 2023     		movs	r3, #32
 189              	@ 124 "../../vexell/../ChibiOS-RT/os/kernel/src/chmempools.c" 1
 190 0006 83F31188 		msr     BASEPRI, r3
 191              	@ 0 "" 2
 192              	.LVL13:
 193              		.thumb
 194              	.LBE24:
 195              	.LBB25:
 196              	.LBB26:
 197              		.loc 1 104 0
 198 000a 0068     		ldr	r0, [r0]
 199              	.LVL14:
 200 000c 28B1     		cbz	r0, .L18
 201              		.loc 1 105 0
 202 000e 0368     		ldr	r3, [r0]
 203 0010 1360     		str	r3, [r2]
 204              	.L19:
 205              	.LBE26:
 206              	.LBE25:
 207              	.LBB28:
 208              		.loc 1 126 0
 209 0012 0023     		movs	r3, #0
 210              	@ 126 "../../vexell/../ChibiOS-RT/os/kernel/src/chmempools.c" 1
 211 0014 83F31188 		msr     BASEPRI, r3
 212              	@ 0 "" 2
 213              		.thumb
 214              	.LBE28:
 215              		.loc 1 128 0
 216 0018 08BD     		pop	{r3, pc}
 217              	.L18:
 218              	.LBB29:
 219              	.LBB27:
 220              		.loc 1 106 0
 221 001a 9368     		ldr	r3, [r2, #8]
 222 001c 002B     		cmp	r3, #0
 223 001e F8D0     		beq	.L19
 224              		.loc 1 107 0
ARM GAS  /var/folders/17/bkfps9l155v_zhlnnf_8b0040000gn/T//ccCk3gYP.s 			page 5


 225 0020 5068     		ldr	r0, [r2, #4]
 226              	.LVL15:
 227 0022 9847     		blx	r3
 228              	.LVL16:
 229              	.LBE27:
 230              	.LBE29:
 231              	.LBB30:
 232              		.loc 1 126 0
 233 0024 0023     		movs	r3, #0
 234              	@ 126 "../../vexell/../ChibiOS-RT/os/kernel/src/chmempools.c" 1
 235 0026 83F31188 		msr     BASEPRI, r3
 236              	@ 0 "" 2
 237              		.thumb
 238              	.LBE30:
 239              		.loc 1 128 0
 240 002a 08BD     		pop	{r3, pc}
 241              		.cfi_endproc
 242              	.LFE10:
 243              		.size	chPoolAlloc, .-chPoolAlloc
 244 002c AFF30080 		.section	.text.chPoolFreeI,"ax",%progbits
 245              		.align	2
 246              		.p2align 4,,15
 247              		.global	chPoolFreeI
 248              		.thumb
 249              		.thumb_func
 250              		.type	chPoolFreeI, %function
 251              	chPoolFreeI:
 252              	.LFB11:
 253              		.loc 1 142 0
 254              		.cfi_startproc
 255              		@ args = 0, pretend = 0, frame = 0
 256              		@ frame_needed = 0, uses_anonymous_args = 0
 257              		@ link register save eliminated.
 258              	.LVL17:
 259              		.loc 1 148 0
 260 0000 0368     		ldr	r3, [r0]
 261              	.LVL18:
 262 0002 0B60     		str	r3, [r1]
 263              		.loc 1 149 0
 264 0004 0160     		str	r1, [r0]
 265 0006 7047     		bx	lr
 266              		.cfi_endproc
 267              	.LFE11:
 268              		.size	chPoolFreeI, .-chPoolFreeI
 269 0008 AFF30080 		.section	.text.chPoolFree,"ax",%progbits
 269      AFF30080 
 270              		.align	2
 271              		.p2align 4,,15
 272              		.global	chPoolFree
 273              		.thumb
 274              		.thumb_func
 275              		.type	chPoolFree, %function
 276              	chPoolFree:
 277              	.LFB12:
 278              		.loc 1 164 0
 279              		.cfi_startproc
 280              		@ args = 0, pretend = 0, frame = 0
ARM GAS  /var/folders/17/bkfps9l155v_zhlnnf_8b0040000gn/T//ccCk3gYP.s 			page 6


 281              		@ frame_needed = 0, uses_anonymous_args = 0
 282              		@ link register save eliminated.
 283              	.LVL19:
 284              	.LBB31:
 285              		.loc 1 166 0
 286 0000 2023     		movs	r3, #32
 287              	@ 166 "../../vexell/../ChibiOS-RT/os/kernel/src/chmempools.c" 1
 288 0002 83F31188 		msr     BASEPRI, r3
 289              	@ 0 "" 2
 290              	.LVL20:
 291              		.thumb
 292              	.LBE31:
 293              	.LBB32:
 294              	.LBB33:
 295              		.loc 1 148 0
 296 0006 0268     		ldr	r2, [r0]
 297              	.LBE33:
 298              	.LBE32:
 299              	.LBB35:
 300              		.loc 1 168 0
 301 0008 0023     		movs	r3, #0
 302              	.LBE35:
 303              	.LBB36:
 304              	.LBB34:
 305              		.loc 1 148 0
 306 000a 0A60     		str	r2, [r1]
 307              		.loc 1 149 0
 308 000c 0160     		str	r1, [r0]
 309              	.LBE34:
 310              	.LBE36:
 311              	.LBB37:
 312              		.loc 1 168 0
 313              	@ 168 "../../vexell/../ChibiOS-RT/os/kernel/src/chmempools.c" 1
 314 000e 83F31188 		msr     BASEPRI, r3
 315              	@ 0 "" 2
 316              		.thumb
 317 0012 7047     		bx	lr
 318              	.LBE37:
 319              		.cfi_endproc
 320              	.LFE12:
 321              		.size	chPoolFree, .-chPoolFree
 322 0014 AFF30080 		.text
 322      AFF30080 
 322      AFF30080 
 323              	.Letext0:
 324              		.file 2 "/Users/leroux/src/gcc-arm-none-eabi-4_8-2013q4/lib/gcc/arm-none-eabi/4.8.3/include/stddef
 325              		.file 3 "/Users/leroux/src/gcc-arm-none-eabi-4_8-2013q4/lib/gcc/arm-none-eabi/4.8.3/include/stdint
 326              		.file 4 "../../vexell/../ChibiOS-RT/os/kernel/include/chmemcore.h"
 327              		.file 5 "../../vexell/../ChibiOS-RT/os/kernel/include/chmempools.h"
 328              		.section	.debug_info,"",%progbits
 329              	.Ldebug_info0:
 330 0000 EE030000 		.4byte	0x3ee
 331 0004 0400     		.2byte	0x4
 332 0006 00000000 		.4byte	.Ldebug_abbrev0
 333 000a 04       		.byte	0x4
 334 000b 01       		.uleb128 0x1
 335 000c 47010000 		.4byte	.LASF28
ARM GAS  /var/folders/17/bkfps9l155v_zhlnnf_8b0040000gn/T//ccCk3gYP.s 			page 7


 336 0010 01       		.byte	0x1
 337 0011 26000000 		.4byte	.LASF29
 338 0015 B5000000 		.4byte	.LASF30
 339 0019 90000000 		.4byte	.Ldebug_ranges0+0x90
 340 001d 00000000 		.4byte	0
 341 0021 00000000 		.4byte	.Ldebug_line0
 342 0025 02       		.uleb128 0x2
 343 0026 04       		.byte	0x4
 344 0027 05       		.byte	0x5
 345 0028 696E7400 		.ascii	"int\000"
 346 002c 03       		.uleb128 0x3
 347 002d 00000000 		.4byte	.LASF5
 348 0031 02       		.byte	0x2
 349 0032 D4       		.byte	0xd4
 350 0033 37000000 		.4byte	0x37
 351 0037 04       		.uleb128 0x4
 352 0038 04       		.byte	0x4
 353 0039 07       		.byte	0x7
 354 003a 1B010000 		.4byte	.LASF0
 355 003e 04       		.uleb128 0x4
 356 003f 01       		.byte	0x1
 357 0040 06       		.byte	0x6
 358 0041 B5020000 		.4byte	.LASF1
 359 0045 04       		.uleb128 0x4
 360 0046 02       		.byte	0x2
 361 0047 05       		.byte	0x5
 362 0048 8D020000 		.4byte	.LASF2
 363 004c 04       		.uleb128 0x4
 364 004d 04       		.byte	0x4
 365 004e 05       		.byte	0x5
 366 004f AC020000 		.4byte	.LASF3
 367 0053 04       		.uleb128 0x4
 368 0054 08       		.byte	0x8
 369 0055 05       		.byte	0x5
 370 0056 61020000 		.4byte	.LASF4
 371 005a 03       		.uleb128 0x3
 372 005b 3F010000 		.4byte	.LASF6
 373 005f 03       		.byte	0x3
 374 0060 2E       		.byte	0x2e
 375 0061 65000000 		.4byte	0x65
 376 0065 04       		.uleb128 0x4
 377 0066 01       		.byte	0x1
 378 0067 08       		.byte	0x8
 379 0068 A7000000 		.4byte	.LASF7
 380 006c 04       		.uleb128 0x4
 381 006d 02       		.byte	0x2
 382 006e 07       		.byte	0x7
 383 006f 7F000000 		.4byte	.LASF8
 384 0073 03       		.uleb128 0x3
 385 0074 A3020000 		.4byte	.LASF9
 386 0078 03       		.byte	0x3
 387 0079 34       		.byte	0x34
 388 007a 7E000000 		.4byte	0x7e
 389 007e 04       		.uleb128 0x4
 390 007f 04       		.byte	0x4
 391 0080 07       		.byte	0x7
 392 0081 6D000000 		.4byte	.LASF10
ARM GAS  /var/folders/17/bkfps9l155v_zhlnnf_8b0040000gn/T//ccCk3gYP.s 			page 8


 393 0085 04       		.uleb128 0x4
 394 0086 08       		.byte	0x8
 395 0087 07       		.byte	0x7
 396 0088 28010000 		.4byte	.LASF11
 397 008c 04       		.uleb128 0x4
 398 008d 01       		.byte	0x1
 399 008e 02       		.byte	0x2
 400 008f C9020000 		.4byte	.LASF12
 401 0093 05       		.uleb128 0x5
 402 0094 04       		.byte	0x4
 403 0095 04       		.uleb128 0x4
 404 0096 04       		.byte	0x4
 405 0097 07       		.byte	0x7
 406 0098 58020000 		.4byte	.LASF13
 407 009c 03       		.uleb128 0x3
 408 009d 74020000 		.4byte	.LASF14
 409 00a1 04       		.byte	0x4
 410 00a2 25       		.byte	0x25
 411 00a3 A7000000 		.4byte	0xa7
 412 00a7 06       		.uleb128 0x6
 413 00a8 04       		.byte	0x4
 414 00a9 AD000000 		.4byte	0xad
 415 00ad 07       		.uleb128 0x7
 416 00ae 93000000 		.4byte	0x93
 417 00b2 BC000000 		.4byte	0xbc
 418 00b6 08       		.uleb128 0x8
 419 00b7 2C000000 		.4byte	0x2c
 420 00bb 00       		.byte	0
 421 00bc 09       		.uleb128 0x9
 422 00bd 5C000000 		.4byte	.LASF31
 423 00c1 04       		.byte	0x4
 424 00c2 05       		.byte	0x5
 425 00c3 25       		.byte	0x25
 426 00c4 D5000000 		.4byte	0xd5
 427 00c8 0A       		.uleb128 0xa
 428 00c9 50020000 		.4byte	.LASF15
 429 00cd 05       		.byte	0x5
 430 00ce 26       		.byte	0x26
 431 00cf D5000000 		.4byte	0xd5
 432 00d3 00       		.byte	0
 433 00d4 00       		.byte	0
 434 00d5 06       		.uleb128 0x6
 435 00d6 04       		.byte	0x4
 436 00d7 BC000000 		.4byte	0xbc
 437 00db 0B       		.uleb128 0xb
 438 00dc 0C       		.byte	0xc
 439 00dd 05       		.byte	0x5
 440 00de 2D       		.byte	0x2d
 441 00df 08010000 		.4byte	0x108
 442 00e3 0A       		.uleb128 0xa
 443 00e4 C1020000 		.4byte	.LASF16
 444 00e8 05       		.byte	0x5
 445 00e9 2E       		.byte	0x2e
 446 00ea D5000000 		.4byte	0xd5
 447 00ee 00       		.byte	0
 448 00ef 0A       		.uleb128 0xa
 449 00f0 07000000 		.4byte	.LASF17
ARM GAS  /var/folders/17/bkfps9l155v_zhlnnf_8b0040000gn/T//ccCk3gYP.s 			page 9


 450 00f4 05       		.byte	0x5
 451 00f5 2F       		.byte	0x2f
 452 00f6 2C000000 		.4byte	0x2c
 453 00fa 04       		.byte	0x4
 454 00fb 0A       		.uleb128 0xa
 455 00fc 81020000 		.4byte	.LASF18
 456 0100 05       		.byte	0x5
 457 0101 31       		.byte	0x31
 458 0102 9C000000 		.4byte	0x9c
 459 0106 08       		.byte	0x8
 460 0107 00       		.byte	0
 461 0108 03       		.uleb128 0x3
 462 0109 FE000000 		.4byte	.LASF19
 463 010d 05       		.byte	0x5
 464 010e 33       		.byte	0x33
 465 010f DB000000 		.4byte	0xdb
 466 0113 04       		.uleb128 0x4
 467 0114 01       		.byte	0x1
 468 0115 08       		.byte	0x8
 469 0116 6F020000 		.4byte	.LASF20
 470 011a 0C       		.uleb128 0xc
 471 011b 0E010000 		.4byte	.LASF32
 472 011f 01       		.byte	0x1
 473 0120 62       		.byte	0x62
 474 0121 93000000 		.4byte	0x93
 475 0125 01       		.byte	0x1
 476 0126 40010000 		.4byte	0x140
 477 012a 0D       		.uleb128 0xd
 478 012b 6D7000   		.ascii	"mp\000"
 479 012e 01       		.byte	0x1
 480 012f 62       		.byte	0x62
 481 0130 40010000 		.4byte	0x140
 482 0134 0E       		.uleb128 0xe
 483 0135 09010000 		.4byte	.LASF21
 484 0139 01       		.byte	0x1
 485 013a 63       		.byte	0x63
 486 013b 93000000 		.4byte	0x93
 487 013f 00       		.byte	0
 488 0140 06       		.uleb128 0x6
 489 0141 04       		.byte	0x4
 490 0142 08010000 		.4byte	0x108
 491 0146 0F       		.uleb128 0xf
 492 0147 9B000000 		.4byte	.LASF22
 493 014b 01       		.byte	0x1
 494 014c 8E       		.byte	0x8e
 495 014d 01       		.byte	0x1
 496 014e 73010000 		.4byte	0x173
 497 0152 0D       		.uleb128 0xd
 498 0153 6D7000   		.ascii	"mp\000"
 499 0156 01       		.byte	0x1
 500 0157 8E       		.byte	0x8e
 501 0158 40010000 		.4byte	0x140
 502 015c 10       		.uleb128 0x10
 503 015d 09010000 		.4byte	.LASF21
 504 0161 01       		.byte	0x1
 505 0162 8E       		.byte	0x8e
 506 0163 93000000 		.4byte	0x93
ARM GAS  /var/folders/17/bkfps9l155v_zhlnnf_8b0040000gn/T//ccCk3gYP.s 			page 10


 507 0167 11       		.uleb128 0x11
 508 0168 70687000 		.ascii	"php\000"
 509 016c 01       		.byte	0x1
 510 016d 8F       		.byte	0x8f
 511 016e D5000000 		.4byte	0xd5
 512 0172 00       		.byte	0
 513 0173 0F       		.uleb128 0xf
 514 0174 F3000000 		.4byte	.LASF23
 515 0178 01       		.byte	0x1
 516 0179 A4       		.byte	0xa4
 517 017a 01       		.byte	0x1
 518 017b B3010000 		.4byte	0x1b3
 519 017f 0D       		.uleb128 0xd
 520 0180 6D7000   		.ascii	"mp\000"
 521 0183 01       		.byte	0x1
 522 0184 A4       		.byte	0xa4
 523 0185 40010000 		.4byte	0x140
 524 0189 10       		.uleb128 0x10
 525 018a 09010000 		.4byte	.LASF21
 526 018e 01       		.byte	0x1
 527 018f A4       		.byte	0xa4
 528 0190 93000000 		.4byte	0x93
 529 0194 12       		.uleb128 0x12
 530 0195 A5010000 		.4byte	0x1a5
 531 0199 11       		.uleb128 0x11
 532 019a 746D7000 		.ascii	"tmp\000"
 533 019e 01       		.byte	0x1
 534 019f A6       		.byte	0xa6
 535 01a0 73000000 		.4byte	0x73
 536 01a4 00       		.byte	0
 537 01a5 13       		.uleb128 0x13
 538 01a6 11       		.uleb128 0x11
 539 01a7 746D7000 		.ascii	"tmp\000"
 540 01ab 01       		.byte	0x1
 541 01ac A8       		.byte	0xa8
 542 01ad 73000000 		.4byte	0x73
 543 01b1 00       		.byte	0
 544 01b2 00       		.byte	0
 545 01b3 14       		.uleb128 0x14
 546 01b4 CF020000 		.4byte	.LASF26
 547 01b8 01       		.byte	0x1
 548 01b9 37       		.byte	0x37
 549 01ba 00000000 		.4byte	.LFB7
 550 01be 0A000000 		.4byte	.LFE7-.LFB7
 551 01c2 01       		.uleb128 0x1
 552 01c3 9C       		.byte	0x9c
 553 01c4 EF010000 		.4byte	0x1ef
 554 01c8 15       		.uleb128 0x15
 555 01c9 6D7000   		.ascii	"mp\000"
 556 01cc 01       		.byte	0x1
 557 01cd 37       		.byte	0x37
 558 01ce 40010000 		.4byte	0x140
 559 01d2 01       		.uleb128 0x1
 560 01d3 50       		.byte	0x50
 561 01d4 16       		.uleb128 0x16
 562 01d5 68000000 		.4byte	.LASF24
 563 01d9 01       		.byte	0x1
ARM GAS  /var/folders/17/bkfps9l155v_zhlnnf_8b0040000gn/T//ccCk3gYP.s 			page 11


 564 01da 37       		.byte	0x37
 565 01db 2C000000 		.4byte	0x2c
 566 01df 01       		.uleb128 0x1
 567 01e0 51       		.byte	0x51
 568 01e1 16       		.uleb128 0x16
 569 01e2 92000000 		.4byte	.LASF25
 570 01e6 01       		.byte	0x1
 571 01e7 37       		.byte	0x37
 572 01e8 9C000000 		.4byte	0x9c
 573 01ec 01       		.uleb128 0x1
 574 01ed 52       		.byte	0x52
 575 01ee 00       		.byte	0
 576 01ef 14       		.uleb128 0x14
 577 01f0 16000000 		.4byte	.LASF27
 578 01f4 01       		.byte	0x1
 579 01f5 4D       		.byte	0x4d
 580 01f6 00000000 		.4byte	.LFB8
 581 01fa 24000000 		.4byte	.LFE8-.LFB8
 582 01fe 01       		.uleb128 0x1
 583 01ff 9C       		.byte	0x9c
 584 0200 A4020000 		.4byte	0x2a4
 585 0204 15       		.uleb128 0x15
 586 0205 6D7000   		.ascii	"mp\000"
 587 0208 01       		.byte	0x1
 588 0209 4D       		.byte	0x4d
 589 020a 40010000 		.4byte	0x140
 590 020e 01       		.uleb128 0x1
 591 020f 50       		.byte	0x50
 592 0210 17       		.uleb128 0x17
 593 0211 7000     		.ascii	"p\000"
 594 0213 01       		.byte	0x1
 595 0214 4D       		.byte	0x4d
 596 0215 93000000 		.4byte	0x93
 597 0219 00000000 		.4byte	.LLST0
 598 021d 17       		.uleb128 0x17
 599 021e 6E00     		.ascii	"n\000"
 600 0220 01       		.byte	0x1
 601 0221 4D       		.byte	0x4d
 602 0222 2C000000 		.4byte	0x2c
 603 0226 1E000000 		.4byte	.LLST1
 604 022a 18       		.uleb128 0x18
 605 022b 73010000 		.4byte	0x173
 606 022f 04000000 		.4byte	.LBB16
 607 0233 12000000 		.4byte	.LBE16-.LBB16
 608 0237 01       		.byte	0x1
 609 0238 52       		.byte	0x52
 610 0239 19       		.uleb128 0x19
 611 023a 89010000 		.4byte	0x189
 612 023e 49000000 		.4byte	.LLST2
 613 0242 19       		.uleb128 0x19
 614 0243 7F010000 		.4byte	0x17f
 615 0247 68000000 		.4byte	.LLST3
 616 024b 1A       		.uleb128 0x1a
 617 024c 04000000 		.4byte	.LBB17
 618 0250 06000000 		.4byte	.LBE17-.LBB17
 619 0254 60020000 		.4byte	0x260
 620 0258 1B       		.uleb128 0x1b
ARM GAS  /var/folders/17/bkfps9l155v_zhlnnf_8b0040000gn/T//ccCk3gYP.s 			page 12


 621 0259 99010000 		.4byte	0x199
 622 025d 01       		.uleb128 0x1
 623 025e 53       		.byte	0x53
 624 025f 00       		.byte	0
 625 0260 1C       		.uleb128 0x1c
 626 0261 46010000 		.4byte	0x146
 627 0265 0A000000 		.4byte	.LBB18
 628 0269 00000000 		.4byte	.Ldebug_ranges0+0
 629 026d 01       		.byte	0x1
 630 026e A7       		.byte	0xa7
 631 026f 95020000 		.4byte	0x295
 632 0273 19       		.uleb128 0x19
 633 0274 5C010000 		.4byte	0x15c
 634 0278 7B000000 		.4byte	.LLST4
 635 027c 19       		.uleb128 0x19
 636 027d 52010000 		.4byte	0x152
 637 0281 9A000000 		.4byte	.LLST5
 638 0285 1D       		.uleb128 0x1d
 639 0286 00000000 		.4byte	.Ldebug_ranges0+0
 640 028a 1E       		.uleb128 0x1e
 641 028b 67010000 		.4byte	0x167
 642 028f 7B000000 		.4byte	.LLST4
 643 0293 00       		.byte	0
 644 0294 00       		.byte	0
 645 0295 1D       		.uleb128 0x1d
 646 0296 18000000 		.4byte	.Ldebug_ranges0+0x18
 647 029a 1B       		.uleb128 0x1b
 648 029b A6010000 		.4byte	0x1a6
 649 029f 01       		.uleb128 0x1
 650 02a0 53       		.byte	0x53
 651 02a1 00       		.byte	0
 652 02a2 00       		.byte	0
 653 02a3 00       		.byte	0
 654 02a4 1F       		.uleb128 0x1f
 655 02a5 1A010000 		.4byte	0x11a
 656 02a9 00000000 		.4byte	.LFB9
 657 02ad 18000000 		.4byte	.LFE9-.LFB9
 658 02b1 01       		.uleb128 0x1
 659 02b2 9C       		.byte	0x9c
 660 02b3 CA020000 		.4byte	0x2ca
 661 02b7 19       		.uleb128 0x19
 662 02b8 2A010000 		.4byte	0x12a
 663 02bc AD000000 		.4byte	.LLST7
 664 02c0 1E       		.uleb128 0x1e
 665 02c1 34010000 		.4byte	0x134
 666 02c5 D9000000 		.4byte	.LLST8
 667 02c9 00       		.byte	0
 668 02ca 20       		.uleb128 0x20
 669 02cb 97020000 		.4byte	.LASF33
 670 02cf 01       		.byte	0x1
 671 02d0 79       		.byte	0x79
 672 02d1 93000000 		.4byte	0x93
 673 02d5 00000000 		.4byte	.LFB10
 674 02d9 2C000000 		.4byte	.LFE10-.LFB10
 675 02dd 01       		.uleb128 0x1
 676 02de 9C       		.byte	0x9c
 677 02df 59030000 		.4byte	0x359
ARM GAS  /var/folders/17/bkfps9l155v_zhlnnf_8b0040000gn/T//ccCk3gYP.s 			page 13


 678 02e3 17       		.uleb128 0x17
 679 02e4 6D7000   		.ascii	"mp\000"
 680 02e7 01       		.byte	0x1
 681 02e8 79       		.byte	0x79
 682 02e9 40010000 		.4byte	0x140
 683 02ed 03010000 		.4byte	.LLST9
 684 02f1 21       		.uleb128 0x21
 685 02f2 09010000 		.4byte	.LASF21
 686 02f6 01       		.byte	0x1
 687 02f7 7A       		.byte	0x7a
 688 02f8 93000000 		.4byte	0x93
 689 02fc 01       		.uleb128 0x1
 690 02fd 50       		.byte	0x50
 691 02fe 1A       		.uleb128 0x1a
 692 02ff 04000000 		.4byte	.LBB24
 693 0303 06000000 		.4byte	.LBE24-.LBB24
 694 0307 19030000 		.4byte	0x319
 695 030b 22       		.uleb128 0x22
 696 030c 746D7000 		.ascii	"tmp\000"
 697 0310 01       		.byte	0x1
 698 0311 7C       		.byte	0x7c
 699 0312 73000000 		.4byte	0x73
 700 0316 01       		.uleb128 0x1
 701 0317 53       		.byte	0x53
 702 0318 00       		.byte	0
 703 0319 1C       		.uleb128 0x1c
 704 031a 1A010000 		.4byte	0x11a
 705 031e 0A000000 		.4byte	.LBB25
 706 0322 30000000 		.4byte	.Ldebug_ranges0+0x30
 707 0326 01       		.byte	0x1
 708 0327 7D       		.byte	0x7d
 709 0328 45030000 		.4byte	0x345
 710 032c 19       		.uleb128 0x19
 711 032d 2A010000 		.4byte	0x12a
 712 0331 2F010000 		.4byte	.LLST10
 713 0335 1D       		.uleb128 0x1d
 714 0336 30000000 		.4byte	.Ldebug_ranges0+0x30
 715 033a 1E       		.uleb128 0x1e
 716 033b 34010000 		.4byte	0x134
 717 033f 5B010000 		.4byte	.LLST11
 718 0343 00       		.byte	0
 719 0344 00       		.byte	0
 720 0345 1D       		.uleb128 0x1d
 721 0346 48000000 		.4byte	.Ldebug_ranges0+0x48
 722 034a 22       		.uleb128 0x22
 723 034b 746D7000 		.ascii	"tmp\000"
 724 034f 01       		.byte	0x1
 725 0350 7E       		.byte	0x7e
 726 0351 73000000 		.4byte	0x73
 727 0355 01       		.uleb128 0x1
 728 0356 53       		.byte	0x53
 729 0357 00       		.byte	0
 730 0358 00       		.byte	0
 731 0359 23       		.uleb128 0x23
 732 035a 46010000 		.4byte	0x146
 733 035e 00000000 		.4byte	.LFB11
 734 0362 08000000 		.4byte	.LFE11-.LFB11
ARM GAS  /var/folders/17/bkfps9l155v_zhlnnf_8b0040000gn/T//ccCk3gYP.s 			page 14


 735 0366 01       		.uleb128 0x1
 736 0367 9C       		.byte	0x9c
 737 0368 82030000 		.4byte	0x382
 738 036c 24       		.uleb128 0x24
 739 036d 52010000 		.4byte	0x152
 740 0371 01       		.uleb128 0x1
 741 0372 50       		.byte	0x50
 742 0373 24       		.uleb128 0x24
 743 0374 5C010000 		.4byte	0x15c
 744 0378 01       		.uleb128 0x1
 745 0379 51       		.byte	0x51
 746 037a 1B       		.uleb128 0x1b
 747 037b 67010000 		.4byte	0x167
 748 037f 01       		.uleb128 0x1
 749 0380 51       		.byte	0x51
 750 0381 00       		.byte	0
 751 0382 25       		.uleb128 0x25
 752 0383 73010000 		.4byte	0x173
 753 0387 00000000 		.4byte	.LFB12
 754 038b 14000000 		.4byte	.LFE12-.LFB12
 755 038f 01       		.uleb128 0x1
 756 0390 9C       		.byte	0x9c
 757 0391 24       		.uleb128 0x24
 758 0392 7F010000 		.4byte	0x17f
 759 0396 01       		.uleb128 0x1
 760 0397 50       		.byte	0x50
 761 0398 24       		.uleb128 0x24
 762 0399 89010000 		.4byte	0x189
 763 039d 01       		.uleb128 0x1
 764 039e 51       		.byte	0x51
 765 039f 1A       		.uleb128 0x1a
 766 03a0 00000000 		.4byte	.LBB31
 767 03a4 06000000 		.4byte	.LBE31-.LBB31
 768 03a8 B4030000 		.4byte	0x3b4
 769 03ac 1B       		.uleb128 0x1b
 770 03ad 99010000 		.4byte	0x199
 771 03b1 01       		.uleb128 0x1
 772 03b2 53       		.byte	0x53
 773 03b3 00       		.byte	0
 774 03b4 1C       		.uleb128 0x1c
 775 03b5 46010000 		.4byte	0x146
 776 03b9 06000000 		.4byte	.LBB32
 777 03bd 60000000 		.4byte	.Ldebug_ranges0+0x60
 778 03c1 01       		.byte	0x1
 779 03c2 A7       		.byte	0xa7
 780 03c3 E3030000 		.4byte	0x3e3
 781 03c7 24       		.uleb128 0x24
 782 03c8 5C010000 		.4byte	0x15c
 783 03cc 01       		.uleb128 0x1
 784 03cd 51       		.byte	0x51
 785 03ce 24       		.uleb128 0x24
 786 03cf 52010000 		.4byte	0x152
 787 03d3 01       		.uleb128 0x1
 788 03d4 50       		.byte	0x50
 789 03d5 1D       		.uleb128 0x1d
 790 03d6 60000000 		.4byte	.Ldebug_ranges0+0x60
 791 03da 1B       		.uleb128 0x1b
ARM GAS  /var/folders/17/bkfps9l155v_zhlnnf_8b0040000gn/T//ccCk3gYP.s 			page 15


 792 03db 67010000 		.4byte	0x167
 793 03df 01       		.uleb128 0x1
 794 03e0 51       		.byte	0x51
 795 03e1 00       		.byte	0
 796 03e2 00       		.byte	0
 797 03e3 1D       		.uleb128 0x1d
 798 03e4 78000000 		.4byte	.Ldebug_ranges0+0x78
 799 03e8 1B       		.uleb128 0x1b
 800 03e9 A6010000 		.4byte	0x1a6
 801 03ed 01       		.uleb128 0x1
 802 03ee 53       		.byte	0x53
 803 03ef 00       		.byte	0
 804 03f0 00       		.byte	0
 805 03f1 00       		.byte	0
 806              		.section	.debug_abbrev,"",%progbits
 807              	.Ldebug_abbrev0:
 808 0000 01       		.uleb128 0x1
 809 0001 11       		.uleb128 0x11
 810 0002 01       		.byte	0x1
 811 0003 25       		.uleb128 0x25
 812 0004 0E       		.uleb128 0xe
 813 0005 13       		.uleb128 0x13
 814 0006 0B       		.uleb128 0xb
 815 0007 03       		.uleb128 0x3
 816 0008 0E       		.uleb128 0xe
 817 0009 1B       		.uleb128 0x1b
 818 000a 0E       		.uleb128 0xe
 819 000b 55       		.uleb128 0x55
 820 000c 17       		.uleb128 0x17
 821 000d 11       		.uleb128 0x11
 822 000e 01       		.uleb128 0x1
 823 000f 10       		.uleb128 0x10
 824 0010 17       		.uleb128 0x17
 825 0011 00       		.byte	0
 826 0012 00       		.byte	0
 827 0013 02       		.uleb128 0x2
 828 0014 24       		.uleb128 0x24
 829 0015 00       		.byte	0
 830 0016 0B       		.uleb128 0xb
 831 0017 0B       		.uleb128 0xb
 832 0018 3E       		.uleb128 0x3e
 833 0019 0B       		.uleb128 0xb
 834 001a 03       		.uleb128 0x3
 835 001b 08       		.uleb128 0x8
 836 001c 00       		.byte	0
 837 001d 00       		.byte	0
 838 001e 03       		.uleb128 0x3
 839 001f 16       		.uleb128 0x16
 840 0020 00       		.byte	0
 841 0021 03       		.uleb128 0x3
 842 0022 0E       		.uleb128 0xe
 843 0023 3A       		.uleb128 0x3a
 844 0024 0B       		.uleb128 0xb
 845 0025 3B       		.uleb128 0x3b
 846 0026 0B       		.uleb128 0xb
 847 0027 49       		.uleb128 0x49
 848 0028 13       		.uleb128 0x13
ARM GAS  /var/folders/17/bkfps9l155v_zhlnnf_8b0040000gn/T//ccCk3gYP.s 			page 16


 849 0029 00       		.byte	0
 850 002a 00       		.byte	0
 851 002b 04       		.uleb128 0x4
 852 002c 24       		.uleb128 0x24
 853 002d 00       		.byte	0
 854 002e 0B       		.uleb128 0xb
 855 002f 0B       		.uleb128 0xb
 856 0030 3E       		.uleb128 0x3e
 857 0031 0B       		.uleb128 0xb
 858 0032 03       		.uleb128 0x3
 859 0033 0E       		.uleb128 0xe
 860 0034 00       		.byte	0
 861 0035 00       		.byte	0
 862 0036 05       		.uleb128 0x5
 863 0037 0F       		.uleb128 0xf
 864 0038 00       		.byte	0
 865 0039 0B       		.uleb128 0xb
 866 003a 0B       		.uleb128 0xb
 867 003b 00       		.byte	0
 868 003c 00       		.byte	0
 869 003d 06       		.uleb128 0x6
 870 003e 0F       		.uleb128 0xf
 871 003f 00       		.byte	0
 872 0040 0B       		.uleb128 0xb
 873 0041 0B       		.uleb128 0xb
 874 0042 49       		.uleb128 0x49
 875 0043 13       		.uleb128 0x13
 876 0044 00       		.byte	0
 877 0045 00       		.byte	0
 878 0046 07       		.uleb128 0x7
 879 0047 15       		.uleb128 0x15
 880 0048 01       		.byte	0x1
 881 0049 27       		.uleb128 0x27
 882 004a 19       		.uleb128 0x19
 883 004b 49       		.uleb128 0x49
 884 004c 13       		.uleb128 0x13
 885 004d 01       		.uleb128 0x1
 886 004e 13       		.uleb128 0x13
 887 004f 00       		.byte	0
 888 0050 00       		.byte	0
 889 0051 08       		.uleb128 0x8
 890 0052 05       		.uleb128 0x5
 891 0053 00       		.byte	0
 892 0054 49       		.uleb128 0x49
 893 0055 13       		.uleb128 0x13
 894 0056 00       		.byte	0
 895 0057 00       		.byte	0
 896 0058 09       		.uleb128 0x9
 897 0059 13       		.uleb128 0x13
 898 005a 01       		.byte	0x1
 899 005b 03       		.uleb128 0x3
 900 005c 0E       		.uleb128 0xe
 901 005d 0B       		.uleb128 0xb
 902 005e 0B       		.uleb128 0xb
 903 005f 3A       		.uleb128 0x3a
 904 0060 0B       		.uleb128 0xb
 905 0061 3B       		.uleb128 0x3b
ARM GAS  /var/folders/17/bkfps9l155v_zhlnnf_8b0040000gn/T//ccCk3gYP.s 			page 17


 906 0062 0B       		.uleb128 0xb
 907 0063 01       		.uleb128 0x1
 908 0064 13       		.uleb128 0x13
 909 0065 00       		.byte	0
 910 0066 00       		.byte	0
 911 0067 0A       		.uleb128 0xa
 912 0068 0D       		.uleb128 0xd
 913 0069 00       		.byte	0
 914 006a 03       		.uleb128 0x3
 915 006b 0E       		.uleb128 0xe
 916 006c 3A       		.uleb128 0x3a
 917 006d 0B       		.uleb128 0xb
 918 006e 3B       		.uleb128 0x3b
 919 006f 0B       		.uleb128 0xb
 920 0070 49       		.uleb128 0x49
 921 0071 13       		.uleb128 0x13
 922 0072 38       		.uleb128 0x38
 923 0073 0B       		.uleb128 0xb
 924 0074 00       		.byte	0
 925 0075 00       		.byte	0
 926 0076 0B       		.uleb128 0xb
 927 0077 13       		.uleb128 0x13
 928 0078 01       		.byte	0x1
 929 0079 0B       		.uleb128 0xb
 930 007a 0B       		.uleb128 0xb
 931 007b 3A       		.uleb128 0x3a
 932 007c 0B       		.uleb128 0xb
 933 007d 3B       		.uleb128 0x3b
 934 007e 0B       		.uleb128 0xb
 935 007f 01       		.uleb128 0x1
 936 0080 13       		.uleb128 0x13
 937 0081 00       		.byte	0
 938 0082 00       		.byte	0
 939 0083 0C       		.uleb128 0xc
 940 0084 2E       		.uleb128 0x2e
 941 0085 01       		.byte	0x1
 942 0086 3F       		.uleb128 0x3f
 943 0087 19       		.uleb128 0x19
 944 0088 03       		.uleb128 0x3
 945 0089 0E       		.uleb128 0xe
 946 008a 3A       		.uleb128 0x3a
 947 008b 0B       		.uleb128 0xb
 948 008c 3B       		.uleb128 0x3b
 949 008d 0B       		.uleb128 0xb
 950 008e 27       		.uleb128 0x27
 951 008f 19       		.uleb128 0x19
 952 0090 49       		.uleb128 0x49
 953 0091 13       		.uleb128 0x13
 954 0092 20       		.uleb128 0x20
 955 0093 0B       		.uleb128 0xb
 956 0094 01       		.uleb128 0x1
 957 0095 13       		.uleb128 0x13
 958 0096 00       		.byte	0
 959 0097 00       		.byte	0
 960 0098 0D       		.uleb128 0xd
 961 0099 05       		.uleb128 0x5
 962 009a 00       		.byte	0
ARM GAS  /var/folders/17/bkfps9l155v_zhlnnf_8b0040000gn/T//ccCk3gYP.s 			page 18


 963 009b 03       		.uleb128 0x3
 964 009c 08       		.uleb128 0x8
 965 009d 3A       		.uleb128 0x3a
 966 009e 0B       		.uleb128 0xb
 967 009f 3B       		.uleb128 0x3b
 968 00a0 0B       		.uleb128 0xb
 969 00a1 49       		.uleb128 0x49
 970 00a2 13       		.uleb128 0x13
 971 00a3 00       		.byte	0
 972 00a4 00       		.byte	0
 973 00a5 0E       		.uleb128 0xe
 974 00a6 34       		.uleb128 0x34
 975 00a7 00       		.byte	0
 976 00a8 03       		.uleb128 0x3
 977 00a9 0E       		.uleb128 0xe
 978 00aa 3A       		.uleb128 0x3a
 979 00ab 0B       		.uleb128 0xb
 980 00ac 3B       		.uleb128 0x3b
 981 00ad 0B       		.uleb128 0xb
 982 00ae 49       		.uleb128 0x49
 983 00af 13       		.uleb128 0x13
 984 00b0 00       		.byte	0
 985 00b1 00       		.byte	0
 986 00b2 0F       		.uleb128 0xf
 987 00b3 2E       		.uleb128 0x2e
 988 00b4 01       		.byte	0x1
 989 00b5 3F       		.uleb128 0x3f
 990 00b6 19       		.uleb128 0x19
 991 00b7 03       		.uleb128 0x3
 992 00b8 0E       		.uleb128 0xe
 993 00b9 3A       		.uleb128 0x3a
 994 00ba 0B       		.uleb128 0xb
 995 00bb 3B       		.uleb128 0x3b
 996 00bc 0B       		.uleb128 0xb
 997 00bd 27       		.uleb128 0x27
 998 00be 19       		.uleb128 0x19
 999 00bf 20       		.uleb128 0x20
 1000 00c0 0B       		.uleb128 0xb
 1001 00c1 01       		.uleb128 0x1
 1002 00c2 13       		.uleb128 0x13
 1003 00c3 00       		.byte	0
 1004 00c4 00       		.byte	0
 1005 00c5 10       		.uleb128 0x10
 1006 00c6 05       		.uleb128 0x5
 1007 00c7 00       		.byte	0
 1008 00c8 03       		.uleb128 0x3
 1009 00c9 0E       		.uleb128 0xe
 1010 00ca 3A       		.uleb128 0x3a
 1011 00cb 0B       		.uleb128 0xb
 1012 00cc 3B       		.uleb128 0x3b
 1013 00cd 0B       		.uleb128 0xb
 1014 00ce 49       		.uleb128 0x49
 1015 00cf 13       		.uleb128 0x13
 1016 00d0 00       		.byte	0
 1017 00d1 00       		.byte	0
 1018 00d2 11       		.uleb128 0x11
 1019 00d3 34       		.uleb128 0x34
ARM GAS  /var/folders/17/bkfps9l155v_zhlnnf_8b0040000gn/T//ccCk3gYP.s 			page 19


 1020 00d4 00       		.byte	0
 1021 00d5 03       		.uleb128 0x3
 1022 00d6 08       		.uleb128 0x8
 1023 00d7 3A       		.uleb128 0x3a
 1024 00d8 0B       		.uleb128 0xb
 1025 00d9 3B       		.uleb128 0x3b
 1026 00da 0B       		.uleb128 0xb
 1027 00db 49       		.uleb128 0x49
 1028 00dc 13       		.uleb128 0x13
 1029 00dd 00       		.byte	0
 1030 00de 00       		.byte	0
 1031 00df 12       		.uleb128 0x12
 1032 00e0 0B       		.uleb128 0xb
 1033 00e1 01       		.byte	0x1
 1034 00e2 01       		.uleb128 0x1
 1035 00e3 13       		.uleb128 0x13
 1036 00e4 00       		.byte	0
 1037 00e5 00       		.byte	0
 1038 00e6 13       		.uleb128 0x13
 1039 00e7 0B       		.uleb128 0xb
 1040 00e8 01       		.byte	0x1
 1041 00e9 00       		.byte	0
 1042 00ea 00       		.byte	0
 1043 00eb 14       		.uleb128 0x14
 1044 00ec 2E       		.uleb128 0x2e
 1045 00ed 01       		.byte	0x1
 1046 00ee 3F       		.uleb128 0x3f
 1047 00ef 19       		.uleb128 0x19
 1048 00f0 03       		.uleb128 0x3
 1049 00f1 0E       		.uleb128 0xe
 1050 00f2 3A       		.uleb128 0x3a
 1051 00f3 0B       		.uleb128 0xb
 1052 00f4 3B       		.uleb128 0x3b
 1053 00f5 0B       		.uleb128 0xb
 1054 00f6 27       		.uleb128 0x27
 1055 00f7 19       		.uleb128 0x19
 1056 00f8 11       		.uleb128 0x11
 1057 00f9 01       		.uleb128 0x1
 1058 00fa 12       		.uleb128 0x12
 1059 00fb 06       		.uleb128 0x6
 1060 00fc 40       		.uleb128 0x40
 1061 00fd 18       		.uleb128 0x18
 1062 00fe 9742     		.uleb128 0x2117
 1063 0100 19       		.uleb128 0x19
 1064 0101 01       		.uleb128 0x1
 1065 0102 13       		.uleb128 0x13
 1066 0103 00       		.byte	0
 1067 0104 00       		.byte	0
 1068 0105 15       		.uleb128 0x15
 1069 0106 05       		.uleb128 0x5
 1070 0107 00       		.byte	0
 1071 0108 03       		.uleb128 0x3
 1072 0109 08       		.uleb128 0x8
 1073 010a 3A       		.uleb128 0x3a
 1074 010b 0B       		.uleb128 0xb
 1075 010c 3B       		.uleb128 0x3b
 1076 010d 0B       		.uleb128 0xb
ARM GAS  /var/folders/17/bkfps9l155v_zhlnnf_8b0040000gn/T//ccCk3gYP.s 			page 20


 1077 010e 49       		.uleb128 0x49
 1078 010f 13       		.uleb128 0x13
 1079 0110 02       		.uleb128 0x2
 1080 0111 18       		.uleb128 0x18
 1081 0112 00       		.byte	0
 1082 0113 00       		.byte	0
 1083 0114 16       		.uleb128 0x16
 1084 0115 05       		.uleb128 0x5
 1085 0116 00       		.byte	0
 1086 0117 03       		.uleb128 0x3
 1087 0118 0E       		.uleb128 0xe
 1088 0119 3A       		.uleb128 0x3a
 1089 011a 0B       		.uleb128 0xb
 1090 011b 3B       		.uleb128 0x3b
 1091 011c 0B       		.uleb128 0xb
 1092 011d 49       		.uleb128 0x49
 1093 011e 13       		.uleb128 0x13
 1094 011f 02       		.uleb128 0x2
 1095 0120 18       		.uleb128 0x18
 1096 0121 00       		.byte	0
 1097 0122 00       		.byte	0
 1098 0123 17       		.uleb128 0x17
 1099 0124 05       		.uleb128 0x5
 1100 0125 00       		.byte	0
 1101 0126 03       		.uleb128 0x3
 1102 0127 08       		.uleb128 0x8
 1103 0128 3A       		.uleb128 0x3a
 1104 0129 0B       		.uleb128 0xb
 1105 012a 3B       		.uleb128 0x3b
 1106 012b 0B       		.uleb128 0xb
 1107 012c 49       		.uleb128 0x49
 1108 012d 13       		.uleb128 0x13
 1109 012e 02       		.uleb128 0x2
 1110 012f 17       		.uleb128 0x17
 1111 0130 00       		.byte	0
 1112 0131 00       		.byte	0
 1113 0132 18       		.uleb128 0x18
 1114 0133 1D       		.uleb128 0x1d
 1115 0134 01       		.byte	0x1
 1116 0135 31       		.uleb128 0x31
 1117 0136 13       		.uleb128 0x13
 1118 0137 11       		.uleb128 0x11
 1119 0138 01       		.uleb128 0x1
 1120 0139 12       		.uleb128 0x12
 1121 013a 06       		.uleb128 0x6
 1122 013b 58       		.uleb128 0x58
 1123 013c 0B       		.uleb128 0xb
 1124 013d 59       		.uleb128 0x59
 1125 013e 0B       		.uleb128 0xb
 1126 013f 00       		.byte	0
 1127 0140 00       		.byte	0
 1128 0141 19       		.uleb128 0x19
 1129 0142 05       		.uleb128 0x5
 1130 0143 00       		.byte	0
 1131 0144 31       		.uleb128 0x31
 1132 0145 13       		.uleb128 0x13
 1133 0146 02       		.uleb128 0x2
ARM GAS  /var/folders/17/bkfps9l155v_zhlnnf_8b0040000gn/T//ccCk3gYP.s 			page 21


 1134 0147 17       		.uleb128 0x17
 1135 0148 00       		.byte	0
 1136 0149 00       		.byte	0
 1137 014a 1A       		.uleb128 0x1a
 1138 014b 0B       		.uleb128 0xb
 1139 014c 01       		.byte	0x1
 1140 014d 11       		.uleb128 0x11
 1141 014e 01       		.uleb128 0x1
 1142 014f 12       		.uleb128 0x12
 1143 0150 06       		.uleb128 0x6
 1144 0151 01       		.uleb128 0x1
 1145 0152 13       		.uleb128 0x13
 1146 0153 00       		.byte	0
 1147 0154 00       		.byte	0
 1148 0155 1B       		.uleb128 0x1b
 1149 0156 34       		.uleb128 0x34
 1150 0157 00       		.byte	0
 1151 0158 31       		.uleb128 0x31
 1152 0159 13       		.uleb128 0x13
 1153 015a 02       		.uleb128 0x2
 1154 015b 18       		.uleb128 0x18
 1155 015c 00       		.byte	0
 1156 015d 00       		.byte	0
 1157 015e 1C       		.uleb128 0x1c
 1158 015f 1D       		.uleb128 0x1d
 1159 0160 01       		.byte	0x1
 1160 0161 31       		.uleb128 0x31
 1161 0162 13       		.uleb128 0x13
 1162 0163 52       		.uleb128 0x52
 1163 0164 01       		.uleb128 0x1
 1164 0165 55       		.uleb128 0x55
 1165 0166 17       		.uleb128 0x17
 1166 0167 58       		.uleb128 0x58
 1167 0168 0B       		.uleb128 0xb
 1168 0169 59       		.uleb128 0x59
 1169 016a 0B       		.uleb128 0xb
 1170 016b 01       		.uleb128 0x1
 1171 016c 13       		.uleb128 0x13
 1172 016d 00       		.byte	0
 1173 016e 00       		.byte	0
 1174 016f 1D       		.uleb128 0x1d
 1175 0170 0B       		.uleb128 0xb
 1176 0171 01       		.byte	0x1
 1177 0172 55       		.uleb128 0x55
 1178 0173 17       		.uleb128 0x17
 1179 0174 00       		.byte	0
 1180 0175 00       		.byte	0
 1181 0176 1E       		.uleb128 0x1e
 1182 0177 34       		.uleb128 0x34
 1183 0178 00       		.byte	0
 1184 0179 31       		.uleb128 0x31
 1185 017a 13       		.uleb128 0x13
 1186 017b 02       		.uleb128 0x2
 1187 017c 17       		.uleb128 0x17
 1188 017d 00       		.byte	0
 1189 017e 00       		.byte	0
 1190 017f 1F       		.uleb128 0x1f
ARM GAS  /var/folders/17/bkfps9l155v_zhlnnf_8b0040000gn/T//ccCk3gYP.s 			page 22


 1191 0180 2E       		.uleb128 0x2e
 1192 0181 01       		.byte	0x1
 1193 0182 31       		.uleb128 0x31
 1194 0183 13       		.uleb128 0x13
 1195 0184 11       		.uleb128 0x11
 1196 0185 01       		.uleb128 0x1
 1197 0186 12       		.uleb128 0x12
 1198 0187 06       		.uleb128 0x6
 1199 0188 40       		.uleb128 0x40
 1200 0189 18       		.uleb128 0x18
 1201 018a 9642     		.uleb128 0x2116
 1202 018c 19       		.uleb128 0x19
 1203 018d 01       		.uleb128 0x1
 1204 018e 13       		.uleb128 0x13
 1205 018f 00       		.byte	0
 1206 0190 00       		.byte	0
 1207 0191 20       		.uleb128 0x20
 1208 0192 2E       		.uleb128 0x2e
 1209 0193 01       		.byte	0x1
 1210 0194 3F       		.uleb128 0x3f
 1211 0195 19       		.uleb128 0x19
 1212 0196 03       		.uleb128 0x3
 1213 0197 0E       		.uleb128 0xe
 1214 0198 3A       		.uleb128 0x3a
 1215 0199 0B       		.uleb128 0xb
 1216 019a 3B       		.uleb128 0x3b
 1217 019b 0B       		.uleb128 0xb
 1218 019c 27       		.uleb128 0x27
 1219 019d 19       		.uleb128 0x19
 1220 019e 49       		.uleb128 0x49
 1221 019f 13       		.uleb128 0x13
 1222 01a0 11       		.uleb128 0x11
 1223 01a1 01       		.uleb128 0x1
 1224 01a2 12       		.uleb128 0x12
 1225 01a3 06       		.uleb128 0x6
 1226 01a4 40       		.uleb128 0x40
 1227 01a5 18       		.uleb128 0x18
 1228 01a6 9642     		.uleb128 0x2116
 1229 01a8 19       		.uleb128 0x19
 1230 01a9 01       		.uleb128 0x1
 1231 01aa 13       		.uleb128 0x13
 1232 01ab 00       		.byte	0
 1233 01ac 00       		.byte	0
 1234 01ad 21       		.uleb128 0x21
 1235 01ae 34       		.uleb128 0x34
 1236 01af 00       		.byte	0
 1237 01b0 03       		.uleb128 0x3
 1238 01b1 0E       		.uleb128 0xe
 1239 01b2 3A       		.uleb128 0x3a
 1240 01b3 0B       		.uleb128 0xb
 1241 01b4 3B       		.uleb128 0x3b
 1242 01b5 0B       		.uleb128 0xb
 1243 01b6 49       		.uleb128 0x49
 1244 01b7 13       		.uleb128 0x13
 1245 01b8 02       		.uleb128 0x2
 1246 01b9 18       		.uleb128 0x18
 1247 01ba 00       		.byte	0
ARM GAS  /var/folders/17/bkfps9l155v_zhlnnf_8b0040000gn/T//ccCk3gYP.s 			page 23


 1248 01bb 00       		.byte	0
 1249 01bc 22       		.uleb128 0x22
 1250 01bd 34       		.uleb128 0x34
 1251 01be 00       		.byte	0
 1252 01bf 03       		.uleb128 0x3
 1253 01c0 08       		.uleb128 0x8
 1254 01c1 3A       		.uleb128 0x3a
 1255 01c2 0B       		.uleb128 0xb
 1256 01c3 3B       		.uleb128 0x3b
 1257 01c4 0B       		.uleb128 0xb
 1258 01c5 49       		.uleb128 0x49
 1259 01c6 13       		.uleb128 0x13
 1260 01c7 02       		.uleb128 0x2
 1261 01c8 18       		.uleb128 0x18
 1262 01c9 00       		.byte	0
 1263 01ca 00       		.byte	0
 1264 01cb 23       		.uleb128 0x23
 1265 01cc 2E       		.uleb128 0x2e
 1266 01cd 01       		.byte	0x1
 1267 01ce 31       		.uleb128 0x31
 1268 01cf 13       		.uleb128 0x13
 1269 01d0 11       		.uleb128 0x11
 1270 01d1 01       		.uleb128 0x1
 1271 01d2 12       		.uleb128 0x12
 1272 01d3 06       		.uleb128 0x6
 1273 01d4 40       		.uleb128 0x40
 1274 01d5 18       		.uleb128 0x18
 1275 01d6 9742     		.uleb128 0x2117
 1276 01d8 19       		.uleb128 0x19
 1277 01d9 01       		.uleb128 0x1
 1278 01da 13       		.uleb128 0x13
 1279 01db 00       		.byte	0
 1280 01dc 00       		.byte	0
 1281 01dd 24       		.uleb128 0x24
 1282 01de 05       		.uleb128 0x5
 1283 01df 00       		.byte	0
 1284 01e0 31       		.uleb128 0x31
 1285 01e1 13       		.uleb128 0x13
 1286 01e2 02       		.uleb128 0x2
 1287 01e3 18       		.uleb128 0x18
 1288 01e4 00       		.byte	0
 1289 01e5 00       		.byte	0
 1290 01e6 25       		.uleb128 0x25
 1291 01e7 2E       		.uleb128 0x2e
 1292 01e8 01       		.byte	0x1
 1293 01e9 31       		.uleb128 0x31
 1294 01ea 13       		.uleb128 0x13
 1295 01eb 11       		.uleb128 0x11
 1296 01ec 01       		.uleb128 0x1
 1297 01ed 12       		.uleb128 0x12
 1298 01ee 06       		.uleb128 0x6
 1299 01ef 40       		.uleb128 0x40
 1300 01f0 18       		.uleb128 0x18
 1301 01f1 9742     		.uleb128 0x2117
 1302 01f3 19       		.uleb128 0x19
 1303 01f4 00       		.byte	0
 1304 01f5 00       		.byte	0
ARM GAS  /var/folders/17/bkfps9l155v_zhlnnf_8b0040000gn/T//ccCk3gYP.s 			page 24


 1305 01f6 00       		.byte	0
 1306              		.section	.debug_loc,"",%progbits
 1307              	.Ldebug_loc0:
 1308              	.LLST0:
 1309 0000 00000000 		.4byte	.LVL1
 1310 0004 1C000000 		.4byte	.LVL5
 1311 0008 0100     		.2byte	0x1
 1312 000a 51       		.byte	0x51
 1313 000b 1C000000 		.4byte	.LVL5
 1314 000f 24000000 		.4byte	.LFE8
 1315 0013 0100     		.2byte	0x1
 1316 0015 51       		.byte	0x51
 1317 0016 00000000 		.4byte	0
 1318 001a 00000000 		.4byte	0
 1319              	.LLST1:
 1320 001e 00000000 		.4byte	.LVL1
 1321 0022 04000000 		.4byte	.LVL2
 1322 0026 0100     		.2byte	0x1
 1323 0028 52       		.byte	0x52
 1324 0029 04000000 		.4byte	.LVL2
 1325 002d 1A000000 		.4byte	.LVL4
 1326 0031 0100     		.2byte	0x1
 1327 0033 52       		.byte	0x52
 1328 0034 1A000000 		.4byte	.LVL4
 1329 0038 1C000000 		.4byte	.LVL5
 1330 003c 0300     		.2byte	0x3
 1331 003e 72       		.byte	0x72
 1332 003f 01       		.sleb128 1
 1333 0040 9F       		.byte	0x9f
 1334 0041 00000000 		.4byte	0
 1335 0045 00000000 		.4byte	0
 1336              	.LLST2:
 1337 0049 04000000 		.4byte	.LVL2
 1338 004d 1C000000 		.4byte	.LVL5
 1339 0051 0100     		.2byte	0x1
 1340 0053 51       		.byte	0x51
 1341 0054 1C000000 		.4byte	.LVL5
 1342 0058 1E000000 		.4byte	.LVL6
 1343 005c 0200     		.2byte	0x2
 1344 005e 70       		.byte	0x70
 1345 005f 00       		.sleb128 0
 1346 0060 00000000 		.4byte	0
 1347 0064 00000000 		.4byte	0
 1348              	.LLST3:
 1349 0068 04000000 		.4byte	.LVL2
 1350 006c 1E000000 		.4byte	.LVL6
 1351 0070 0100     		.2byte	0x1
 1352 0072 50       		.byte	0x50
 1353 0073 00000000 		.4byte	0
 1354 0077 00000000 		.4byte	0
 1355              	.LLST4:
 1356 007b 0A000000 		.4byte	.LVL3
 1357 007f 1C000000 		.4byte	.LVL5
 1358 0083 0100     		.2byte	0x1
 1359 0085 51       		.byte	0x51
 1360 0086 1C000000 		.4byte	.LVL5
 1361 008a 1E000000 		.4byte	.LVL6
ARM GAS  /var/folders/17/bkfps9l155v_zhlnnf_8b0040000gn/T//ccCk3gYP.s 			page 25


 1362 008e 0200     		.2byte	0x2
 1363 0090 70       		.byte	0x70
 1364 0091 00       		.sleb128 0
 1365 0092 00000000 		.4byte	0
 1366 0096 00000000 		.4byte	0
 1367              	.LLST5:
 1368 009a 0A000000 		.4byte	.LVL3
 1369 009e 1E000000 		.4byte	.LVL6
 1370 00a2 0100     		.2byte	0x1
 1371 00a4 50       		.byte	0x50
 1372 00a5 00000000 		.4byte	0
 1373 00a9 00000000 		.4byte	0
 1374              	.LLST7:
 1375 00ad 00000000 		.4byte	.LVL7
 1376 00b1 06000000 		.4byte	.LVL8
 1377 00b5 0100     		.2byte	0x1
 1378 00b7 50       		.byte	0x50
 1379 00b8 06000000 		.4byte	.LVL8
 1380 00bc 15000000 		.4byte	.LVL11-1
 1381 00c0 0100     		.2byte	0x1
 1382 00c2 53       		.byte	0x53
 1383 00c3 15000000 		.4byte	.LVL11-1
 1384 00c7 18000000 		.4byte	.LFE9
 1385 00cb 0400     		.2byte	0x4
 1386 00cd F3       		.byte	0xf3
 1387 00ce 01       		.uleb128 0x1
 1388 00cf 50       		.byte	0x50
 1389 00d0 9F       		.byte	0x9f
 1390 00d1 00000000 		.4byte	0
 1391 00d5 00000000 		.4byte	0
 1392              	.LLST8:
 1393 00d9 06000000 		.4byte	.LVL8
 1394 00dd 14000000 		.4byte	.LVL10
 1395 00e1 0100     		.2byte	0x1
 1396 00e3 50       		.byte	0x50
 1397 00e4 14000000 		.4byte	.LVL10
 1398 00e8 15000000 		.4byte	.LVL11-1
 1399 00ec 0200     		.2byte	0x2
 1400 00ee 73       		.byte	0x73
 1401 00ef 00       		.sleb128 0
 1402 00f0 16000000 		.4byte	.LVL11
 1403 00f4 18000000 		.4byte	.LFE9
 1404 00f8 0100     		.2byte	0x1
 1405 00fa 50       		.byte	0x50
 1406 00fb 00000000 		.4byte	0
 1407 00ff 00000000 		.4byte	0
 1408              	.LLST9:
 1409 0103 00000000 		.4byte	.LVL12
 1410 0107 0C000000 		.4byte	.LVL14
 1411 010b 0100     		.2byte	0x1
 1412 010d 50       		.byte	0x50
 1413 010e 0C000000 		.4byte	.LVL14
 1414 0112 23000000 		.4byte	.LVL16-1
 1415 0116 0100     		.2byte	0x1
 1416 0118 52       		.byte	0x52
 1417 0119 23000000 		.4byte	.LVL16-1
 1418 011d 2C000000 		.4byte	.LFE10
ARM GAS  /var/folders/17/bkfps9l155v_zhlnnf_8b0040000gn/T//ccCk3gYP.s 			page 26


 1419 0121 0400     		.2byte	0x4
 1420 0123 F3       		.byte	0xf3
 1421 0124 01       		.uleb128 0x1
 1422 0125 50       		.byte	0x50
 1423 0126 9F       		.byte	0x9f
 1424 0127 00000000 		.4byte	0
 1425 012b 00000000 		.4byte	0
 1426              	.LLST10:
 1427 012f 0A000000 		.4byte	.LVL13
 1428 0133 0C000000 		.4byte	.LVL14
 1429 0137 0100     		.2byte	0x1
 1430 0139 50       		.byte	0x50
 1431 013a 0C000000 		.4byte	.LVL14
 1432 013e 23000000 		.4byte	.LVL16-1
 1433 0142 0100     		.2byte	0x1
 1434 0144 52       		.byte	0x52
 1435 0145 23000000 		.4byte	.LVL16-1
 1436 0149 2C000000 		.4byte	.LFE10
 1437 014d 0400     		.2byte	0x4
 1438 014f F3       		.byte	0xf3
 1439 0150 01       		.uleb128 0x1
 1440 0151 50       		.byte	0x50
 1441 0152 9F       		.byte	0x9f
 1442 0153 00000000 		.4byte	0
 1443 0157 00000000 		.4byte	0
 1444              	.LLST11:
 1445 015b 0C000000 		.4byte	.LVL14
 1446 015f 22000000 		.4byte	.LVL15
 1447 0163 0100     		.2byte	0x1
 1448 0165 50       		.byte	0x50
 1449 0166 22000000 		.4byte	.LVL15
 1450 016a 23000000 		.4byte	.LVL16-1
 1451 016e 0200     		.2byte	0x2
 1452 0170 72       		.byte	0x72
 1453 0171 00       		.sleb128 0
 1454 0172 24000000 		.4byte	.LVL16
 1455 0176 2C000000 		.4byte	.LFE10
 1456 017a 0100     		.2byte	0x1
 1457 017c 50       		.byte	0x50
 1458 017d 00000000 		.4byte	0
 1459 0181 00000000 		.4byte	0
 1460              		.section	.debug_aranges,"",%progbits
 1461 0000 44000000 		.4byte	0x44
 1462 0004 0200     		.2byte	0x2
 1463 0006 00000000 		.4byte	.Ldebug_info0
 1464 000a 04       		.byte	0x4
 1465 000b 00       		.byte	0
 1466 000c 0000     		.2byte	0
 1467 000e 0000     		.2byte	0
 1468 0010 00000000 		.4byte	.LFB7
 1469 0014 0A000000 		.4byte	.LFE7-.LFB7
 1470 0018 00000000 		.4byte	.LFB8
 1471 001c 24000000 		.4byte	.LFE8-.LFB8
 1472 0020 00000000 		.4byte	.LFB9
 1473 0024 18000000 		.4byte	.LFE9-.LFB9
 1474 0028 00000000 		.4byte	.LFB10
 1475 002c 2C000000 		.4byte	.LFE10-.LFB10
ARM GAS  /var/folders/17/bkfps9l155v_zhlnnf_8b0040000gn/T//ccCk3gYP.s 			page 27


 1476 0030 00000000 		.4byte	.LFB11
 1477 0034 08000000 		.4byte	.LFE11-.LFB11
 1478 0038 00000000 		.4byte	.LFB12
 1479 003c 14000000 		.4byte	.LFE12-.LFB12
 1480 0040 00000000 		.4byte	0
 1481 0044 00000000 		.4byte	0
 1482              		.section	.debug_ranges,"",%progbits
 1483              	.Ldebug_ranges0:
 1484 0000 0A000000 		.4byte	.LBB18
 1485 0004 0C000000 		.4byte	.LBE18
 1486 0008 0E000000 		.4byte	.LBB22
 1487 000c 12000000 		.4byte	.LBE22
 1488 0010 00000000 		.4byte	0
 1489 0014 00000000 		.4byte	0
 1490 0018 0C000000 		.4byte	.LBB21
 1491 001c 0E000000 		.4byte	.LBE21
 1492 0020 12000000 		.4byte	.LBB23
 1493 0024 16000000 		.4byte	.LBE23
 1494 0028 00000000 		.4byte	0
 1495 002c 00000000 		.4byte	0
 1496 0030 0A000000 		.4byte	.LBB25
 1497 0034 12000000 		.4byte	.LBE25
 1498 0038 1A000000 		.4byte	.LBB29
 1499 003c 24000000 		.4byte	.LBE29
 1500 0040 00000000 		.4byte	0
 1501 0044 00000000 		.4byte	0
 1502 0048 12000000 		.4byte	.LBB28
 1503 004c 18000000 		.4byte	.LBE28
 1504 0050 24000000 		.4byte	.LBB30
 1505 0054 2A000000 		.4byte	.LBE30
 1506 0058 00000000 		.4byte	0
 1507 005c 00000000 		.4byte	0
 1508 0060 06000000 		.4byte	.LBB32
 1509 0064 08000000 		.4byte	.LBE32
 1510 0068 0A000000 		.4byte	.LBB36
 1511 006c 0E000000 		.4byte	.LBE36
 1512 0070 00000000 		.4byte	0
 1513 0074 00000000 		.4byte	0
 1514 0078 08000000 		.4byte	.LBB35
 1515 007c 0A000000 		.4byte	.LBE35
 1516 0080 0E000000 		.4byte	.LBB37
 1517 0084 14000000 		.4byte	.LBE37
 1518 0088 00000000 		.4byte	0
 1519 008c 00000000 		.4byte	0
 1520 0090 00000000 		.4byte	.LFB7
 1521 0094 0A000000 		.4byte	.LFE7
 1522 0098 00000000 		.4byte	.LFB8
 1523 009c 24000000 		.4byte	.LFE8
 1524 00a0 00000000 		.4byte	.LFB9
 1525 00a4 18000000 		.4byte	.LFE9
 1526 00a8 00000000 		.4byte	.LFB10
 1527 00ac 2C000000 		.4byte	.LFE10
 1528 00b0 00000000 		.4byte	.LFB11
 1529 00b4 08000000 		.4byte	.LFE11
 1530 00b8 00000000 		.4byte	.LFB12
 1531 00bc 14000000 		.4byte	.LFE12
 1532 00c0 00000000 		.4byte	0
ARM GAS  /var/folders/17/bkfps9l155v_zhlnnf_8b0040000gn/T//ccCk3gYP.s 			page 28


 1533 00c4 00000000 		.4byte	0
 1534              		.section	.debug_line,"",%progbits
 1535              	.Ldebug_line0:
 1536 0000 B2010000 		.section	.debug_str,"MS",%progbits,1
 1536      02000701 
 1536      00000201 
 1536      FB0E0D00 
 1536      01010101 
 1537              	.LASF5:
 1538 0000 73697A65 		.ascii	"size_t\000"
 1538      5F7400
 1539              	.LASF17:
 1540 0007 6D705F6F 		.ascii	"mp_object_size\000"
 1540      626A6563 
 1540      745F7369 
 1540      7A6500
 1541              	.LASF27:
 1542 0016 6368506F 		.ascii	"chPoolLoadArray\000"
 1542      6F6C4C6F 
 1542      61644172 
 1542      72617900 
 1543              	.LASF29:
 1544 0026 2E2E2F2E 		.ascii	"../../vexell/../ChibiOS-RT/os/kernel/src/chmempools"
 1544      2E2F7665 
 1544      78656C6C 
 1544      2F2E2E2F 
 1544      43686962 
 1545 0059 2E6300   		.ascii	".c\000"
 1546              	.LASF31:
 1547 005c 706F6F6C 		.ascii	"pool_header\000"
 1547      5F686561 
 1547      64657200 
 1548              	.LASF24:
 1549 0068 73697A65 		.ascii	"size\000"
 1549      00
 1550              	.LASF10:
 1551 006d 6C6F6E67 		.ascii	"long unsigned int\000"
 1551      20756E73 
 1551      69676E65 
 1551      6420696E 
 1551      7400
 1552              	.LASF8:
 1553 007f 73686F72 		.ascii	"short unsigned int\000"
 1553      7420756E 
 1553      7369676E 
 1553      65642069 
 1553      6E7400
 1554              	.LASF25:
 1555 0092 70726F76 		.ascii	"provider\000"
 1555      69646572 
 1555      00
 1556              	.LASF22:
 1557 009b 6368506F 		.ascii	"chPoolFreeI\000"
 1557      6F6C4672 
 1557      65654900 
 1558              	.LASF7:
 1559 00a7 756E7369 		.ascii	"unsigned char\000"
ARM GAS  /var/folders/17/bkfps9l155v_zhlnnf_8b0040000gn/T//ccCk3gYP.s 			page 29


 1559      676E6564 
 1559      20636861 
 1559      7200
 1560              	.LASF30:
 1561 00b5 2F557365 		.ascii	"/Users/leroux/src/robotics/vex/convex-vexell/projec"
 1561      72732F6C 
 1561      65726F75 
 1561      782F7372 
 1561      632F726F 
 1562 00e8 74732F64 		.ascii	"ts/default\000"
 1562      65666175 
 1562      6C7400
 1563              	.LASF23:
 1564 00f3 6368506F 		.ascii	"chPoolFree\000"
 1564      6F6C4672 
 1564      656500
 1565              	.LASF19:
 1566 00fe 4D656D6F 		.ascii	"MemoryPool\000"
 1566      7279506F 
 1566      6F6C00
 1567              	.LASF21:
 1568 0109 6F626A70 		.ascii	"objp\000"
 1568      00
 1569              	.LASF32:
 1570 010e 6368506F 		.ascii	"chPoolAllocI\000"
 1570      6F6C416C 
 1570      6C6F6349 
 1570      00
 1571              	.LASF0:
 1572 011b 756E7369 		.ascii	"unsigned int\000"
 1572      676E6564 
 1572      20696E74 
 1572      00
 1573              	.LASF11:
 1574 0128 6C6F6E67 		.ascii	"long long unsigned int\000"
 1574      206C6F6E 
 1574      6720756E 
 1574      7369676E 
 1574      65642069 
 1575              	.LASF6:
 1576 013f 75696E74 		.ascii	"uint8_t\000"
 1576      385F7400 
 1577              	.LASF28:
 1578 0147 474E5520 		.ascii	"GNU C 4.8.3 20131129 (release) [ARM/embedded-4_8-br"
 1578      4320342E 
 1578      382E3320 
 1578      32303133 
 1578      31313239 
 1579 017a 616E6368 		.ascii	"anch revision 205641] -mcpu=cortex-m3 -mno-thumb-in"
 1579      20726576 
 1579      6973696F 
 1579      6E203230 
 1579      35363431 
 1580 01ad 74657277 		.ascii	"terwork -mthumb -ggdb -O2 -std=gnu99 -fomit-frame-p"
 1580      6F726B20 
 1580      2D6D7468 
 1580      756D6220 
ARM GAS  /var/folders/17/bkfps9l155v_zhlnnf_8b0040000gn/T//ccCk3gYP.s 			page 30


 1580      2D676764 
 1581 01e0 6F696E74 		.ascii	"ointer -falign-functions=16 -ffreestanding -fno-str"
 1581      6572202D 
 1581      66616C69 
 1581      676E2D66 
 1581      756E6374 
 1582 0213 6963742D 		.ascii	"ict-aliasing -ffunction-sections -fdata-sections -f"
 1582      616C6961 
 1582      73696E67 
 1582      202D6666 
 1582      756E6374 
 1583 0246 6E6F2D63 		.ascii	"no-common\000"
 1583      6F6D6D6F 
 1583      6E00
 1584              	.LASF15:
 1585 0250 70685F6E 		.ascii	"ph_next\000"
 1585      65787400 
 1586              	.LASF13:
 1587 0258 73697A65 		.ascii	"sizetype\000"
 1587      74797065 
 1587      00
 1588              	.LASF4:
 1589 0261 6C6F6E67 		.ascii	"long long int\000"
 1589      206C6F6E 
 1589      6720696E 
 1589      7400
 1590              	.LASF20:
 1591 026f 63686172 		.ascii	"char\000"
 1591      00
 1592              	.LASF14:
 1593 0274 6D656D67 		.ascii	"memgetfunc_t\000"
 1593      65746675 
 1593      6E635F74 
 1593      00
 1594              	.LASF18:
 1595 0281 6D705F70 		.ascii	"mp_provider\000"
 1595      726F7669 
 1595      64657200 
 1596              	.LASF2:
 1597 028d 73686F72 		.ascii	"short int\000"
 1597      7420696E 
 1597      7400
 1598              	.LASF33:
 1599 0297 6368506F 		.ascii	"chPoolAlloc\000"
 1599      6F6C416C 
 1599      6C6F6300 
 1600              	.LASF9:
 1601 02a3 75696E74 		.ascii	"uint32_t\000"
 1601      33325F74 
 1601      00
 1602              	.LASF3:
 1603 02ac 6C6F6E67 		.ascii	"long int\000"
 1603      20696E74 
 1603      00
 1604              	.LASF1:
 1605 02b5 7369676E 		.ascii	"signed char\000"
 1605      65642063 
ARM GAS  /var/folders/17/bkfps9l155v_zhlnnf_8b0040000gn/T//ccCk3gYP.s 			page 31


 1605      68617200 
 1606              	.LASF16:
 1607 02c1 6D705F6E 		.ascii	"mp_next\000"
 1607      65787400 
 1608              	.LASF12:
 1609 02c9 5F426F6F 		.ascii	"_Bool\000"
 1609      6C00
 1610              	.LASF26:
 1611 02cf 6368506F 		.ascii	"chPoolInit\000"
 1611      6F6C496E 
 1611      697400
 1612              		.ident	"GCC: (GNU Tools for ARM Embedded Processors) 4.8.3 20131129 (release) [ARM/embedded-4_8-br
ARM GAS  /var/folders/17/bkfps9l155v_zhlnnf_8b0040000gn/T//ccCk3gYP.s 			page 32


DEFINED SYMBOLS
                            *ABS*:0000000000000000 chmempools.c
/var/folders/17/bkfps9l155v_zhlnnf_8b0040000gn/T//ccCk3gYP.s:19     .text.chPoolInit:0000000000000000 $t
/var/folders/17/bkfps9l155v_zhlnnf_8b0040000gn/T//ccCk3gYP.s:25     .text.chPoolInit:0000000000000000 chPoolInit
/var/folders/17/bkfps9l155v_zhlnnf_8b0040000gn/T//ccCk3gYP.s:47     .text.chPoolLoadArray:0000000000000000 $t
/var/folders/17/bkfps9l155v_zhlnnf_8b0040000gn/T//ccCk3gYP.s:53     .text.chPoolLoadArray:0000000000000000 chPoolLoadArray
/var/folders/17/bkfps9l155v_zhlnnf_8b0040000gn/T//ccCk3gYP.s:123    .text.chPoolAllocI:0000000000000000 $t
/var/folders/17/bkfps9l155v_zhlnnf_8b0040000gn/T//ccCk3gYP.s:129    .text.chPoolAllocI:0000000000000000 chPoolAllocI
/var/folders/17/bkfps9l155v_zhlnnf_8b0040000gn/T//ccCk3gYP.s:167    .text.chPoolAlloc:0000000000000000 $t
/var/folders/17/bkfps9l155v_zhlnnf_8b0040000gn/T//ccCk3gYP.s:173    .text.chPoolAlloc:0000000000000000 chPoolAlloc
/var/folders/17/bkfps9l155v_zhlnnf_8b0040000gn/T//ccCk3gYP.s:245    .text.chPoolFreeI:0000000000000000 $t
/var/folders/17/bkfps9l155v_zhlnnf_8b0040000gn/T//ccCk3gYP.s:251    .text.chPoolFreeI:0000000000000000 chPoolFreeI
/var/folders/17/bkfps9l155v_zhlnnf_8b0040000gn/T//ccCk3gYP.s:270    .text.chPoolFree:0000000000000000 $t
/var/folders/17/bkfps9l155v_zhlnnf_8b0040000gn/T//ccCk3gYP.s:276    .text.chPoolFree:0000000000000000 chPoolFree
                     .debug_frame:0000000000000010 $d

NO UNDEFINED SYMBOLS
