ARM GAS  /var/folders/17/bkfps9l155v_zhlnnf_8b0040000gn/T//ccs8xmTc.s 			page 1


   1              		.syntax unified
   2              		.cpu cortex-m3
   3              		.fpu softvfp
   4              		.eabi_attribute 20, 1
   5              		.eabi_attribute 21, 1
   6              		.eabi_attribute 23, 3
   7              		.eabi_attribute 24, 1
   8              		.eabi_attribute 25, 1
   9              		.eabi_attribute 26, 1
  10              		.eabi_attribute 30, 2
  11              		.eabi_attribute 34, 1
  12              		.eabi_attribute 18, 4
  13              		.thumb
  14              		.file	"chregistry.c"
  15              		.text
  16              	.Ltext0:
  17              		.cfi_sections	.debug_frame
  18              		.section	.text.chRegFirstThread,"ax",%progbits
  19              		.align	2
  20              		.p2align 4,,15
  21              		.global	chRegFirstThread
  22              		.thumb
  23              		.thumb_func
  24              		.type	chRegFirstThread, %function
  25              	chRegFirstThread:
  26              	.LFB7:
  27              		.file 1 "../../vexell/../ChibiOS-RT/os/kernel/src/chregistry.c"
  28              		.loc 1 110 0
  29              		.cfi_startproc
  30              		@ args = 0, pretend = 0, frame = 0
  31              		@ frame_needed = 0, uses_anonymous_args = 0
  32              		@ link register save eliminated.
  33              	.LBB2:
  34              		.loc 1 113 0
  35 0000 2023     		movs	r3, #32
  36              	@ 113 "../../vexell/../ChibiOS-RT/os/kernel/src/chregistry.c" 1
  37 0002 83F31188 		msr     BASEPRI, r3
  38              	@ 0 "" 2
  39              		.thumb
  40              	.LBE2:
  41              		.loc 1 114 0
  42 0006 044A     		ldr	r2, .L2
  43              	.LBB3:
  44              		.loc 1 118 0
  45 0008 0023     		movs	r3, #0
  46              	.LBE3:
  47              		.loc 1 114 0
  48 000a 1069     		ldr	r0, [r2, #16]
  49              	.LVL0:
  50              		.loc 1 116 0
  51 000c 827F     		ldrb	r2, [r0, #30]	@ zero_extendqisi2
  52 000e 0132     		adds	r2, r2, #1
  53 0010 8277     		strb	r2, [r0, #30]
  54              	.LBB4:
  55              		.loc 1 118 0
  56              	@ 118 "../../vexell/../ChibiOS-RT/os/kernel/src/chregistry.c" 1
  57 0012 83F31188 		msr     BASEPRI, r3
ARM GAS  /var/folders/17/bkfps9l155v_zhlnnf_8b0040000gn/T//ccs8xmTc.s 			page 2


  58              	@ 0 "" 2
  59              		.thumb
  60              	.LBE4:
  61              		.loc 1 120 0
  62 0016 7047     		bx	lr
  63              	.L3:
  64              		.align	2
  65              	.L2:
  66 0018 00000000 		.word	rlist
  67              		.cfi_endproc
  68              	.LFE7:
  69              		.size	chRegFirstThread, .-chRegFirstThread
  70 001c AFF30080 		.section	.text.chRegNextThread,"ax",%progbits
  71              		.align	2
  72              		.p2align 4,,15
  73              		.global	chRegNextThread
  74              		.thumb
  75              		.thumb_func
  76              		.type	chRegNextThread, %function
  77              	chRegNextThread:
  78              	.LFB8:
  79              		.loc 1 133 0
  80              		.cfi_startproc
  81              		@ args = 0, pretend = 0, frame = 0
  82              		@ frame_needed = 0, uses_anonymous_args = 0
  83              	.LVL1:
  84 0000 10B5     		push	{r4, lr}
  85              		.cfi_def_cfa_offset 8
  86              		.cfi_offset 4, -8
  87              		.cfi_offset 14, -4
  88              	.LBB5:
  89              		.loc 1 136 0
  90 0002 2023     		movs	r3, #32
  91              	@ 136 "../../vexell/../ChibiOS-RT/os/kernel/src/chregistry.c" 1
  92 0004 83F31188 		msr     BASEPRI, r3
  93              	@ 0 "" 2
  94              		.thumb
  95              	.LBE5:
  96              		.loc 1 138 0
  97 0008 074B     		ldr	r3, .L7
  98              		.loc 1 137 0
  99 000a 0469     		ldr	r4, [r0, #16]
 100              	.LVL2:
 101              		.loc 1 138 0
 102 000c 9C42     		cmp	r4, r3
 103              		.loc 1 144 0
 104 000e 17BF     		itett	ne
 105 0010 A37F     		ldrbne	r3, [r4, #30]	@ zero_extendqisi2
 106              		.loc 1 139 0
 107 0012 0024     		moveq	r4, #0
 108              	.LVL3:
 109              		.loc 1 144 0
 110 0014 0133     		addne	r3, r3, #1
 111 0016 A377     		strbne	r3, [r4, #30]
 112              	.LBB6:
 113              		.loc 1 147 0
 114 0018 0023     		movs	r3, #0
ARM GAS  /var/folders/17/bkfps9l155v_zhlnnf_8b0040000gn/T//ccs8xmTc.s 			page 3


 115              	@ 147 "../../vexell/../ChibiOS-RT/os/kernel/src/chregistry.c" 1
 116 001a 83F31188 		msr     BASEPRI, r3
 117              	@ 0 "" 2
 118              		.thumb
 119              	.LBE6:
 120              		.loc 1 149 0
 121 001e FFF7FEFF 		bl	chThdRelease
 122              	.LVL4:
 123              		.loc 1 152 0
 124 0022 2046     		mov	r0, r4
 125 0024 10BD     		pop	{r4, pc}
 126              	.LVL5:
 127              	.L8:
 128 0026 00BF     		.align	2
 129              	.L7:
 130 0028 00000000 		.word	rlist
 131              		.cfi_endproc
 132              	.LFE8:
 133              		.size	chRegNextThread, .-chRegNextThread
 134              		.global	ch_debug
 135 002c AFF30080 		.section	.rodata.ch_debug,"a",%progbits
 136              		.align	2
 137              		.type	ch_debug, %object
 138              		.size	ch_debug, 22
 139              	ch_debug:
 140 0000 6D61696E 		.ascii	"main"
 141 0004 00       		.byte	0
 142 0005 16       		.byte	22
 143 0006 C011     		.short	4544
 144 0008 04       		.byte	4
 145 0009 04       		.byte	4
 146 000a 48       		.byte	72
 147 000b 08       		.byte	8
 148 000c 0C       		.byte	12
 149 000d 10       		.byte	16
 150 000e 14       		.byte	20
 151 000f 18       		.byte	24
 152 0010 00       		.byte	0
 153 0011 1C       		.byte	28
 154 0012 1D       		.byte	29
 155 0013 1E       		.byte	30
 156 0014 1F       		.byte	31
 157 0015 20       		.byte	32
 158 0016 0000     		.text
 159              	.Letext0:
 160              		.file 2 "/Users/leroux/src/gcc-arm-none-eabi-4_8-2013q4/lib/gcc/arm-none-eabi/4.8.3/include/stddef
 161              		.file 3 "/Users/leroux/src/gcc-arm-none-eabi-4_8-2013q4/lib/gcc/arm-none-eabi/4.8.3/include/stdint
 162              		.file 4 "../../vexell/../ChibiOS-RT/os/ports/GCC/ARMCMx/chtypes.h"
 163              		.file 5 "../../vexell/../ChibiOS-RT/os/kernel/include/chlists.h"
 164              		.file 6 "../../vexell/../ChibiOS-RT/os/kernel/include/chthreads.h"
 165              		.file 7 "../../vexell/../ChibiOS-RT/os/ports/GCC/ARMCMx/chcore_v7m.h"
 166              		.file 8 "../../vexell/../ChibiOS-RT/os/kernel/include/chschd.h"
 167              		.file 9 "../../vexell/../ChibiOS-RT/os/kernel/include/chmtx.h"
 168              		.file 10 "../../vexell/../ChibiOS-RT/os/kernel/include/chregistry.h"
 169              		.file 11 "../../vexell/../ChibiOS-RT/os/kernel/include/chdynamic.h"
 170              		.section	.debug_info,"",%progbits
 171              	.Ldebug_info0:
ARM GAS  /var/folders/17/bkfps9l155v_zhlnnf_8b0040000gn/T//ccs8xmTc.s 			page 4


 172 0000 F5050000 		.4byte	0x5f5
 173 0004 0400     		.2byte	0x4
 174 0006 00000000 		.4byte	.Ldebug_abbrev0
 175 000a 04       		.byte	0x4
 176 000b 01       		.uleb128 0x1
 177 000c 7B030000 		.4byte	.LASF88
 178 0010 01       		.byte	0x1
 179 0011 F9020000 		.4byte	.LASF89
 180 0015 EA010000 		.4byte	.LASF90
 181 0019 18000000 		.4byte	.Ldebug_ranges0+0x18
 182 001d 00000000 		.4byte	0
 183 0021 00000000 		.4byte	.Ldebug_line0
 184 0025 02       		.uleb128 0x2
 185 0026 04       		.byte	0x4
 186 0027 05       		.byte	0x5
 187 0028 696E7400 		.ascii	"int\000"
 188 002c 03       		.uleb128 0x3
 189 002d 13000000 		.4byte	.LASF3
 190 0031 02       		.byte	0x2
 191 0032 D4       		.byte	0xd4
 192 0033 37000000 		.4byte	0x37
 193 0037 04       		.uleb128 0x4
 194 0038 04       		.byte	0x4
 195 0039 07       		.byte	0x7
 196 003a 03010000 		.4byte	.LASF0
 197 003e 04       		.uleb128 0x4
 198 003f 01       		.byte	0x1
 199 0040 06       		.byte	0x6
 200 0041 82000000 		.4byte	.LASF1
 201 0045 04       		.uleb128 0x4
 202 0046 02       		.byte	0x2
 203 0047 05       		.byte	0x5
 204 0048 70020000 		.4byte	.LASF2
 205 004c 03       		.uleb128 0x3
 206 004d 50020000 		.4byte	.LASF4
 207 0051 03       		.byte	0x3
 208 0052 28       		.byte	0x28
 209 0053 57000000 		.4byte	0x57
 210 0057 04       		.uleb128 0x4
 211 0058 04       		.byte	0x4
 212 0059 05       		.byte	0x5
 213 005a C5000000 		.4byte	.LASF5
 214 005e 04       		.uleb128 0x4
 215 005f 08       		.byte	0x8
 216 0060 05       		.byte	0x5
 217 0061 74000000 		.4byte	.LASF6
 218 0065 03       		.uleb128 0x3
 219 0066 B8040000 		.4byte	.LASF7
 220 006a 03       		.byte	0x3
 221 006b 2E       		.byte	0x2e
 222 006c 70000000 		.4byte	0x70
 223 0070 04       		.uleb128 0x4
 224 0071 01       		.byte	0x1
 225 0072 08       		.byte	0x8
 226 0073 58020000 		.4byte	.LASF8
 227 0077 03       		.uleb128 0x3
 228 0078 D7000000 		.4byte	.LASF9
ARM GAS  /var/folders/17/bkfps9l155v_zhlnnf_8b0040000gn/T//ccs8xmTc.s 			page 5


 229 007c 03       		.byte	0x3
 230 007d 31       		.byte	0x31
 231 007e 82000000 		.4byte	0x82
 232 0082 04       		.uleb128 0x4
 233 0083 02       		.byte	0x2
 234 0084 07       		.byte	0x7
 235 0085 41010000 		.4byte	.LASF10
 236 0089 03       		.uleb128 0x3
 237 008a F0020000 		.4byte	.LASF11
 238 008e 03       		.byte	0x3
 239 008f 34       		.byte	0x34
 240 0090 94000000 		.4byte	0x94
 241 0094 04       		.uleb128 0x4
 242 0095 04       		.byte	0x4
 243 0096 07       		.byte	0x7
 244 0097 10010000 		.4byte	.LASF12
 245 009b 04       		.uleb128 0x4
 246 009c 08       		.byte	0x8
 247 009d 07       		.byte	0x7
 248 009e 21000000 		.4byte	.LASF13
 249 00a2 04       		.uleb128 0x4
 250 00a3 01       		.byte	0x1
 251 00a4 02       		.byte	0x2
 252 00a5 4A020000 		.4byte	.LASF14
 253 00a9 03       		.uleb128 0x3
 254 00aa 5A010000 		.4byte	.LASF15
 255 00ae 04       		.byte	0x4
 256 00af 25       		.byte	0x25
 257 00b0 65000000 		.4byte	0x65
 258 00b4 03       		.uleb128 0x3
 259 00b5 CE000000 		.4byte	.LASF16
 260 00b9 04       		.byte	0x4
 261 00ba 26       		.byte	0x26
 262 00bb 65000000 		.4byte	0x65
 263 00bf 03       		.uleb128 0x3
 264 00c0 28020000 		.4byte	.LASF17
 265 00c4 04       		.byte	0x4
 266 00c5 27       		.byte	0x27
 267 00c6 65000000 		.4byte	0x65
 268 00ca 03       		.uleb128 0x3
 269 00cb BB000000 		.4byte	.LASF18
 270 00cf 04       		.byte	0x4
 271 00d0 28       		.byte	0x28
 272 00d1 65000000 		.4byte	0x65
 273 00d5 03       		.uleb128 0x3
 274 00d6 42020000 		.4byte	.LASF19
 275 00da 04       		.byte	0x4
 276 00db 29       		.byte	0x29
 277 00dc 89000000 		.4byte	0x89
 278 00e0 03       		.uleb128 0x3
 279 00e1 54010000 		.4byte	.LASF20
 280 00e5 04       		.byte	0x4
 281 00e6 2A       		.byte	0x2a
 282 00e7 4C000000 		.4byte	0x4c
 283 00eb 03       		.uleb128 0x3
 284 00ec 6E010000 		.4byte	.LASF21
 285 00f0 04       		.byte	0x4
ARM GAS  /var/folders/17/bkfps9l155v_zhlnnf_8b0040000gn/T//ccs8xmTc.s 			page 6


 286 00f1 2C       		.byte	0x2c
 287 00f2 89000000 		.4byte	0x89
 288 00f6 03       		.uleb128 0x3
 289 00f7 53030000 		.4byte	.LASF22
 290 00fb 04       		.byte	0x4
 291 00fc 2E       		.byte	0x2e
 292 00fd 89000000 		.4byte	0x89
 293 0101 03       		.uleb128 0x3
 294 0102 D1020000 		.4byte	.LASF23
 295 0106 05       		.byte	0x5
 296 0107 23       		.byte	0x23
 297 0108 0C010000 		.4byte	0x10c
 298 010c 05       		.uleb128 0x5
 299 010d D1020000 		.4byte	.LASF23
 300 0111 48       		.byte	0x48
 301 0112 06       		.byte	0x6
 302 0113 57       		.byte	0x57
 303 0114 09020000 		.4byte	0x209
 304 0118 06       		.uleb128 0x6
 305 0119 A6020000 		.4byte	.LASF24
 306 011d 06       		.byte	0x6
 307 011e 58       		.byte	0x58
 308 011f 2A020000 		.4byte	0x22a
 309 0123 00       		.byte	0
 310 0124 06       		.uleb128 0x6
 311 0125 3B020000 		.4byte	.LASF25
 312 0129 06       		.byte	0x6
 313 012a 5A       		.byte	0x5a
 314 012b 2A020000 		.4byte	0x22a
 315 012f 04       		.byte	0x4
 316 0130 06       		.uleb128 0x6
 317 0131 60000000 		.4byte	.LASF26
 318 0135 06       		.byte	0x6
 319 0136 5C       		.byte	0x5c
 320 0137 D5000000 		.4byte	0xd5
 321 013b 08       		.byte	0x8
 322 013c 06       		.uleb128 0x6
 323 013d E1040000 		.4byte	.LASF27
 324 0141 06       		.byte	0x6
 325 0142 5D       		.byte	0x5d
 326 0143 E4020000 		.4byte	0x2e4
 327 0147 0C       		.byte	0xc
 328 0148 06       		.uleb128 0x6
 329 0149 EA000000 		.4byte	.LASF28
 330 014d 06       		.byte	0x6
 331 014e 5F       		.byte	0x5f
 332 014f 2A020000 		.4byte	0x22a
 333 0153 10       		.byte	0x10
 334 0154 06       		.uleb128 0x6
 335 0155 B5010000 		.4byte	.LASF29
 336 0159 06       		.byte	0x6
 337 015a 60       		.byte	0x60
 338 015b 2A020000 		.4byte	0x22a
 339 015f 14       		.byte	0x14
 340 0160 06       		.uleb128 0x6
 341 0161 C7040000 		.4byte	.LASF30
 342 0165 06       		.byte	0x6
ARM GAS  /var/folders/17/bkfps9l155v_zhlnnf_8b0040000gn/T//ccs8xmTc.s 			page 7


 343 0166 67       		.byte	0x67
 344 0167 E4030000 		.4byte	0x3e4
 345 016b 18       		.byte	0x18
 346 016c 06       		.uleb128 0x6
 347 016d 7A020000 		.4byte	.LASF31
 348 0171 06       		.byte	0x6
 349 0172 72       		.byte	0x72
 350 0173 B4000000 		.4byte	0xb4
 351 0177 1C       		.byte	0x1c
 352 0178 06       		.uleb128 0x6
 353 0179 BC020000 		.4byte	.LASF32
 354 017d 06       		.byte	0x6
 355 017e 76       		.byte	0x76
 356 017f A9000000 		.4byte	0xa9
 357 0183 1D       		.byte	0x1d
 358 0184 06       		.uleb128 0x6
 359 0185 A1040000 		.4byte	.LASF33
 360 0189 06       		.byte	0x6
 361 018a 7B       		.byte	0x7b
 362 018b BF000000 		.4byte	0xbf
 363 018f 1E       		.byte	0x1e
 364 0190 06       		.uleb128 0x6
 365 0191 82020000 		.4byte	.LASF34
 366 0195 06       		.byte	0x6
 367 0196 81       		.byte	0x81
 368 0197 CA000000 		.4byte	0xca
 369 019b 1F       		.byte	0x1f
 370 019c 06       		.uleb128 0x6
 371 019d 74030000 		.4byte	.LASF35
 372 01a1 06       		.byte	0x6
 373 01a2 88       		.byte	0x88
 374 01a3 0C030000 		.4byte	0x30c
 375 01a7 20       		.byte	0x20
 376 01a8 07       		.uleb128 0x7
 377 01a9 705F7500 		.ascii	"p_u\000"
 378 01ad 06       		.byte	0x6
 379 01ae AD       		.byte	0xad
 380 01af AF030000 		.4byte	0x3af
 381 01b3 24       		.byte	0x24
 382 01b4 06       		.uleb128 0x6
 383 01b5 E7040000 		.4byte	.LASF36
 384 01b9 06       		.byte	0x6
 385 01ba B2       		.byte	0xb2
 386 01bb 50020000 		.4byte	0x250
 387 01bf 28       		.byte	0x28
 388 01c0 06       		.uleb128 0x6
 389 01c1 8B040000 		.4byte	.LASF37
 390 01c5 06       		.byte	0x6
 391 01c6 B8       		.byte	0xb8
 392 01c7 30020000 		.4byte	0x230
 393 01cb 2C       		.byte	0x2c
 394 01cc 06       		.uleb128 0x6
 395 01cd 0D000000 		.4byte	.LASF38
 396 01d1 06       		.byte	0x6
 397 01d2 BC       		.byte	0xbc
 398 01d3 E0000000 		.4byte	0xe0
 399 01d7 34       		.byte	0x34
ARM GAS  /var/folders/17/bkfps9l155v_zhlnnf_8b0040000gn/T//ccs8xmTc.s 			page 8


 400 01d8 06       		.uleb128 0x6
 401 01d9 E5020000 		.4byte	.LASF39
 402 01dd 06       		.byte	0x6
 403 01de C2       		.byte	0xc2
 404 01df EB000000 		.4byte	0xeb
 405 01e3 38       		.byte	0x38
 406 01e4 06       		.uleb128 0x6
 407 01e5 66020000 		.4byte	.LASF40
 408 01e9 06       		.byte	0x6
 409 01ea C9       		.byte	0xc9
 410 01eb F6030000 		.4byte	0x3f6
 411 01ef 3C       		.byte	0x3c
 412 01f0 06       		.uleb128 0x6
 413 01f1 5D030000 		.4byte	.LASF41
 414 01f5 06       		.byte	0x6
 415 01f6 CD       		.byte	0xcd
 416 01f7 D5000000 		.4byte	0xd5
 417 01fb 40       		.byte	0x40
 418 01fc 06       		.uleb128 0x6
 419 01fd AB000000 		.4byte	.LASF42
 420 0201 06       		.byte	0x6
 421 0202 D3       		.byte	0xd3
 422 0203 66020000 		.4byte	0x266
 423 0207 44       		.byte	0x44
 424 0208 00       		.byte	0
 425 0209 08       		.uleb128 0x8
 426 020a 08       		.byte	0x8
 427 020b 05       		.byte	0x5
 428 020c 5A       		.byte	0x5a
 429 020d 2A020000 		.4byte	0x22a
 430 0211 06       		.uleb128 0x6
 431 0212 A6020000 		.4byte	.LASF24
 432 0216 05       		.byte	0x5
 433 0217 5B       		.byte	0x5b
 434 0218 2A020000 		.4byte	0x22a
 435 021c 00       		.byte	0
 436 021d 06       		.uleb128 0x6
 437 021e 3B020000 		.4byte	.LASF25
 438 0222 05       		.byte	0x5
 439 0223 5D       		.byte	0x5d
 440 0224 2A020000 		.4byte	0x22a
 441 0228 04       		.byte	0x4
 442 0229 00       		.byte	0
 443 022a 09       		.uleb128 0x9
 444 022b 04       		.byte	0x4
 445 022c 01010000 		.4byte	0x101
 446 0230 03       		.uleb128 0x3
 447 0231 C3010000 		.4byte	.LASF43
 448 0235 05       		.byte	0x5
 449 0236 5F       		.byte	0x5f
 450 0237 09020000 		.4byte	0x209
 451 023b 08       		.uleb128 0x8
 452 023c 04       		.byte	0x4
 453 023d 05       		.byte	0x5
 454 023e 64       		.byte	0x64
 455 023f 50020000 		.4byte	0x250
 456 0243 06       		.uleb128 0x6
ARM GAS  /var/folders/17/bkfps9l155v_zhlnnf_8b0040000gn/T//ccs8xmTc.s 			page 9


 457 0244 A6020000 		.4byte	.LASF24
 458 0248 05       		.byte	0x5
 459 0249 66       		.byte	0x66
 460 024a 2A020000 		.4byte	0x22a
 461 024e 00       		.byte	0
 462 024f 00       		.byte	0
 463 0250 03       		.uleb128 0x3
 464 0251 62010000 		.4byte	.LASF44
 465 0255 05       		.byte	0x5
 466 0256 69       		.byte	0x69
 467 0257 3B020000 		.4byte	0x23b
 468 025b 03       		.uleb128 0x3
 469 025c FA000000 		.4byte	.LASF45
 470 0260 07       		.byte	0x7
 471 0261 DE       		.byte	0xde
 472 0262 66020000 		.4byte	0x266
 473 0266 0A       		.uleb128 0xa
 474 0267 04       		.byte	0x4
 475 0268 0B       		.uleb128 0xb
 476 0269 84040000 		.4byte	.LASF46
 477 026d 24       		.byte	0x24
 478 026e 07       		.byte	0x7
 479 026f 0501     		.2byte	0x105
 480 0271 E4020000 		.4byte	0x2e4
 481 0275 0C       		.uleb128 0xc
 482 0276 723400   		.ascii	"r4\000"
 483 0279 07       		.byte	0x7
 484 027a 1801     		.2byte	0x118
 485 027c 5B020000 		.4byte	0x25b
 486 0280 00       		.byte	0
 487 0281 0C       		.uleb128 0xc
 488 0282 723500   		.ascii	"r5\000"
 489 0285 07       		.byte	0x7
 490 0286 1901     		.2byte	0x119
 491 0288 5B020000 		.4byte	0x25b
 492 028c 04       		.byte	0x4
 493 028d 0C       		.uleb128 0xc
 494 028e 723600   		.ascii	"r6\000"
 495 0291 07       		.byte	0x7
 496 0292 1A01     		.2byte	0x11a
 497 0294 5B020000 		.4byte	0x25b
 498 0298 08       		.byte	0x8
 499 0299 0C       		.uleb128 0xc
 500 029a 723700   		.ascii	"r7\000"
 501 029d 07       		.byte	0x7
 502 029e 1B01     		.2byte	0x11b
 503 02a0 5B020000 		.4byte	0x25b
 504 02a4 0C       		.byte	0xc
 505 02a5 0C       		.uleb128 0xc
 506 02a6 723800   		.ascii	"r8\000"
 507 02a9 07       		.byte	0x7
 508 02aa 1C01     		.2byte	0x11c
 509 02ac 5B020000 		.4byte	0x25b
 510 02b0 10       		.byte	0x10
 511 02b1 0C       		.uleb128 0xc
 512 02b2 723900   		.ascii	"r9\000"
 513 02b5 07       		.byte	0x7
ARM GAS  /var/folders/17/bkfps9l155v_zhlnnf_8b0040000gn/T//ccs8xmTc.s 			page 10


 514 02b6 1D01     		.2byte	0x11d
 515 02b8 5B020000 		.4byte	0x25b
 516 02bc 14       		.byte	0x14
 517 02bd 0C       		.uleb128 0xc
 518 02be 72313000 		.ascii	"r10\000"
 519 02c2 07       		.byte	0x7
 520 02c3 1E01     		.2byte	0x11e
 521 02c5 5B020000 		.4byte	0x25b
 522 02c9 18       		.byte	0x18
 523 02ca 0C       		.uleb128 0xc
 524 02cb 72313100 		.ascii	"r11\000"
 525 02cf 07       		.byte	0x7
 526 02d0 1F01     		.2byte	0x11f
 527 02d2 5B020000 		.4byte	0x25b
 528 02d6 1C       		.byte	0x1c
 529 02d7 0C       		.uleb128 0xc
 530 02d8 6C7200   		.ascii	"lr\000"
 531 02db 07       		.byte	0x7
 532 02dc 2001     		.2byte	0x120
 533 02de 5B020000 		.4byte	0x25b
 534 02e2 20       		.byte	0x20
 535 02e3 00       		.byte	0
 536 02e4 0B       		.uleb128 0xb
 537 02e5 39010000 		.4byte	.LASF47
 538 02e9 04       		.byte	0x4
 539 02ea 07       		.byte	0x7
 540 02eb 2A01     		.2byte	0x12a
 541 02ed FF020000 		.4byte	0x2ff
 542 02f1 0C       		.uleb128 0xc
 543 02f2 72313300 		.ascii	"r13\000"
 544 02f6 07       		.byte	0x7
 545 02f7 2B01     		.2byte	0x12b
 546 02f9 FF020000 		.4byte	0x2ff
 547 02fd 00       		.byte	0
 548 02fe 00       		.byte	0
 549 02ff 09       		.uleb128 0x9
 550 0300 04       		.byte	0x4
 551 0301 68020000 		.4byte	0x268
 552 0305 04       		.uleb128 0x4
 553 0306 04       		.byte	0x4
 554 0307 07       		.byte	0x7
 555 0308 94010000 		.4byte	.LASF48
 556 030c 0D       		.uleb128 0xd
 557 030d F6000000 		.4byte	0xf6
 558 0311 08       		.uleb128 0x8
 559 0312 1C       		.byte	0x1c
 560 0313 08       		.byte	0x8
 561 0314 57       		.byte	0x57
 562 0315 62030000 		.4byte	0x362
 563 0319 06       		.uleb128 0x6
 564 031a 2F030000 		.4byte	.LASF49
 565 031e 08       		.byte	0x8
 566 031f 58       		.byte	0x58
 567 0320 30020000 		.4byte	0x230
 568 0324 00       		.byte	0
 569 0325 06       		.uleb128 0x6
 570 0326 98020000 		.4byte	.LASF50
ARM GAS  /var/folders/17/bkfps9l155v_zhlnnf_8b0040000gn/T//ccs8xmTc.s 			page 11


 571 032a 08       		.byte	0x8
 572 032b 59       		.byte	0x59
 573 032c D5000000 		.4byte	0xd5
 574 0330 08       		.byte	0x8
 575 0331 06       		.uleb128 0x6
 576 0332 BD010000 		.4byte	.LASF51
 577 0336 08       		.byte	0x8
 578 0337 5B       		.byte	0x5b
 579 0338 E4020000 		.4byte	0x2e4
 580 033c 0C       		.byte	0xc
 581 033d 06       		.uleb128 0x6
 582 033e F2000000 		.4byte	.LASF52
 583 0342 08       		.byte	0x8
 584 0343 5E       		.byte	0x5e
 585 0344 2A020000 		.4byte	0x22a
 586 0348 10       		.byte	0x10
 587 0349 06       		.uleb128 0x6
 588 034a E2010000 		.4byte	.LASF53
 589 034e 08       		.byte	0x8
 590 034f 5F       		.byte	0x5f
 591 0350 2A020000 		.4byte	0x22a
 592 0354 14       		.byte	0x14
 593 0355 06       		.uleb128 0x6
 594 0356 D8010000 		.4byte	.LASF54
 595 035a 08       		.byte	0x8
 596 035b 62       		.byte	0x62
 597 035c 2A020000 		.4byte	0x22a
 598 0360 18       		.byte	0x18
 599 0361 00       		.byte	0
 600 0362 03       		.uleb128 0x3
 601 0363 A8040000 		.4byte	.LASF55
 602 0367 08       		.byte	0x8
 603 0368 64       		.byte	0x64
 604 0369 11030000 		.4byte	0x311
 605 036d 05       		.uleb128 0x5
 606 036e 7A010000 		.4byte	.LASF56
 607 0372 10       		.byte	0x10
 608 0373 09       		.byte	0x9
 609 0374 25       		.byte	0x25
 610 0375 9E030000 		.4byte	0x39e
 611 0379 06       		.uleb128 0x6
 612 037a B3000000 		.4byte	.LASF57
 613 037e 09       		.byte	0x9
 614 037f 26       		.byte	0x26
 615 0380 30020000 		.4byte	0x230
 616 0384 00       		.byte	0
 617 0385 06       		.uleb128 0x6
 618 0386 D9040000 		.4byte	.LASF58
 619 038a 09       		.byte	0x9
 620 038b 28       		.byte	0x28
 621 038c 2A020000 		.4byte	0x22a
 622 0390 08       		.byte	0x8
 623 0391 06       		.uleb128 0x6
 624 0392 4C030000 		.4byte	.LASF59
 625 0396 09       		.byte	0x9
 626 0397 2A       		.byte	0x2a
 627 0398 9E030000 		.4byte	0x39e
ARM GAS  /var/folders/17/bkfps9l155v_zhlnnf_8b0040000gn/T//ccs8xmTc.s 			page 12


 628 039c 0C       		.byte	0xc
 629 039d 00       		.byte	0
 630 039e 09       		.uleb128 0x9
 631 039f 04       		.byte	0x4
 632 03a0 6D030000 		.4byte	0x36d
 633 03a4 03       		.uleb128 0x3
 634 03a5 7A010000 		.4byte	.LASF56
 635 03a9 09       		.byte	0x9
 636 03aa 2C       		.byte	0x2c
 637 03ab 6D030000 		.4byte	0x36d
 638 03af 0E       		.uleb128 0xe
 639 03b0 04       		.byte	0x4
 640 03b1 06       		.byte	0x6
 641 03b2 8F       		.byte	0x8f
 642 03b3 E4030000 		.4byte	0x3e4
 643 03b7 0F       		.uleb128 0xf
 644 03b8 1A000000 		.4byte	.LASF60
 645 03bc 06       		.byte	0x6
 646 03bd 96       		.byte	0x96
 647 03be E0000000 		.4byte	0xe0
 648 03c2 0F       		.uleb128 0xf
 649 03c3 46000000 		.4byte	.LASF61
 650 03c7 06       		.byte	0x6
 651 03c8 9D       		.byte	0x9d
 652 03c9 E0000000 		.4byte	0xe0
 653 03cd 0F       		.uleb128 0xf
 654 03ce C0040000 		.4byte	.LASF62
 655 03d2 06       		.byte	0x6
 656 03d3 A4       		.byte	0xa4
 657 03d4 66020000 		.4byte	0x266
 658 03d8 0F       		.uleb128 0xf
 659 03d9 9F020000 		.4byte	.LASF63
 660 03dd 06       		.byte	0x6
 661 03de AB       		.byte	0xab
 662 03df EB000000 		.4byte	0xeb
 663 03e3 00       		.byte	0
 664 03e4 09       		.uleb128 0x9
 665 03e5 04       		.byte	0x4
 666 03e6 EA030000 		.4byte	0x3ea
 667 03ea 10       		.uleb128 0x10
 668 03eb EF030000 		.4byte	0x3ef
 669 03ef 04       		.uleb128 0x4
 670 03f0 01       		.byte	0x1
 671 03f1 08       		.byte	0x8
 672 03f2 37030000 		.4byte	.LASF64
 673 03f6 09       		.uleb128 0x9
 674 03f7 04       		.byte	0x4
 675 03f8 A4030000 		.4byte	0x3a4
 676 03fc 08       		.uleb128 0x8
 677 03fd 16       		.byte	0x16
 678 03fe 0A       		.byte	0xa
 679 03ff 25       		.byte	0x25
 680 0400 DD040000 		.4byte	0x4dd
 681 0404 06       		.uleb128 0x6
 682 0405 2B010000 		.4byte	.LASF65
 683 0409 0A       		.byte	0xa
 684 040a 26       		.byte	0x26
ARM GAS  /var/folders/17/bkfps9l155v_zhlnnf_8b0040000gn/T//ccs8xmTc.s 			page 13


 685 040b DD040000 		.4byte	0x4dd
 686 040f 00       		.byte	0
 687 0410 06       		.uleb128 0x6
 688 0411 80010000 		.4byte	.LASF66
 689 0415 0A       		.byte	0xa
 690 0416 27       		.byte	0x27
 691 0417 65000000 		.4byte	0x65
 692 041b 04       		.byte	0x4
 693 041c 06       		.uleb128 0x6
 694 041d D0010000 		.4byte	.LASF67
 695 0421 0A       		.byte	0xa
 696 0422 28       		.byte	0x28
 697 0423 65000000 		.4byte	0x65
 698 0427 05       		.byte	0x5
 699 0428 06       		.uleb128 0x6
 700 0429 CE040000 		.4byte	.LASF68
 701 042d 0A       		.byte	0xa
 702 042e 29       		.byte	0x29
 703 042f 77000000 		.4byte	0x77
 704 0433 06       		.byte	0x6
 705 0434 06       		.uleb128 0x6
 706 0435 30020000 		.4byte	.LASF69
 707 0439 0A       		.byte	0xa
 708 043a 2A       		.byte	0x2a
 709 043b 65000000 		.4byte	0x65
 710 043f 08       		.byte	0x8
 711 0440 06       		.uleb128 0x6
 712 0441 9D010000 		.4byte	.LASF70
 713 0445 0A       		.byte	0xa
 714 0446 2B       		.byte	0x2b
 715 0447 65000000 		.4byte	0x65
 716 044b 09       		.byte	0x9
 717 044c 06       		.uleb128 0x6
 718 044d 38000000 		.4byte	.LASF71
 719 0451 0A       		.byte	0xa
 720 0452 2C       		.byte	0x2c
 721 0453 65000000 		.4byte	0x65
 722 0457 0A       		.byte	0xa
 723 0458 06       		.uleb128 0x6
 724 0459 68030000 		.4byte	.LASF72
 725 045d 0A       		.byte	0xa
 726 045e 2D       		.byte	0x2d
 727 045f 65000000 		.4byte	0x65
 728 0463 0B       		.byte	0xb
 729 0464 06       		.uleb128 0x6
 730 0465 96040000 		.4byte	.LASF73
 731 0469 0A       		.byte	0xa
 732 046a 2E       		.byte	0x2e
 733 046b 65000000 		.4byte	0x65
 734 046f 0C       		.byte	0xc
 735 0470 06       		.uleb128 0x6
 736 0471 D8020000 		.4byte	.LASF74
 737 0475 0A       		.byte	0xa
 738 0476 2F       		.byte	0x2f
 739 0477 65000000 		.4byte	0x65
 740 047b 0D       		.byte	0xd
 741 047c 06       		.uleb128 0x6
ARM GAS  /var/folders/17/bkfps9l155v_zhlnnf_8b0040000gn/T//ccs8xmTc.s 			page 14


 742 047d 00000000 		.4byte	.LASF75
 743 0481 0A       		.byte	0xa
 744 0482 30       		.byte	0x30
 745 0483 65000000 		.4byte	0x65
 746 0487 0E       		.byte	0xe
 747 0488 06       		.uleb128 0x6
 748 0489 A9010000 		.4byte	.LASF76
 749 048d 0A       		.byte	0xa
 750 048e 31       		.byte	0x31
 751 048f 65000000 		.4byte	0x65
 752 0493 0F       		.byte	0xf
 753 0494 06       		.uleb128 0x6
 754 0495 8E000000 		.4byte	.LASF77
 755 0499 0A       		.byte	0xa
 756 049a 32       		.byte	0x32
 757 049b 65000000 		.4byte	0x65
 758 049f 10       		.byte	0x10
 759 04a0 06       		.uleb128 0x6
 760 04a1 67000000 		.4byte	.LASF78
 761 04a5 0A       		.byte	0xa
 762 04a6 34       		.byte	0x34
 763 04a7 65000000 		.4byte	0x65
 764 04ab 11       		.byte	0x11
 765 04ac 06       		.uleb128 0x6
 766 04ad 9E000000 		.4byte	.LASF79
 767 04b1 0A       		.byte	0xa
 768 04b2 35       		.byte	0x35
 769 04b3 65000000 		.4byte	0x65
 770 04b7 12       		.byte	0x12
 771 04b8 06       		.uleb128 0x6
 772 04b9 88010000 		.4byte	.LASF80
 773 04bd 0A       		.byte	0xa
 774 04be 36       		.byte	0x36
 775 04bf 65000000 		.4byte	0x65
 776 04c3 13       		.byte	0x13
 777 04c4 06       		.uleb128 0x6
 778 04c5 AD020000 		.4byte	.LASF81
 779 04c9 0A       		.byte	0xa
 780 04ca 37       		.byte	0x37
 781 04cb 65000000 		.4byte	0x65
 782 04cf 14       		.byte	0x14
 783 04d0 06       		.uleb128 0x6
 784 04d1 8C020000 		.4byte	.LASF82
 785 04d5 0A       		.byte	0xa
 786 04d6 39       		.byte	0x39
 787 04d7 65000000 		.4byte	0x65
 788 04db 15       		.byte	0x15
 789 04dc 00       		.byte	0
 790 04dd 11       		.uleb128 0x11
 791 04de EF030000 		.4byte	0x3ef
 792 04e2 ED040000 		.4byte	0x4ed
 793 04e6 12       		.uleb128 0x12
 794 04e7 05030000 		.4byte	0x305
 795 04eb 03       		.byte	0x3
 796 04ec 00       		.byte	0
 797 04ed 03       		.uleb128 0x3
 798 04ee E0000000 		.4byte	.LASF83
ARM GAS  /var/folders/17/bkfps9l155v_zhlnnf_8b0040000gn/T//ccs8xmTc.s 			page 15


 799 04f2 0A       		.byte	0xa
 800 04f3 3A       		.byte	0x3a
 801 04f4 FC030000 		.4byte	0x3fc
 802 04f8 13       		.uleb128 0x13
 803 04f9 4F000000 		.4byte	.LASF84
 804 04fd 01       		.byte	0x1
 805 04fe 6E       		.byte	0x6e
 806 04ff 2A020000 		.4byte	0x22a
 807 0503 00000000 		.4byte	.LFB7
 808 0507 1C000000 		.4byte	.LFE7-.LFB7
 809 050b 01       		.uleb128 0x1
 810 050c 9C       		.byte	0x9c
 811 050d 4C050000 		.4byte	0x54c
 812 0511 14       		.uleb128 0x14
 813 0512 747000   		.ascii	"tp\000"
 814 0515 01       		.byte	0x1
 815 0516 6F       		.byte	0x6f
 816 0517 2A020000 		.4byte	0x22a
 817 051b 01       		.uleb128 0x1
 818 051c 50       		.byte	0x50
 819 051d 15       		.uleb128 0x15
 820 051e 00000000 		.4byte	.LBB2
 821 0522 06000000 		.4byte	.LBE2-.LBB2
 822 0526 38050000 		.4byte	0x538
 823 052a 14       		.uleb128 0x14
 824 052b 746D7000 		.ascii	"tmp\000"
 825 052f 01       		.byte	0x1
 826 0530 71       		.byte	0x71
 827 0531 89000000 		.4byte	0x89
 828 0535 01       		.uleb128 0x1
 829 0536 53       		.byte	0x53
 830 0537 00       		.byte	0
 831 0538 16       		.uleb128 0x16
 832 0539 00000000 		.4byte	.Ldebug_ranges0+0
 833 053d 14       		.uleb128 0x14
 834 053e 746D7000 		.ascii	"tmp\000"
 835 0542 01       		.byte	0x1
 836 0543 76       		.byte	0x76
 837 0544 89000000 		.4byte	0x89
 838 0548 01       		.uleb128 0x1
 839 0549 53       		.byte	0x53
 840 054a 00       		.byte	0
 841 054b 00       		.byte	0
 842 054c 13       		.uleb128 0x13
 843 054d 3C030000 		.4byte	.LASF85
 844 0551 01       		.byte	0x1
 845 0552 85       		.byte	0x85
 846 0553 2A020000 		.4byte	0x22a
 847 0557 00000000 		.4byte	.LFB8
 848 055b 2C000000 		.4byte	.LFE8-.LFB8
 849 055f 01       		.uleb128 0x1
 850 0560 9C       		.byte	0x9c
 851 0561 CA050000 		.4byte	0x5ca
 852 0565 17       		.uleb128 0x17
 853 0566 747000   		.ascii	"tp\000"
 854 0569 01       		.byte	0x1
 855 056a 85       		.byte	0x85
ARM GAS  /var/folders/17/bkfps9l155v_zhlnnf_8b0040000gn/T//ccs8xmTc.s 			page 16


 856 056b 2A020000 		.4byte	0x22a
 857 056f 00000000 		.4byte	.LLST0
 858 0573 18       		.uleb128 0x18
 859 0574 6E747000 		.ascii	"ntp\000"
 860 0578 01       		.byte	0x1
 861 0579 86       		.byte	0x86
 862 057a 2A020000 		.4byte	0x22a
 863 057e 21000000 		.4byte	.LLST1
 864 0582 15       		.uleb128 0x15
 865 0583 02000000 		.4byte	.LBB5
 866 0587 06000000 		.4byte	.LBE5-.LBB5
 867 058b 9D050000 		.4byte	0x59d
 868 058f 14       		.uleb128 0x14
 869 0590 746D7000 		.ascii	"tmp\000"
 870 0594 01       		.byte	0x1
 871 0595 88       		.byte	0x88
 872 0596 89000000 		.4byte	0x89
 873 059a 01       		.uleb128 0x1
 874 059b 53       		.byte	0x53
 875 059c 00       		.byte	0
 876 059d 15       		.uleb128 0x15
 877 059e 18000000 		.4byte	.LBB6
 878 05a2 06000000 		.4byte	.LBE6-.LBB6
 879 05a6 B8050000 		.4byte	0x5b8
 880 05aa 14       		.uleb128 0x14
 881 05ab 746D7000 		.ascii	"tmp\000"
 882 05af 01       		.byte	0x1
 883 05b0 93       		.byte	0x93
 884 05b1 89000000 		.4byte	0x89
 885 05b5 01       		.uleb128 0x1
 886 05b6 53       		.byte	0x53
 887 05b7 00       		.byte	0
 888 05b8 19       		.uleb128 0x19
 889 05b9 22000000 		.4byte	.LVL4
 890 05bd EB050000 		.4byte	0x5eb
 891 05c1 1A       		.uleb128 0x1a
 892 05c2 01       		.uleb128 0x1
 893 05c3 50       		.byte	0x50
 894 05c4 03       		.uleb128 0x3
 895 05c5 F3       		.byte	0xf3
 896 05c6 01       		.uleb128 0x1
 897 05c7 50       		.byte	0x50
 898 05c8 00       		.byte	0
 899 05c9 00       		.byte	0
 900 05ca 1B       		.uleb128 0x1b
 901 05cb B2040000 		.4byte	.LASF86
 902 05cf 08       		.byte	0x8
 903 05d0 68       		.byte	0x68
 904 05d1 62030000 		.4byte	0x362
 905 05d5 1C       		.uleb128 0x1c
 906 05d6 22010000 		.4byte	.LASF87
 907 05da 01       		.byte	0x1
 908 05db 3B       		.byte	0x3b
 909 05dc E6050000 		.4byte	0x5e6
 910 05e0 05       		.uleb128 0x5
 911 05e1 03       		.byte	0x3
 912 05e2 00000000 		.4byte	ch_debug
ARM GAS  /var/folders/17/bkfps9l155v_zhlnnf_8b0040000gn/T//ccs8xmTc.s 			page 17


 913 05e6 10       		.uleb128 0x10
 914 05e7 ED040000 		.4byte	0x4ed
 915 05eb 1D       		.uleb128 0x1d
 916 05ec C4020000 		.4byte	.LASF91
 917 05f0 0B       		.byte	0xb
 918 05f1 33       		.byte	0x33
 919 05f2 1E       		.uleb128 0x1e
 920 05f3 2A020000 		.4byte	0x22a
 921 05f7 00       		.byte	0
 922 05f8 00       		.byte	0
 923              		.section	.debug_abbrev,"",%progbits
 924              	.Ldebug_abbrev0:
 925 0000 01       		.uleb128 0x1
 926 0001 11       		.uleb128 0x11
 927 0002 01       		.byte	0x1
 928 0003 25       		.uleb128 0x25
 929 0004 0E       		.uleb128 0xe
 930 0005 13       		.uleb128 0x13
 931 0006 0B       		.uleb128 0xb
 932 0007 03       		.uleb128 0x3
 933 0008 0E       		.uleb128 0xe
 934 0009 1B       		.uleb128 0x1b
 935 000a 0E       		.uleb128 0xe
 936 000b 55       		.uleb128 0x55
 937 000c 17       		.uleb128 0x17
 938 000d 11       		.uleb128 0x11
 939 000e 01       		.uleb128 0x1
 940 000f 10       		.uleb128 0x10
 941 0010 17       		.uleb128 0x17
 942 0011 00       		.byte	0
 943 0012 00       		.byte	0
 944 0013 02       		.uleb128 0x2
 945 0014 24       		.uleb128 0x24
 946 0015 00       		.byte	0
 947 0016 0B       		.uleb128 0xb
 948 0017 0B       		.uleb128 0xb
 949 0018 3E       		.uleb128 0x3e
 950 0019 0B       		.uleb128 0xb
 951 001a 03       		.uleb128 0x3
 952 001b 08       		.uleb128 0x8
 953 001c 00       		.byte	0
 954 001d 00       		.byte	0
 955 001e 03       		.uleb128 0x3
 956 001f 16       		.uleb128 0x16
 957 0020 00       		.byte	0
 958 0021 03       		.uleb128 0x3
 959 0022 0E       		.uleb128 0xe
 960 0023 3A       		.uleb128 0x3a
 961 0024 0B       		.uleb128 0xb
 962 0025 3B       		.uleb128 0x3b
 963 0026 0B       		.uleb128 0xb
 964 0027 49       		.uleb128 0x49
 965 0028 13       		.uleb128 0x13
 966 0029 00       		.byte	0
 967 002a 00       		.byte	0
 968 002b 04       		.uleb128 0x4
 969 002c 24       		.uleb128 0x24
ARM GAS  /var/folders/17/bkfps9l155v_zhlnnf_8b0040000gn/T//ccs8xmTc.s 			page 18


 970 002d 00       		.byte	0
 971 002e 0B       		.uleb128 0xb
 972 002f 0B       		.uleb128 0xb
 973 0030 3E       		.uleb128 0x3e
 974 0031 0B       		.uleb128 0xb
 975 0032 03       		.uleb128 0x3
 976 0033 0E       		.uleb128 0xe
 977 0034 00       		.byte	0
 978 0035 00       		.byte	0
 979 0036 05       		.uleb128 0x5
 980 0037 13       		.uleb128 0x13
 981 0038 01       		.byte	0x1
 982 0039 03       		.uleb128 0x3
 983 003a 0E       		.uleb128 0xe
 984 003b 0B       		.uleb128 0xb
 985 003c 0B       		.uleb128 0xb
 986 003d 3A       		.uleb128 0x3a
 987 003e 0B       		.uleb128 0xb
 988 003f 3B       		.uleb128 0x3b
 989 0040 0B       		.uleb128 0xb
 990 0041 01       		.uleb128 0x1
 991 0042 13       		.uleb128 0x13
 992 0043 00       		.byte	0
 993 0044 00       		.byte	0
 994 0045 06       		.uleb128 0x6
 995 0046 0D       		.uleb128 0xd
 996 0047 00       		.byte	0
 997 0048 03       		.uleb128 0x3
 998 0049 0E       		.uleb128 0xe
 999 004a 3A       		.uleb128 0x3a
 1000 004b 0B       		.uleb128 0xb
 1001 004c 3B       		.uleb128 0x3b
 1002 004d 0B       		.uleb128 0xb
 1003 004e 49       		.uleb128 0x49
 1004 004f 13       		.uleb128 0x13
 1005 0050 38       		.uleb128 0x38
 1006 0051 0B       		.uleb128 0xb
 1007 0052 00       		.byte	0
 1008 0053 00       		.byte	0
 1009 0054 07       		.uleb128 0x7
 1010 0055 0D       		.uleb128 0xd
 1011 0056 00       		.byte	0
 1012 0057 03       		.uleb128 0x3
 1013 0058 08       		.uleb128 0x8
 1014 0059 3A       		.uleb128 0x3a
 1015 005a 0B       		.uleb128 0xb
 1016 005b 3B       		.uleb128 0x3b
 1017 005c 0B       		.uleb128 0xb
 1018 005d 49       		.uleb128 0x49
 1019 005e 13       		.uleb128 0x13
 1020 005f 38       		.uleb128 0x38
 1021 0060 0B       		.uleb128 0xb
 1022 0061 00       		.byte	0
 1023 0062 00       		.byte	0
 1024 0063 08       		.uleb128 0x8
 1025 0064 13       		.uleb128 0x13
 1026 0065 01       		.byte	0x1
ARM GAS  /var/folders/17/bkfps9l155v_zhlnnf_8b0040000gn/T//ccs8xmTc.s 			page 19


 1027 0066 0B       		.uleb128 0xb
 1028 0067 0B       		.uleb128 0xb
 1029 0068 3A       		.uleb128 0x3a
 1030 0069 0B       		.uleb128 0xb
 1031 006a 3B       		.uleb128 0x3b
 1032 006b 0B       		.uleb128 0xb
 1033 006c 01       		.uleb128 0x1
 1034 006d 13       		.uleb128 0x13
 1035 006e 00       		.byte	0
 1036 006f 00       		.byte	0
 1037 0070 09       		.uleb128 0x9
 1038 0071 0F       		.uleb128 0xf
 1039 0072 00       		.byte	0
 1040 0073 0B       		.uleb128 0xb
 1041 0074 0B       		.uleb128 0xb
 1042 0075 49       		.uleb128 0x49
 1043 0076 13       		.uleb128 0x13
 1044 0077 00       		.byte	0
 1045 0078 00       		.byte	0
 1046 0079 0A       		.uleb128 0xa
 1047 007a 0F       		.uleb128 0xf
 1048 007b 00       		.byte	0
 1049 007c 0B       		.uleb128 0xb
 1050 007d 0B       		.uleb128 0xb
 1051 007e 00       		.byte	0
 1052 007f 00       		.byte	0
 1053 0080 0B       		.uleb128 0xb
 1054 0081 13       		.uleb128 0x13
 1055 0082 01       		.byte	0x1
 1056 0083 03       		.uleb128 0x3
 1057 0084 0E       		.uleb128 0xe
 1058 0085 0B       		.uleb128 0xb
 1059 0086 0B       		.uleb128 0xb
 1060 0087 3A       		.uleb128 0x3a
 1061 0088 0B       		.uleb128 0xb
 1062 0089 3B       		.uleb128 0x3b
 1063 008a 05       		.uleb128 0x5
 1064 008b 01       		.uleb128 0x1
 1065 008c 13       		.uleb128 0x13
 1066 008d 00       		.byte	0
 1067 008e 00       		.byte	0
 1068 008f 0C       		.uleb128 0xc
 1069 0090 0D       		.uleb128 0xd
 1070 0091 00       		.byte	0
 1071 0092 03       		.uleb128 0x3
 1072 0093 08       		.uleb128 0x8
 1073 0094 3A       		.uleb128 0x3a
 1074 0095 0B       		.uleb128 0xb
 1075 0096 3B       		.uleb128 0x3b
 1076 0097 05       		.uleb128 0x5
 1077 0098 49       		.uleb128 0x49
 1078 0099 13       		.uleb128 0x13
 1079 009a 38       		.uleb128 0x38
 1080 009b 0B       		.uleb128 0xb
 1081 009c 00       		.byte	0
 1082 009d 00       		.byte	0
 1083 009e 0D       		.uleb128 0xd
ARM GAS  /var/folders/17/bkfps9l155v_zhlnnf_8b0040000gn/T//ccs8xmTc.s 			page 20


 1084 009f 35       		.uleb128 0x35
 1085 00a0 00       		.byte	0
 1086 00a1 49       		.uleb128 0x49
 1087 00a2 13       		.uleb128 0x13
 1088 00a3 00       		.byte	0
 1089 00a4 00       		.byte	0
 1090 00a5 0E       		.uleb128 0xe
 1091 00a6 17       		.uleb128 0x17
 1092 00a7 01       		.byte	0x1
 1093 00a8 0B       		.uleb128 0xb
 1094 00a9 0B       		.uleb128 0xb
 1095 00aa 3A       		.uleb128 0x3a
 1096 00ab 0B       		.uleb128 0xb
 1097 00ac 3B       		.uleb128 0x3b
 1098 00ad 0B       		.uleb128 0xb
 1099 00ae 01       		.uleb128 0x1
 1100 00af 13       		.uleb128 0x13
 1101 00b0 00       		.byte	0
 1102 00b1 00       		.byte	0
 1103 00b2 0F       		.uleb128 0xf
 1104 00b3 0D       		.uleb128 0xd
 1105 00b4 00       		.byte	0
 1106 00b5 03       		.uleb128 0x3
 1107 00b6 0E       		.uleb128 0xe
 1108 00b7 3A       		.uleb128 0x3a
 1109 00b8 0B       		.uleb128 0xb
 1110 00b9 3B       		.uleb128 0x3b
 1111 00ba 0B       		.uleb128 0xb
 1112 00bb 49       		.uleb128 0x49
 1113 00bc 13       		.uleb128 0x13
 1114 00bd 00       		.byte	0
 1115 00be 00       		.byte	0
 1116 00bf 10       		.uleb128 0x10
 1117 00c0 26       		.uleb128 0x26
 1118 00c1 00       		.byte	0
 1119 00c2 49       		.uleb128 0x49
 1120 00c3 13       		.uleb128 0x13
 1121 00c4 00       		.byte	0
 1122 00c5 00       		.byte	0
 1123 00c6 11       		.uleb128 0x11
 1124 00c7 01       		.uleb128 0x1
 1125 00c8 01       		.byte	0x1
 1126 00c9 49       		.uleb128 0x49
 1127 00ca 13       		.uleb128 0x13
 1128 00cb 01       		.uleb128 0x1
 1129 00cc 13       		.uleb128 0x13
 1130 00cd 00       		.byte	0
 1131 00ce 00       		.byte	0
 1132 00cf 12       		.uleb128 0x12
 1133 00d0 21       		.uleb128 0x21
 1134 00d1 00       		.byte	0
 1135 00d2 49       		.uleb128 0x49
 1136 00d3 13       		.uleb128 0x13
 1137 00d4 2F       		.uleb128 0x2f
 1138 00d5 0B       		.uleb128 0xb
 1139 00d6 00       		.byte	0
 1140 00d7 00       		.byte	0
ARM GAS  /var/folders/17/bkfps9l155v_zhlnnf_8b0040000gn/T//ccs8xmTc.s 			page 21


 1141 00d8 13       		.uleb128 0x13
 1142 00d9 2E       		.uleb128 0x2e
 1143 00da 01       		.byte	0x1
 1144 00db 3F       		.uleb128 0x3f
 1145 00dc 19       		.uleb128 0x19
 1146 00dd 03       		.uleb128 0x3
 1147 00de 0E       		.uleb128 0xe
 1148 00df 3A       		.uleb128 0x3a
 1149 00e0 0B       		.uleb128 0xb
 1150 00e1 3B       		.uleb128 0x3b
 1151 00e2 0B       		.uleb128 0xb
 1152 00e3 27       		.uleb128 0x27
 1153 00e4 19       		.uleb128 0x19
 1154 00e5 49       		.uleb128 0x49
 1155 00e6 13       		.uleb128 0x13
 1156 00e7 11       		.uleb128 0x11
 1157 00e8 01       		.uleb128 0x1
 1158 00e9 12       		.uleb128 0x12
 1159 00ea 06       		.uleb128 0x6
 1160 00eb 40       		.uleb128 0x40
 1161 00ec 18       		.uleb128 0x18
 1162 00ed 9742     		.uleb128 0x2117
 1163 00ef 19       		.uleb128 0x19
 1164 00f0 01       		.uleb128 0x1
 1165 00f1 13       		.uleb128 0x13
 1166 00f2 00       		.byte	0
 1167 00f3 00       		.byte	0
 1168 00f4 14       		.uleb128 0x14
 1169 00f5 34       		.uleb128 0x34
 1170 00f6 00       		.byte	0
 1171 00f7 03       		.uleb128 0x3
 1172 00f8 08       		.uleb128 0x8
 1173 00f9 3A       		.uleb128 0x3a
 1174 00fa 0B       		.uleb128 0xb
 1175 00fb 3B       		.uleb128 0x3b
 1176 00fc 0B       		.uleb128 0xb
 1177 00fd 49       		.uleb128 0x49
 1178 00fe 13       		.uleb128 0x13
 1179 00ff 02       		.uleb128 0x2
 1180 0100 18       		.uleb128 0x18
 1181 0101 00       		.byte	0
 1182 0102 00       		.byte	0
 1183 0103 15       		.uleb128 0x15
 1184 0104 0B       		.uleb128 0xb
 1185 0105 01       		.byte	0x1
 1186 0106 11       		.uleb128 0x11
 1187 0107 01       		.uleb128 0x1
 1188 0108 12       		.uleb128 0x12
 1189 0109 06       		.uleb128 0x6
 1190 010a 01       		.uleb128 0x1
 1191 010b 13       		.uleb128 0x13
 1192 010c 00       		.byte	0
 1193 010d 00       		.byte	0
 1194 010e 16       		.uleb128 0x16
 1195 010f 0B       		.uleb128 0xb
 1196 0110 01       		.byte	0x1
 1197 0111 55       		.uleb128 0x55
ARM GAS  /var/folders/17/bkfps9l155v_zhlnnf_8b0040000gn/T//ccs8xmTc.s 			page 22


 1198 0112 17       		.uleb128 0x17
 1199 0113 00       		.byte	0
 1200 0114 00       		.byte	0
 1201 0115 17       		.uleb128 0x17
 1202 0116 05       		.uleb128 0x5
 1203 0117 00       		.byte	0
 1204 0118 03       		.uleb128 0x3
 1205 0119 08       		.uleb128 0x8
 1206 011a 3A       		.uleb128 0x3a
 1207 011b 0B       		.uleb128 0xb
 1208 011c 3B       		.uleb128 0x3b
 1209 011d 0B       		.uleb128 0xb
 1210 011e 49       		.uleb128 0x49
 1211 011f 13       		.uleb128 0x13
 1212 0120 02       		.uleb128 0x2
 1213 0121 17       		.uleb128 0x17
 1214 0122 00       		.byte	0
 1215 0123 00       		.byte	0
 1216 0124 18       		.uleb128 0x18
 1217 0125 34       		.uleb128 0x34
 1218 0126 00       		.byte	0
 1219 0127 03       		.uleb128 0x3
 1220 0128 08       		.uleb128 0x8
 1221 0129 3A       		.uleb128 0x3a
 1222 012a 0B       		.uleb128 0xb
 1223 012b 3B       		.uleb128 0x3b
 1224 012c 0B       		.uleb128 0xb
 1225 012d 49       		.uleb128 0x49
 1226 012e 13       		.uleb128 0x13
 1227 012f 02       		.uleb128 0x2
 1228 0130 17       		.uleb128 0x17
 1229 0131 00       		.byte	0
 1230 0132 00       		.byte	0
 1231 0133 19       		.uleb128 0x19
 1232 0134 898201   		.uleb128 0x4109
 1233 0137 01       		.byte	0x1
 1234 0138 11       		.uleb128 0x11
 1235 0139 01       		.uleb128 0x1
 1236 013a 31       		.uleb128 0x31
 1237 013b 13       		.uleb128 0x13
 1238 013c 00       		.byte	0
 1239 013d 00       		.byte	0
 1240 013e 1A       		.uleb128 0x1a
 1241 013f 8A8201   		.uleb128 0x410a
 1242 0142 00       		.byte	0
 1243 0143 02       		.uleb128 0x2
 1244 0144 18       		.uleb128 0x18
 1245 0145 9142     		.uleb128 0x2111
 1246 0147 18       		.uleb128 0x18
 1247 0148 00       		.byte	0
 1248 0149 00       		.byte	0
 1249 014a 1B       		.uleb128 0x1b
 1250 014b 34       		.uleb128 0x34
 1251 014c 00       		.byte	0
 1252 014d 03       		.uleb128 0x3
 1253 014e 0E       		.uleb128 0xe
 1254 014f 3A       		.uleb128 0x3a
ARM GAS  /var/folders/17/bkfps9l155v_zhlnnf_8b0040000gn/T//ccs8xmTc.s 			page 23


 1255 0150 0B       		.uleb128 0xb
 1256 0151 3B       		.uleb128 0x3b
 1257 0152 0B       		.uleb128 0xb
 1258 0153 49       		.uleb128 0x49
 1259 0154 13       		.uleb128 0x13
 1260 0155 3F       		.uleb128 0x3f
 1261 0156 19       		.uleb128 0x19
 1262 0157 3C       		.uleb128 0x3c
 1263 0158 19       		.uleb128 0x19
 1264 0159 00       		.byte	0
 1265 015a 00       		.byte	0
 1266 015b 1C       		.uleb128 0x1c
 1267 015c 34       		.uleb128 0x34
 1268 015d 00       		.byte	0
 1269 015e 03       		.uleb128 0x3
 1270 015f 0E       		.uleb128 0xe
 1271 0160 3A       		.uleb128 0x3a
 1272 0161 0B       		.uleb128 0xb
 1273 0162 3B       		.uleb128 0x3b
 1274 0163 0B       		.uleb128 0xb
 1275 0164 49       		.uleb128 0x49
 1276 0165 13       		.uleb128 0x13
 1277 0166 3F       		.uleb128 0x3f
 1278 0167 19       		.uleb128 0x19
 1279 0168 02       		.uleb128 0x2
 1280 0169 18       		.uleb128 0x18
 1281 016a 00       		.byte	0
 1282 016b 00       		.byte	0
 1283 016c 1D       		.uleb128 0x1d
 1284 016d 2E       		.uleb128 0x2e
 1285 016e 01       		.byte	0x1
 1286 016f 3F       		.uleb128 0x3f
 1287 0170 19       		.uleb128 0x19
 1288 0171 03       		.uleb128 0x3
 1289 0172 0E       		.uleb128 0xe
 1290 0173 3A       		.uleb128 0x3a
 1291 0174 0B       		.uleb128 0xb
 1292 0175 3B       		.uleb128 0x3b
 1293 0176 0B       		.uleb128 0xb
 1294 0177 27       		.uleb128 0x27
 1295 0178 19       		.uleb128 0x19
 1296 0179 3C       		.uleb128 0x3c
 1297 017a 19       		.uleb128 0x19
 1298 017b 00       		.byte	0
 1299 017c 00       		.byte	0
 1300 017d 1E       		.uleb128 0x1e
 1301 017e 05       		.uleb128 0x5
 1302 017f 00       		.byte	0
 1303 0180 49       		.uleb128 0x49
 1304 0181 13       		.uleb128 0x13
 1305 0182 00       		.byte	0
 1306 0183 00       		.byte	0
 1307 0184 00       		.byte	0
 1308              		.section	.debug_loc,"",%progbits
 1309              	.Ldebug_loc0:
 1310              	.LLST0:
 1311 0000 00000000 		.4byte	.LVL1
ARM GAS  /var/folders/17/bkfps9l155v_zhlnnf_8b0040000gn/T//ccs8xmTc.s 			page 24


 1312 0004 21000000 		.4byte	.LVL4-1
 1313 0008 0100     		.2byte	0x1
 1314 000a 50       		.byte	0x50
 1315 000b 21000000 		.4byte	.LVL4-1
 1316 000f 2C000000 		.4byte	.LFE8
 1317 0013 0400     		.2byte	0x4
 1318 0015 F3       		.byte	0xf3
 1319 0016 01       		.uleb128 0x1
 1320 0017 50       		.byte	0x50
 1321 0018 9F       		.byte	0x9f
 1322 0019 00000000 		.4byte	0
 1323 001d 00000000 		.4byte	0
 1324              	.LLST1:
 1325 0021 0C000000 		.4byte	.LVL2
 1326 0025 26000000 		.4byte	.LVL5
 1327 0029 0100     		.2byte	0x1
 1328 002b 54       		.byte	0x54
 1329 002c 26000000 		.4byte	.LVL5
 1330 0030 2C000000 		.4byte	.LFE8
 1331 0034 0100     		.2byte	0x1
 1332 0036 50       		.byte	0x50
 1333 0037 00000000 		.4byte	0
 1334 003b 00000000 		.4byte	0
 1335              		.section	.debug_aranges,"",%progbits
 1336 0000 24000000 		.4byte	0x24
 1337 0004 0200     		.2byte	0x2
 1338 0006 00000000 		.4byte	.Ldebug_info0
 1339 000a 04       		.byte	0x4
 1340 000b 00       		.byte	0
 1341 000c 0000     		.2byte	0
 1342 000e 0000     		.2byte	0
 1343 0010 00000000 		.4byte	.LFB7
 1344 0014 1C000000 		.4byte	.LFE7-.LFB7
 1345 0018 00000000 		.4byte	.LFB8
 1346 001c 2C000000 		.4byte	.LFE8-.LFB8
 1347 0020 00000000 		.4byte	0
 1348 0024 00000000 		.4byte	0
 1349              		.section	.debug_ranges,"",%progbits
 1350              	.Ldebug_ranges0:
 1351 0000 08000000 		.4byte	.LBB3
 1352 0004 0A000000 		.4byte	.LBE3
 1353 0008 12000000 		.4byte	.LBB4
 1354 000c 16000000 		.4byte	.LBE4
 1355 0010 00000000 		.4byte	0
 1356 0014 00000000 		.4byte	0
 1357 0018 00000000 		.4byte	.LFB7
 1358 001c 1C000000 		.4byte	.LFE7
 1359 0020 00000000 		.4byte	.LFB8
 1360 0024 2C000000 		.4byte	.LFE8
 1361 0028 00000000 		.4byte	0
 1362 002c 00000000 		.4byte	0
 1363              		.section	.debug_line,"",%progbits
 1364              	.Ldebug_line0:
 1365 0000 BD010000 		.section	.debug_str,"MS",%progbits,1
 1365      02008601 
 1365      00000201 
 1365      FB0E0D00 
ARM GAS  /var/folders/17/bkfps9l155v_zhlnnf_8b0040000gn/T//ccs8xmTc.s 			page 25


 1365      01010101 
 1366              	.LASF75:
 1367 0000 63665F6F 		.ascii	"cf_off_older\000"
 1367      66665F6F 
 1367      6C646572 
 1367      00
 1368              	.LASF38:
 1369 000d 705F6D73 		.ascii	"p_msg\000"
 1369      6700
 1370              	.LASF3:
 1371 0013 73697A65 		.ascii	"size_t\000"
 1371      5F7400
 1372              	.LASF60:
 1373 001a 7264796D 		.ascii	"rdymsg\000"
 1373      736700
 1374              	.LASF13:
 1375 0021 6C6F6E67 		.ascii	"long long unsigned int\000"
 1375      206C6F6E 
 1375      6720756E 
 1375      7369676E 
 1375      65642069 
 1376              	.LASF71:
 1377 0038 63685F74 		.ascii	"ch_threadsize\000"
 1377      68726561 
 1377      6473697A 
 1377      6500
 1378              	.LASF61:
 1379 0046 65786974 		.ascii	"exitcode\000"
 1379      636F6465 
 1379      00
 1380              	.LASF84:
 1381 004f 63685265 		.ascii	"chRegFirstThread\000"
 1381      67466972 
 1381      73745468 
 1381      72656164 
 1381      00
 1382              	.LASF26:
 1383 0060 705F7072 		.ascii	"p_prio\000"
 1383      696F00
 1384              	.LASF78:
 1385 0067 63665F6F 		.ascii	"cf_off_state\000"
 1385      66665F73 
 1385      74617465 
 1385      00
 1386              	.LASF6:
 1387 0074 6C6F6E67 		.ascii	"long long int\000"
 1387      206C6F6E 
 1387      6720696E 
 1387      7400
 1388              	.LASF1:
 1389 0082 7369676E 		.ascii	"signed char\000"
 1389      65642063 
 1389      68617200 
 1390              	.LASF77:
 1391 008e 63665F6F 		.ascii	"cf_off_stklimit\000"
 1391      66665F73 
 1391      746B6C69 
ARM GAS  /var/folders/17/bkfps9l155v_zhlnnf_8b0040000gn/T//ccs8xmTc.s 			page 26


 1391      6D697400 
 1392              	.LASF79:
 1393 009e 63665F6F 		.ascii	"cf_off_flags\000"
 1393      66665F66 
 1393      6C616773 
 1393      00
 1394              	.LASF42:
 1395 00ab 705F6D70 		.ascii	"p_mpool\000"
 1395      6F6F6C00 
 1396              	.LASF57:
 1397 00b3 6D5F7175 		.ascii	"m_queue\000"
 1397      65756500 
 1398              	.LASF18:
 1399 00bb 74736C69 		.ascii	"tslices_t\000"
 1399      6365735F 
 1399      7400
 1400              	.LASF5:
 1401 00c5 6C6F6E67 		.ascii	"long int\000"
 1401      20696E74 
 1401      00
 1402              	.LASF16:
 1403 00ce 74737461 		.ascii	"tstate_t\000"
 1403      74655F74 
 1403      00
 1404              	.LASF9:
 1405 00d7 75696E74 		.ascii	"uint16_t\000"
 1405      31365F74 
 1405      00
 1406              	.LASF83:
 1407 00e0 63686465 		.ascii	"chdebug_t\000"
 1407      6275675F 
 1407      7400
 1408              	.LASF28:
 1409 00ea 705F6E65 		.ascii	"p_newer\000"
 1409      77657200 
 1410              	.LASF52:
 1411 00f2 725F6E65 		.ascii	"r_newer\000"
 1411      77657200 
 1412              	.LASF45:
 1413 00fa 72656761 		.ascii	"regarm_t\000"
 1413      726D5F74 
 1413      00
 1414              	.LASF0:
 1415 0103 756E7369 		.ascii	"unsigned int\000"
 1415      676E6564 
 1415      20696E74 
 1415      00
 1416              	.LASF12:
 1417 0110 6C6F6E67 		.ascii	"long unsigned int\000"
 1417      20756E73 
 1417      69676E65 
 1417      6420696E 
 1417      7400
 1418              	.LASF87:
 1419 0122 63685F64 		.ascii	"ch_debug\000"
 1419      65627567 
 1419      00
ARM GAS  /var/folders/17/bkfps9l155v_zhlnnf_8b0040000gn/T//ccs8xmTc.s 			page 27


 1420              	.LASF65:
 1421 012b 63685F69 		.ascii	"ch_identifier\000"
 1421      64656E74 
 1421      69666965 
 1421      7200
 1422              	.LASF47:
 1423 0139 636F6E74 		.ascii	"context\000"
 1423      65787400 
 1424              	.LASF10:
 1425 0141 73686F72 		.ascii	"short unsigned int\000"
 1425      7420756E 
 1425      7369676E 
 1425      65642069 
 1425      6E7400
 1426              	.LASF20:
 1427 0154 6D73675F 		.ascii	"msg_t\000"
 1427      7400
 1428              	.LASF15:
 1429 015a 746D6F64 		.ascii	"tmode_t\000"
 1429      655F7400 
 1430              	.LASF44:
 1431 0162 54687265 		.ascii	"ThreadsList\000"
 1431      6164734C 
 1431      69737400 
 1432              	.LASF21:
 1433 016e 6576656E 		.ascii	"eventmask_t\000"
 1433      746D6173 
 1433      6B5F7400 
 1434              	.LASF56:
 1435 017a 4D757465 		.ascii	"Mutex\000"
 1435      7800
 1436              	.LASF66:
 1437 0180 63685F7A 		.ascii	"ch_zero\000"
 1437      65726F00 
 1438              	.LASF80:
 1439 0188 63665F6F 		.ascii	"cf_off_refs\000"
 1439      66665F72 
 1439      65667300 
 1440              	.LASF48:
 1441 0194 73697A65 		.ascii	"sizetype\000"
 1441      74797065 
 1441      00
 1442              	.LASF70:
 1443 019d 63685F74 		.ascii	"ch_timesize\000"
 1443      696D6573 
 1443      697A6500 
 1444              	.LASF76:
 1445 01a9 63665F6F 		.ascii	"cf_off_name\000"
 1445      66665F6E 
 1445      616D6500 
 1446              	.LASF29:
 1447 01b5 705F6F6C 		.ascii	"p_older\000"
 1447      64657200 
 1448              	.LASF51:
 1449 01bd 725F6374 		.ascii	"r_ctx\000"
 1449      7800
 1450              	.LASF43:
ARM GAS  /var/folders/17/bkfps9l155v_zhlnnf_8b0040000gn/T//ccs8xmTc.s 			page 28


 1451 01c3 54687265 		.ascii	"ThreadsQueue\000"
 1451      61647351 
 1451      75657565 
 1451      00
 1452              	.LASF67:
 1453 01d0 63685F73 		.ascii	"ch_size\000"
 1453      697A6500 
 1454              	.LASF54:
 1455 01d8 725F6375 		.ascii	"r_current\000"
 1455      7272656E 
 1455      7400
 1456              	.LASF53:
 1457 01e2 725F6F6C 		.ascii	"r_older\000"
 1457      64657200 
 1458              	.LASF90:
 1459 01ea 2F557365 		.ascii	"/Users/leroux/src/robotics/vex/convex-vexell/projec"
 1459      72732F6C 
 1459      65726F75 
 1459      782F7372 
 1459      632F726F 
 1460 021d 74732F64 		.ascii	"ts/default\000"
 1460      65666175 
 1460      6C7400
 1461              	.LASF17:
 1462 0228 74726566 		.ascii	"trefs_t\000"
 1462      735F7400 
 1463              	.LASF69:
 1464 0230 63685F70 		.ascii	"ch_ptrsize\000"
 1464      74727369 
 1464      7A6500
 1465              	.LASF25:
 1466 023b 705F7072 		.ascii	"p_prev\000"
 1466      657600
 1467              	.LASF19:
 1468 0242 74707269 		.ascii	"tprio_t\000"
 1468      6F5F7400 
 1469              	.LASF14:
 1470 024a 5F426F6F 		.ascii	"_Bool\000"
 1470      6C00
 1471              	.LASF4:
 1472 0250 696E7433 		.ascii	"int32_t\000"
 1472      325F7400 
 1473              	.LASF8:
 1474 0258 756E7369 		.ascii	"unsigned char\000"
 1474      676E6564 
 1474      20636861 
 1474      7200
 1475              	.LASF40:
 1476 0266 705F6D74 		.ascii	"p_mtxlist\000"
 1476      786C6973 
 1476      7400
 1477              	.LASF2:
 1478 0270 73686F72 		.ascii	"short int\000"
 1478      7420696E 
 1478      7400
 1479              	.LASF31:
 1480 027a 705F7374 		.ascii	"p_state\000"
ARM GAS  /var/folders/17/bkfps9l155v_zhlnnf_8b0040000gn/T//ccs8xmTc.s 			page 29


 1480      61746500 
 1481              	.LASF34:
 1482 0282 705F7072 		.ascii	"p_preempt\000"
 1482      65656D70 
 1482      7400
 1483              	.LASF82:
 1484 028c 63665F6F 		.ascii	"cf_off_time\000"
 1484      66665F74 
 1484      696D6500 
 1485              	.LASF50:
 1486 0298 725F7072 		.ascii	"r_prio\000"
 1486      696F00
 1487              	.LASF63:
 1488 029f 65776D61 		.ascii	"ewmask\000"
 1488      736B00
 1489              	.LASF24:
 1490 02a6 705F6E65 		.ascii	"p_next\000"
 1490      787400
 1491              	.LASF81:
 1492 02ad 63665F6F 		.ascii	"cf_off_preempt\000"
 1492      66665F70 
 1492      7265656D 
 1492      707400
 1493              	.LASF32:
 1494 02bc 705F666C 		.ascii	"p_flags\000"
 1494      61677300 
 1495              	.LASF91:
 1496 02c4 63685468 		.ascii	"chThdRelease\000"
 1496      6452656C 
 1496      65617365 
 1496      00
 1497              	.LASF23:
 1498 02d1 54687265 		.ascii	"Thread\000"
 1498      616400
 1499              	.LASF74:
 1500 02d8 63665F6F 		.ascii	"cf_off_newer\000"
 1500      66665F6E 
 1500      65776572 
 1500      00
 1501              	.LASF39:
 1502 02e5 705F6570 		.ascii	"p_epending\000"
 1502      656E6469 
 1502      6E6700
 1503              	.LASF11:
 1504 02f0 75696E74 		.ascii	"uint32_t\000"
 1504      33325F74 
 1504      00
 1505              	.LASF89:
 1506 02f9 2E2E2F2E 		.ascii	"../../vexell/../ChibiOS-RT/os/kernel/src/chregistry"
 1506      2E2F7665 
 1506      78656C6C 
 1506      2F2E2E2F 
 1506      43686962 
 1507 032c 2E6300   		.ascii	".c\000"
 1508              	.LASF49:
 1509 032f 725F7175 		.ascii	"r_queue\000"
 1509      65756500 
ARM GAS  /var/folders/17/bkfps9l155v_zhlnnf_8b0040000gn/T//ccs8xmTc.s 			page 30


 1510              	.LASF64:
 1511 0337 63686172 		.ascii	"char\000"
 1511      00
 1512              	.LASF85:
 1513 033c 63685265 		.ascii	"chRegNextThread\000"
 1513      674E6578 
 1513      74546872 
 1513      65616400 
 1514              	.LASF59:
 1515 034c 6D5F6E65 		.ascii	"m_next\000"
 1515      787400
 1516              	.LASF22:
 1517 0353 73797374 		.ascii	"systime_t\000"
 1517      696D655F 
 1517      7400
 1518              	.LASF41:
 1519 035d 705F7265 		.ascii	"p_realprio\000"
 1519      616C7072 
 1519      696F00
 1520              	.LASF72:
 1521 0368 63665F6F 		.ascii	"cf_off_prio\000"
 1521      66665F70 
 1521      72696F00 
 1522              	.LASF35:
 1523 0374 705F7469 		.ascii	"p_time\000"
 1523      6D6500
 1524              	.LASF88:
 1525 037b 474E5520 		.ascii	"GNU C 4.8.3 20131129 (release) [ARM/embedded-4_8-br"
 1525      4320342E 
 1525      382E3320 
 1525      32303133 
 1525      31313239 
 1526 03ae 616E6368 		.ascii	"anch revision 205641] -mcpu=cortex-m3 -mno-thumb-in"
 1526      20726576 
 1526      6973696F 
 1526      6E203230 
 1526      35363431 
 1527 03e1 74657277 		.ascii	"terwork -mthumb -ggdb -O2 -std=gnu99 -fomit-frame-p"
 1527      6F726B20 
 1527      2D6D7468 
 1527      756D6220 
 1527      2D676764 
 1528 0414 6F696E74 		.ascii	"ointer -falign-functions=16 -ffreestanding -fno-str"
 1528      6572202D 
 1528      66616C69 
 1528      676E2D66 
 1528      756E6374 
 1529 0447 6963742D 		.ascii	"ict-aliasing -ffunction-sections -fdata-sections -f"
 1529      616C6961 
 1529      73696E67 
 1529      202D6666 
 1529      756E6374 
 1530 047a 6E6F2D63 		.ascii	"no-common\000"
 1530      6F6D6D6F 
 1530      6E00
 1531              	.LASF46:
 1532 0484 696E7463 		.ascii	"intctx\000"
ARM GAS  /var/folders/17/bkfps9l155v_zhlnnf_8b0040000gn/T//ccs8xmTc.s 			page 31


 1532      747800
 1533              	.LASF37:
 1534 048b 705F6D73 		.ascii	"p_msgqueue\000"
 1534      67717565 
 1534      756500
 1535              	.LASF73:
 1536 0496 63665F6F 		.ascii	"cf_off_ctx\000"
 1536      66665F63 
 1536      747800
 1537              	.LASF33:
 1538 04a1 705F7265 		.ascii	"p_refs\000"
 1538      667300
 1539              	.LASF55:
 1540 04a8 52656164 		.ascii	"ReadyList\000"
 1540      794C6973 
 1540      7400
 1541              	.LASF86:
 1542 04b2 726C6973 		.ascii	"rlist\000"
 1542      7400
 1543              	.LASF7:
 1544 04b8 75696E74 		.ascii	"uint8_t\000"
 1544      385F7400 
 1545              	.LASF62:
 1546 04c0 77746F62 		.ascii	"wtobjp\000"
 1546      6A7000
 1547              	.LASF30:
 1548 04c7 705F6E61 		.ascii	"p_name\000"
 1548      6D6500
 1549              	.LASF68:
 1550 04ce 63685F76 		.ascii	"ch_version\000"
 1550      65727369 
 1550      6F6E00
 1551              	.LASF58:
 1552 04d9 6D5F6F77 		.ascii	"m_owner\000"
 1552      6E657200 
 1553              	.LASF27:
 1554 04e1 705F6374 		.ascii	"p_ctx\000"
 1554      7800
 1555              	.LASF36:
 1556 04e7 705F7761 		.ascii	"p_waiting\000"
 1556      6974696E 
 1556      6700
 1557              		.ident	"GCC: (GNU Tools for ARM Embedded Processors) 4.8.3 20131129 (release) [ARM/embedded-4_8-br
ARM GAS  /var/folders/17/bkfps9l155v_zhlnnf_8b0040000gn/T//ccs8xmTc.s 			page 32


DEFINED SYMBOLS
                            *ABS*:0000000000000000 chregistry.c
/var/folders/17/bkfps9l155v_zhlnnf_8b0040000gn/T//ccs8xmTc.s:19     .text.chRegFirstThread:0000000000000000 $t
/var/folders/17/bkfps9l155v_zhlnnf_8b0040000gn/T//ccs8xmTc.s:25     .text.chRegFirstThread:0000000000000000 chRegFirstThread
/var/folders/17/bkfps9l155v_zhlnnf_8b0040000gn/T//ccs8xmTc.s:66     .text.chRegFirstThread:0000000000000018 $d
/var/folders/17/bkfps9l155v_zhlnnf_8b0040000gn/T//ccs8xmTc.s:71     .text.chRegNextThread:0000000000000000 $t
/var/folders/17/bkfps9l155v_zhlnnf_8b0040000gn/T//ccs8xmTc.s:77     .text.chRegNextThread:0000000000000000 chRegNextThread
/var/folders/17/bkfps9l155v_zhlnnf_8b0040000gn/T//ccs8xmTc.s:130    .text.chRegNextThread:0000000000000028 $d
/var/folders/17/bkfps9l155v_zhlnnf_8b0040000gn/T//ccs8xmTc.s:139    .rodata.ch_debug:0000000000000000 ch_debug
/var/folders/17/bkfps9l155v_zhlnnf_8b0040000gn/T//ccs8xmTc.s:136    .rodata.ch_debug:0000000000000000 $d
                     .debug_frame:0000000000000010 $d
/var/folders/17/bkfps9l155v_zhlnnf_8b0040000gn/T//ccs8xmTc.s:70     .text.chRegFirstThread:000000000000001c $t
/var/folders/17/bkfps9l155v_zhlnnf_8b0040000gn/T//ccs8xmTc.s:135    .text.chRegNextThread:000000000000002c $t

UNDEFINED SYMBOLS
rlist
chThdRelease
