ARM GAS  /var/folders/17/bkfps9l155v_zhlnnf_8b0040000gn/T//ccrod70S.s 			page 1


   1              		.syntax unified
   2              		.cpu cortex-m3
   3              		.fpu softvfp
   4              		.eabi_attribute 20, 1
   5              		.eabi_attribute 21, 1
   6              		.eabi_attribute 23, 3
   7              		.eabi_attribute 24, 1
   8              		.eabi_attribute 25, 1
   9              		.eabi_attribute 26, 1
  10              		.eabi_attribute 30, 2
  11              		.eabi_attribute 34, 1
  12              		.eabi_attribute 18, 4
  13              		.thumb
  14              		.file	"chsys.c"
  15              		.text
  16              	.Ltext0:
  17              		.cfi_sections	.debug_frame
  18              		.section	.text._idle_thread,"ax",%progbits
  19              		.align	2
  20              		.p2align 4,,15
  21              		.global	_idle_thread
  22              		.thumb
  23              		.thumb_func
  24              		.type	_idle_thread, %function
  25              	_idle_thread:
  26              	.LFB7:
  27              		.file 1 "../../vexell/../ChibiOS-RT/os/kernel/src/chsys.c"
  28              		.loc 1 54 0
  29              		.cfi_startproc
  30              		@ Volatile: function does not return.
  31              		@ args = 0, pretend = 0, frame = 0
  32              		@ frame_needed = 0, uses_anonymous_args = 0
  33              		@ link register save eliminated.
  34              	.LVL0:
  35              		.loc 1 57 0
  36 0000 024B     		ldr	r3, .L4
  37 0002 034A     		ldr	r2, .L4+4
  38 0004 9B69     		ldr	r3, [r3, #24]
  39 0006 9A61     		str	r2, [r3, #24]
  40              	.L2:
  41 0008 FEE7     		b	.L2
  42              	.L5:
  43 000a 00BF     		.align	2
  44              	.L4:
  45 000c 00000000 		.word	rlist
  46 0010 00000000 		.word	.LC0
  47              		.cfi_endproc
  48              	.LFE7:
  49              		.size	_idle_thread, .-_idle_thread
  50 0014 AFF30080 		.section	.text.chSysInit,"ax",%progbits
  50      AFF30080 
  50      AFF30080 
  51              		.align	2
  52              		.p2align 4,,15
  53              		.global	chSysInit
  54              		.thumb
  55              		.thumb_func
ARM GAS  /var/folders/17/bkfps9l155v_zhlnnf_8b0040000gn/T//ccrod70S.s 			page 2


  56              		.type	chSysInit, %function
  57              	chSysInit:
  58              	.LFB8:
  59              		.loc 1 77 0
  60              		.cfi_startproc
  61              		@ args = 0, pretend = 0, frame = 0
  62              		@ frame_needed = 0, uses_anonymous_args = 0
  63 0000 00B5     		push	{lr}
  64              		.cfi_def_cfa_offset 4
  65              		.cfi_offset 14, -4
  66 0002 83B0     		sub	sp, sp, #12
  67              		.cfi_def_cfa_offset 16
  68              		.loc 1 83 0
  69 0004 FFF7FEFF 		bl	_port_init
  70              	.LVL1:
  71              		.loc 1 84 0
  72 0008 FFF7FEFF 		bl	_scheduler_init
  73              	.LVL2:
  74              		.loc 1 85 0
  75 000c FFF7FEFF 		bl	_vt_init
  76              	.LVL3:
  77              		.loc 1 87 0
  78 0010 FFF7FEFF 		bl	_core_init
  79              	.LVL4:
  80              		.loc 1 90 0
  81 0014 FFF7FEFF 		bl	_heap_init
  82              	.LVL5:
  83              		.loc 1 97 0
  84 0018 4021     		movs	r1, #64
  85 001a 0C48     		ldr	r0, .L7
  86 001c FFF7FEFF 		bl	_thread_init
  87              	.LVL6:
  88 0020 0B4A     		ldr	r2, .L7+4
  89              		.loc 1 98 0
  90 0022 0123     		movs	r3, #1
  91 0024 0377     		strb	r3, [r0, #28]
  92              		.loc 1 97 0
  93 0026 9061     		str	r0, [r2, #24]
  94              	.LBB2:
  95              		.loc 1 104 0
  96 0028 0023     		movs	r3, #0
  97              	@ 104 "../../vexell/../ChibiOS-RT/os/kernel/src/chsys.c" 1
  98 002a 83F31188 		msr     BASEPRI, r3                    
  99 002e 62B6     		cpsie   i
 100              	@ 0 "" 2
 101              		.thumb
 102              	.LBE2:
 103              		.loc 1 108 0
 104 0030 0849     		ldr	r1, .L7+8
 105 0032 9269     		ldr	r2, [r2, #24]
 106              		.loc 1 114 0
 107 0034 0023     		movs	r3, #0
 108              		.loc 1 108 0
 109 0036 9161     		str	r1, [r2, #24]
 110              		.loc 1 114 0
 111 0038 0748     		ldr	r0, .L7+12
 112 003a 0093     		str	r3, [sp]
ARM GAS  /var/folders/17/bkfps9l155v_zhlnnf_8b0040000gn/T//ccrod70S.s 			page 3


 113 003c C021     		movs	r1, #192
 114 003e 0122     		movs	r2, #1
 115 0040 064B     		ldr	r3, .L7+16
 116 0042 FFF7FEFF 		bl	chThdCreateStatic
 117              	.LVL7:
 118              		.loc 1 117 0
 119 0046 03B0     		add	sp, sp, #12
 120              		@ sp needed
 121 0048 5DF804FB 		ldr	pc, [sp], #4
 122              	.L8:
 123              		.align	2
 124              	.L7:
 125 004c 00000000 		.word	.LANCHOR0
 126 0050 00000000 		.word	rlist
 127 0054 00000000 		.word	ch_debug
 128 0058 00000000 		.word	.LANCHOR1
 129 005c 00000000 		.word	_idle_thread
 130              		.cfi_endproc
 131              	.LFE8:
 132              		.size	chSysInit, .-chSysInit
 133              		.section	.text.chSysTimerHandlerI,"ax",%progbits
 134              		.align	2
 135              		.p2align 4,,15
 136              		.global	chSysTimerHandlerI
 137              		.thumb
 138              		.thumb_func
 139              		.type	chSysTimerHandlerI, %function
 140              	chSysTimerHandlerI:
 141              	.LFB9:
 142              		.loc 1 130 0
 143              		.cfi_startproc
 144              		@ args = 0, pretend = 0, frame = 0
 145              		@ frame_needed = 0, uses_anonymous_args = 0
 146 0000 70B5     		push	{r4, r5, r6, lr}
 147              		.cfi_def_cfa_offset 16
 148              		.cfi_offset 4, -16
 149              		.cfi_offset 5, -12
 150              		.cfi_offset 6, -8
 151              		.cfi_offset 14, -4
 152              		.loc 1 136 0
 153 0002 144B     		ldr	r3, .L17
 154 0004 9B69     		ldr	r3, [r3, #24]
 155 0006 DA7F     		ldrb	r2, [r3, #31]	@ zero_extendqisi2
 156 0008 0AB1     		cbz	r2, .L10
 157              		.loc 1 138 0
 158 000a 013A     		subs	r2, r2, #1
 159 000c DA77     		strb	r2, [r3, #31]
 160              	.L10:
 161              		.loc 1 141 0
 162 000e 1A6A     		ldr	r2, [r3, #32]
 163              		.loc 1 143 0
 164 0010 1149     		ldr	r1, .L17+4
 165              		.loc 1 141 0
 166 0012 0132     		adds	r2, r2, #1
 167 0014 1A62     		str	r2, [r3, #32]
 168              		.loc 1 143 0
 169 0016 CB68     		ldr	r3, [r1, #12]
ARM GAS  /var/folders/17/bkfps9l155v_zhlnnf_8b0040000gn/T//ccrod70S.s 			page 4


 170 0018 0A68     		ldr	r2, [r1]
 171 001a 0133     		adds	r3, r3, #1
 172 001c 8A42     		cmp	r2, r1
 173 001e CB60     		str	r3, [r1, #12]
 174 0020 17D0     		beq	.L9
 175              	.LBB3:
 176              		.loc 1 143 0 is_stmt 0 discriminator 1
 177 0022 9668     		ldr	r6, [r2, #8]
 178 0024 013E     		subs	r6, r6, #1
 179 0026 9660     		str	r6, [r2, #8]
 180              	.LVL8:
 181 0028 9EB9     		cbnz	r6, .L9
 182              		.loc 1 143 0
 183 002a 0D46     		mov	r5, r1
 184              	.L13:
 185              	.LBB4:
 186              		.loc 1 143 0 discriminator 2
 187 002c 1368     		ldr	r3, [r2]
 188 002e D468     		ldr	r4, [r2, #12]
 189              	.LVL9:
 190 0030 D660     		str	r6, [r2, #12]
 191 0032 5960     		str	r1, [r3, #4]
 192 0034 1068     		ldr	r0, [r2]
 193              	.LBB5:
 194 0036 0023     		movs	r3, #0
 195              	.LBE5:
 196 0038 0860     		str	r0, [r1]
 197              	.LBB6:
 198              	@ 143 "../../vexell/../ChibiOS-RT/os/kernel/src/chsys.c" 1
 199 003a 83F31188 		msr     BASEPRI, r3
 200              	@ 0 "" 2
 201              		.thumb
 202              	.LBE6:
 203 003e 1069     		ldr	r0, [r2, #16]
 204 0040 A047     		blx	r4
 205              	.LVL10:
 206              	.LBB7:
 207 0042 2023     		movs	r3, #32
 208              	@ 143 "../../vexell/../ChibiOS-RT/os/kernel/src/chsys.c" 1
 209 0044 83F31188 		msr     BASEPRI, r3
 210              	@ 0 "" 2
 211              		.thumb
 212              	.LBE7:
 213              	.LBE4:
 214 0048 2A68     		ldr	r2, [r5]
 215              	.LVL11:
 216 004a 0349     		ldr	r1, .L17+4
 217 004c 9368     		ldr	r3, [r2, #8]
 218 004e 002B     		cmp	r3, #0
 219 0050 ECD0     		beq	.L13
 220              	.LVL12:
 221              	.L9:
 222 0052 70BD     		pop	{r4, r5, r6, pc}
 223              	.L18:
 224              		.align	2
 225              	.L17:
 226 0054 00000000 		.word	rlist
ARM GAS  /var/folders/17/bkfps9l155v_zhlnnf_8b0040000gn/T//ccrod70S.s 			page 5


 227 0058 00000000 		.word	vtlist
 228              	.LBE3:
 229              		.cfi_endproc
 230              	.LFE9:
 231              		.size	chSysTimerHandlerI, .-chSysTimerHandlerI
 232              		.global	_idle_thread_wa
 233 005c AFF30080 		.section	.bss.mainthread.4329,"aw",%nobits
 234              		.align	2
 235              		.set	.LANCHOR0,. + 0
 236              		.type	mainthread.4329, %object
 237              		.size	mainthread.4329, 72
 238              	mainthread.4329:
 239 0000 00000000 		.space	72
 239      00000000 
 239      00000000 
 239      00000000 
 239      00000000 
 240              		.section	.rodata.str1.4,"aMS",%progbits,1
 241              		.align	2
 242              	.LC0:
 243 0000 69646C65 		.ascii	"idle\000"
 243      00
 244 0005 000000   		.section	.bss._idle_thread_wa,"aw",%nobits
 245              		.align	3
 246              		.set	.LANCHOR1,. + 0
 247              		.type	_idle_thread_wa, %object
 248              		.size	_idle_thread_wa, 192
 249              	_idle_thread_wa:
 250 0000 00000000 		.space	192
 250      00000000 
 250      00000000 
 250      00000000 
 250      00000000 
 251              		.text
 252              	.Letext0:
 253              		.file 2 "/Users/leroux/src/gcc-arm-none-eabi-4_8-2013q4/lib/gcc/arm-none-eabi/4.8.3/include/stddef
 254              		.file 3 "/Users/leroux/src/gcc-arm-none-eabi-4_8-2013q4/lib/gcc/arm-none-eabi/4.8.3/include/stdint
 255              		.file 4 "../../vexell/../ChibiOS-RT/os/ports/GCC/ARMCMx/chtypes.h"
 256              		.file 5 "../../vexell/../ChibiOS-RT/os/kernel/include/chlists.h"
 257              		.file 6 "../../vexell/../ChibiOS-RT/os/kernel/include/chthreads.h"
 258              		.file 7 "../../vexell/../ChibiOS-RT/os/ports/GCC/ARMCMx/chcore_v7m.h"
 259              		.file 8 "../../vexell/../ChibiOS-RT/os/kernel/include/chvt.h"
 260              		.file 9 "../../vexell/../ChibiOS-RT/os/kernel/include/chschd.h"
 261              		.file 10 "../../vexell/../ChibiOS-RT/os/kernel/include/chmtx.h"
 262              		.file 11 "../../vexell/../ChibiOS-RT/os/kernel/include/chregistry.h"
 263              		.file 12 "../../vexell/../ChibiOS-RT/os/kernel/include/chmemcore.h"
 264              		.file 13 "../../vexell/../ChibiOS-RT/os/kernel/include/chheap.h"
 265              		.section	.debug_info,"",%progbits
 266              	.Ldebug_info0:
 267 0000 EC070000 		.4byte	0x7ec
 268 0004 0400     		.2byte	0x4
 269 0006 00000000 		.4byte	.Ldebug_abbrev0
 270 000a 04       		.byte	0x4
 271 000b 01       		.uleb128 0x1
 272 000c 34040000 		.4byte	.LASF109
 273 0010 01       		.byte	0x1
 274 0011 15000000 		.4byte	.LASF110
ARM GAS  /var/folders/17/bkfps9l155v_zhlnnf_8b0040000gn/T//ccrod70S.s 			page 6


 275 0015 CC020000 		.4byte	.LASF111
 276 0019 18000000 		.4byte	.Ldebug_ranges0+0x18
 277 001d 00000000 		.4byte	0
 278 0021 00000000 		.4byte	.Ldebug_line0
 279 0025 02       		.uleb128 0x2
 280 0026 04       		.byte	0x4
 281 0027 05       		.byte	0x5
 282 0028 696E7400 		.ascii	"int\000"
 283 002c 03       		.uleb128 0x3
 284 002d 4C000000 		.4byte	.LASF3
 285 0031 02       		.byte	0x2
 286 0032 D4       		.byte	0xd4
 287 0033 37000000 		.4byte	0x37
 288 0037 04       		.uleb128 0x4
 289 0038 04       		.byte	0x4
 290 0039 07       		.byte	0x7
 291 003a 96010000 		.4byte	.LASF0
 292 003e 04       		.uleb128 0x4
 293 003f 01       		.byte	0x1
 294 0040 06       		.byte	0x6
 295 0041 E8000000 		.4byte	.LASF1
 296 0045 04       		.uleb128 0x4
 297 0046 02       		.byte	0x2
 298 0047 05       		.byte	0x5
 299 0048 5D030000 		.4byte	.LASF2
 300 004c 03       		.uleb128 0x3
 301 004d 32030000 		.4byte	.LASF4
 302 0051 03       		.byte	0x3
 303 0052 28       		.byte	0x28
 304 0053 57000000 		.4byte	0x57
 305 0057 04       		.uleb128 0x4
 306 0058 04       		.byte	0x4
 307 0059 05       		.byte	0x5
 308 005a 2B010000 		.4byte	.LASF5
 309 005e 04       		.uleb128 0x4
 310 005f 08       		.byte	0x8
 311 0060 05       		.byte	0x5
 312 0061 DA000000 		.4byte	.LASF6
 313 0065 03       		.uleb128 0x3
 314 0066 78050000 		.4byte	.LASF7
 315 006a 03       		.byte	0x3
 316 006b 2E       		.byte	0x2e
 317 006c 70000000 		.4byte	0x70
 318 0070 04       		.uleb128 0x4
 319 0071 01       		.byte	0x1
 320 0072 08       		.byte	0x8
 321 0073 3A030000 		.4byte	.LASF8
 322 0077 03       		.uleb128 0x3
 323 0078 3D010000 		.4byte	.LASF9
 324 007c 03       		.byte	0x3
 325 007d 31       		.byte	0x31
 326 007e 82000000 		.4byte	0x82
 327 0082 04       		.uleb128 0x4
 328 0083 02       		.byte	0x2
 329 0084 07       		.byte	0x7
 330 0085 E9010000 		.4byte	.LASF10
 331 0089 03       		.uleb128 0x3
ARM GAS  /var/folders/17/bkfps9l155v_zhlnnf_8b0040000gn/T//ccrod70S.s 			page 7


 332 008a D0030000 		.4byte	.LASF11
 333 008e 03       		.byte	0x3
 334 008f 34       		.byte	0x34
 335 0090 94000000 		.4byte	0x94
 336 0094 04       		.uleb128 0x4
 337 0095 04       		.byte	0x4
 338 0096 07       		.byte	0x7
 339 0097 B8010000 		.4byte	.LASF12
 340 009b 03       		.uleb128 0x3
 341 009c 5A000000 		.4byte	.LASF13
 342 00a0 03       		.byte	0x3
 343 00a1 37       		.byte	0x37
 344 00a2 A6000000 		.4byte	0xa6
 345 00a6 04       		.uleb128 0x4
 346 00a7 08       		.byte	0x8
 347 00a8 07       		.byte	0x7
 348 00a9 7D000000 		.4byte	.LASF14
 349 00ad 04       		.uleb128 0x4
 350 00ae 01       		.byte	0x1
 351 00af 02       		.byte	0x2
 352 00b0 2C030000 		.4byte	.LASF15
 353 00b4 03       		.uleb128 0x3
 354 00b5 02020000 		.4byte	.LASF16
 355 00b9 04       		.byte	0x4
 356 00ba 25       		.byte	0x25
 357 00bb 65000000 		.4byte	0x65
 358 00bf 03       		.uleb128 0x3
 359 00c0 34010000 		.4byte	.LASF17
 360 00c4 04       		.byte	0x4
 361 00c5 26       		.byte	0x26
 362 00c6 65000000 		.4byte	0x65
 363 00ca 03       		.uleb128 0x3
 364 00cb 0A030000 		.4byte	.LASF18
 365 00cf 04       		.byte	0x4
 366 00d0 27       		.byte	0x27
 367 00d1 65000000 		.4byte	0x65
 368 00d5 03       		.uleb128 0x3
 369 00d6 21010000 		.4byte	.LASF19
 370 00da 04       		.byte	0x4
 371 00db 28       		.byte	0x28
 372 00dc 65000000 		.4byte	0x65
 373 00e0 03       		.uleb128 0x3
 374 00e1 24030000 		.4byte	.LASF20
 375 00e5 04       		.byte	0x4
 376 00e6 29       		.byte	0x29
 377 00e7 89000000 		.4byte	0x89
 378 00eb 03       		.uleb128 0x3
 379 00ec FC010000 		.4byte	.LASF21
 380 00f0 04       		.byte	0x4
 381 00f1 2A       		.byte	0x2a
 382 00f2 4C000000 		.4byte	0x4c
 383 00f6 03       		.uleb128 0x3
 384 00f7 16020000 		.4byte	.LASF22
 385 00fb 04       		.byte	0x4
 386 00fc 2C       		.byte	0x2c
 387 00fd 89000000 		.4byte	0x89
 388 0101 03       		.uleb128 0x3
ARM GAS  /var/folders/17/bkfps9l155v_zhlnnf_8b0040000gn/T//ccrod70S.s 			page 8


 389 0102 06040000 		.4byte	.LASF23
 390 0106 04       		.byte	0x4
 391 0107 2E       		.byte	0x2e
 392 0108 89000000 		.4byte	0x89
 393 010c 03       		.uleb128 0x3
 394 010d B1030000 		.4byte	.LASF24
 395 0111 05       		.byte	0x5
 396 0112 23       		.byte	0x23
 397 0113 17010000 		.4byte	0x117
 398 0117 05       		.uleb128 0x5
 399 0118 B1030000 		.4byte	.LASF24
 400 011c 48       		.byte	0x48
 401 011d 06       		.byte	0x6
 402 011e 57       		.byte	0x57
 403 011f 14020000 		.4byte	0x214
 404 0123 06       		.uleb128 0x6
 405 0124 93030000 		.4byte	.LASF25
 406 0128 06       		.byte	0x6
 407 0129 58       		.byte	0x58
 408 012a 35020000 		.4byte	0x235
 409 012e 00       		.byte	0
 410 012f 06       		.uleb128 0x6
 411 0130 1D030000 		.4byte	.LASF26
 412 0134 06       		.byte	0x6
 413 0135 5A       		.byte	0x5a
 414 0136 35020000 		.4byte	0x235
 415 013a 04       		.byte	0x4
 416 013b 06       		.uleb128 0x6
 417 013c B6000000 		.4byte	.LASF27
 418 0140 06       		.byte	0x6
 419 0141 5C       		.byte	0x5c
 420 0142 E0000000 		.4byte	0xe0
 421 0146 08       		.byte	0x8
 422 0147 06       		.uleb128 0x6
 423 0148 BE050000 		.4byte	.LASF28
 424 014c 06       		.byte	0x6
 425 014d 5D       		.byte	0x5d
 426 014e FA020000 		.4byte	0x2fa
 427 0152 0C       		.byte	0xc
 428 0153 06       		.uleb128 0x6
 429 0154 50010000 		.4byte	.LASF29
 430 0158 06       		.byte	0x6
 431 0159 5F       		.byte	0x5f
 432 015a 35020000 		.4byte	0x235
 433 015e 10       		.byte	0x10
 434 015f 06       		.uleb128 0x6
 435 0160 8A020000 		.4byte	.LASF30
 436 0164 06       		.byte	0x6
 437 0165 60       		.byte	0x60
 438 0166 35020000 		.4byte	0x235
 439 016a 14       		.byte	0x14
 440 016b 06       		.uleb128 0x6
 441 016c 92050000 		.4byte	.LASF31
 442 0170 06       		.byte	0x6
 443 0171 67       		.byte	0x67
 444 0172 B4040000 		.4byte	0x4b4
 445 0176 18       		.byte	0x18
ARM GAS  /var/folders/17/bkfps9l155v_zhlnnf_8b0040000gn/T//ccrod70S.s 			page 9


 446 0177 06       		.uleb128 0x6
 447 0178 67030000 		.4byte	.LASF32
 448 017c 06       		.byte	0x6
 449 017d 72       		.byte	0x72
 450 017e BF000000 		.4byte	0xbf
 451 0182 1C       		.byte	0x1c
 452 0183 06       		.uleb128 0x6
 453 0184 A9030000 		.4byte	.LASF33
 454 0188 06       		.byte	0x6
 455 0189 76       		.byte	0x76
 456 018a B4000000 		.4byte	0xb4
 457 018e 1D       		.byte	0x1d
 458 018f 06       		.uleb128 0x6
 459 0190 61050000 		.4byte	.LASF34
 460 0194 06       		.byte	0x6
 461 0195 7B       		.byte	0x7b
 462 0196 CA000000 		.4byte	0xca
 463 019a 1E       		.byte	0x1e
 464 019b 06       		.uleb128 0x6
 465 019c 6F030000 		.4byte	.LASF35
 466 01a0 06       		.byte	0x6
 467 01a1 81       		.byte	0x81
 468 01a2 D5000000 		.4byte	0xd5
 469 01a6 1F       		.byte	0x1f
 470 01a7 06       		.uleb128 0x6
 471 01a8 2D040000 		.4byte	.LASF36
 472 01ac 06       		.byte	0x6
 473 01ad 88       		.byte	0x88
 474 01ae D1030000 		.4byte	0x3d1
 475 01b2 20       		.byte	0x20
 476 01b3 07       		.uleb128 0x7
 477 01b4 705F7500 		.ascii	"p_u\000"
 478 01b8 06       		.byte	0x6
 479 01b9 AD       		.byte	0xad
 480 01ba 7F040000 		.4byte	0x47f
 481 01be 24       		.byte	0x24
 482 01bf 06       		.uleb128 0x6
 483 01c0 C4050000 		.4byte	.LASF37
 484 01c4 06       		.byte	0x6
 485 01c5 B2       		.byte	0xb2
 486 01c6 5B020000 		.4byte	0x25b
 487 01ca 28       		.byte	0x28
 488 01cb 06       		.uleb128 0x6
 489 01cc 44050000 		.4byte	.LASF38
 490 01d0 06       		.byte	0x6
 491 01d1 B8       		.byte	0xb8
 492 01d2 3B020000 		.4byte	0x23b
 493 01d6 2C       		.byte	0x2c
 494 01d7 06       		.uleb128 0x6
 495 01d8 46000000 		.4byte	.LASF39
 496 01dc 06       		.byte	0x6
 497 01dd BC       		.byte	0xbc
 498 01de EB000000 		.4byte	0xeb
 499 01e2 34       		.byte	0x34
 500 01e3 06       		.uleb128 0x6
 501 01e4 C5030000 		.4byte	.LASF40
 502 01e8 06       		.byte	0x6
ARM GAS  /var/folders/17/bkfps9l155v_zhlnnf_8b0040000gn/T//ccrod70S.s 			page 10


 503 01e9 C2       		.byte	0xc2
 504 01ea F6000000 		.4byte	0xf6
 505 01ee 38       		.byte	0x38
 506 01ef 06       		.uleb128 0x6
 507 01f0 53030000 		.4byte	.LASF41
 508 01f4 06       		.byte	0x6
 509 01f5 C9       		.byte	0xc9
 510 01f6 C6040000 		.4byte	0x4c6
 511 01fa 3C       		.byte	0x3c
 512 01fb 06       		.uleb128 0x6
 513 01fc 10040000 		.4byte	.LASF42
 514 0200 06       		.byte	0x6
 515 0201 CD       		.byte	0xcd
 516 0202 E0000000 		.4byte	0xe0
 517 0206 40       		.byte	0x40
 518 0207 06       		.uleb128 0x6
 519 0208 11010000 		.4byte	.LASF43
 520 020c 06       		.byte	0x6
 521 020d D3       		.byte	0xd3
 522 020e 71020000 		.4byte	0x271
 523 0212 44       		.byte	0x44
 524 0213 00       		.byte	0
 525 0214 08       		.uleb128 0x8
 526 0215 08       		.byte	0x8
 527 0216 05       		.byte	0x5
 528 0217 5A       		.byte	0x5a
 529 0218 35020000 		.4byte	0x235
 530 021c 06       		.uleb128 0x6
 531 021d 93030000 		.4byte	.LASF25
 532 0221 05       		.byte	0x5
 533 0222 5B       		.byte	0x5b
 534 0223 35020000 		.4byte	0x235
 535 0227 00       		.byte	0
 536 0228 06       		.uleb128 0x6
 537 0229 1D030000 		.4byte	.LASF26
 538 022d 05       		.byte	0x5
 539 022e 5D       		.byte	0x5d
 540 022f 35020000 		.4byte	0x235
 541 0233 04       		.byte	0x4
 542 0234 00       		.byte	0
 543 0235 09       		.uleb128 0x9
 544 0236 04       		.byte	0x4
 545 0237 0C010000 		.4byte	0x10c
 546 023b 03       		.uleb128 0x3
 547 023c 98020000 		.4byte	.LASF44
 548 0240 05       		.byte	0x5
 549 0241 5F       		.byte	0x5f
 550 0242 14020000 		.4byte	0x214
 551 0246 08       		.uleb128 0x8
 552 0247 04       		.byte	0x4
 553 0248 05       		.byte	0x5
 554 0249 64       		.byte	0x64
 555 024a 5B020000 		.4byte	0x25b
 556 024e 06       		.uleb128 0x6
 557 024f 93030000 		.4byte	.LASF25
 558 0253 05       		.byte	0x5
 559 0254 66       		.byte	0x66
ARM GAS  /var/folders/17/bkfps9l155v_zhlnnf_8b0040000gn/T//ccrod70S.s 			page 11


 560 0255 35020000 		.4byte	0x235
 561 0259 00       		.byte	0
 562 025a 00       		.byte	0
 563 025b 03       		.uleb128 0x3
 564 025c 0A020000 		.4byte	.LASF45
 565 0260 05       		.byte	0x5
 566 0261 69       		.byte	0x69
 567 0262 46020000 		.4byte	0x246
 568 0266 03       		.uleb128 0x3
 569 0267 70010000 		.4byte	.LASF46
 570 026b 07       		.byte	0x7
 571 026c DE       		.byte	0xde
 572 026d 71020000 		.4byte	0x271
 573 0271 0A       		.uleb128 0xa
 574 0272 04       		.byte	0x4
 575 0273 03       		.uleb128 0x3
 576 0274 28020000 		.4byte	.LASF47
 577 0278 07       		.byte	0x7
 578 0279 E4       		.byte	0xe4
 579 027a 9B000000 		.4byte	0x9b
 580 027e 0B       		.uleb128 0xb
 581 027f 3D050000 		.4byte	.LASF48
 582 0283 24       		.byte	0x24
 583 0284 07       		.byte	0x7
 584 0285 0501     		.2byte	0x105
 585 0287 FA020000 		.4byte	0x2fa
 586 028b 0C       		.uleb128 0xc
 587 028c 723400   		.ascii	"r4\000"
 588 028f 07       		.byte	0x7
 589 0290 1801     		.2byte	0x118
 590 0292 66020000 		.4byte	0x266
 591 0296 00       		.byte	0
 592 0297 0C       		.uleb128 0xc
 593 0298 723500   		.ascii	"r5\000"
 594 029b 07       		.byte	0x7
 595 029c 1901     		.2byte	0x119
 596 029e 66020000 		.4byte	0x266
 597 02a2 04       		.byte	0x4
 598 02a3 0C       		.uleb128 0xc
 599 02a4 723600   		.ascii	"r6\000"
 600 02a7 07       		.byte	0x7
 601 02a8 1A01     		.2byte	0x11a
 602 02aa 66020000 		.4byte	0x266
 603 02ae 08       		.byte	0x8
 604 02af 0C       		.uleb128 0xc
 605 02b0 723700   		.ascii	"r7\000"
 606 02b3 07       		.byte	0x7
 607 02b4 1B01     		.2byte	0x11b
 608 02b6 66020000 		.4byte	0x266
 609 02ba 0C       		.byte	0xc
 610 02bb 0C       		.uleb128 0xc
 611 02bc 723800   		.ascii	"r8\000"
 612 02bf 07       		.byte	0x7
 613 02c0 1C01     		.2byte	0x11c
 614 02c2 66020000 		.4byte	0x266
 615 02c6 10       		.byte	0x10
 616 02c7 0C       		.uleb128 0xc
ARM GAS  /var/folders/17/bkfps9l155v_zhlnnf_8b0040000gn/T//ccrod70S.s 			page 12


 617 02c8 723900   		.ascii	"r9\000"
 618 02cb 07       		.byte	0x7
 619 02cc 1D01     		.2byte	0x11d
 620 02ce 66020000 		.4byte	0x266
 621 02d2 14       		.byte	0x14
 622 02d3 0C       		.uleb128 0xc
 623 02d4 72313000 		.ascii	"r10\000"
 624 02d8 07       		.byte	0x7
 625 02d9 1E01     		.2byte	0x11e
 626 02db 66020000 		.4byte	0x266
 627 02df 18       		.byte	0x18
 628 02e0 0C       		.uleb128 0xc
 629 02e1 72313100 		.ascii	"r11\000"
 630 02e5 07       		.byte	0x7
 631 02e6 1F01     		.2byte	0x11f
 632 02e8 66020000 		.4byte	0x266
 633 02ec 1C       		.byte	0x1c
 634 02ed 0C       		.uleb128 0xc
 635 02ee 6C7200   		.ascii	"lr\000"
 636 02f1 07       		.byte	0x7
 637 02f2 2001     		.2byte	0x120
 638 02f4 66020000 		.4byte	0x266
 639 02f8 20       		.byte	0x20
 640 02f9 00       		.byte	0
 641 02fa 0B       		.uleb128 0xb
 642 02fb E1010000 		.4byte	.LASF49
 643 02ff 04       		.byte	0x4
 644 0300 07       		.byte	0x7
 645 0301 2A01     		.2byte	0x12a
 646 0303 15030000 		.4byte	0x315
 647 0307 0C       		.uleb128 0xc
 648 0308 72313300 		.ascii	"r13\000"
 649 030c 07       		.byte	0x7
 650 030d 2B01     		.2byte	0x12b
 651 030f 15030000 		.4byte	0x315
 652 0313 00       		.byte	0
 653 0314 00       		.byte	0
 654 0315 09       		.uleb128 0x9
 655 0316 04       		.byte	0x4
 656 0317 7E020000 		.4byte	0x27e
 657 031b 04       		.uleb128 0x4
 658 031c 04       		.byte	0x4
 659 031d 07       		.byte	0x7
 660 031e 61020000 		.4byte	.LASF50
 661 0322 03       		.uleb128 0x3
 662 0323 1B040000 		.4byte	.LASF51
 663 0327 08       		.byte	0x8
 664 0328 51       		.byte	0x51
 665 0329 2D030000 		.4byte	0x32d
 666 032d 09       		.uleb128 0x9
 667 032e 04       		.byte	0x4
 668 032f 33030000 		.4byte	0x333
 669 0333 0D       		.uleb128 0xd
 670 0334 3E030000 		.4byte	0x33e
 671 0338 0E       		.uleb128 0xe
 672 0339 71020000 		.4byte	0x271
 673 033d 00       		.byte	0
ARM GAS  /var/folders/17/bkfps9l155v_zhlnnf_8b0040000gn/T//ccrod70S.s 			page 13


 674 033e 03       		.uleb128 0x3
 675 033f ED030000 		.4byte	.LASF52
 676 0343 08       		.byte	0x8
 677 0344 56       		.byte	0x56
 678 0345 49030000 		.4byte	0x349
 679 0349 05       		.uleb128 0x5
 680 034a ED030000 		.4byte	.LASF52
 681 034e 14       		.byte	0x14
 682 034f 08       		.byte	0x8
 683 0350 5D       		.byte	0x5d
 684 0351 92030000 		.4byte	0x392
 685 0355 06       		.uleb128 0x6
 686 0356 B0010000 		.4byte	.LASF53
 687 035a 08       		.byte	0x8
 688 035b 5E       		.byte	0x5e
 689 035c 92030000 		.4byte	0x392
 690 0360 00       		.byte	0
 691 0361 06       		.uleb128 0x6
 692 0362 79010000 		.4byte	.LASF54
 693 0366 08       		.byte	0x8
 694 0367 60       		.byte	0x60
 695 0368 92030000 		.4byte	0x392
 696 036c 04       		.byte	0x4
 697 036d 06       		.uleb128 0x6
 698 036e 59020000 		.4byte	.LASF55
 699 0372 08       		.byte	0x8
 700 0373 62       		.byte	0x62
 701 0374 01010000 		.4byte	0x101
 702 0378 08       		.byte	0x8
 703 0379 06       		.uleb128 0x6
 704 037a 6A020000 		.4byte	.LASF56
 705 037e 08       		.byte	0x8
 706 037f 63       		.byte	0x63
 707 0380 22030000 		.4byte	0x322
 708 0384 0C       		.byte	0xc
 709 0385 06       		.uleb128 0x6
 710 0386 4F050000 		.4byte	.LASF57
 711 038a 08       		.byte	0x8
 712 038b 65       		.byte	0x65
 713 038c 71020000 		.4byte	0x271
 714 0390 10       		.byte	0x10
 715 0391 00       		.byte	0
 716 0392 09       		.uleb128 0x9
 717 0393 04       		.byte	0x4
 718 0394 3E030000 		.4byte	0x33e
 719 0398 08       		.uleb128 0x8
 720 0399 10       		.byte	0x10
 721 039a 08       		.byte	0x8
 722 039b 6F       		.byte	0x6f
 723 039c D1030000 		.4byte	0x3d1
 724 03a0 06       		.uleb128 0x6
 725 03a1 B0010000 		.4byte	.LASF53
 726 03a5 08       		.byte	0x8
 727 03a6 70       		.byte	0x70
 728 03a7 92030000 		.4byte	0x392
 729 03ab 00       		.byte	0
 730 03ac 06       		.uleb128 0x6
ARM GAS  /var/folders/17/bkfps9l155v_zhlnnf_8b0040000gn/T//ccrod70S.s 			page 14


 731 03ad 79010000 		.4byte	.LASF54
 732 03b1 08       		.byte	0x8
 733 03b2 72       		.byte	0x72
 734 03b3 92030000 		.4byte	0x392
 735 03b7 04       		.byte	0x4
 736 03b8 06       		.uleb128 0x6
 737 03b9 59020000 		.4byte	.LASF55
 738 03bd 08       		.byte	0x8
 739 03be 74       		.byte	0x74
 740 03bf 01010000 		.4byte	0x101
 741 03c3 08       		.byte	0x8
 742 03c4 06       		.uleb128 0x6
 743 03c5 99050000 		.4byte	.LASF58
 744 03c9 08       		.byte	0x8
 745 03ca 75       		.byte	0x75
 746 03cb D1030000 		.4byte	0x3d1
 747 03cf 0C       		.byte	0xc
 748 03d0 00       		.byte	0
 749 03d1 0F       		.uleb128 0xf
 750 03d2 01010000 		.4byte	0x101
 751 03d6 03       		.uleb128 0x3
 752 03d7 AF050000 		.4byte	.LASF59
 753 03db 08       		.byte	0x8
 754 03dc 76       		.byte	0x76
 755 03dd 98030000 		.4byte	0x398
 756 03e1 08       		.uleb128 0x8
 757 03e2 1C       		.byte	0x1c
 758 03e3 09       		.byte	0x9
 759 03e4 57       		.byte	0x57
 760 03e5 32040000 		.4byte	0x432
 761 03e9 06       		.uleb128 0x6
 762 03ea E5030000 		.4byte	.LASF60
 763 03ee 09       		.byte	0x9
 764 03ef 58       		.byte	0x58
 765 03f0 3B020000 		.4byte	0x23b
 766 03f4 00       		.byte	0
 767 03f5 06       		.uleb128 0x6
 768 03f6 85030000 		.4byte	.LASF61
 769 03fa 09       		.byte	0x9
 770 03fb 59       		.byte	0x59
 771 03fc E0000000 		.4byte	0xe0
 772 0400 08       		.byte	0x8
 773 0401 06       		.uleb128 0x6
 774 0402 92020000 		.4byte	.LASF62
 775 0406 09       		.byte	0x9
 776 0407 5B       		.byte	0x5b
 777 0408 FA020000 		.4byte	0x2fa
 778 040c 0C       		.byte	0xc
 779 040d 06       		.uleb128 0x6
 780 040e 68010000 		.4byte	.LASF63
 781 0412 09       		.byte	0x9
 782 0413 5E       		.byte	0x5e
 783 0414 35020000 		.4byte	0x235
 784 0418 10       		.byte	0x10
 785 0419 06       		.uleb128 0x6
 786 041a B7020000 		.4byte	.LASF64
 787 041e 09       		.byte	0x9
ARM GAS  /var/folders/17/bkfps9l155v_zhlnnf_8b0040000gn/T//ccrod70S.s 			page 15


 788 041f 5F       		.byte	0x5f
 789 0420 35020000 		.4byte	0x235
 790 0424 14       		.byte	0x14
 791 0425 06       		.uleb128 0x6
 792 0426 AD020000 		.4byte	.LASF65
 793 042a 09       		.byte	0x9
 794 042b 62       		.byte	0x62
 795 042c 35020000 		.4byte	0x235
 796 0430 18       		.byte	0x18
 797 0431 00       		.byte	0
 798 0432 03       		.uleb128 0x3
 799 0433 68050000 		.4byte	.LASF66
 800 0437 09       		.byte	0x9
 801 0438 64       		.byte	0x64
 802 0439 E1030000 		.4byte	0x3e1
 803 043d 05       		.uleb128 0x5
 804 043e 22020000 		.4byte	.LASF67
 805 0442 10       		.byte	0x10
 806 0443 0A       		.byte	0xa
 807 0444 25       		.byte	0x25
 808 0445 6E040000 		.4byte	0x46e
 809 0449 06       		.uleb128 0x6
 810 044a 19010000 		.4byte	.LASF68
 811 044e 0A       		.byte	0xa
 812 044f 26       		.byte	0x26
 813 0450 3B020000 		.4byte	0x23b
 814 0454 00       		.byte	0
 815 0455 06       		.uleb128 0x6
 816 0456 B6050000 		.4byte	.LASF69
 817 045a 0A       		.byte	0xa
 818 045b 28       		.byte	0x28
 819 045c 35020000 		.4byte	0x235
 820 0460 08       		.byte	0x8
 821 0461 06       		.uleb128 0x6
 822 0462 FF030000 		.4byte	.LASF70
 823 0466 0A       		.byte	0xa
 824 0467 2A       		.byte	0x2a
 825 0468 6E040000 		.4byte	0x46e
 826 046c 0C       		.byte	0xc
 827 046d 00       		.byte	0
 828 046e 09       		.uleb128 0x9
 829 046f 04       		.byte	0x4
 830 0470 3D040000 		.4byte	0x43d
 831 0474 03       		.uleb128 0x3
 832 0475 22020000 		.4byte	.LASF67
 833 0479 0A       		.byte	0xa
 834 047a 2C       		.byte	0x2c
 835 047b 3D040000 		.4byte	0x43d
 836 047f 10       		.uleb128 0x10
 837 0480 04       		.byte	0x4
 838 0481 06       		.byte	0x6
 839 0482 8F       		.byte	0x8f
 840 0483 B4040000 		.4byte	0x4b4
 841 0487 11       		.uleb128 0x11
 842 0488 53000000 		.4byte	.LASF71
 843 048c 06       		.byte	0x6
 844 048d 96       		.byte	0x96
ARM GAS  /var/folders/17/bkfps9l155v_zhlnnf_8b0040000gn/T//ccrod70S.s 			page 16


 845 048e EB000000 		.4byte	0xeb
 846 0492 11       		.uleb128 0x11
 847 0493 A2000000 		.4byte	.LASF72
 848 0497 06       		.byte	0x6
 849 0498 9D       		.byte	0x9d
 850 0499 EB000000 		.4byte	0xeb
 851 049d 11       		.uleb128 0x11
 852 049e 8B050000 		.4byte	.LASF73
 853 04a2 06       		.byte	0x6
 854 04a3 A4       		.byte	0xa4
 855 04a4 71020000 		.4byte	0x271
 856 04a8 11       		.uleb128 0x11
 857 04a9 8C030000 		.4byte	.LASF74
 858 04ad 06       		.byte	0x6
 859 04ae AB       		.byte	0xab
 860 04af F6000000 		.4byte	0xf6
 861 04b3 00       		.byte	0
 862 04b4 09       		.uleb128 0x9
 863 04b5 04       		.byte	0x4
 864 04b6 BA040000 		.4byte	0x4ba
 865 04ba 12       		.uleb128 0x12
 866 04bb BF040000 		.4byte	0x4bf
 867 04bf 04       		.uleb128 0x4
 868 04c0 01       		.byte	0x1
 869 04c1 08       		.byte	0x8
 870 04c2 FA030000 		.4byte	.LASF75
 871 04c6 09       		.uleb128 0x9
 872 04c7 04       		.byte	0x4
 873 04c8 74040000 		.4byte	0x474
 874 04cc 03       		.uleb128 0x3
 875 04cd 00000000 		.4byte	.LASF76
 876 04d1 06       		.byte	0x6
 877 04d2 DE       		.byte	0xde
 878 04d3 D7040000 		.4byte	0x4d7
 879 04d7 09       		.uleb128 0x9
 880 04d8 04       		.byte	0x4
 881 04d9 DD040000 		.4byte	0x4dd
 882 04dd 13       		.uleb128 0x13
 883 04de EB000000 		.4byte	0xeb
 884 04e2 EC040000 		.4byte	0x4ec
 885 04e6 0E       		.uleb128 0xe
 886 04e7 71020000 		.4byte	0x271
 887 04eb 00       		.byte	0
 888 04ec 08       		.uleb128 0x8
 889 04ed 16       		.byte	0x16
 890 04ee 0B       		.byte	0xb
 891 04ef 25       		.byte	0x25
 892 04f0 CD050000 		.4byte	0x5cd
 893 04f4 06       		.uleb128 0x6
 894 04f5 D3010000 		.4byte	.LASF77
 895 04f9 0B       		.byte	0xb
 896 04fa 26       		.byte	0x26
 897 04fb CD050000 		.4byte	0x5cd
 898 04ff 00       		.byte	0
 899 0500 06       		.uleb128 0x6
 900 0501 45020000 		.4byte	.LASF78
 901 0505 0B       		.byte	0xb
ARM GAS  /var/folders/17/bkfps9l155v_zhlnnf_8b0040000gn/T//ccrod70S.s 			page 17


 902 0506 27       		.byte	0x27
 903 0507 65000000 		.4byte	0x65
 904 050b 04       		.byte	0x4
 905 050c 06       		.uleb128 0x6
 906 050d A5020000 		.4byte	.LASF79
 907 0511 0B       		.byte	0xb
 908 0512 28       		.byte	0x28
 909 0513 65000000 		.4byte	0x65
 910 0517 05       		.byte	0x5
 911 0518 06       		.uleb128 0x6
 912 0519 A4050000 		.4byte	.LASF80
 913 051d 0B       		.byte	0xb
 914 051e 29       		.byte	0x29
 915 051f 77000000 		.4byte	0x77
 916 0523 06       		.byte	0x6
 917 0524 06       		.uleb128 0x6
 918 0525 12030000 		.4byte	.LASF81
 919 0529 0B       		.byte	0xb
 920 052a 2A       		.byte	0x2a
 921 052b 65000000 		.4byte	0x65
 922 052f 08       		.byte	0x8
 923 0530 06       		.uleb128 0x6
 924 0531 72020000 		.4byte	.LASF82
 925 0535 0B       		.byte	0xb
 926 0536 2B       		.byte	0x2b
 927 0537 65000000 		.4byte	0x65
 928 053b 09       		.byte	0x9
 929 053c 06       		.uleb128 0x6
 930 053d 94000000 		.4byte	.LASF83
 931 0541 0B       		.byte	0xb
 932 0542 2C       		.byte	0x2c
 933 0543 65000000 		.4byte	0x65
 934 0547 0A       		.byte	0xa
 935 0548 06       		.uleb128 0x6
 936 0549 D9030000 		.4byte	.LASF84
 937 054d 0B       		.byte	0xb
 938 054e 2D       		.byte	0x2d
 939 054f 65000000 		.4byte	0x65
 940 0553 0B       		.byte	0xb
 941 0554 06       		.uleb128 0x6
 942 0555 56050000 		.4byte	.LASF85
 943 0559 0B       		.byte	0xb
 944 055a 2E       		.byte	0x2e
 945 055b 65000000 		.4byte	0x65
 946 055f 0C       		.byte	0xc
 947 0560 06       		.uleb128 0x6
 948 0561 B8030000 		.4byte	.LASF86
 949 0565 0B       		.byte	0xb
 950 0566 2F       		.byte	0x2f
 951 0567 65000000 		.4byte	0x65
 952 056b 0D       		.byte	0xd
 953 056c 06       		.uleb128 0x6
 954 056d 08000000 		.4byte	.LASF87
 955 0571 0B       		.byte	0xb
 956 0572 30       		.byte	0x30
 957 0573 65000000 		.4byte	0x65
 958 0577 0E       		.byte	0xe
ARM GAS  /var/folders/17/bkfps9l155v_zhlnnf_8b0040000gn/T//ccrod70S.s 			page 18


 959 0578 06       		.uleb128 0x6
 960 0579 7E020000 		.4byte	.LASF88
 961 057d 0B       		.byte	0xb
 962 057e 31       		.byte	0x31
 963 057f 65000000 		.4byte	0x65
 964 0583 0F       		.byte	0xf
 965 0584 06       		.uleb128 0x6
 966 0585 F4000000 		.4byte	.LASF89
 967 0589 0B       		.byte	0xb
 968 058a 32       		.byte	0x32
 969 058b 65000000 		.4byte	0x65
 970 058f 10       		.byte	0x10
 971 0590 06       		.uleb128 0x6
 972 0591 BD000000 		.4byte	.LASF90
 973 0595 0B       		.byte	0xb
 974 0596 34       		.byte	0x34
 975 0597 65000000 		.4byte	0x65
 976 059b 11       		.byte	0x11
 977 059c 06       		.uleb128 0x6
 978 059d 04010000 		.4byte	.LASF91
 979 05a1 0B       		.byte	0xb
 980 05a2 35       		.byte	0x35
 981 05a3 65000000 		.4byte	0x65
 982 05a7 12       		.byte	0x12
 983 05a8 06       		.uleb128 0x6
 984 05a9 4D020000 		.4byte	.LASF92
 985 05ad 0B       		.byte	0xb
 986 05ae 36       		.byte	0x36
 987 05af 65000000 		.4byte	0x65
 988 05b3 13       		.byte	0x13
 989 05b4 06       		.uleb128 0x6
 990 05b5 9A030000 		.4byte	.LASF93
 991 05b9 0B       		.byte	0xb
 992 05ba 37       		.byte	0x37
 993 05bb 65000000 		.4byte	0x65
 994 05bf 14       		.byte	0x14
 995 05c0 06       		.uleb128 0x6
 996 05c1 79030000 		.4byte	.LASF94
 997 05c5 0B       		.byte	0xb
 998 05c6 39       		.byte	0x39
 999 05c7 65000000 		.4byte	0x65
 1000 05cb 15       		.byte	0x15
 1001 05cc 00       		.byte	0
 1002 05cd 14       		.uleb128 0x14
 1003 05ce BF040000 		.4byte	0x4bf
 1004 05d2 DD050000 		.4byte	0x5dd
 1005 05d6 15       		.uleb128 0x15
 1006 05d7 1B030000 		.4byte	0x31b
 1007 05db 03       		.byte	0x3
 1008 05dc 00       		.byte	0
 1009 05dd 03       		.uleb128 0x3
 1010 05de 46010000 		.4byte	.LASF95
 1011 05e2 0B       		.byte	0xb
 1012 05e3 3A       		.byte	0x3a
 1013 05e4 EC040000 		.4byte	0x4ec
 1014 05e8 16       		.uleb128 0x16
 1015 05e9 BF020000 		.4byte	.LASF96
ARM GAS  /var/folders/17/bkfps9l155v_zhlnnf_8b0040000gn/T//ccrod70S.s 			page 19


 1016 05ed 01       		.byte	0x1
 1017 05ee 36       		.byte	0x36
 1018 05ef 00000000 		.4byte	.LFB7
 1019 05f3 14000000 		.4byte	.LFE7-.LFB7
 1020 05f7 01       		.uleb128 0x1
 1021 05f8 9C       		.byte	0x9c
 1022 05f9 09060000 		.4byte	0x609
 1023 05fd 17       		.uleb128 0x17
 1024 05fe 7000     		.ascii	"p\000"
 1025 0600 01       		.byte	0x1
 1026 0601 36       		.byte	0x36
 1027 0602 71020000 		.4byte	0x271
 1028 0606 01       		.uleb128 0x1
 1029 0607 50       		.byte	0x50
 1030 0608 00       		.byte	0
 1031 0609 16       		.uleb128 0x16
 1032 060a 81010000 		.4byte	.LASF97
 1033 060e 01       		.byte	0x1
 1034 060f 4D       		.byte	0x4d
 1035 0610 00000000 		.4byte	.LFB8
 1036 0614 60000000 		.4byte	.LFE8-.LFB8
 1037 0618 01       		.uleb128 0x1
 1038 0619 9C       		.byte	0x9c
 1039 061a C2060000 		.4byte	0x6c2
 1040 061e 18       		.uleb128 0x18
 1041 061f AB000000 		.4byte	.LASF98
 1042 0623 01       		.byte	0x1
 1043 0624 4E       		.byte	0x4e
 1044 0625 0C010000 		.4byte	0x10c
 1045 0629 05       		.uleb128 0x5
 1046 062a 03       		.byte	0x3
 1047 062b 00000000 		.4byte	mainthread.4329
 1048 062f 19       		.uleb128 0x19
 1049 0630 28000000 		.4byte	.LBB2
 1050 0634 08000000 		.4byte	.LBE2-.LBB2
 1051 0638 4A060000 		.4byte	0x64a
 1052 063c 1A       		.uleb128 0x1a
 1053 063d 746D7000 		.ascii	"tmp\000"
 1054 0641 01       		.byte	0x1
 1055 0642 68       		.byte	0x68
 1056 0643 89000000 		.4byte	0x89
 1057 0647 01       		.uleb128 0x1
 1058 0648 53       		.byte	0x53
 1059 0649 00       		.byte	0
 1060 064a 1B       		.uleb128 0x1b
 1061 064b 08000000 		.4byte	.LVL1
 1062 064f 8A070000 		.4byte	0x78a
 1063 0653 1B       		.uleb128 0x1b
 1064 0654 0C000000 		.4byte	.LVL2
 1065 0658 92070000 		.4byte	0x792
 1066 065c 1B       		.uleb128 0x1b
 1067 065d 10000000 		.4byte	.LVL3
 1068 0661 99070000 		.4byte	0x799
 1069 0665 1B       		.uleb128 0x1b
 1070 0666 14000000 		.4byte	.LVL4
 1071 066a A0070000 		.4byte	0x7a0
 1072 066e 1B       		.uleb128 0x1b
ARM GAS  /var/folders/17/bkfps9l155v_zhlnnf_8b0040000gn/T//ccrod70S.s 			page 20


 1073 066f 18000000 		.4byte	.LVL5
 1074 0673 A7070000 		.4byte	0x7a7
 1075 0677 1C       		.uleb128 0x1c
 1076 0678 20000000 		.4byte	.LVL6
 1077 067c AE070000 		.4byte	0x7ae
 1078 0680 94060000 		.4byte	0x694
 1079 0684 1D       		.uleb128 0x1d
 1080 0685 01       		.uleb128 0x1
 1081 0686 51       		.byte	0x51
 1082 0687 02       		.uleb128 0x2
 1083 0688 08       		.byte	0x8
 1084 0689 40       		.byte	0x40
 1085 068a 1D       		.uleb128 0x1d
 1086 068b 01       		.uleb128 0x1
 1087 068c 50       		.byte	0x50
 1088 068d 05       		.uleb128 0x5
 1089 068e 03       		.byte	0x3
 1090 068f 00000000 		.4byte	.LANCHOR0
 1091 0693 00       		.byte	0
 1092 0694 1E       		.uleb128 0x1e
 1093 0695 46000000 		.4byte	.LVL7
 1094 0699 C9070000 		.4byte	0x7c9
 1095 069d 1D       		.uleb128 0x1d
 1096 069e 01       		.uleb128 0x1
 1097 069f 53       		.byte	0x53
 1098 06a0 05       		.uleb128 0x5
 1099 06a1 03       		.byte	0x3
 1100 06a2 00000000 		.4byte	_idle_thread
 1101 06a6 1D       		.uleb128 0x1d
 1102 06a7 01       		.uleb128 0x1
 1103 06a8 52       		.byte	0x52
 1104 06a9 01       		.uleb128 0x1
 1105 06aa 31       		.byte	0x31
 1106 06ab 1D       		.uleb128 0x1d
 1107 06ac 01       		.uleb128 0x1
 1108 06ad 51       		.byte	0x51
 1109 06ae 02       		.uleb128 0x2
 1110 06af 08       		.byte	0x8
 1111 06b0 C0       		.byte	0xc0
 1112 06b1 1D       		.uleb128 0x1d
 1113 06b2 01       		.uleb128 0x1
 1114 06b3 50       		.byte	0x50
 1115 06b4 05       		.uleb128 0x5
 1116 06b5 03       		.byte	0x3
 1117 06b6 00000000 		.4byte	.LANCHOR1
 1118 06ba 1D       		.uleb128 0x1d
 1119 06bb 02       		.uleb128 0x2
 1120 06bc 7D       		.byte	0x7d
 1121 06bd 00       		.sleb128 0
 1122 06be 01       		.uleb128 0x1
 1123 06bf 30       		.byte	0x30
 1124 06c0 00       		.byte	0
 1125 06c1 00       		.byte	0
 1126 06c2 16       		.uleb128 0x16
 1127 06c3 6A000000 		.4byte	.LASF99
 1128 06c7 01       		.byte	0x1
 1129 06c8 82       		.byte	0x82
ARM GAS  /var/folders/17/bkfps9l155v_zhlnnf_8b0040000gn/T//ccrod70S.s 			page 21


 1130 06c9 00000000 		.4byte	.LFB9
 1131 06cd 5C000000 		.4byte	.LFE9-.LFB9
 1132 06d1 01       		.uleb128 0x1
 1133 06d2 9C       		.byte	0x9c
 1134 06d3 43070000 		.4byte	0x743
 1135 06d7 1F       		.uleb128 0x1f
 1136 06d8 22000000 		.4byte	.LBB3
 1137 06dc 3A000000 		.4byte	.LBE3-.LBB3
 1138 06e0 20       		.uleb128 0x20
 1139 06e1 76747000 		.ascii	"vtp\000"
 1140 06e5 01       		.byte	0x1
 1141 06e6 8F       		.byte	0x8f
 1142 06e7 92030000 		.4byte	0x392
 1143 06eb 00000000 		.4byte	.LLST0
 1144 06ef 1F       		.uleb128 0x1f
 1145 06f0 2C000000 		.4byte	.LBB4
 1146 06f4 1C000000 		.4byte	.LBE4-.LBB4
 1147 06f8 20       		.uleb128 0x20
 1148 06f9 666E00   		.ascii	"fn\000"
 1149 06fc 01       		.byte	0x1
 1150 06fd 8F       		.byte	0x8f
 1151 06fe 22030000 		.4byte	0x322
 1152 0702 1E000000 		.4byte	.LLST1
 1153 0706 21       		.uleb128 0x21
 1154 0707 00000000 		.4byte	.Ldebug_ranges0+0
 1155 070b 1D070000 		.4byte	0x71d
 1156 070f 1A       		.uleb128 0x1a
 1157 0710 746D7000 		.ascii	"tmp\000"
 1158 0714 01       		.byte	0x1
 1159 0715 8F       		.byte	0x8f
 1160 0716 89000000 		.4byte	0x89
 1161 071a 01       		.uleb128 0x1
 1162 071b 53       		.byte	0x53
 1163 071c 00       		.byte	0
 1164 071d 19       		.uleb128 0x19
 1165 071e 42000000 		.4byte	.LBB7
 1166 0722 06000000 		.4byte	.LBE7-.LBB7
 1167 0726 38070000 		.4byte	0x738
 1168 072a 1A       		.uleb128 0x1a
 1169 072b 746D7000 		.ascii	"tmp\000"
 1170 072f 01       		.byte	0x1
 1171 0730 8F       		.byte	0x8f
 1172 0731 89000000 		.4byte	0x89
 1173 0735 01       		.uleb128 0x1
 1174 0736 53       		.byte	0x53
 1175 0737 00       		.byte	0
 1176 0738 22       		.uleb128 0x22
 1177 0739 42000000 		.4byte	.LVL10
 1178 073d 02       		.uleb128 0x2
 1179 073e 74       		.byte	0x74
 1180 073f 00       		.sleb128 0
 1181 0740 00       		.byte	0
 1182 0741 00       		.byte	0
 1183 0742 00       		.byte	0
 1184 0743 23       		.uleb128 0x23
 1185 0744 63000000 		.4byte	.LASF100
 1186 0748 08       		.byte	0x8
ARM GAS  /var/folders/17/bkfps9l155v_zhlnnf_8b0040000gn/T//ccrod70S.s 			page 22


 1187 0749 EE       		.byte	0xee
 1188 074a D6030000 		.4byte	0x3d6
 1189 074e 23       		.uleb128 0x23
 1190 074f 72050000 		.4byte	.LASF101
 1191 0753 09       		.byte	0x9
 1192 0754 68       		.byte	0x68
 1193 0755 32040000 		.4byte	0x432
 1194 0759 23       		.uleb128 0x23
 1195 075a CA010000 		.4byte	.LASF102
 1196 075e 0B       		.byte	0xb
 1197 075f 77       		.byte	0x77
 1198 0760 64070000 		.4byte	0x764
 1199 0764 12       		.uleb128 0x12
 1200 0765 DD050000 		.4byte	0x5dd
 1201 0769 14       		.uleb128 0x14
 1202 076a 73020000 		.4byte	0x273
 1203 076e 79070000 		.4byte	0x779
 1204 0772 15       		.uleb128 0x15
 1205 0773 1B030000 		.4byte	0x31b
 1206 0777 17       		.byte	0x17
 1207 0778 00       		.byte	0
 1208 0779 24       		.uleb128 0x24
 1209 077a 58010000 		.4byte	.LASF103
 1210 077e 01       		.byte	0x1
 1211 077f 2A       		.byte	0x2a
 1212 0780 69070000 		.4byte	0x769
 1213 0784 05       		.uleb128 0x5
 1214 0785 03       		.byte	0x3
 1215 0786 00000000 		.4byte	_idle_thread_wa
 1216 078a 25       		.uleb128 0x25
 1217 078b 80050000 		.4byte	.LASF104
 1218 078f 07       		.byte	0x7
 1219 0790 FB01     		.2byte	0x1fb
 1220 0792 26       		.uleb128 0x26
 1221 0793 CA000000 		.4byte	.LASF105
 1222 0797 09       		.byte	0x9
 1223 0798 87       		.byte	0x87
 1224 0799 26       		.uleb128 0x26
 1225 079a 24040000 		.4byte	.LASF106
 1226 079e 08       		.byte	0x8
 1227 079f F6       		.byte	0xf6
 1228 07a0 26       		.uleb128 0x26
 1229 07a1 48030000 		.4byte	.LASF107
 1230 07a5 0C       		.byte	0xc
 1231 07a6 4A       		.byte	0x4a
 1232 07a7 26       		.uleb128 0x26
 1233 07a8 8B010000 		.4byte	.LASF108
 1234 07ac 0D       		.byte	0xd
 1235 07ad 4E       		.byte	0x4e
 1236 07ae 27       		.uleb128 0x27
 1237 07af A3010000 		.4byte	.LASF112
 1238 07b3 06       		.byte	0x6
 1239 07b4 6301     		.2byte	0x163
 1240 07b6 35020000 		.4byte	0x235
 1241 07ba C9070000 		.4byte	0x7c9
 1242 07be 0E       		.uleb128 0xe
 1243 07bf 35020000 		.4byte	0x235
ARM GAS  /var/folders/17/bkfps9l155v_zhlnnf_8b0040000gn/T//ccrod70S.s 			page 23


 1244 07c3 0E       		.uleb128 0xe
 1245 07c4 E0000000 		.4byte	0xe0
 1246 07c8 00       		.byte	0
 1247 07c9 28       		.uleb128 0x28
 1248 07ca 33020000 		.4byte	.LASF113
 1249 07ce 06       		.byte	0x6
 1250 07cf 6901     		.2byte	0x169
 1251 07d1 35020000 		.4byte	0x235
 1252 07d5 0E       		.uleb128 0xe
 1253 07d6 71020000 		.4byte	0x271
 1254 07da 0E       		.uleb128 0xe
 1255 07db 2C000000 		.4byte	0x2c
 1256 07df 0E       		.uleb128 0xe
 1257 07e0 E0000000 		.4byte	0xe0
 1258 07e4 0E       		.uleb128 0xe
 1259 07e5 CC040000 		.4byte	0x4cc
 1260 07e9 0E       		.uleb128 0xe
 1261 07ea 71020000 		.4byte	0x271
 1262 07ee 00       		.byte	0
 1263 07ef 00       		.byte	0
 1264              		.section	.debug_abbrev,"",%progbits
 1265              	.Ldebug_abbrev0:
 1266 0000 01       		.uleb128 0x1
 1267 0001 11       		.uleb128 0x11
 1268 0002 01       		.byte	0x1
 1269 0003 25       		.uleb128 0x25
 1270 0004 0E       		.uleb128 0xe
 1271 0005 13       		.uleb128 0x13
 1272 0006 0B       		.uleb128 0xb
 1273 0007 03       		.uleb128 0x3
 1274 0008 0E       		.uleb128 0xe
 1275 0009 1B       		.uleb128 0x1b
 1276 000a 0E       		.uleb128 0xe
 1277 000b 55       		.uleb128 0x55
 1278 000c 17       		.uleb128 0x17
 1279 000d 11       		.uleb128 0x11
 1280 000e 01       		.uleb128 0x1
 1281 000f 10       		.uleb128 0x10
 1282 0010 17       		.uleb128 0x17
 1283 0011 00       		.byte	0
 1284 0012 00       		.byte	0
 1285 0013 02       		.uleb128 0x2
 1286 0014 24       		.uleb128 0x24
 1287 0015 00       		.byte	0
 1288 0016 0B       		.uleb128 0xb
 1289 0017 0B       		.uleb128 0xb
 1290 0018 3E       		.uleb128 0x3e
 1291 0019 0B       		.uleb128 0xb
 1292 001a 03       		.uleb128 0x3
 1293 001b 08       		.uleb128 0x8
 1294 001c 00       		.byte	0
 1295 001d 00       		.byte	0
 1296 001e 03       		.uleb128 0x3
 1297 001f 16       		.uleb128 0x16
 1298 0020 00       		.byte	0
 1299 0021 03       		.uleb128 0x3
 1300 0022 0E       		.uleb128 0xe
ARM GAS  /var/folders/17/bkfps9l155v_zhlnnf_8b0040000gn/T//ccrod70S.s 			page 24


 1301 0023 3A       		.uleb128 0x3a
 1302 0024 0B       		.uleb128 0xb
 1303 0025 3B       		.uleb128 0x3b
 1304 0026 0B       		.uleb128 0xb
 1305 0027 49       		.uleb128 0x49
 1306 0028 13       		.uleb128 0x13
 1307 0029 00       		.byte	0
 1308 002a 00       		.byte	0
 1309 002b 04       		.uleb128 0x4
 1310 002c 24       		.uleb128 0x24
 1311 002d 00       		.byte	0
 1312 002e 0B       		.uleb128 0xb
 1313 002f 0B       		.uleb128 0xb
 1314 0030 3E       		.uleb128 0x3e
 1315 0031 0B       		.uleb128 0xb
 1316 0032 03       		.uleb128 0x3
 1317 0033 0E       		.uleb128 0xe
 1318 0034 00       		.byte	0
 1319 0035 00       		.byte	0
 1320 0036 05       		.uleb128 0x5
 1321 0037 13       		.uleb128 0x13
 1322 0038 01       		.byte	0x1
 1323 0039 03       		.uleb128 0x3
 1324 003a 0E       		.uleb128 0xe
 1325 003b 0B       		.uleb128 0xb
 1326 003c 0B       		.uleb128 0xb
 1327 003d 3A       		.uleb128 0x3a
 1328 003e 0B       		.uleb128 0xb
 1329 003f 3B       		.uleb128 0x3b
 1330 0040 0B       		.uleb128 0xb
 1331 0041 01       		.uleb128 0x1
 1332 0042 13       		.uleb128 0x13
 1333 0043 00       		.byte	0
 1334 0044 00       		.byte	0
 1335 0045 06       		.uleb128 0x6
 1336 0046 0D       		.uleb128 0xd
 1337 0047 00       		.byte	0
 1338 0048 03       		.uleb128 0x3
 1339 0049 0E       		.uleb128 0xe
 1340 004a 3A       		.uleb128 0x3a
 1341 004b 0B       		.uleb128 0xb
 1342 004c 3B       		.uleb128 0x3b
 1343 004d 0B       		.uleb128 0xb
 1344 004e 49       		.uleb128 0x49
 1345 004f 13       		.uleb128 0x13
 1346 0050 38       		.uleb128 0x38
 1347 0051 0B       		.uleb128 0xb
 1348 0052 00       		.byte	0
 1349 0053 00       		.byte	0
 1350 0054 07       		.uleb128 0x7
 1351 0055 0D       		.uleb128 0xd
 1352 0056 00       		.byte	0
 1353 0057 03       		.uleb128 0x3
 1354 0058 08       		.uleb128 0x8
 1355 0059 3A       		.uleb128 0x3a
 1356 005a 0B       		.uleb128 0xb
 1357 005b 3B       		.uleb128 0x3b
ARM GAS  /var/folders/17/bkfps9l155v_zhlnnf_8b0040000gn/T//ccrod70S.s 			page 25


 1358 005c 0B       		.uleb128 0xb
 1359 005d 49       		.uleb128 0x49
 1360 005e 13       		.uleb128 0x13
 1361 005f 38       		.uleb128 0x38
 1362 0060 0B       		.uleb128 0xb
 1363 0061 00       		.byte	0
 1364 0062 00       		.byte	0
 1365 0063 08       		.uleb128 0x8
 1366 0064 13       		.uleb128 0x13
 1367 0065 01       		.byte	0x1
 1368 0066 0B       		.uleb128 0xb
 1369 0067 0B       		.uleb128 0xb
 1370 0068 3A       		.uleb128 0x3a
 1371 0069 0B       		.uleb128 0xb
 1372 006a 3B       		.uleb128 0x3b
 1373 006b 0B       		.uleb128 0xb
 1374 006c 01       		.uleb128 0x1
 1375 006d 13       		.uleb128 0x13
 1376 006e 00       		.byte	0
 1377 006f 00       		.byte	0
 1378 0070 09       		.uleb128 0x9
 1379 0071 0F       		.uleb128 0xf
 1380 0072 00       		.byte	0
 1381 0073 0B       		.uleb128 0xb
 1382 0074 0B       		.uleb128 0xb
 1383 0075 49       		.uleb128 0x49
 1384 0076 13       		.uleb128 0x13
 1385 0077 00       		.byte	0
 1386 0078 00       		.byte	0
 1387 0079 0A       		.uleb128 0xa
 1388 007a 0F       		.uleb128 0xf
 1389 007b 00       		.byte	0
 1390 007c 0B       		.uleb128 0xb
 1391 007d 0B       		.uleb128 0xb
 1392 007e 00       		.byte	0
 1393 007f 00       		.byte	0
 1394 0080 0B       		.uleb128 0xb
 1395 0081 13       		.uleb128 0x13
 1396 0082 01       		.byte	0x1
 1397 0083 03       		.uleb128 0x3
 1398 0084 0E       		.uleb128 0xe
 1399 0085 0B       		.uleb128 0xb
 1400 0086 0B       		.uleb128 0xb
 1401 0087 3A       		.uleb128 0x3a
 1402 0088 0B       		.uleb128 0xb
 1403 0089 3B       		.uleb128 0x3b
 1404 008a 05       		.uleb128 0x5
 1405 008b 01       		.uleb128 0x1
 1406 008c 13       		.uleb128 0x13
 1407 008d 00       		.byte	0
 1408 008e 00       		.byte	0
 1409 008f 0C       		.uleb128 0xc
 1410 0090 0D       		.uleb128 0xd
 1411 0091 00       		.byte	0
 1412 0092 03       		.uleb128 0x3
 1413 0093 08       		.uleb128 0x8
 1414 0094 3A       		.uleb128 0x3a
ARM GAS  /var/folders/17/bkfps9l155v_zhlnnf_8b0040000gn/T//ccrod70S.s 			page 26


 1415 0095 0B       		.uleb128 0xb
 1416 0096 3B       		.uleb128 0x3b
 1417 0097 05       		.uleb128 0x5
 1418 0098 49       		.uleb128 0x49
 1419 0099 13       		.uleb128 0x13
 1420 009a 38       		.uleb128 0x38
 1421 009b 0B       		.uleb128 0xb
 1422 009c 00       		.byte	0
 1423 009d 00       		.byte	0
 1424 009e 0D       		.uleb128 0xd
 1425 009f 15       		.uleb128 0x15
 1426 00a0 01       		.byte	0x1
 1427 00a1 27       		.uleb128 0x27
 1428 00a2 19       		.uleb128 0x19
 1429 00a3 01       		.uleb128 0x1
 1430 00a4 13       		.uleb128 0x13
 1431 00a5 00       		.byte	0
 1432 00a6 00       		.byte	0
 1433 00a7 0E       		.uleb128 0xe
 1434 00a8 05       		.uleb128 0x5
 1435 00a9 00       		.byte	0
 1436 00aa 49       		.uleb128 0x49
 1437 00ab 13       		.uleb128 0x13
 1438 00ac 00       		.byte	0
 1439 00ad 00       		.byte	0
 1440 00ae 0F       		.uleb128 0xf
 1441 00af 35       		.uleb128 0x35
 1442 00b0 00       		.byte	0
 1443 00b1 49       		.uleb128 0x49
 1444 00b2 13       		.uleb128 0x13
 1445 00b3 00       		.byte	0
 1446 00b4 00       		.byte	0
 1447 00b5 10       		.uleb128 0x10
 1448 00b6 17       		.uleb128 0x17
 1449 00b7 01       		.byte	0x1
 1450 00b8 0B       		.uleb128 0xb
 1451 00b9 0B       		.uleb128 0xb
 1452 00ba 3A       		.uleb128 0x3a
 1453 00bb 0B       		.uleb128 0xb
 1454 00bc 3B       		.uleb128 0x3b
 1455 00bd 0B       		.uleb128 0xb
 1456 00be 01       		.uleb128 0x1
 1457 00bf 13       		.uleb128 0x13
 1458 00c0 00       		.byte	0
 1459 00c1 00       		.byte	0
 1460 00c2 11       		.uleb128 0x11
 1461 00c3 0D       		.uleb128 0xd
 1462 00c4 00       		.byte	0
 1463 00c5 03       		.uleb128 0x3
 1464 00c6 0E       		.uleb128 0xe
 1465 00c7 3A       		.uleb128 0x3a
 1466 00c8 0B       		.uleb128 0xb
 1467 00c9 3B       		.uleb128 0x3b
 1468 00ca 0B       		.uleb128 0xb
 1469 00cb 49       		.uleb128 0x49
 1470 00cc 13       		.uleb128 0x13
 1471 00cd 00       		.byte	0
ARM GAS  /var/folders/17/bkfps9l155v_zhlnnf_8b0040000gn/T//ccrod70S.s 			page 27


 1472 00ce 00       		.byte	0
 1473 00cf 12       		.uleb128 0x12
 1474 00d0 26       		.uleb128 0x26
 1475 00d1 00       		.byte	0
 1476 00d2 49       		.uleb128 0x49
 1477 00d3 13       		.uleb128 0x13
 1478 00d4 00       		.byte	0
 1479 00d5 00       		.byte	0
 1480 00d6 13       		.uleb128 0x13
 1481 00d7 15       		.uleb128 0x15
 1482 00d8 01       		.byte	0x1
 1483 00d9 27       		.uleb128 0x27
 1484 00da 19       		.uleb128 0x19
 1485 00db 49       		.uleb128 0x49
 1486 00dc 13       		.uleb128 0x13
 1487 00dd 01       		.uleb128 0x1
 1488 00de 13       		.uleb128 0x13
 1489 00df 00       		.byte	0
 1490 00e0 00       		.byte	0
 1491 00e1 14       		.uleb128 0x14
 1492 00e2 01       		.uleb128 0x1
 1493 00e3 01       		.byte	0x1
 1494 00e4 49       		.uleb128 0x49
 1495 00e5 13       		.uleb128 0x13
 1496 00e6 01       		.uleb128 0x1
 1497 00e7 13       		.uleb128 0x13
 1498 00e8 00       		.byte	0
 1499 00e9 00       		.byte	0
 1500 00ea 15       		.uleb128 0x15
 1501 00eb 21       		.uleb128 0x21
 1502 00ec 00       		.byte	0
 1503 00ed 49       		.uleb128 0x49
 1504 00ee 13       		.uleb128 0x13
 1505 00ef 2F       		.uleb128 0x2f
 1506 00f0 0B       		.uleb128 0xb
 1507 00f1 00       		.byte	0
 1508 00f2 00       		.byte	0
 1509 00f3 16       		.uleb128 0x16
 1510 00f4 2E       		.uleb128 0x2e
 1511 00f5 01       		.byte	0x1
 1512 00f6 3F       		.uleb128 0x3f
 1513 00f7 19       		.uleb128 0x19
 1514 00f8 03       		.uleb128 0x3
 1515 00f9 0E       		.uleb128 0xe
 1516 00fa 3A       		.uleb128 0x3a
 1517 00fb 0B       		.uleb128 0xb
 1518 00fc 3B       		.uleb128 0x3b
 1519 00fd 0B       		.uleb128 0xb
 1520 00fe 27       		.uleb128 0x27
 1521 00ff 19       		.uleb128 0x19
 1522 0100 11       		.uleb128 0x11
 1523 0101 01       		.uleb128 0x1
 1524 0102 12       		.uleb128 0x12
 1525 0103 06       		.uleb128 0x6
 1526 0104 40       		.uleb128 0x40
 1527 0105 18       		.uleb128 0x18
 1528 0106 9742     		.uleb128 0x2117
ARM GAS  /var/folders/17/bkfps9l155v_zhlnnf_8b0040000gn/T//ccrod70S.s 			page 28


 1529 0108 19       		.uleb128 0x19
 1530 0109 01       		.uleb128 0x1
 1531 010a 13       		.uleb128 0x13
 1532 010b 00       		.byte	0
 1533 010c 00       		.byte	0
 1534 010d 17       		.uleb128 0x17
 1535 010e 05       		.uleb128 0x5
 1536 010f 00       		.byte	0
 1537 0110 03       		.uleb128 0x3
 1538 0111 08       		.uleb128 0x8
 1539 0112 3A       		.uleb128 0x3a
 1540 0113 0B       		.uleb128 0xb
 1541 0114 3B       		.uleb128 0x3b
 1542 0115 0B       		.uleb128 0xb
 1543 0116 49       		.uleb128 0x49
 1544 0117 13       		.uleb128 0x13
 1545 0118 02       		.uleb128 0x2
 1546 0119 18       		.uleb128 0x18
 1547 011a 00       		.byte	0
 1548 011b 00       		.byte	0
 1549 011c 18       		.uleb128 0x18
 1550 011d 34       		.uleb128 0x34
 1551 011e 00       		.byte	0
 1552 011f 03       		.uleb128 0x3
 1553 0120 0E       		.uleb128 0xe
 1554 0121 3A       		.uleb128 0x3a
 1555 0122 0B       		.uleb128 0xb
 1556 0123 3B       		.uleb128 0x3b
 1557 0124 0B       		.uleb128 0xb
 1558 0125 49       		.uleb128 0x49
 1559 0126 13       		.uleb128 0x13
 1560 0127 02       		.uleb128 0x2
 1561 0128 18       		.uleb128 0x18
 1562 0129 00       		.byte	0
 1563 012a 00       		.byte	0
 1564 012b 19       		.uleb128 0x19
 1565 012c 0B       		.uleb128 0xb
 1566 012d 01       		.byte	0x1
 1567 012e 11       		.uleb128 0x11
 1568 012f 01       		.uleb128 0x1
 1569 0130 12       		.uleb128 0x12
 1570 0131 06       		.uleb128 0x6
 1571 0132 01       		.uleb128 0x1
 1572 0133 13       		.uleb128 0x13
 1573 0134 00       		.byte	0
 1574 0135 00       		.byte	0
 1575 0136 1A       		.uleb128 0x1a
 1576 0137 34       		.uleb128 0x34
 1577 0138 00       		.byte	0
 1578 0139 03       		.uleb128 0x3
 1579 013a 08       		.uleb128 0x8
 1580 013b 3A       		.uleb128 0x3a
 1581 013c 0B       		.uleb128 0xb
 1582 013d 3B       		.uleb128 0x3b
 1583 013e 0B       		.uleb128 0xb
 1584 013f 49       		.uleb128 0x49
 1585 0140 13       		.uleb128 0x13
ARM GAS  /var/folders/17/bkfps9l155v_zhlnnf_8b0040000gn/T//ccrod70S.s 			page 29


 1586 0141 02       		.uleb128 0x2
 1587 0142 18       		.uleb128 0x18
 1588 0143 00       		.byte	0
 1589 0144 00       		.byte	0
 1590 0145 1B       		.uleb128 0x1b
 1591 0146 898201   		.uleb128 0x4109
 1592 0149 00       		.byte	0
 1593 014a 11       		.uleb128 0x11
 1594 014b 01       		.uleb128 0x1
 1595 014c 31       		.uleb128 0x31
 1596 014d 13       		.uleb128 0x13
 1597 014e 00       		.byte	0
 1598 014f 00       		.byte	0
 1599 0150 1C       		.uleb128 0x1c
 1600 0151 898201   		.uleb128 0x4109
 1601 0154 01       		.byte	0x1
 1602 0155 11       		.uleb128 0x11
 1603 0156 01       		.uleb128 0x1
 1604 0157 31       		.uleb128 0x31
 1605 0158 13       		.uleb128 0x13
 1606 0159 01       		.uleb128 0x1
 1607 015a 13       		.uleb128 0x13
 1608 015b 00       		.byte	0
 1609 015c 00       		.byte	0
 1610 015d 1D       		.uleb128 0x1d
 1611 015e 8A8201   		.uleb128 0x410a
 1612 0161 00       		.byte	0
 1613 0162 02       		.uleb128 0x2
 1614 0163 18       		.uleb128 0x18
 1615 0164 9142     		.uleb128 0x2111
 1616 0166 18       		.uleb128 0x18
 1617 0167 00       		.byte	0
 1618 0168 00       		.byte	0
 1619 0169 1E       		.uleb128 0x1e
 1620 016a 898201   		.uleb128 0x4109
 1621 016d 01       		.byte	0x1
 1622 016e 11       		.uleb128 0x11
 1623 016f 01       		.uleb128 0x1
 1624 0170 31       		.uleb128 0x31
 1625 0171 13       		.uleb128 0x13
 1626 0172 00       		.byte	0
 1627 0173 00       		.byte	0
 1628 0174 1F       		.uleb128 0x1f
 1629 0175 0B       		.uleb128 0xb
 1630 0176 01       		.byte	0x1
 1631 0177 11       		.uleb128 0x11
 1632 0178 01       		.uleb128 0x1
 1633 0179 12       		.uleb128 0x12
 1634 017a 06       		.uleb128 0x6
 1635 017b 00       		.byte	0
 1636 017c 00       		.byte	0
 1637 017d 20       		.uleb128 0x20
 1638 017e 34       		.uleb128 0x34
 1639 017f 00       		.byte	0
 1640 0180 03       		.uleb128 0x3
 1641 0181 08       		.uleb128 0x8
 1642 0182 3A       		.uleb128 0x3a
ARM GAS  /var/folders/17/bkfps9l155v_zhlnnf_8b0040000gn/T//ccrod70S.s 			page 30


 1643 0183 0B       		.uleb128 0xb
 1644 0184 3B       		.uleb128 0x3b
 1645 0185 0B       		.uleb128 0xb
 1646 0186 49       		.uleb128 0x49
 1647 0187 13       		.uleb128 0x13
 1648 0188 02       		.uleb128 0x2
 1649 0189 17       		.uleb128 0x17
 1650 018a 00       		.byte	0
 1651 018b 00       		.byte	0
 1652 018c 21       		.uleb128 0x21
 1653 018d 0B       		.uleb128 0xb
 1654 018e 01       		.byte	0x1
 1655 018f 55       		.uleb128 0x55
 1656 0190 17       		.uleb128 0x17
 1657 0191 01       		.uleb128 0x1
 1658 0192 13       		.uleb128 0x13
 1659 0193 00       		.byte	0
 1660 0194 00       		.byte	0
 1661 0195 22       		.uleb128 0x22
 1662 0196 898201   		.uleb128 0x4109
 1663 0199 00       		.byte	0
 1664 019a 11       		.uleb128 0x11
 1665 019b 01       		.uleb128 0x1
 1666 019c 9342     		.uleb128 0x2113
 1667 019e 18       		.uleb128 0x18
 1668 019f 00       		.byte	0
 1669 01a0 00       		.byte	0
 1670 01a1 23       		.uleb128 0x23
 1671 01a2 34       		.uleb128 0x34
 1672 01a3 00       		.byte	0
 1673 01a4 03       		.uleb128 0x3
 1674 01a5 0E       		.uleb128 0xe
 1675 01a6 3A       		.uleb128 0x3a
 1676 01a7 0B       		.uleb128 0xb
 1677 01a8 3B       		.uleb128 0x3b
 1678 01a9 0B       		.uleb128 0xb
 1679 01aa 49       		.uleb128 0x49
 1680 01ab 13       		.uleb128 0x13
 1681 01ac 3F       		.uleb128 0x3f
 1682 01ad 19       		.uleb128 0x19
 1683 01ae 3C       		.uleb128 0x3c
 1684 01af 19       		.uleb128 0x19
 1685 01b0 00       		.byte	0
 1686 01b1 00       		.byte	0
 1687 01b2 24       		.uleb128 0x24
 1688 01b3 34       		.uleb128 0x34
 1689 01b4 00       		.byte	0
 1690 01b5 03       		.uleb128 0x3
 1691 01b6 0E       		.uleb128 0xe
 1692 01b7 3A       		.uleb128 0x3a
 1693 01b8 0B       		.uleb128 0xb
 1694 01b9 3B       		.uleb128 0x3b
 1695 01ba 0B       		.uleb128 0xb
 1696 01bb 49       		.uleb128 0x49
 1697 01bc 13       		.uleb128 0x13
 1698 01bd 3F       		.uleb128 0x3f
 1699 01be 19       		.uleb128 0x19
ARM GAS  /var/folders/17/bkfps9l155v_zhlnnf_8b0040000gn/T//ccrod70S.s 			page 31


 1700 01bf 02       		.uleb128 0x2
 1701 01c0 18       		.uleb128 0x18
 1702 01c1 00       		.byte	0
 1703 01c2 00       		.byte	0
 1704 01c3 25       		.uleb128 0x25
 1705 01c4 2E       		.uleb128 0x2e
 1706 01c5 00       		.byte	0
 1707 01c6 3F       		.uleb128 0x3f
 1708 01c7 19       		.uleb128 0x19
 1709 01c8 03       		.uleb128 0x3
 1710 01c9 0E       		.uleb128 0xe
 1711 01ca 3A       		.uleb128 0x3a
 1712 01cb 0B       		.uleb128 0xb
 1713 01cc 3B       		.uleb128 0x3b
 1714 01cd 05       		.uleb128 0x5
 1715 01ce 27       		.uleb128 0x27
 1716 01cf 19       		.uleb128 0x19
 1717 01d0 3C       		.uleb128 0x3c
 1718 01d1 19       		.uleb128 0x19
 1719 01d2 00       		.byte	0
 1720 01d3 00       		.byte	0
 1721 01d4 26       		.uleb128 0x26
 1722 01d5 2E       		.uleb128 0x2e
 1723 01d6 00       		.byte	0
 1724 01d7 3F       		.uleb128 0x3f
 1725 01d8 19       		.uleb128 0x19
 1726 01d9 03       		.uleb128 0x3
 1727 01da 0E       		.uleb128 0xe
 1728 01db 3A       		.uleb128 0x3a
 1729 01dc 0B       		.uleb128 0xb
 1730 01dd 3B       		.uleb128 0x3b
 1731 01de 0B       		.uleb128 0xb
 1732 01df 27       		.uleb128 0x27
 1733 01e0 19       		.uleb128 0x19
 1734 01e1 3C       		.uleb128 0x3c
 1735 01e2 19       		.uleb128 0x19
 1736 01e3 00       		.byte	0
 1737 01e4 00       		.byte	0
 1738 01e5 27       		.uleb128 0x27
 1739 01e6 2E       		.uleb128 0x2e
 1740 01e7 01       		.byte	0x1
 1741 01e8 3F       		.uleb128 0x3f
 1742 01e9 19       		.uleb128 0x19
 1743 01ea 03       		.uleb128 0x3
 1744 01eb 0E       		.uleb128 0xe
 1745 01ec 3A       		.uleb128 0x3a
 1746 01ed 0B       		.uleb128 0xb
 1747 01ee 3B       		.uleb128 0x3b
 1748 01ef 05       		.uleb128 0x5
 1749 01f0 27       		.uleb128 0x27
 1750 01f1 19       		.uleb128 0x19
 1751 01f2 49       		.uleb128 0x49
 1752 01f3 13       		.uleb128 0x13
 1753 01f4 3C       		.uleb128 0x3c
 1754 01f5 19       		.uleb128 0x19
 1755 01f6 01       		.uleb128 0x1
 1756 01f7 13       		.uleb128 0x13
ARM GAS  /var/folders/17/bkfps9l155v_zhlnnf_8b0040000gn/T//ccrod70S.s 			page 32


 1757 01f8 00       		.byte	0
 1758 01f9 00       		.byte	0
 1759 01fa 28       		.uleb128 0x28
 1760 01fb 2E       		.uleb128 0x2e
 1761 01fc 01       		.byte	0x1
 1762 01fd 3F       		.uleb128 0x3f
 1763 01fe 19       		.uleb128 0x19
 1764 01ff 03       		.uleb128 0x3
 1765 0200 0E       		.uleb128 0xe
 1766 0201 3A       		.uleb128 0x3a
 1767 0202 0B       		.uleb128 0xb
 1768 0203 3B       		.uleb128 0x3b
 1769 0204 05       		.uleb128 0x5
 1770 0205 27       		.uleb128 0x27
 1771 0206 19       		.uleb128 0x19
 1772 0207 49       		.uleb128 0x49
 1773 0208 13       		.uleb128 0x13
 1774 0209 3C       		.uleb128 0x3c
 1775 020a 19       		.uleb128 0x19
 1776 020b 00       		.byte	0
 1777 020c 00       		.byte	0
 1778 020d 00       		.byte	0
 1779              		.section	.debug_loc,"",%progbits
 1780              	.Ldebug_loc0:
 1781              	.LLST0:
 1782 0000 28000000 		.4byte	.LVL8
 1783 0004 41000000 		.4byte	.LVL10-1
 1784 0008 0100     		.2byte	0x1
 1785 000a 52       		.byte	0x52
 1786 000b 4A000000 		.4byte	.LVL11
 1787 000f 52000000 		.4byte	.LVL12
 1788 0013 0100     		.2byte	0x1
 1789 0015 52       		.byte	0x52
 1790 0016 00000000 		.4byte	0
 1791 001a 00000000 		.4byte	0
 1792              	.LLST1:
 1793 001e 30000000 		.4byte	.LVL9
 1794 0022 52000000 		.4byte	.LVL12
 1795 0026 0100     		.2byte	0x1
 1796 0028 54       		.byte	0x54
 1797 0029 00000000 		.4byte	0
 1798 002d 00000000 		.4byte	0
 1799              		.section	.debug_aranges,"",%progbits
 1800 0000 2C000000 		.4byte	0x2c
 1801 0004 0200     		.2byte	0x2
 1802 0006 00000000 		.4byte	.Ldebug_info0
 1803 000a 04       		.byte	0x4
 1804 000b 00       		.byte	0
 1805 000c 0000     		.2byte	0
 1806 000e 0000     		.2byte	0
 1807 0010 00000000 		.4byte	.LFB7
 1808 0014 14000000 		.4byte	.LFE7-.LFB7
 1809 0018 00000000 		.4byte	.LFB8
 1810 001c 60000000 		.4byte	.LFE8-.LFB8
 1811 0020 00000000 		.4byte	.LFB9
 1812 0024 5C000000 		.4byte	.LFE9-.LFB9
 1813 0028 00000000 		.4byte	0
ARM GAS  /var/folders/17/bkfps9l155v_zhlnnf_8b0040000gn/T//ccrod70S.s 			page 33


 1814 002c 00000000 		.4byte	0
 1815              		.section	.debug_ranges,"",%progbits
 1816              	.Ldebug_ranges0:
 1817 0000 36000000 		.4byte	.LBB5
 1818 0004 38000000 		.4byte	.LBE5
 1819 0008 3A000000 		.4byte	.LBB6
 1820 000c 3E000000 		.4byte	.LBE6
 1821 0010 00000000 		.4byte	0
 1822 0014 00000000 		.4byte	0
 1823 0018 00000000 		.4byte	.LFB7
 1824 001c 14000000 		.4byte	.LFE7
 1825 0020 00000000 		.4byte	.LFB8
 1826 0024 60000000 		.4byte	.LFE8
 1827 0028 00000000 		.4byte	.LFB9
 1828 002c 5C000000 		.4byte	.LFE9
 1829 0030 00000000 		.4byte	0
 1830 0034 00000000 		.4byte	0
 1831              		.section	.debug_line,"",%progbits
 1832              	.Ldebug_line0:
 1833 0000 EF010000 		.section	.debug_str,"MS",%progbits,1
 1833      02009701 
 1833      00000201 
 1833      FB0E0D00 
 1833      01010101 
 1834              	.LASF76:
 1835 0000 7466756E 		.ascii	"tfunc_t\000"
 1835      635F7400 
 1836              	.LASF87:
 1837 0008 63665F6F 		.ascii	"cf_off_older\000"
 1837      66665F6F 
 1837      6C646572 
 1837      00
 1838              	.LASF110:
 1839 0015 2E2E2F2E 		.ascii	"../../vexell/../ChibiOS-RT/os/kernel/src/chsys.c\000"
 1839      2E2F7665 
 1839      78656C6C 
 1839      2F2E2E2F 
 1839      43686962 
 1840              	.LASF39:
 1841 0046 705F6D73 		.ascii	"p_msg\000"
 1841      6700
 1842              	.LASF3:
 1843 004c 73697A65 		.ascii	"size_t\000"
 1843      5F7400
 1844              	.LASF71:
 1845 0053 7264796D 		.ascii	"rdymsg\000"
 1845      736700
 1846              	.LASF13:
 1847 005a 75696E74 		.ascii	"uint64_t\000"
 1847      36345F74 
 1847      00
 1848              	.LASF100:
 1849 0063 76746C69 		.ascii	"vtlist\000"
 1849      737400
 1850              	.LASF99:
 1851 006a 63685379 		.ascii	"chSysTimerHandlerI\000"
 1851      7354696D 
ARM GAS  /var/folders/17/bkfps9l155v_zhlnnf_8b0040000gn/T//ccrod70S.s 			page 34


 1851      65724861 
 1851      6E646C65 
 1851      724900
 1852              	.LASF14:
 1853 007d 6C6F6E67 		.ascii	"long long unsigned int\000"
 1853      206C6F6E 
 1853      6720756E 
 1853      7369676E 
 1853      65642069 
 1854              	.LASF83:
 1855 0094 63685F74 		.ascii	"ch_threadsize\000"
 1855      68726561 
 1855      6473697A 
 1855      6500
 1856              	.LASF72:
 1857 00a2 65786974 		.ascii	"exitcode\000"
 1857      636F6465 
 1857      00
 1858              	.LASF98:
 1859 00ab 6D61696E 		.ascii	"mainthread\000"
 1859      74687265 
 1859      616400
 1860              	.LASF27:
 1861 00b6 705F7072 		.ascii	"p_prio\000"
 1861      696F00
 1862              	.LASF90:
 1863 00bd 63665F6F 		.ascii	"cf_off_state\000"
 1863      66665F73 
 1863      74617465 
 1863      00
 1864              	.LASF105:
 1865 00ca 5F736368 		.ascii	"_scheduler_init\000"
 1865      6564756C 
 1865      65725F69 
 1865      6E697400 
 1866              	.LASF6:
 1867 00da 6C6F6E67 		.ascii	"long long int\000"
 1867      206C6F6E 
 1867      6720696E 
 1867      7400
 1868              	.LASF1:
 1869 00e8 7369676E 		.ascii	"signed char\000"
 1869      65642063 
 1869      68617200 
 1870              	.LASF89:
 1871 00f4 63665F6F 		.ascii	"cf_off_stklimit\000"
 1871      66665F73 
 1871      746B6C69 
 1871      6D697400 
 1872              	.LASF91:
 1873 0104 63665F6F 		.ascii	"cf_off_flags\000"
 1873      66665F66 
 1873      6C616773 
 1873      00
 1874              	.LASF43:
 1875 0111 705F6D70 		.ascii	"p_mpool\000"
 1875      6F6F6C00 
ARM GAS  /var/folders/17/bkfps9l155v_zhlnnf_8b0040000gn/T//ccrod70S.s 			page 35


 1876              	.LASF68:
 1877 0119 6D5F7175 		.ascii	"m_queue\000"
 1877      65756500 
 1878              	.LASF19:
 1879 0121 74736C69 		.ascii	"tslices_t\000"
 1879      6365735F 
 1879      7400
 1880              	.LASF5:
 1881 012b 6C6F6E67 		.ascii	"long int\000"
 1881      20696E74 
 1881      00
 1882              	.LASF17:
 1883 0134 74737461 		.ascii	"tstate_t\000"
 1883      74655F74 
 1883      00
 1884              	.LASF9:
 1885 013d 75696E74 		.ascii	"uint16_t\000"
 1885      31365F74 
 1885      00
 1886              	.LASF95:
 1887 0146 63686465 		.ascii	"chdebug_t\000"
 1887      6275675F 
 1887      7400
 1888              	.LASF29:
 1889 0150 705F6E65 		.ascii	"p_newer\000"
 1889      77657200 
 1890              	.LASF103:
 1891 0158 5F69646C 		.ascii	"_idle_thread_wa\000"
 1891      655F7468 
 1891      72656164 
 1891      5F776100 
 1892              	.LASF63:
 1893 0168 725F6E65 		.ascii	"r_newer\000"
 1893      77657200 
 1894              	.LASF46:
 1895 0170 72656761 		.ascii	"regarm_t\000"
 1895      726D5F74 
 1895      00
 1896              	.LASF54:
 1897 0179 76745F70 		.ascii	"vt_prev\000"
 1897      72657600 
 1898              	.LASF97:
 1899 0181 63685379 		.ascii	"chSysInit\000"
 1899      73496E69 
 1899      7400
 1900              	.LASF108:
 1901 018b 5F686561 		.ascii	"_heap_init\000"
 1901      705F696E 
 1901      697400
 1902              	.LASF0:
 1903 0196 756E7369 		.ascii	"unsigned int\000"
 1903      676E6564 
 1903      20696E74 
 1903      00
 1904              	.LASF112:
 1905 01a3 5F746872 		.ascii	"_thread_init\000"
 1905      6561645F 
ARM GAS  /var/folders/17/bkfps9l155v_zhlnnf_8b0040000gn/T//ccrod70S.s 			page 36


 1905      696E6974 
 1905      00
 1906              	.LASF53:
 1907 01b0 76745F6E 		.ascii	"vt_next\000"
 1907      65787400 
 1908              	.LASF12:
 1909 01b8 6C6F6E67 		.ascii	"long unsigned int\000"
 1909      20756E73 
 1909      69676E65 
 1909      6420696E 
 1909      7400
 1910              	.LASF102:
 1911 01ca 63685F64 		.ascii	"ch_debug\000"
 1911      65627567 
 1911      00
 1912              	.LASF77:
 1913 01d3 63685F69 		.ascii	"ch_identifier\000"
 1913      64656E74 
 1913      69666965 
 1913      7200
 1914              	.LASF49:
 1915 01e1 636F6E74 		.ascii	"context\000"
 1915      65787400 
 1916              	.LASF10:
 1917 01e9 73686F72 		.ascii	"short unsigned int\000"
 1917      7420756E 
 1917      7369676E 
 1917      65642069 
 1917      6E7400
 1918              	.LASF21:
 1919 01fc 6D73675F 		.ascii	"msg_t\000"
 1919      7400
 1920              	.LASF16:
 1921 0202 746D6F64 		.ascii	"tmode_t\000"
 1921      655F7400 
 1922              	.LASF45:
 1923 020a 54687265 		.ascii	"ThreadsList\000"
 1923      6164734C 
 1923      69737400 
 1924              	.LASF22:
 1925 0216 6576656E 		.ascii	"eventmask_t\000"
 1925      746D6173 
 1925      6B5F7400 
 1926              	.LASF67:
 1927 0222 4D757465 		.ascii	"Mutex\000"
 1927      7800
 1928              	.LASF47:
 1929 0228 73746B61 		.ascii	"stkalign_t\000"
 1929      6C69676E 
 1929      5F7400
 1930              	.LASF113:
 1931 0233 63685468 		.ascii	"chThdCreateStatic\000"
 1931      64437265 
 1931      61746553 
 1931      74617469 
 1931      6300
 1932              	.LASF78:
ARM GAS  /var/folders/17/bkfps9l155v_zhlnnf_8b0040000gn/T//ccrod70S.s 			page 37


 1933 0245 63685F7A 		.ascii	"ch_zero\000"
 1933      65726F00 
 1934              	.LASF92:
 1935 024d 63665F6F 		.ascii	"cf_off_refs\000"
 1935      66665F72 
 1935      65667300 
 1936              	.LASF55:
 1937 0259 76745F74 		.ascii	"vt_time\000"
 1937      696D6500 
 1938              	.LASF50:
 1939 0261 73697A65 		.ascii	"sizetype\000"
 1939      74797065 
 1939      00
 1940              	.LASF56:
 1941 026a 76745F66 		.ascii	"vt_func\000"
 1941      756E6300 
 1942              	.LASF82:
 1943 0272 63685F74 		.ascii	"ch_timesize\000"
 1943      696D6573 
 1943      697A6500 
 1944              	.LASF88:
 1945 027e 63665F6F 		.ascii	"cf_off_name\000"
 1945      66665F6E 
 1945      616D6500 
 1946              	.LASF30:
 1947 028a 705F6F6C 		.ascii	"p_older\000"
 1947      64657200 
 1948              	.LASF62:
 1949 0292 725F6374 		.ascii	"r_ctx\000"
 1949      7800
 1950              	.LASF44:
 1951 0298 54687265 		.ascii	"ThreadsQueue\000"
 1951      61647351 
 1951      75657565 
 1951      00
 1952              	.LASF79:
 1953 02a5 63685F73 		.ascii	"ch_size\000"
 1953      697A6500 
 1954              	.LASF65:
 1955 02ad 725F6375 		.ascii	"r_current\000"
 1955      7272656E 
 1955      7400
 1956              	.LASF64:
 1957 02b7 725F6F6C 		.ascii	"r_older\000"
 1957      64657200 
 1958              	.LASF96:
 1959 02bf 5F69646C 		.ascii	"_idle_thread\000"
 1959      655F7468 
 1959      72656164 
 1959      00
 1960              	.LASF111:
 1961 02cc 2F557365 		.ascii	"/Users/leroux/src/robotics/vex/convex-vexell/projec"
 1961      72732F6C 
 1961      65726F75 
 1961      782F7372 
 1961      632F726F 
 1962 02ff 74732F64 		.ascii	"ts/default\000"
ARM GAS  /var/folders/17/bkfps9l155v_zhlnnf_8b0040000gn/T//ccrod70S.s 			page 38


 1962      65666175 
 1962      6C7400
 1963              	.LASF18:
 1964 030a 74726566 		.ascii	"trefs_t\000"
 1964      735F7400 
 1965              	.LASF81:
 1966 0312 63685F70 		.ascii	"ch_ptrsize\000"
 1966      74727369 
 1966      7A6500
 1967              	.LASF26:
 1968 031d 705F7072 		.ascii	"p_prev\000"
 1968      657600
 1969              	.LASF20:
 1970 0324 74707269 		.ascii	"tprio_t\000"
 1970      6F5F7400 
 1971              	.LASF15:
 1972 032c 5F426F6F 		.ascii	"_Bool\000"
 1972      6C00
 1973              	.LASF4:
 1974 0332 696E7433 		.ascii	"int32_t\000"
 1974      325F7400 
 1975              	.LASF8:
 1976 033a 756E7369 		.ascii	"unsigned char\000"
 1976      676E6564 
 1976      20636861 
 1976      7200
 1977              	.LASF107:
 1978 0348 5F636F72 		.ascii	"_core_init\000"
 1978      655F696E 
 1978      697400
 1979              	.LASF41:
 1980 0353 705F6D74 		.ascii	"p_mtxlist\000"
 1980      786C6973 
 1980      7400
 1981              	.LASF2:
 1982 035d 73686F72 		.ascii	"short int\000"
 1982      7420696E 
 1982      7400
 1983              	.LASF32:
 1984 0367 705F7374 		.ascii	"p_state\000"
 1984      61746500 
 1985              	.LASF35:
 1986 036f 705F7072 		.ascii	"p_preempt\000"
 1986      65656D70 
 1986      7400
 1987              	.LASF94:
 1988 0379 63665F6F 		.ascii	"cf_off_time\000"
 1988      66665F74 
 1988      696D6500 
 1989              	.LASF61:
 1990 0385 725F7072 		.ascii	"r_prio\000"
 1990      696F00
 1991              	.LASF74:
 1992 038c 65776D61 		.ascii	"ewmask\000"
 1992      736B00
 1993              	.LASF25:
 1994 0393 705F6E65 		.ascii	"p_next\000"
ARM GAS  /var/folders/17/bkfps9l155v_zhlnnf_8b0040000gn/T//ccrod70S.s 			page 39


 1994      787400
 1995              	.LASF93:
 1996 039a 63665F6F 		.ascii	"cf_off_preempt\000"
 1996      66665F70 
 1996      7265656D 
 1996      707400
 1997              	.LASF33:
 1998 03a9 705F666C 		.ascii	"p_flags\000"
 1998      61677300 
 1999              	.LASF24:
 2000 03b1 54687265 		.ascii	"Thread\000"
 2000      616400
 2001              	.LASF86:
 2002 03b8 63665F6F 		.ascii	"cf_off_newer\000"
 2002      66665F6E 
 2002      65776572 
 2002      00
 2003              	.LASF40:
 2004 03c5 705F6570 		.ascii	"p_epending\000"
 2004      656E6469 
 2004      6E6700
 2005              	.LASF11:
 2006 03d0 75696E74 		.ascii	"uint32_t\000"
 2006      33325F74 
 2006      00
 2007              	.LASF84:
 2008 03d9 63665F6F 		.ascii	"cf_off_prio\000"
 2008      66665F70 
 2008      72696F00 
 2009              	.LASF60:
 2010 03e5 725F7175 		.ascii	"r_queue\000"
 2010      65756500 
 2011              	.LASF52:
 2012 03ed 56697274 		.ascii	"VirtualTimer\000"
 2012      75616C54 
 2012      696D6572 
 2012      00
 2013              	.LASF75:
 2014 03fa 63686172 		.ascii	"char\000"
 2014      00
 2015              	.LASF70:
 2016 03ff 6D5F6E65 		.ascii	"m_next\000"
 2016      787400
 2017              	.LASF23:
 2018 0406 73797374 		.ascii	"systime_t\000"
 2018      696D655F 
 2018      7400
 2019              	.LASF42:
 2020 0410 705F7265 		.ascii	"p_realprio\000"
 2020      616C7072 
 2020      696F00
 2021              	.LASF51:
 2022 041b 76746675 		.ascii	"vtfunc_t\000"
 2022      6E635F74 
 2022      00
 2023              	.LASF106:
 2024 0424 5F76745F 		.ascii	"_vt_init\000"
ARM GAS  /var/folders/17/bkfps9l155v_zhlnnf_8b0040000gn/T//ccrod70S.s 			page 40


 2024      696E6974 
 2024      00
 2025              	.LASF36:
 2026 042d 705F7469 		.ascii	"p_time\000"
 2026      6D6500
 2027              	.LASF109:
 2028 0434 474E5520 		.ascii	"GNU C 4.8.3 20131129 (release) [ARM/embedded-4_8-br"
 2028      4320342E 
 2028      382E3320 
 2028      32303133 
 2028      31313239 
 2029 0467 616E6368 		.ascii	"anch revision 205641] -mcpu=cortex-m3 -mno-thumb-in"
 2029      20726576 
 2029      6973696F 
 2029      6E203230 
 2029      35363431 
 2030 049a 74657277 		.ascii	"terwork -mthumb -ggdb -O2 -std=gnu99 -fomit-frame-p"
 2030      6F726B20 
 2030      2D6D7468 
 2030      756D6220 
 2030      2D676764 
 2031 04cd 6F696E74 		.ascii	"ointer -falign-functions=16 -ffreestanding -fno-str"
 2031      6572202D 
 2031      66616C69 
 2031      676E2D66 
 2031      756E6374 
 2032 0500 6963742D 		.ascii	"ict-aliasing -ffunction-sections -fdata-sections -f"
 2032      616C6961 
 2032      73696E67 
 2032      202D6666 
 2032      756E6374 
 2033 0533 6E6F2D63 		.ascii	"no-common\000"
 2033      6F6D6D6F 
 2033      6E00
 2034              	.LASF48:
 2035 053d 696E7463 		.ascii	"intctx\000"
 2035      747800
 2036              	.LASF38:
 2037 0544 705F6D73 		.ascii	"p_msgqueue\000"
 2037      67717565 
 2037      756500
 2038              	.LASF57:
 2039 054f 76745F70 		.ascii	"vt_par\000"
 2039      617200
 2040              	.LASF85:
 2041 0556 63665F6F 		.ascii	"cf_off_ctx\000"
 2041      66665F63 
 2041      747800
 2042              	.LASF34:
 2043 0561 705F7265 		.ascii	"p_refs\000"
 2043      667300
 2044              	.LASF66:
 2045 0568 52656164 		.ascii	"ReadyList\000"
 2045      794C6973 
 2045      7400
 2046              	.LASF101:
 2047 0572 726C6973 		.ascii	"rlist\000"
ARM GAS  /var/folders/17/bkfps9l155v_zhlnnf_8b0040000gn/T//ccrod70S.s 			page 41


 2047      7400
 2048              	.LASF7:
 2049 0578 75696E74 		.ascii	"uint8_t\000"
 2049      385F7400 
 2050              	.LASF104:
 2051 0580 5F706F72 		.ascii	"_port_init\000"
 2051      745F696E 
 2051      697400
 2052              	.LASF73:
 2053 058b 77746F62 		.ascii	"wtobjp\000"
 2053      6A7000
 2054              	.LASF31:
 2055 0592 705F6E61 		.ascii	"p_name\000"
 2055      6D6500
 2056              	.LASF58:
 2057 0599 76745F73 		.ascii	"vt_systime\000"
 2057      79737469 
 2057      6D6500
 2058              	.LASF80:
 2059 05a4 63685F76 		.ascii	"ch_version\000"
 2059      65727369 
 2059      6F6E00
 2060              	.LASF59:
 2061 05af 56544C69 		.ascii	"VTList\000"
 2061      737400
 2062              	.LASF69:
 2063 05b6 6D5F6F77 		.ascii	"m_owner\000"
 2063      6E657200 
 2064              	.LASF28:
 2065 05be 705F6374 		.ascii	"p_ctx\000"
 2065      7800
 2066              	.LASF37:
 2067 05c4 705F7761 		.ascii	"p_waiting\000"
 2067      6974696E 
 2067      6700
 2068              		.ident	"GCC: (GNU Tools for ARM Embedded Processors) 4.8.3 20131129 (release) [ARM/embedded-4_8-br
ARM GAS  /var/folders/17/bkfps9l155v_zhlnnf_8b0040000gn/T//ccrod70S.s 			page 42


DEFINED SYMBOLS
                            *ABS*:0000000000000000 chsys.c
/var/folders/17/bkfps9l155v_zhlnnf_8b0040000gn/T//ccrod70S.s:19     .text._idle_thread:0000000000000000 $t
/var/folders/17/bkfps9l155v_zhlnnf_8b0040000gn/T//ccrod70S.s:25     .text._idle_thread:0000000000000000 _idle_thread
/var/folders/17/bkfps9l155v_zhlnnf_8b0040000gn/T//ccrod70S.s:45     .text._idle_thread:000000000000000c $d
/var/folders/17/bkfps9l155v_zhlnnf_8b0040000gn/T//ccrod70S.s:51     .text.chSysInit:0000000000000000 $t
/var/folders/17/bkfps9l155v_zhlnnf_8b0040000gn/T//ccrod70S.s:57     .text.chSysInit:0000000000000000 chSysInit
/var/folders/17/bkfps9l155v_zhlnnf_8b0040000gn/T//ccrod70S.s:125    .text.chSysInit:000000000000004c $d
/var/folders/17/bkfps9l155v_zhlnnf_8b0040000gn/T//ccrod70S.s:134    .text.chSysTimerHandlerI:0000000000000000 $t
/var/folders/17/bkfps9l155v_zhlnnf_8b0040000gn/T//ccrod70S.s:140    .text.chSysTimerHandlerI:0000000000000000 chSysTimerHandlerI
/var/folders/17/bkfps9l155v_zhlnnf_8b0040000gn/T//ccrod70S.s:226    .text.chSysTimerHandlerI:0000000000000054 $d
/var/folders/17/bkfps9l155v_zhlnnf_8b0040000gn/T//ccrod70S.s:249    .bss._idle_thread_wa:0000000000000000 _idle_thread_wa
/var/folders/17/bkfps9l155v_zhlnnf_8b0040000gn/T//ccrod70S.s:234    .bss.mainthread.4329:0000000000000000 $d
/var/folders/17/bkfps9l155v_zhlnnf_8b0040000gn/T//ccrod70S.s:238    .bss.mainthread.4329:0000000000000000 mainthread.4329
/var/folders/17/bkfps9l155v_zhlnnf_8b0040000gn/T//ccrod70S.s:241    .rodata.str1.4:0000000000000000 $d
/var/folders/17/bkfps9l155v_zhlnnf_8b0040000gn/T//ccrod70S.s:245    .bss._idle_thread_wa:0000000000000000 $d
                     .debug_frame:0000000000000010 $d
/var/folders/17/bkfps9l155v_zhlnnf_8b0040000gn/T//ccrod70S.s:50     .text._idle_thread:0000000000000014 $t
/var/folders/17/bkfps9l155v_zhlnnf_8b0040000gn/T//ccrod70S.s:233    .text.chSysTimerHandlerI:000000000000005c $t

UNDEFINED SYMBOLS
rlist
_port_init
_scheduler_init
_vt_init
_core_init
_heap_init
_thread_init
chThdCreateStatic
ch_debug
vtlist
