ARM GAS  /var/folders/17/bkfps9l155v_zhlnnf_8b0040000gn/T//cctn5lBB.s 			page 1


   1              		.syntax unified
   2              		.cpu cortex-m3
   3              		.fpu softvfp
   4              		.eabi_attribute 20, 1
   5              		.eabi_attribute 21, 1
   6              		.eabi_attribute 23, 3
   7              		.eabi_attribute 24, 1
   8              		.eabi_attribute 25, 1
   9              		.eabi_attribute 26, 1
  10              		.eabi_attribute 30, 2
  11              		.eabi_attribute 34, 1
  12              		.eabi_attribute 18, 4
  13              		.thumb
  14              		.file	"chvt.c"
  15              		.text
  16              	.Ltext0:
  17              		.cfi_sections	.debug_frame
  18              		.section	.text._vt_init,"ax",%progbits
  19              		.align	2
  20              		.p2align 4,,15
  21              		.global	_vt_init
  22              		.thumb
  23              		.thumb_func
  24              		.type	_vt_init, %function
  25              	_vt_init:
  26              	.LFB7:
  27              		.file 1 "../../vexell/../ChibiOS-RT/os/kernel/src/chvt.c"
  28              		.loc 1 43 0
  29              		.cfi_startproc
  30              		@ args = 0, pretend = 0, frame = 0
  31              		@ frame_needed = 0, uses_anonymous_args = 0
  32              		@ link register save eliminated.
  33              		.loc 1 45 0
  34 0000 044B     		ldr	r3, .L2
  35              		.loc 1 46 0
  36 0002 4FF0FF31 		mov	r1, #-1
  37              		.loc 1 47 0
  38 0006 0022     		movs	r2, #0
  39              		.loc 1 45 0
  40 0008 5B60     		str	r3, [r3, #4]
  41 000a 1B60     		str	r3, [r3]
  42              		.loc 1 46 0
  43 000c 9960     		str	r1, [r3, #8]
  44              		.loc 1 47 0
  45 000e DA60     		str	r2, [r3, #12]
  46 0010 7047     		bx	lr
  47              	.L3:
  48 0012 00BF     		.align	2
  49              	.L2:
  50 0014 00000000 		.word	.LANCHOR0
  51              		.cfi_endproc
  52              	.LFE7:
  53              		.size	_vt_init, .-_vt_init
  54 0018 AFF30080 		.section	.text.chVTSetI,"ax",%progbits
  54      AFF30080 
  55              		.align	2
  56              		.p2align 4,,15
ARM GAS  /var/folders/17/bkfps9l155v_zhlnnf_8b0040000gn/T//cctn5lBB.s 			page 2


  57              		.global	chVTSetI
  58              		.thumb
  59              		.thumb_func
  60              		.type	chVTSetI, %function
  61              	chVTSetI:
  62              	.LFB8:
  63              		.loc 1 69 0
  64              		.cfi_startproc
  65              		@ args = 0, pretend = 0, frame = 0
  66              		@ frame_needed = 0, uses_anonymous_args = 0
  67              		@ link register save eliminated.
  68              	.LVL0:
  69 0000 30B4     		push	{r4, r5}
  70              		.cfi_def_cfa_offset 8
  71              		.cfi_offset 4, -8
  72              		.cfi_offset 5, -4
  73              		.loc 1 78 0
  74 0002 0C4D     		ldr	r5, .L9
  75              		.loc 1 76 0
  76 0004 0361     		str	r3, [r0, #16]
  77              		.loc 1 78 0
  78 0006 2C68     		ldr	r4, [r5]
  79              	.LVL1:
  80              		.loc 1 77 0
  81 0008 C260     		str	r2, [r0, #12]
  82              		.loc 1 79 0
  83 000a A368     		ldr	r3, [r4, #8]
  84              	.LVL2:
  85 000c 9942     		cmp	r1, r3
  86 000e 04D9     		bls	.L5
  87              	.L6:
  88              		.loc 1 81 0
  89 0010 2468     		ldr	r4, [r4]
  90              	.LVL3:
  91              		.loc 1 80 0
  92 0012 C91A     		subs	r1, r1, r3
  93              	.LVL4:
  94              		.loc 1 79 0
  95 0014 A368     		ldr	r3, [r4, #8]
  96 0016 8B42     		cmp	r3, r1
  97 0018 FAD3     		bcc	.L6
  98              	.L5:
  99              		.loc 1 84 0
 100 001a 0460     		str	r4, [r0]
 101 001c 6368     		ldr	r3, [r4, #4]
 102              		.loc 1 87 0
 103 001e AC42     		cmp	r4, r5
 104              		.loc 1 84 0
 105 0020 4360     		str	r3, [r0, #4]
 106              		.loc 1 85 0
 107 0022 6060     		str	r0, [r4, #4]
 108              	.LVL5:
 109 0024 1860     		str	r0, [r3]
 110              		.loc 1 86 0
 111 0026 8160     		str	r1, [r0, #8]
 112              		.loc 1 87 0
 113 0028 02D0     		beq	.L4
ARM GAS  /var/folders/17/bkfps9l155v_zhlnnf_8b0040000gn/T//cctn5lBB.s 			page 3


 114              		.loc 1 88 0
 115 002a A368     		ldr	r3, [r4, #8]
 116 002c 591A     		subs	r1, r3, r1
 117              	.LVL6:
 118 002e A160     		str	r1, [r4, #8]
 119              	.LVL7:
 120              	.L4:
 121              		.loc 1 89 0
 122 0030 30BC     		pop	{r4, r5}
 123              	.LVL8:
 124 0032 7047     		bx	lr
 125              	.L10:
 126              		.align	2
 127              	.L9:
 128 0034 00000000 		.word	.LANCHOR0
 129              		.cfi_endproc
 130              	.LFE8:
 131              		.size	chVTSetI, .-chVTSetI
 132 0038 AFF30080 		.section	.text.chVTResetI,"ax",%progbits
 132      AFF30080 
 133              		.align	2
 134              		.p2align 4,,15
 135              		.global	chVTResetI
 136              		.thumb
 137              		.thumb_func
 138              		.type	chVTResetI, %function
 139              	chVTResetI:
 140              	.LFB9:
 141              		.loc 1 99 0
 142              		.cfi_startproc
 143              		@ args = 0, pretend = 0, frame = 0
 144              		@ frame_needed = 0, uses_anonymous_args = 0
 145              		@ link register save eliminated.
 146              	.LVL9:
 147              		.loc 1 107 0
 148 0000 0368     		ldr	r3, [r0]
 149 0002 084A     		ldr	r2, .L13
 150 0004 9342     		cmp	r3, r2
 151 0006 04D0     		beq	.L12
 152              		.loc 1 108 0
 153 0008 9968     		ldr	r1, [r3, #8]
 154 000a 8268     		ldr	r2, [r0, #8]
 155 000c 0A44     		add	r2, r2, r1
 156 000e 9A60     		str	r2, [r3, #8]
 157 0010 0368     		ldr	r3, [r0]
 158              	.L12:
 159              		.loc 1 109 0
 160 0012 4268     		ldr	r2, [r0, #4]
 161              		.loc 1 111 0
 162 0014 0021     		movs	r1, #0
 163              		.loc 1 109 0
 164 0016 1360     		str	r3, [r2]
 165              		.loc 1 110 0
 166 0018 0368     		ldr	r3, [r0]
 167 001a 4268     		ldr	r2, [r0, #4]
 168 001c 5A60     		str	r2, [r3, #4]
 169              		.loc 1 111 0
ARM GAS  /var/folders/17/bkfps9l155v_zhlnnf_8b0040000gn/T//cctn5lBB.s 			page 4


 170 001e C160     		str	r1, [r0, #12]
 171 0020 7047     		bx	lr
 172              	.L14:
 173 0022 00BF     		.align	2
 174              	.L13:
 175 0024 00000000 		.word	.LANCHOR0
 176              		.cfi_endproc
 177              	.LFE9:
 178              		.size	chVTResetI, .-chVTResetI
 179              		.global	vtlist
 180 0028 AFF30080 		.section	.bss.vtlist,"aw",%nobits
 180      AFF30080 
 181              		.align	2
 182              		.set	.LANCHOR0,. + 0
 183              		.type	vtlist, %object
 184              		.size	vtlist, 16
 185              	vtlist:
 186 0000 00000000 		.space	16
 186      00000000 
 186      00000000 
 186      00000000 
 187              		.text
 188              	.Letext0:
 189              		.file 2 "/Users/leroux/src/gcc-arm-none-eabi-4_8-2013q4/lib/gcc/arm-none-eabi/4.8.3/include/stdint
 190              		.file 3 "../../vexell/../ChibiOS-RT/os/ports/GCC/ARMCMx/chtypes.h"
 191              		.file 4 "../../vexell/../ChibiOS-RT/os/kernel/include/chvt.h"
 192              		.section	.debug_info,"",%progbits
 193              	.Ldebug_info0:
 194 0000 F4010000 		.4byte	0x1f4
 195 0004 0400     		.2byte	0x4
 196 0006 00000000 		.4byte	.Ldebug_abbrev0
 197 000a 04       		.byte	0x4
 198 000b 01       		.uleb128 0x1
 199 000c F7000000 		.4byte	.LASF27
 200 0010 01       		.byte	0x1
 201 0011 09000000 		.4byte	.LASF28
 202 0015 8C000000 		.4byte	.LASF29
 203 0019 00000000 		.4byte	.Ldebug_ranges0+0
 204 001d 00000000 		.4byte	0
 205 0021 00000000 		.4byte	.Ldebug_line0
 206 0025 02       		.uleb128 0x2
 207 0026 04       		.byte	0x4
 208 0027 05       		.byte	0x5
 209 0028 696E7400 		.ascii	"int\000"
 210 002c 03       		.uleb128 0x3
 211 002d 04       		.byte	0x4
 212 002e 07       		.byte	0x7
 213 002f D3000000 		.4byte	.LASF0
 214 0033 03       		.uleb128 0x3
 215 0034 01       		.byte	0x1
 216 0035 06       		.byte	0x6
 217 0036 75020000 		.4byte	.LASF1
 218 003a 03       		.uleb128 0x3
 219 003b 02       		.byte	0x2
 220 003c 05       		.byte	0x5
 221 003d 51020000 		.4byte	.LASF2
 222 0041 03       		.uleb128 0x3
ARM GAS  /var/folders/17/bkfps9l155v_zhlnnf_8b0040000gn/T//cctn5lBB.s 			page 5


 223 0042 04       		.byte	0x4
 224 0043 05       		.byte	0x5
 225 0044 6C020000 		.4byte	.LASF3
 226 0048 03       		.uleb128 0x3
 227 0049 08       		.byte	0x8
 228 004a 05       		.byte	0x5
 229 004b 28020000 		.4byte	.LASF4
 230 004f 03       		.uleb128 0x3
 231 0050 01       		.byte	0x1
 232 0051 08       		.byte	0x8
 233 0052 7E000000 		.4byte	.LASF5
 234 0056 03       		.uleb128 0x3
 235 0057 02       		.byte	0x2
 236 0058 07       		.byte	0x7
 237 0059 5E000000 		.4byte	.LASF6
 238 005d 04       		.uleb128 0x4
 239 005e 63020000 		.4byte	.LASF10
 240 0062 02       		.byte	0x2
 241 0063 34       		.byte	0x34
 242 0064 68000000 		.4byte	0x68
 243 0068 03       		.uleb128 0x3
 244 0069 04       		.byte	0x4
 245 006a 07       		.byte	0x7
 246 006b 4C000000 		.4byte	.LASF7
 247 006f 03       		.uleb128 0x3
 248 0070 08       		.byte	0x8
 249 0071 07       		.byte	0x7
 250 0072 E0000000 		.4byte	.LASF8
 251 0076 03       		.uleb128 0x3
 252 0077 01       		.byte	0x1
 253 0078 02       		.byte	0x2
 254 0079 9B020000 		.4byte	.LASF9
 255 007d 04       		.uleb128 0x4
 256 007e 39000000 		.4byte	.LASF11
 257 0082 03       		.byte	0x3
 258 0083 2E       		.byte	0x2e
 259 0084 5D000000 		.4byte	0x5d
 260 0088 05       		.uleb128 0x5
 261 0089 04       		.byte	0x4
 262 008a 03       		.uleb128 0x3
 263 008b 04       		.byte	0x4
 264 008c 07       		.byte	0x7
 265 008d 14020000 		.4byte	.LASF12
 266 0091 04       		.uleb128 0x4
 267 0092 43000000 		.4byte	.LASF13
 268 0096 04       		.byte	0x4
 269 0097 51       		.byte	0x51
 270 0098 9C000000 		.4byte	0x9c
 271 009c 06       		.uleb128 0x6
 272 009d 04       		.byte	0x4
 273 009e A2000000 		.4byte	0xa2
 274 00a2 07       		.uleb128 0x7
 275 00a3 AD000000 		.4byte	0xad
 276 00a7 08       		.uleb128 0x8
 277 00a8 88000000 		.4byte	0x88
 278 00ac 00       		.byte	0
 279 00ad 04       		.uleb128 0x4
ARM GAS  /var/folders/17/bkfps9l155v_zhlnnf_8b0040000gn/T//cctn5lBB.s 			page 6


 280 00ae 71000000 		.4byte	.LASF14
 281 00b2 04       		.byte	0x4
 282 00b3 56       		.byte	0x56
 283 00b4 B8000000 		.4byte	0xb8
 284 00b8 09       		.uleb128 0x9
 285 00b9 71000000 		.4byte	.LASF14
 286 00bd 14       		.byte	0x14
 287 00be 04       		.byte	0x4
 288 00bf 5D       		.byte	0x5d
 289 00c0 01010000 		.4byte	0x101
 290 00c4 0A       		.uleb128 0xa
 291 00c5 88020000 		.4byte	.LASF15
 292 00c9 04       		.byte	0x4
 293 00ca 5E       		.byte	0x5e
 294 00cb 01010000 		.4byte	0x101
 295 00cf 00       		.byte	0
 296 00d0 0A       		.uleb128 0xa
 297 00d1 5B020000 		.4byte	.LASF16
 298 00d5 04       		.byte	0x4
 299 00d6 60       		.byte	0x60
 300 00d7 01010000 		.4byte	0x101
 301 00db 04       		.byte	0x4
 302 00dc 0A       		.uleb128 0xa
 303 00dd 0C020000 		.4byte	.LASF17
 304 00e1 04       		.byte	0x4
 305 00e2 62       		.byte	0x62
 306 00e3 7D000000 		.4byte	0x7d
 307 00e7 08       		.byte	0x8
 308 00e8 0A       		.uleb128 0xa
 309 00e9 36020000 		.4byte	.LASF18
 310 00ed 04       		.byte	0x4
 311 00ee 63       		.byte	0x63
 312 00ef 91000000 		.4byte	0x91
 313 00f3 0C       		.byte	0xc
 314 00f4 0A       		.uleb128 0xa
 315 00f5 4A020000 		.4byte	.LASF19
 316 00f9 04       		.byte	0x4
 317 00fa 65       		.byte	0x65
 318 00fb 88000000 		.4byte	0x88
 319 00ff 10       		.byte	0x10
 320 0100 00       		.byte	0
 321 0101 06       		.uleb128 0x6
 322 0102 04       		.byte	0x4
 323 0103 AD000000 		.4byte	0xad
 324 0107 0B       		.uleb128 0xb
 325 0108 10       		.byte	0x10
 326 0109 04       		.byte	0x4
 327 010a 6F       		.byte	0x6f
 328 010b 40010000 		.4byte	0x140
 329 010f 0A       		.uleb128 0xa
 330 0110 88020000 		.4byte	.LASF15
 331 0114 04       		.byte	0x4
 332 0115 70       		.byte	0x70
 333 0116 01010000 		.4byte	0x101
 334 011a 00       		.byte	0
 335 011b 0A       		.uleb128 0xa
 336 011c 5B020000 		.4byte	.LASF16
ARM GAS  /var/folders/17/bkfps9l155v_zhlnnf_8b0040000gn/T//cctn5lBB.s 			page 7


 337 0120 04       		.byte	0x4
 338 0121 72       		.byte	0x72
 339 0122 01010000 		.4byte	0x101
 340 0126 04       		.byte	0x4
 341 0127 0A       		.uleb128 0xa
 342 0128 0C020000 		.4byte	.LASF17
 343 012c 04       		.byte	0x4
 344 012d 74       		.byte	0x74
 345 012e 7D000000 		.4byte	0x7d
 346 0132 08       		.byte	0x8
 347 0133 0A       		.uleb128 0xa
 348 0134 1D020000 		.4byte	.LASF20
 349 0138 04       		.byte	0x4
 350 0139 75       		.byte	0x75
 351 013a 40010000 		.4byte	0x140
 352 013e 0C       		.byte	0xc
 353 013f 00       		.byte	0
 354 0140 0C       		.uleb128 0xc
 355 0141 7D000000 		.4byte	0x7d
 356 0145 04       		.uleb128 0x4
 357 0146 81020000 		.4byte	.LASF21
 358 014a 04       		.byte	0x4
 359 014b 76       		.byte	0x76
 360 014c 07010000 		.4byte	0x107
 361 0150 03       		.uleb128 0x3
 362 0151 01       		.byte	0x1
 363 0152 08       		.byte	0x8
 364 0153 45020000 		.4byte	.LASF22
 365 0157 0D       		.uleb128 0xd
 366 0158 CA000000 		.4byte	.LASF30
 367 015c 01       		.byte	0x1
 368 015d 2B       		.byte	0x2b
 369 015e 00000000 		.4byte	.LFB7
 370 0162 18000000 		.4byte	.LFE7-.LFB7
 371 0166 01       		.uleb128 0x1
 372 0167 9C       		.byte	0x9c
 373 0168 0E       		.uleb128 0xe
 374 0169 00000000 		.4byte	.LASF25
 375 016d 01       		.byte	0x1
 376 016e 45       		.byte	0x45
 377 016f 00000000 		.4byte	.LFB8
 378 0173 38000000 		.4byte	.LFE8-.LFB8
 379 0177 01       		.uleb128 0x1
 380 0178 9C       		.byte	0x9c
 381 0179 C3010000 		.4byte	0x1c3
 382 017d 0F       		.uleb128 0xf
 383 017e 76747000 		.ascii	"vtp\000"
 384 0182 01       		.byte	0x1
 385 0183 45       		.byte	0x45
 386 0184 01010000 		.4byte	0x101
 387 0188 01       		.uleb128 0x1
 388 0189 50       		.byte	0x50
 389 018a 10       		.uleb128 0x10
 390 018b 07020000 		.4byte	.LASF23
 391 018f 01       		.byte	0x1
 392 0190 45       		.byte	0x45
 393 0191 7D000000 		.4byte	0x7d
ARM GAS  /var/folders/17/bkfps9l155v_zhlnnf_8b0040000gn/T//cctn5lBB.s 			page 8


 394 0195 00000000 		.4byte	.LLST0
 395 0199 11       		.uleb128 0x11
 396 019a 3E020000 		.4byte	.LASF24
 397 019e 01       		.byte	0x1
 398 019f 45       		.byte	0x45
 399 01a0 91000000 		.4byte	0x91
 400 01a4 01       		.uleb128 0x1
 401 01a5 52       		.byte	0x52
 402 01a6 12       		.uleb128 0x12
 403 01a7 70617200 		.ascii	"par\000"
 404 01ab 01       		.byte	0x1
 405 01ac 45       		.byte	0x45
 406 01ad 88000000 		.4byte	0x88
 407 01b1 2A000000 		.4byte	.LLST1
 408 01b5 13       		.uleb128 0x13
 409 01b6 7000     		.ascii	"p\000"
 410 01b8 01       		.byte	0x1
 411 01b9 46       		.byte	0x46
 412 01ba 01010000 		.4byte	0x101
 413 01be 57000000 		.4byte	.LLST2
 414 01c2 00       		.byte	0
 415 01c3 0E       		.uleb128 0xe
 416 01c4 90020000 		.4byte	.LASF26
 417 01c8 01       		.byte	0x1
 418 01c9 63       		.byte	0x63
 419 01ca 00000000 		.4byte	.LFB9
 420 01ce 28000000 		.4byte	.LFE9-.LFB9
 421 01d2 01       		.uleb128 0x1
 422 01d3 9C       		.byte	0x9c
 423 01d4 E6010000 		.4byte	0x1e6
 424 01d8 0F       		.uleb128 0xf
 425 01d9 76747000 		.ascii	"vtp\000"
 426 01dd 01       		.byte	0x1
 427 01de 63       		.byte	0x63
 428 01df 01010000 		.4byte	0x101
 429 01e3 01       		.uleb128 0x1
 430 01e4 50       		.byte	0x50
 431 01e5 00       		.byte	0
 432 01e6 14       		.uleb128 0x14
 433 01e7 00020000 		.4byte	.LASF31
 434 01eb 01       		.byte	0x1
 435 01ec 23       		.byte	0x23
 436 01ed 45010000 		.4byte	0x145
 437 01f1 05       		.uleb128 0x5
 438 01f2 03       		.byte	0x3
 439 01f3 00000000 		.4byte	vtlist
 440 01f7 00       		.byte	0
 441              		.section	.debug_abbrev,"",%progbits
 442              	.Ldebug_abbrev0:
 443 0000 01       		.uleb128 0x1
 444 0001 11       		.uleb128 0x11
 445 0002 01       		.byte	0x1
 446 0003 25       		.uleb128 0x25
 447 0004 0E       		.uleb128 0xe
 448 0005 13       		.uleb128 0x13
 449 0006 0B       		.uleb128 0xb
 450 0007 03       		.uleb128 0x3
ARM GAS  /var/folders/17/bkfps9l155v_zhlnnf_8b0040000gn/T//cctn5lBB.s 			page 9


 451 0008 0E       		.uleb128 0xe
 452 0009 1B       		.uleb128 0x1b
 453 000a 0E       		.uleb128 0xe
 454 000b 55       		.uleb128 0x55
 455 000c 17       		.uleb128 0x17
 456 000d 11       		.uleb128 0x11
 457 000e 01       		.uleb128 0x1
 458 000f 10       		.uleb128 0x10
 459 0010 17       		.uleb128 0x17
 460 0011 00       		.byte	0
 461 0012 00       		.byte	0
 462 0013 02       		.uleb128 0x2
 463 0014 24       		.uleb128 0x24
 464 0015 00       		.byte	0
 465 0016 0B       		.uleb128 0xb
 466 0017 0B       		.uleb128 0xb
 467 0018 3E       		.uleb128 0x3e
 468 0019 0B       		.uleb128 0xb
 469 001a 03       		.uleb128 0x3
 470 001b 08       		.uleb128 0x8
 471 001c 00       		.byte	0
 472 001d 00       		.byte	0
 473 001e 03       		.uleb128 0x3
 474 001f 24       		.uleb128 0x24
 475 0020 00       		.byte	0
 476 0021 0B       		.uleb128 0xb
 477 0022 0B       		.uleb128 0xb
 478 0023 3E       		.uleb128 0x3e
 479 0024 0B       		.uleb128 0xb
 480 0025 03       		.uleb128 0x3
 481 0026 0E       		.uleb128 0xe
 482 0027 00       		.byte	0
 483 0028 00       		.byte	0
 484 0029 04       		.uleb128 0x4
 485 002a 16       		.uleb128 0x16
 486 002b 00       		.byte	0
 487 002c 03       		.uleb128 0x3
 488 002d 0E       		.uleb128 0xe
 489 002e 3A       		.uleb128 0x3a
 490 002f 0B       		.uleb128 0xb
 491 0030 3B       		.uleb128 0x3b
 492 0031 0B       		.uleb128 0xb
 493 0032 49       		.uleb128 0x49
 494 0033 13       		.uleb128 0x13
 495 0034 00       		.byte	0
 496 0035 00       		.byte	0
 497 0036 05       		.uleb128 0x5
 498 0037 0F       		.uleb128 0xf
 499 0038 00       		.byte	0
 500 0039 0B       		.uleb128 0xb
 501 003a 0B       		.uleb128 0xb
 502 003b 00       		.byte	0
 503 003c 00       		.byte	0
 504 003d 06       		.uleb128 0x6
 505 003e 0F       		.uleb128 0xf
 506 003f 00       		.byte	0
 507 0040 0B       		.uleb128 0xb
ARM GAS  /var/folders/17/bkfps9l155v_zhlnnf_8b0040000gn/T//cctn5lBB.s 			page 10


 508 0041 0B       		.uleb128 0xb
 509 0042 49       		.uleb128 0x49
 510 0043 13       		.uleb128 0x13
 511 0044 00       		.byte	0
 512 0045 00       		.byte	0
 513 0046 07       		.uleb128 0x7
 514 0047 15       		.uleb128 0x15
 515 0048 01       		.byte	0x1
 516 0049 27       		.uleb128 0x27
 517 004a 19       		.uleb128 0x19
 518 004b 01       		.uleb128 0x1
 519 004c 13       		.uleb128 0x13
 520 004d 00       		.byte	0
 521 004e 00       		.byte	0
 522 004f 08       		.uleb128 0x8
 523 0050 05       		.uleb128 0x5
 524 0051 00       		.byte	0
 525 0052 49       		.uleb128 0x49
 526 0053 13       		.uleb128 0x13
 527 0054 00       		.byte	0
 528 0055 00       		.byte	0
 529 0056 09       		.uleb128 0x9
 530 0057 13       		.uleb128 0x13
 531 0058 01       		.byte	0x1
 532 0059 03       		.uleb128 0x3
 533 005a 0E       		.uleb128 0xe
 534 005b 0B       		.uleb128 0xb
 535 005c 0B       		.uleb128 0xb
 536 005d 3A       		.uleb128 0x3a
 537 005e 0B       		.uleb128 0xb
 538 005f 3B       		.uleb128 0x3b
 539 0060 0B       		.uleb128 0xb
 540 0061 01       		.uleb128 0x1
 541 0062 13       		.uleb128 0x13
 542 0063 00       		.byte	0
 543 0064 00       		.byte	0
 544 0065 0A       		.uleb128 0xa
 545 0066 0D       		.uleb128 0xd
 546 0067 00       		.byte	0
 547 0068 03       		.uleb128 0x3
 548 0069 0E       		.uleb128 0xe
 549 006a 3A       		.uleb128 0x3a
 550 006b 0B       		.uleb128 0xb
 551 006c 3B       		.uleb128 0x3b
 552 006d 0B       		.uleb128 0xb
 553 006e 49       		.uleb128 0x49
 554 006f 13       		.uleb128 0x13
 555 0070 38       		.uleb128 0x38
 556 0071 0B       		.uleb128 0xb
 557 0072 00       		.byte	0
 558 0073 00       		.byte	0
 559 0074 0B       		.uleb128 0xb
 560 0075 13       		.uleb128 0x13
 561 0076 01       		.byte	0x1
 562 0077 0B       		.uleb128 0xb
 563 0078 0B       		.uleb128 0xb
 564 0079 3A       		.uleb128 0x3a
ARM GAS  /var/folders/17/bkfps9l155v_zhlnnf_8b0040000gn/T//cctn5lBB.s 			page 11


 565 007a 0B       		.uleb128 0xb
 566 007b 3B       		.uleb128 0x3b
 567 007c 0B       		.uleb128 0xb
 568 007d 01       		.uleb128 0x1
 569 007e 13       		.uleb128 0x13
 570 007f 00       		.byte	0
 571 0080 00       		.byte	0
 572 0081 0C       		.uleb128 0xc
 573 0082 35       		.uleb128 0x35
 574 0083 00       		.byte	0
 575 0084 49       		.uleb128 0x49
 576 0085 13       		.uleb128 0x13
 577 0086 00       		.byte	0
 578 0087 00       		.byte	0
 579 0088 0D       		.uleb128 0xd
 580 0089 2E       		.uleb128 0x2e
 581 008a 00       		.byte	0
 582 008b 3F       		.uleb128 0x3f
 583 008c 19       		.uleb128 0x19
 584 008d 03       		.uleb128 0x3
 585 008e 0E       		.uleb128 0xe
 586 008f 3A       		.uleb128 0x3a
 587 0090 0B       		.uleb128 0xb
 588 0091 3B       		.uleb128 0x3b
 589 0092 0B       		.uleb128 0xb
 590 0093 27       		.uleb128 0x27
 591 0094 19       		.uleb128 0x19
 592 0095 11       		.uleb128 0x11
 593 0096 01       		.uleb128 0x1
 594 0097 12       		.uleb128 0x12
 595 0098 06       		.uleb128 0x6
 596 0099 40       		.uleb128 0x40
 597 009a 18       		.uleb128 0x18
 598 009b 9742     		.uleb128 0x2117
 599 009d 19       		.uleb128 0x19
 600 009e 00       		.byte	0
 601 009f 00       		.byte	0
 602 00a0 0E       		.uleb128 0xe
 603 00a1 2E       		.uleb128 0x2e
 604 00a2 01       		.byte	0x1
 605 00a3 3F       		.uleb128 0x3f
 606 00a4 19       		.uleb128 0x19
 607 00a5 03       		.uleb128 0x3
 608 00a6 0E       		.uleb128 0xe
 609 00a7 3A       		.uleb128 0x3a
 610 00a8 0B       		.uleb128 0xb
 611 00a9 3B       		.uleb128 0x3b
 612 00aa 0B       		.uleb128 0xb
 613 00ab 27       		.uleb128 0x27
 614 00ac 19       		.uleb128 0x19
 615 00ad 11       		.uleb128 0x11
 616 00ae 01       		.uleb128 0x1
 617 00af 12       		.uleb128 0x12
 618 00b0 06       		.uleb128 0x6
 619 00b1 40       		.uleb128 0x40
 620 00b2 18       		.uleb128 0x18
 621 00b3 9742     		.uleb128 0x2117
ARM GAS  /var/folders/17/bkfps9l155v_zhlnnf_8b0040000gn/T//cctn5lBB.s 			page 12


 622 00b5 19       		.uleb128 0x19
 623 00b6 01       		.uleb128 0x1
 624 00b7 13       		.uleb128 0x13
 625 00b8 00       		.byte	0
 626 00b9 00       		.byte	0
 627 00ba 0F       		.uleb128 0xf
 628 00bb 05       		.uleb128 0x5
 629 00bc 00       		.byte	0
 630 00bd 03       		.uleb128 0x3
 631 00be 08       		.uleb128 0x8
 632 00bf 3A       		.uleb128 0x3a
 633 00c0 0B       		.uleb128 0xb
 634 00c1 3B       		.uleb128 0x3b
 635 00c2 0B       		.uleb128 0xb
 636 00c3 49       		.uleb128 0x49
 637 00c4 13       		.uleb128 0x13
 638 00c5 02       		.uleb128 0x2
 639 00c6 18       		.uleb128 0x18
 640 00c7 00       		.byte	0
 641 00c8 00       		.byte	0
 642 00c9 10       		.uleb128 0x10
 643 00ca 05       		.uleb128 0x5
 644 00cb 00       		.byte	0
 645 00cc 03       		.uleb128 0x3
 646 00cd 0E       		.uleb128 0xe
 647 00ce 3A       		.uleb128 0x3a
 648 00cf 0B       		.uleb128 0xb
 649 00d0 3B       		.uleb128 0x3b
 650 00d1 0B       		.uleb128 0xb
 651 00d2 49       		.uleb128 0x49
 652 00d3 13       		.uleb128 0x13
 653 00d4 02       		.uleb128 0x2
 654 00d5 17       		.uleb128 0x17
 655 00d6 00       		.byte	0
 656 00d7 00       		.byte	0
 657 00d8 11       		.uleb128 0x11
 658 00d9 05       		.uleb128 0x5
 659 00da 00       		.byte	0
 660 00db 03       		.uleb128 0x3
 661 00dc 0E       		.uleb128 0xe
 662 00dd 3A       		.uleb128 0x3a
 663 00de 0B       		.uleb128 0xb
 664 00df 3B       		.uleb128 0x3b
 665 00e0 0B       		.uleb128 0xb
 666 00e1 49       		.uleb128 0x49
 667 00e2 13       		.uleb128 0x13
 668 00e3 02       		.uleb128 0x2
 669 00e4 18       		.uleb128 0x18
 670 00e5 00       		.byte	0
 671 00e6 00       		.byte	0
 672 00e7 12       		.uleb128 0x12
 673 00e8 05       		.uleb128 0x5
 674 00e9 00       		.byte	0
 675 00ea 03       		.uleb128 0x3
 676 00eb 08       		.uleb128 0x8
 677 00ec 3A       		.uleb128 0x3a
 678 00ed 0B       		.uleb128 0xb
ARM GAS  /var/folders/17/bkfps9l155v_zhlnnf_8b0040000gn/T//cctn5lBB.s 			page 13


 679 00ee 3B       		.uleb128 0x3b
 680 00ef 0B       		.uleb128 0xb
 681 00f0 49       		.uleb128 0x49
 682 00f1 13       		.uleb128 0x13
 683 00f2 02       		.uleb128 0x2
 684 00f3 17       		.uleb128 0x17
 685 00f4 00       		.byte	0
 686 00f5 00       		.byte	0
 687 00f6 13       		.uleb128 0x13
 688 00f7 34       		.uleb128 0x34
 689 00f8 00       		.byte	0
 690 00f9 03       		.uleb128 0x3
 691 00fa 08       		.uleb128 0x8
 692 00fb 3A       		.uleb128 0x3a
 693 00fc 0B       		.uleb128 0xb
 694 00fd 3B       		.uleb128 0x3b
 695 00fe 0B       		.uleb128 0xb
 696 00ff 49       		.uleb128 0x49
 697 0100 13       		.uleb128 0x13
 698 0101 02       		.uleb128 0x2
 699 0102 17       		.uleb128 0x17
 700 0103 00       		.byte	0
 701 0104 00       		.byte	0
 702 0105 14       		.uleb128 0x14
 703 0106 34       		.uleb128 0x34
 704 0107 00       		.byte	0
 705 0108 03       		.uleb128 0x3
 706 0109 0E       		.uleb128 0xe
 707 010a 3A       		.uleb128 0x3a
 708 010b 0B       		.uleb128 0xb
 709 010c 3B       		.uleb128 0x3b
 710 010d 0B       		.uleb128 0xb
 711 010e 49       		.uleb128 0x49
 712 010f 13       		.uleb128 0x13
 713 0110 3F       		.uleb128 0x3f
 714 0111 19       		.uleb128 0x19
 715 0112 02       		.uleb128 0x2
 716 0113 18       		.uleb128 0x18
 717 0114 00       		.byte	0
 718 0115 00       		.byte	0
 719 0116 00       		.byte	0
 720              		.section	.debug_loc,"",%progbits
 721              	.Ldebug_loc0:
 722              	.LLST0:
 723 0000 00000000 		.4byte	.LVL0
 724 0004 14000000 		.4byte	.LVL4
 725 0008 0100     		.2byte	0x1
 726 000a 51       		.byte	0x51
 727 000b 14000000 		.4byte	.LVL4
 728 000f 2E000000 		.4byte	.LVL6
 729 0013 0100     		.2byte	0x1
 730 0015 51       		.byte	0x51
 731 0016 2E000000 		.4byte	.LVL6
 732 001a 30000000 		.4byte	.LVL7
 733 001e 0200     		.2byte	0x2
 734 0020 70       		.byte	0x70
 735 0021 08       		.sleb128 8
ARM GAS  /var/folders/17/bkfps9l155v_zhlnnf_8b0040000gn/T//cctn5lBB.s 			page 14


 736 0022 00000000 		.4byte	0
 737 0026 00000000 		.4byte	0
 738              	.LLST1:
 739 002a 00000000 		.4byte	.LVL0
 740 002e 0C000000 		.4byte	.LVL2
 741 0032 0100     		.2byte	0x1
 742 0034 53       		.byte	0x53
 743 0035 0C000000 		.4byte	.LVL2
 744 0039 24000000 		.4byte	.LVL5
 745 003d 0200     		.2byte	0x2
 746 003f 70       		.byte	0x70
 747 0040 10       		.sleb128 16
 748 0041 24000000 		.4byte	.LVL5
 749 0045 38000000 		.4byte	.LFE8
 750 0049 0400     		.2byte	0x4
 751 004b F3       		.byte	0xf3
 752 004c 01       		.uleb128 0x1
 753 004d 53       		.byte	0x53
 754 004e 9F       		.byte	0x9f
 755 004f 00000000 		.4byte	0
 756 0053 00000000 		.4byte	0
 757              	.LLST2:
 758 0057 08000000 		.4byte	.LVL1
 759 005b 12000000 		.4byte	.LVL3
 760 005f 0100     		.2byte	0x1
 761 0061 54       		.byte	0x54
 762 0062 14000000 		.4byte	.LVL4
 763 0066 32000000 		.4byte	.LVL8
 764 006a 0100     		.2byte	0x1
 765 006c 54       		.byte	0x54
 766 006d 00000000 		.4byte	0
 767 0071 00000000 		.4byte	0
 768              		.section	.debug_aranges,"",%progbits
 769 0000 2C000000 		.4byte	0x2c
 770 0004 0200     		.2byte	0x2
 771 0006 00000000 		.4byte	.Ldebug_info0
 772 000a 04       		.byte	0x4
 773 000b 00       		.byte	0
 774 000c 0000     		.2byte	0
 775 000e 0000     		.2byte	0
 776 0010 00000000 		.4byte	.LFB7
 777 0014 18000000 		.4byte	.LFE7-.LFB7
 778 0018 00000000 		.4byte	.LFB8
 779 001c 38000000 		.4byte	.LFE8-.LFB8
 780 0020 00000000 		.4byte	.LFB9
 781 0024 28000000 		.4byte	.LFE9-.LFB9
 782 0028 00000000 		.4byte	0
 783 002c 00000000 		.4byte	0
 784              		.section	.debug_ranges,"",%progbits
 785              	.Ldebug_ranges0:
 786 0000 00000000 		.4byte	.LFB7
 787 0004 18000000 		.4byte	.LFE7
 788 0008 00000000 		.4byte	.LFB8
 789 000c 38000000 		.4byte	.LFE8
 790 0010 00000000 		.4byte	.LFB9
 791 0014 28000000 		.4byte	.LFE9
 792 0018 00000000 		.4byte	0
ARM GAS  /var/folders/17/bkfps9l155v_zhlnnf_8b0040000gn/T//cctn5lBB.s 			page 15


 793 001c 00000000 		.4byte	0
 794              		.section	.debug_line,"",%progbits
 795              	.Ldebug_line0:
 796 0000 70010000 		.section	.debug_str,"MS",%progbits,1
 796      02001C01 
 796      00000201 
 796      FB0E0D00 
 796      01010101 
 797              	.LASF25:
 798 0000 63685654 		.ascii	"chVTSetI\000"
 798      53657449 
 798      00
 799              	.LASF28:
 800 0009 2E2E2F2E 		.ascii	"../../vexell/../ChibiOS-RT/os/kernel/src/chvt.c\000"
 800      2E2F7665 
 800      78656C6C 
 800      2F2E2E2F 
 800      43686962 
 801              	.LASF11:
 802 0039 73797374 		.ascii	"systime_t\000"
 802      696D655F 
 802      7400
 803              	.LASF13:
 804 0043 76746675 		.ascii	"vtfunc_t\000"
 804      6E635F74 
 804      00
 805              	.LASF7:
 806 004c 6C6F6E67 		.ascii	"long unsigned int\000"
 806      20756E73 
 806      69676E65 
 806      6420696E 
 806      7400
 807              	.LASF6:
 808 005e 73686F72 		.ascii	"short unsigned int\000"
 808      7420756E 
 808      7369676E 
 808      65642069 
 808      6E7400
 809              	.LASF14:
 810 0071 56697274 		.ascii	"VirtualTimer\000"
 810      75616C54 
 810      696D6572 
 810      00
 811              	.LASF5:
 812 007e 756E7369 		.ascii	"unsigned char\000"
 812      676E6564 
 812      20636861 
 812      7200
 813              	.LASF29:
 814 008c 2F557365 		.ascii	"/Users/leroux/src/robotics/vex/convex-vexell/projec"
 814      72732F6C 
 814      65726F75 
 814      782F7372 
 814      632F726F 
 815 00bf 74732F64 		.ascii	"ts/default\000"
 815      65666175 
 815      6C7400
ARM GAS  /var/folders/17/bkfps9l155v_zhlnnf_8b0040000gn/T//cctn5lBB.s 			page 16


 816              	.LASF30:
 817 00ca 5F76745F 		.ascii	"_vt_init\000"
 817      696E6974 
 817      00
 818              	.LASF0:
 819 00d3 756E7369 		.ascii	"unsigned int\000"
 819      676E6564 
 819      20696E74 
 819      00
 820              	.LASF8:
 821 00e0 6C6F6E67 		.ascii	"long long unsigned int\000"
 821      206C6F6E 
 821      6720756E 
 821      7369676E 
 821      65642069 
 822              	.LASF27:
 823 00f7 474E5520 		.ascii	"GNU C 4.8.3 20131129 (release) [ARM/embedded-4_8-br"
 823      4320342E 
 823      382E3320 
 823      32303133 
 823      31313239 
 824 012a 616E6368 		.ascii	"anch revision 205641] -mcpu=cortex-m3 -mno-thumb-in"
 824      20726576 
 824      6973696F 
 824      6E203230 
 824      35363431 
 825 015d 74657277 		.ascii	"terwork -mthumb -ggdb -O2 -std=gnu99 -fomit-frame-p"
 825      6F726B20 
 825      2D6D7468 
 825      756D6220 
 825      2D676764 
 826 0190 6F696E74 		.ascii	"ointer -falign-functions=16 -ffreestanding -fno-str"
 826      6572202D 
 826      66616C69 
 826      676E2D66 
 826      756E6374 
 827 01c3 6963742D 		.ascii	"ict-aliasing -ffunction-sections -fdata-sections -f"
 827      616C6961 
 827      73696E67 
 827      202D6666 
 827      756E6374 
 828 01f6 6E6F2D63 		.ascii	"no-common\000"
 828      6F6D6D6F 
 828      6E00
 829              	.LASF31:
 830 0200 76746C69 		.ascii	"vtlist\000"
 830      737400
 831              	.LASF23:
 832 0207 74696D65 		.ascii	"time\000"
 832      00
 833              	.LASF17:
 834 020c 76745F74 		.ascii	"vt_time\000"
 834      696D6500 
 835              	.LASF12:
 836 0214 73697A65 		.ascii	"sizetype\000"
 836      74797065 
 836      00
ARM GAS  /var/folders/17/bkfps9l155v_zhlnnf_8b0040000gn/T//cctn5lBB.s 			page 17


 837              	.LASF20:
 838 021d 76745F73 		.ascii	"vt_systime\000"
 838      79737469 
 838      6D6500
 839              	.LASF4:
 840 0228 6C6F6E67 		.ascii	"long long int\000"
 840      206C6F6E 
 840      6720696E 
 840      7400
 841              	.LASF18:
 842 0236 76745F66 		.ascii	"vt_func\000"
 842      756E6300 
 843              	.LASF24:
 844 023e 76746675 		.ascii	"vtfunc\000"
 844      6E6300
 845              	.LASF22:
 846 0245 63686172 		.ascii	"char\000"
 846      00
 847              	.LASF19:
 848 024a 76745F70 		.ascii	"vt_par\000"
 848      617200
 849              	.LASF2:
 850 0251 73686F72 		.ascii	"short int\000"
 850      7420696E 
 850      7400
 851              	.LASF16:
 852 025b 76745F70 		.ascii	"vt_prev\000"
 852      72657600 
 853              	.LASF10:
 854 0263 75696E74 		.ascii	"uint32_t\000"
 854      33325F74 
 854      00
 855              	.LASF3:
 856 026c 6C6F6E67 		.ascii	"long int\000"
 856      20696E74 
 856      00
 857              	.LASF1:
 858 0275 7369676E 		.ascii	"signed char\000"
 858      65642063 
 858      68617200 
 859              	.LASF21:
 860 0281 56544C69 		.ascii	"VTList\000"
 860      737400
 861              	.LASF15:
 862 0288 76745F6E 		.ascii	"vt_next\000"
 862      65787400 
 863              	.LASF26:
 864 0290 63685654 		.ascii	"chVTResetI\000"
 864      52657365 
 864      744900
 865              	.LASF9:
 866 029b 5F426F6F 		.ascii	"_Bool\000"
 866      6C00
 867              		.ident	"GCC: (GNU Tools for ARM Embedded Processors) 4.8.3 20131129 (release) [ARM/embedded-4_8-br
ARM GAS  /var/folders/17/bkfps9l155v_zhlnnf_8b0040000gn/T//cctn5lBB.s 			page 18


DEFINED SYMBOLS
                            *ABS*:0000000000000000 chvt.c
/var/folders/17/bkfps9l155v_zhlnnf_8b0040000gn/T//cctn5lBB.s:19     .text._vt_init:0000000000000000 $t
/var/folders/17/bkfps9l155v_zhlnnf_8b0040000gn/T//cctn5lBB.s:25     .text._vt_init:0000000000000000 _vt_init
/var/folders/17/bkfps9l155v_zhlnnf_8b0040000gn/T//cctn5lBB.s:50     .text._vt_init:0000000000000014 $d
/var/folders/17/bkfps9l155v_zhlnnf_8b0040000gn/T//cctn5lBB.s:55     .text.chVTSetI:0000000000000000 $t
/var/folders/17/bkfps9l155v_zhlnnf_8b0040000gn/T//cctn5lBB.s:61     .text.chVTSetI:0000000000000000 chVTSetI
/var/folders/17/bkfps9l155v_zhlnnf_8b0040000gn/T//cctn5lBB.s:128    .text.chVTSetI:0000000000000034 $d
/var/folders/17/bkfps9l155v_zhlnnf_8b0040000gn/T//cctn5lBB.s:133    .text.chVTResetI:0000000000000000 $t
/var/folders/17/bkfps9l155v_zhlnnf_8b0040000gn/T//cctn5lBB.s:139    .text.chVTResetI:0000000000000000 chVTResetI
/var/folders/17/bkfps9l155v_zhlnnf_8b0040000gn/T//cctn5lBB.s:175    .text.chVTResetI:0000000000000024 $d
/var/folders/17/bkfps9l155v_zhlnnf_8b0040000gn/T//cctn5lBB.s:185    .bss.vtlist:0000000000000000 vtlist
/var/folders/17/bkfps9l155v_zhlnnf_8b0040000gn/T//cctn5lBB.s:181    .bss.vtlist:0000000000000000 $d
                     .debug_frame:0000000000000010 $d
/var/folders/17/bkfps9l155v_zhlnnf_8b0040000gn/T//cctn5lBB.s:54     .text._vt_init:0000000000000018 $t
/var/folders/17/bkfps9l155v_zhlnnf_8b0040000gn/T//cctn5lBB.s:132    .text.chVTSetI:0000000000000038 $t
/var/folders/17/bkfps9l155v_zhlnnf_8b0040000gn/T//cctn5lBB.s:180    .text.chVTResetI:0000000000000028 $t

NO UNDEFINED SYMBOLS
