ARM GAS  /var/folders/17/bkfps9l155v_zhlnnf_8b0040000gn/T//cc5ENRPV.s 			page 1


   1              		.syntax unified
   2              		.cpu cortex-m3
   3              		.fpu softvfp
   4              		.eabi_attribute 20, 1
   5              		.eabi_attribute 21, 1
   6              		.eabi_attribute 23, 3
   7              		.eabi_attribute 24, 1
   8              		.eabi_attribute 25, 1
   9              		.eabi_attribute 26, 1
  10              		.eabi_attribute 30, 2
  11              		.eabi_attribute 34, 1
  12              		.eabi_attribute 18, 4
  13              		.thumb
  14              		.file	"vectors.c"
  15              		.text
  16              	.Ltext0:
  17              		.cfi_sections	.debug_frame
  18              		.section	.text._unhandled_exception,"ax",%progbits
  19              		.align	2
  20              		.p2align 4,,15
  21              		.global	_unhandled_exception
  22              		.thumb
  23              		.thumb_func
  24              		.type	_unhandled_exception, %function
  25              	_unhandled_exception:
  26              	.LFB7:
  27              		.file 1 "../../vexell/../ChibiOS-RT/os/ports/GCC/ARMCMx/STM32F1xx/vectors.c"
  28              		.loc 1 234 0
  29              		.cfi_startproc
  30              		@ Naked Function: prologue and epilogue provided by programmer.
  31              		@ Volatile: function does not return.
  32              		@ args = 0, pretend = 0, frame = 0
  33              		@ frame_needed = 0, uses_anonymous_args = 0
  34              	.L2:
  35 0000 FEE7     		b	.L2
  36              		.cfi_endproc
  37              	.LFE7:
  38              		.size	_unhandled_exception, .-_unhandled_exception
  39              		.weak	NMIVector
  40              		.thumb_set NMIVector,_unhandled_exception
  41              		.weak	HardFaultVector
  42              		.thumb_set HardFaultVector,_unhandled_exception
  43              		.weak	MemManageVector
  44              		.thumb_set MemManageVector,_unhandled_exception
  45              		.weak	BusFaultVector
  46              		.thumb_set BusFaultVector,_unhandled_exception
  47              		.weak	UsageFaultVector
  48              		.thumb_set UsageFaultVector,_unhandled_exception
  49              		.weak	Vector1C
  50              		.thumb_set Vector1C,_unhandled_exception
  51              		.weak	Vector20
  52              		.thumb_set Vector20,_unhandled_exception
  53              		.weak	Vector24
  54              		.thumb_set Vector24,_unhandled_exception
  55              		.weak	Vector28
  56              		.thumb_set Vector28,_unhandled_exception
  57              		.weak	SVCallVector
ARM GAS  /var/folders/17/bkfps9l155v_zhlnnf_8b0040000gn/T//cc5ENRPV.s 			page 2


  58              		.thumb_set SVCallVector,_unhandled_exception
  59              		.weak	DebugMonitorVector
  60              		.thumb_set DebugMonitorVector,_unhandled_exception
  61              		.weak	Vector34
  62              		.thumb_set Vector34,_unhandled_exception
  63              		.weak	PendSVVector
  64              		.thumb_set PendSVVector,_unhandled_exception
  65              		.weak	SysTickVector
  66              		.thumb_set SysTickVector,_unhandled_exception
  67              		.weak	Vector40
  68              		.thumb_set Vector40,_unhandled_exception
  69              		.weak	Vector44
  70              		.thumb_set Vector44,_unhandled_exception
  71              		.weak	Vector48
  72              		.thumb_set Vector48,_unhandled_exception
  73              		.weak	Vector4C
  74              		.thumb_set Vector4C,_unhandled_exception
  75              		.weak	Vector50
  76              		.thumb_set Vector50,_unhandled_exception
  77              		.weak	Vector54
  78              		.thumb_set Vector54,_unhandled_exception
  79              		.weak	Vector58
  80              		.thumb_set Vector58,_unhandled_exception
  81              		.weak	Vector5C
  82              		.thumb_set Vector5C,_unhandled_exception
  83              		.weak	Vector60
  84              		.thumb_set Vector60,_unhandled_exception
  85              		.weak	Vector64
  86              		.thumb_set Vector64,_unhandled_exception
  87              		.weak	Vector68
  88              		.thumb_set Vector68,_unhandled_exception
  89              		.weak	Vector6C
  90              		.thumb_set Vector6C,_unhandled_exception
  91              		.weak	Vector70
  92              		.thumb_set Vector70,_unhandled_exception
  93              		.weak	Vector74
  94              		.thumb_set Vector74,_unhandled_exception
  95              		.weak	Vector78
  96              		.thumb_set Vector78,_unhandled_exception
  97              		.weak	Vector7C
  98              		.thumb_set Vector7C,_unhandled_exception
  99              		.weak	Vector80
 100              		.thumb_set Vector80,_unhandled_exception
 101              		.weak	Vector84
 102              		.thumb_set Vector84,_unhandled_exception
 103              		.weak	Vector88
 104              		.thumb_set Vector88,_unhandled_exception
 105              		.weak	Vector8C
 106              		.thumb_set Vector8C,_unhandled_exception
 107              		.weak	Vector90
 108              		.thumb_set Vector90,_unhandled_exception
 109              		.weak	Vector94
 110              		.thumb_set Vector94,_unhandled_exception
 111              		.weak	Vector98
 112              		.thumb_set Vector98,_unhandled_exception
 113              		.weak	Vector9C
 114              		.thumb_set Vector9C,_unhandled_exception
ARM GAS  /var/folders/17/bkfps9l155v_zhlnnf_8b0040000gn/T//cc5ENRPV.s 			page 3


 115              		.weak	VectorA0
 116              		.thumb_set VectorA0,_unhandled_exception
 117              		.weak	VectorA4
 118              		.thumb_set VectorA4,_unhandled_exception
 119              		.weak	VectorA8
 120              		.thumb_set VectorA8,_unhandled_exception
 121              		.weak	VectorAC
 122              		.thumb_set VectorAC,_unhandled_exception
 123              		.weak	VectorB0
 124              		.thumb_set VectorB0,_unhandled_exception
 125              		.weak	VectorB4
 126              		.thumb_set VectorB4,_unhandled_exception
 127              		.weak	VectorB8
 128              		.thumb_set VectorB8,_unhandled_exception
 129              		.weak	VectorBC
 130              		.thumb_set VectorBC,_unhandled_exception
 131              		.weak	VectorC0
 132              		.thumb_set VectorC0,_unhandled_exception
 133              		.weak	VectorC4
 134              		.thumb_set VectorC4,_unhandled_exception
 135              		.weak	VectorC8
 136              		.thumb_set VectorC8,_unhandled_exception
 137              		.weak	VectorCC
 138              		.thumb_set VectorCC,_unhandled_exception
 139              		.weak	VectorD0
 140              		.thumb_set VectorD0,_unhandled_exception
 141              		.weak	VectorD4
 142              		.thumb_set VectorD4,_unhandled_exception
 143              		.weak	VectorD8
 144              		.thumb_set VectorD8,_unhandled_exception
 145              		.weak	VectorDC
 146              		.thumb_set VectorDC,_unhandled_exception
 147              		.weak	VectorE0
 148              		.thumb_set VectorE0,_unhandled_exception
 149              		.weak	VectorE4
 150              		.thumb_set VectorE4,_unhandled_exception
 151              		.weak	VectorE8
 152              		.thumb_set VectorE8,_unhandled_exception
 153              		.weak	VectorEC
 154              		.thumb_set VectorEC,_unhandled_exception
 155              		.weak	VectorF0
 156              		.thumb_set VectorF0,_unhandled_exception
 157              		.weak	VectorF4
 158              		.thumb_set VectorF4,_unhandled_exception
 159              		.weak	VectorF8
 160              		.thumb_set VectorF8,_unhandled_exception
 161              		.weak	VectorFC
 162              		.thumb_set VectorFC,_unhandled_exception
 163              		.weak	Vector100
 164              		.thumb_set Vector100,_unhandled_exception
 165              		.weak	Vector104
 166              		.thumb_set Vector104,_unhandled_exception
 167              		.weak	Vector108
 168              		.thumb_set Vector108,_unhandled_exception
 169              		.weak	Vector10C
 170              		.thumb_set Vector10C,_unhandled_exception
 171              		.weak	Vector110
ARM GAS  /var/folders/17/bkfps9l155v_zhlnnf_8b0040000gn/T//cc5ENRPV.s 			page 4


 172              		.thumb_set Vector110,_unhandled_exception
 173              		.weak	Vector114
 174              		.thumb_set Vector114,_unhandled_exception
 175              		.weak	Vector118
 176              		.thumb_set Vector118,_unhandled_exception
 177              		.weak	Vector11C
 178              		.thumb_set Vector11C,_unhandled_exception
 179              		.weak	Vector120
 180              		.thumb_set Vector120,_unhandled_exception
 181              		.weak	Vector124
 182              		.thumb_set Vector124,_unhandled_exception
 183              		.weak	Vector128
 184              		.thumb_set Vector128,_unhandled_exception
 185              		.weak	Vector12C
 186              		.thumb_set Vector12C,_unhandled_exception
 187              		.global	_vectors
 188 0002 00BFAFF3 		.section	vectors,"aw",%progbits
 188      0080AFF3 
 188      0080AFF3 
 188      0080
 189              		.align	2
 190              		.type	_vectors, %object
 191              		.size	_vectors, 304
 192              	_vectors:
 193 0000 00000000 		.word	__main_stack_end__
 194 0004 00000000 		.word	ResetHandler
 195 0008 00000000 		.word	NMIVector
 196 000c 00000000 		.word	HardFaultVector
 197 0010 00000000 		.word	MemManageVector
 198 0014 00000000 		.word	BusFaultVector
 199 0018 00000000 		.word	UsageFaultVector
 200 001c 00000000 		.word	Vector1C
 201 0020 00000000 		.word	Vector20
 202 0024 00000000 		.word	Vector24
 203 0028 00000000 		.word	Vector28
 204 002c 00000000 		.word	SVCallVector
 205 0030 00000000 		.word	DebugMonitorVector
 206 0034 00000000 		.word	Vector34
 207 0038 00000000 		.word	PendSVVector
 208 003c 00000000 		.word	SysTickVector
 209 0040 00000000 		.word	Vector40
 210 0044 00000000 		.word	Vector44
 211 0048 00000000 		.word	Vector48
 212 004c 00000000 		.word	Vector4C
 213 0050 00000000 		.word	Vector50
 214 0054 00000000 		.word	Vector54
 215 0058 00000000 		.word	Vector58
 216 005c 00000000 		.word	Vector5C
 217 0060 00000000 		.word	Vector60
 218 0064 00000000 		.word	Vector64
 219 0068 00000000 		.word	Vector68
 220 006c 00000000 		.word	Vector6C
 221 0070 00000000 		.word	Vector70
 222 0074 00000000 		.word	Vector74
 223 0078 00000000 		.word	Vector78
 224 007c 00000000 		.word	Vector7C
 225 0080 00000000 		.word	Vector80
ARM GAS  /var/folders/17/bkfps9l155v_zhlnnf_8b0040000gn/T//cc5ENRPV.s 			page 5


 226 0084 00000000 		.word	Vector84
 227 0088 00000000 		.word	Vector88
 228 008c 00000000 		.word	Vector8C
 229 0090 00000000 		.word	Vector90
 230 0094 00000000 		.word	Vector94
 231 0098 00000000 		.word	Vector98
 232 009c 00000000 		.word	Vector9C
 233 00a0 00000000 		.word	VectorA0
 234 00a4 00000000 		.word	VectorA4
 235 00a8 00000000 		.word	VectorA8
 236 00ac 00000000 		.word	VectorAC
 237 00b0 00000000 		.word	VectorB0
 238 00b4 00000000 		.word	VectorB4
 239 00b8 00000000 		.word	VectorB8
 240 00bc 00000000 		.word	VectorBC
 241 00c0 00000000 		.word	VectorC0
 242 00c4 00000000 		.word	VectorC4
 243 00c8 00000000 		.word	VectorC8
 244 00cc 00000000 		.word	VectorCC
 245 00d0 00000000 		.word	VectorD0
 246 00d4 00000000 		.word	VectorD4
 247 00d8 00000000 		.word	VectorD8
 248 00dc 00000000 		.word	VectorDC
 249 00e0 00000000 		.word	VectorE0
 250 00e4 00000000 		.word	VectorE4
 251 00e8 00000000 		.word	VectorE8
 252 00ec 00000000 		.word	VectorEC
 253 00f0 00000000 		.word	VectorF0
 254 00f4 00000000 		.word	VectorF4
 255 00f8 00000000 		.word	VectorF8
 256 00fc 00000000 		.word	VectorFC
 257 0100 00000000 		.word	Vector100
 258 0104 00000000 		.word	Vector104
 259 0108 00000000 		.word	Vector108
 260 010c 00000000 		.word	Vector10C
 261 0110 00000000 		.word	Vector110
 262 0114 00000000 		.word	Vector114
 263 0118 00000000 		.word	Vector118
 264 011c 00000000 		.word	Vector11C
 265 0120 00000000 		.word	Vector120
 266 0124 00000000 		.word	Vector124
 267 0128 00000000 		.word	Vector128
 268 012c 00000000 		.word	Vector12C
 269              		.text
 270              	.Letext0:
 271              		.file 2 "/Users/leroux/src/gcc-arm-none-eabi-4_8-2013q4/lib/gcc/arm-none-eabi/4.8.3/include/stdint
 272              		.section	.debug_info,"",%progbits
 273              	.Ldebug_info0:
 274 0000 BE010000 		.4byte	0x1be
 275 0004 0400     		.2byte	0x4
 276 0006 00000000 		.4byte	.Ldebug_abbrev0
 277 000a 04       		.byte	0x4
 278 000b 01       		.uleb128 0x1
 279 000c 55010000 		.4byte	.LASF34
 280 0010 01       		.byte	0x1
 281 0011 16000000 		.4byte	.LASF35
 282 0015 C0000000 		.4byte	.LASF36
ARM GAS  /var/folders/17/bkfps9l155v_zhlnnf_8b0040000gn/T//cc5ENRPV.s 			page 6


 283 0019 00000000 		.4byte	.Ldebug_ranges0+0
 284 001d 00000000 		.4byte	0
 285 0021 00000000 		.4byte	.Ldebug_line0
 286 0025 02       		.uleb128 0x2
 287 0026 04       		.byte	0x4
 288 0027 05       		.byte	0x5
 289 0028 696E7400 		.ascii	"int\000"
 290 002c 03       		.uleb128 0x3
 291 002d 04       		.byte	0x4
 292 002e 07       		.byte	0x7
 293 002f 16010000 		.4byte	.LASF0
 294 0033 03       		.uleb128 0x3
 295 0034 01       		.byte	0x1
 296 0035 06       		.byte	0x6
 297 0036 0B030000 		.4byte	.LASF1
 298 003a 03       		.uleb128 0x3
 299 003b 02       		.byte	0x2
 300 003c 05       		.byte	0x5
 301 003d E2020000 		.4byte	.LASF2
 302 0041 03       		.uleb128 0x3
 303 0042 04       		.byte	0x4
 304 0043 05       		.byte	0x5
 305 0044 02030000 		.4byte	.LASF3
 306 0048 03       		.uleb128 0x3
 307 0049 08       		.byte	0x8
 308 004a 05       		.byte	0x5
 309 004b A1020000 		.4byte	.LASF4
 310 004f 03       		.uleb128 0x3
 311 0050 01       		.byte	0x1
 312 0051 08       		.byte	0x8
 313 0052 84000000 		.4byte	.LASF5
 314 0056 03       		.uleb128 0x3
 315 0057 02       		.byte	0x2
 316 0058 07       		.byte	0x7
 317 0059 AD000000 		.4byte	.LASF6
 318 005d 04       		.uleb128 0x4
 319 005e F9020000 		.4byte	.LASF12
 320 0062 02       		.byte	0x2
 321 0063 34       		.byte	0x34
 322 0064 68000000 		.4byte	0x68
 323 0068 03       		.uleb128 0x3
 324 0069 04       		.byte	0x4
 325 006a 07       		.byte	0x7
 326 006b 9B000000 		.4byte	.LASF7
 327 006f 03       		.uleb128 0x3
 328 0070 08       		.byte	0x8
 329 0071 07       		.byte	0x7
 330 0072 2E010000 		.4byte	.LASF8
 331 0076 03       		.uleb128 0x3
 332 0077 01       		.byte	0x1
 333 0078 02       		.byte	0x2
 334 0079 35030000 		.4byte	.LASF9
 335 007d 03       		.uleb128 0x3
 336 007e 04       		.byte	0x4
 337 007f 07       		.byte	0x7
 338 0080 79020000 		.4byte	.LASF10
 339 0084 03       		.uleb128 0x3
ARM GAS  /var/folders/17/bkfps9l155v_zhlnnf_8b0040000gn/T//cc5ENRPV.s 			page 7


 340 0085 01       		.byte	0x1
 341 0086 08       		.byte	0x8
 342 0087 AF020000 		.4byte	.LASF11
 343 008b 04       		.uleb128 0x4
 344 008c 09000000 		.4byte	.LASF13
 345 0090 01       		.byte	0x1
 346 0091 41       		.byte	0x41
 347 0092 96000000 		.4byte	0x96
 348 0096 05       		.uleb128 0x5
 349 0097 04       		.byte	0x4
 350 0098 9C000000 		.4byte	0x9c
 351 009c 06       		.uleb128 0x6
 352 009d 07       		.uleb128 0x7
 353 009e 3001     		.2byte	0x130
 354 00a0 01       		.byte	0x1
 355 00a1 46       		.byte	0x46
 356 00a2 73010000 		.4byte	0x173
 357 00a6 08       		.uleb128 0x8
 358 00a7 6B000000 		.4byte	.LASF14
 359 00ab 01       		.byte	0x1
 360 00ac 47       		.byte	0x47
 361 00ad 73010000 		.4byte	0x173
 362 00b1 00       		.byte	0
 363 00b2 08       		.uleb128 0x8
 364 00b3 EC020000 		.4byte	.LASF15
 365 00b7 01       		.byte	0x1
 366 00b8 48       		.byte	0x48
 367 00b9 8B000000 		.4byte	0x8b
 368 00bd 04       		.byte	0x4
 369 00be 08       		.uleb128 0x8
 370 00bf 23010000 		.4byte	.LASF16
 371 00c3 01       		.byte	0x1
 372 00c4 49       		.byte	0x49
 373 00c5 8B000000 		.4byte	0x8b
 374 00c9 08       		.byte	0x8
 375 00ca 08       		.uleb128 0x8
 376 00cb 90020000 		.4byte	.LASF17
 377 00cf 01       		.byte	0x1
 378 00d0 4A       		.byte	0x4a
 379 00d1 8B000000 		.4byte	0x8b
 380 00d5 0C       		.byte	0xc
 381 00d6 08       		.uleb128 0x8
 382 00d7 B4020000 		.4byte	.LASF18
 383 00db 01       		.byte	0x1
 384 00dc 4B       		.byte	0x4b
 385 00dd 8B000000 		.4byte	0x8b
 386 00e1 10       		.byte	0x10
 387 00e2 08       		.uleb128 0x8
 388 00e3 45010000 		.4byte	.LASF19
 389 00e7 01       		.byte	0x1
 390 00e8 4C       		.byte	0x4c
 391 00e9 8B000000 		.4byte	0x8b
 392 00ed 14       		.byte	0x14
 393 00ee 08       		.uleb128 0x8
 394 00ef 67020000 		.4byte	.LASF20
 395 00f3 01       		.byte	0x1
 396 00f4 4D       		.byte	0x4d
ARM GAS  /var/folders/17/bkfps9l155v_zhlnnf_8b0040000gn/T//cc5ENRPV.s 			page 8


 397 00f5 8B000000 		.4byte	0x8b
 398 00f9 18       		.byte	0x18
 399 00fa 08       		.uleb128 0x8
 400 00fb FE000000 		.4byte	.LASF21
 401 00ff 01       		.byte	0x1
 402 0100 4E       		.byte	0x4e
 403 0101 8B000000 		.4byte	0x8b
 404 0105 1C       		.byte	0x1c
 405 0106 08       		.uleb128 0x8
 406 0107 92000000 		.4byte	.LASF22
 407 010b 01       		.byte	0x1
 408 010c 4F       		.byte	0x4f
 409 010d 8B000000 		.4byte	0x8b
 410 0111 20       		.byte	0x20
 411 0112 08       		.uleb128 0x8
 412 0113 00000000 		.4byte	.LASF23
 413 0117 01       		.byte	0x1
 414 0118 50       		.byte	0x50
 415 0119 8B000000 		.4byte	0x8b
 416 011d 24       		.byte	0x24
 417 011e 08       		.uleb128 0x8
 418 011f 5E020000 		.4byte	.LASF24
 419 0123 01       		.byte	0x1
 420 0124 51       		.byte	0x51
 421 0125 8B000000 		.4byte	0x8b
 422 0129 28       		.byte	0x28
 423 012a 08       		.uleb128 0x8
 424 012b 76000000 		.4byte	.LASF25
 425 012f 01       		.byte	0x1
 426 0130 52       		.byte	0x52
 427 0131 8B000000 		.4byte	0x8b
 428 0135 2C       		.byte	0x2c
 429 0136 08       		.uleb128 0x8
 430 0137 17030000 		.4byte	.LASF26
 431 013b 01       		.byte	0x1
 432 013c 53       		.byte	0x53
 433 013d 8B000000 		.4byte	0x8b
 434 0141 30       		.byte	0x30
 435 0142 08       		.uleb128 0x8
 436 0143 59000000 		.4byte	.LASF27
 437 0147 01       		.byte	0x1
 438 0148 54       		.byte	0x54
 439 0149 8B000000 		.4byte	0x8b
 440 014d 34       		.byte	0x34
 441 014e 08       		.uleb128 0x8
 442 014f 82020000 		.4byte	.LASF28
 443 0153 01       		.byte	0x1
 444 0154 55       		.byte	0x55
 445 0155 8B000000 		.4byte	0x8b
 446 0159 38       		.byte	0x38
 447 015a 08       		.uleb128 0x8
 448 015b 07010000 		.4byte	.LASF29
 449 015f 01       		.byte	0x1
 450 0160 56       		.byte	0x56
 451 0161 8B000000 		.4byte	0x8b
 452 0165 3C       		.byte	0x3c
 453 0166 08       		.uleb128 0x8
ARM GAS  /var/folders/17/bkfps9l155v_zhlnnf_8b0040000gn/T//cc5ENRPV.s 			page 9


 454 0167 DA020000 		.4byte	.LASF30
 455 016b 01       		.byte	0x1
 456 016c 57       		.byte	0x57
 457 016d 79010000 		.4byte	0x179
 458 0171 40       		.byte	0x40
 459 0172 00       		.byte	0
 460 0173 05       		.uleb128 0x5
 461 0174 04       		.byte	0x4
 462 0175 5D000000 		.4byte	0x5d
 463 0179 09       		.uleb128 0x9
 464 017a 8B000000 		.4byte	0x8b
 465 017e 89010000 		.4byte	0x189
 466 0182 0A       		.uleb128 0xa
 467 0183 7D000000 		.4byte	0x7d
 468 0187 3B       		.byte	0x3b
 469 0188 00       		.byte	0
 470 0189 04       		.uleb128 0x4
 471 018a 2B030000 		.4byte	.LASF31
 472 018e 01       		.byte	0x1
 473 018f 58       		.byte	0x58
 474 0190 9D000000 		.4byte	0x9d
 475 0194 0B       		.uleb128 0xb
 476 0195 C5020000 		.4byte	.LASF37
 477 0199 01       		.byte	0x1
 478 019a EA       		.byte	0xea
 479 019b 00000000 		.4byte	.LFB7
 480 019f 02000000 		.4byte	.LFE7-.LFB7
 481 01a3 01       		.uleb128 0x1
 482 01a4 9C       		.byte	0x9c
 483 01a5 0C       		.uleb128 0xc
 484 01a6 3B030000 		.4byte	.LASF32
 485 01aa 01       		.byte	0x1
 486 01ab 5B       		.byte	0x5b
 487 01ac 5D000000 		.4byte	0x5d
 488 01b0 0D       		.uleb128 0xd
 489 01b1 62000000 		.4byte	.LASF33
 490 01b5 01       		.byte	0x1
 491 01b6 BE       		.byte	0xbe
 492 01b7 89010000 		.4byte	0x189
 493 01bb 05       		.uleb128 0x5
 494 01bc 03       		.byte	0x3
 495 01bd 00000000 		.4byte	_vectors
 496 01c1 00       		.byte	0
 497              		.section	.debug_abbrev,"",%progbits
 498              	.Ldebug_abbrev0:
 499 0000 01       		.uleb128 0x1
 500 0001 11       		.uleb128 0x11
 501 0002 01       		.byte	0x1
 502 0003 25       		.uleb128 0x25
 503 0004 0E       		.uleb128 0xe
 504 0005 13       		.uleb128 0x13
 505 0006 0B       		.uleb128 0xb
 506 0007 03       		.uleb128 0x3
 507 0008 0E       		.uleb128 0xe
 508 0009 1B       		.uleb128 0x1b
 509 000a 0E       		.uleb128 0xe
 510 000b 55       		.uleb128 0x55
ARM GAS  /var/folders/17/bkfps9l155v_zhlnnf_8b0040000gn/T//cc5ENRPV.s 			page 10


 511 000c 17       		.uleb128 0x17
 512 000d 11       		.uleb128 0x11
 513 000e 01       		.uleb128 0x1
 514 000f 10       		.uleb128 0x10
 515 0010 17       		.uleb128 0x17
 516 0011 00       		.byte	0
 517 0012 00       		.byte	0
 518 0013 02       		.uleb128 0x2
 519 0014 24       		.uleb128 0x24
 520 0015 00       		.byte	0
 521 0016 0B       		.uleb128 0xb
 522 0017 0B       		.uleb128 0xb
 523 0018 3E       		.uleb128 0x3e
 524 0019 0B       		.uleb128 0xb
 525 001a 03       		.uleb128 0x3
 526 001b 08       		.uleb128 0x8
 527 001c 00       		.byte	0
 528 001d 00       		.byte	0
 529 001e 03       		.uleb128 0x3
 530 001f 24       		.uleb128 0x24
 531 0020 00       		.byte	0
 532 0021 0B       		.uleb128 0xb
 533 0022 0B       		.uleb128 0xb
 534 0023 3E       		.uleb128 0x3e
 535 0024 0B       		.uleb128 0xb
 536 0025 03       		.uleb128 0x3
 537 0026 0E       		.uleb128 0xe
 538 0027 00       		.byte	0
 539 0028 00       		.byte	0
 540 0029 04       		.uleb128 0x4
 541 002a 16       		.uleb128 0x16
 542 002b 00       		.byte	0
 543 002c 03       		.uleb128 0x3
 544 002d 0E       		.uleb128 0xe
 545 002e 3A       		.uleb128 0x3a
 546 002f 0B       		.uleb128 0xb
 547 0030 3B       		.uleb128 0x3b
 548 0031 0B       		.uleb128 0xb
 549 0032 49       		.uleb128 0x49
 550 0033 13       		.uleb128 0x13
 551 0034 00       		.byte	0
 552 0035 00       		.byte	0
 553 0036 05       		.uleb128 0x5
 554 0037 0F       		.uleb128 0xf
 555 0038 00       		.byte	0
 556 0039 0B       		.uleb128 0xb
 557 003a 0B       		.uleb128 0xb
 558 003b 49       		.uleb128 0x49
 559 003c 13       		.uleb128 0x13
 560 003d 00       		.byte	0
 561 003e 00       		.byte	0
 562 003f 06       		.uleb128 0x6
 563 0040 15       		.uleb128 0x15
 564 0041 00       		.byte	0
 565 0042 27       		.uleb128 0x27
 566 0043 19       		.uleb128 0x19
 567 0044 00       		.byte	0
ARM GAS  /var/folders/17/bkfps9l155v_zhlnnf_8b0040000gn/T//cc5ENRPV.s 			page 11


 568 0045 00       		.byte	0
 569 0046 07       		.uleb128 0x7
 570 0047 13       		.uleb128 0x13
 571 0048 01       		.byte	0x1
 572 0049 0B       		.uleb128 0xb
 573 004a 05       		.uleb128 0x5
 574 004b 3A       		.uleb128 0x3a
 575 004c 0B       		.uleb128 0xb
 576 004d 3B       		.uleb128 0x3b
 577 004e 0B       		.uleb128 0xb
 578 004f 01       		.uleb128 0x1
 579 0050 13       		.uleb128 0x13
 580 0051 00       		.byte	0
 581 0052 00       		.byte	0
 582 0053 08       		.uleb128 0x8
 583 0054 0D       		.uleb128 0xd
 584 0055 00       		.byte	0
 585 0056 03       		.uleb128 0x3
 586 0057 0E       		.uleb128 0xe
 587 0058 3A       		.uleb128 0x3a
 588 0059 0B       		.uleb128 0xb
 589 005a 3B       		.uleb128 0x3b
 590 005b 0B       		.uleb128 0xb
 591 005c 49       		.uleb128 0x49
 592 005d 13       		.uleb128 0x13
 593 005e 38       		.uleb128 0x38
 594 005f 0B       		.uleb128 0xb
 595 0060 00       		.byte	0
 596 0061 00       		.byte	0
 597 0062 09       		.uleb128 0x9
 598 0063 01       		.uleb128 0x1
 599 0064 01       		.byte	0x1
 600 0065 49       		.uleb128 0x49
 601 0066 13       		.uleb128 0x13
 602 0067 01       		.uleb128 0x1
 603 0068 13       		.uleb128 0x13
 604 0069 00       		.byte	0
 605 006a 00       		.byte	0
 606 006b 0A       		.uleb128 0xa
 607 006c 21       		.uleb128 0x21
 608 006d 00       		.byte	0
 609 006e 49       		.uleb128 0x49
 610 006f 13       		.uleb128 0x13
 611 0070 2F       		.uleb128 0x2f
 612 0071 0B       		.uleb128 0xb
 613 0072 00       		.byte	0
 614 0073 00       		.byte	0
 615 0074 0B       		.uleb128 0xb
 616 0075 2E       		.uleb128 0x2e
 617 0076 00       		.byte	0
 618 0077 3F       		.uleb128 0x3f
 619 0078 19       		.uleb128 0x19
 620 0079 03       		.uleb128 0x3
 621 007a 0E       		.uleb128 0xe
 622 007b 3A       		.uleb128 0x3a
 623 007c 0B       		.uleb128 0xb
 624 007d 3B       		.uleb128 0x3b
ARM GAS  /var/folders/17/bkfps9l155v_zhlnnf_8b0040000gn/T//cc5ENRPV.s 			page 12


 625 007e 0B       		.uleb128 0xb
 626 007f 27       		.uleb128 0x27
 627 0080 19       		.uleb128 0x19
 628 0081 11       		.uleb128 0x11
 629 0082 01       		.uleb128 0x1
 630 0083 12       		.uleb128 0x12
 631 0084 06       		.uleb128 0x6
 632 0085 40       		.uleb128 0x40
 633 0086 18       		.uleb128 0x18
 634 0087 9742     		.uleb128 0x2117
 635 0089 19       		.uleb128 0x19
 636 008a 00       		.byte	0
 637 008b 00       		.byte	0
 638 008c 0C       		.uleb128 0xc
 639 008d 34       		.uleb128 0x34
 640 008e 00       		.byte	0
 641 008f 03       		.uleb128 0x3
 642 0090 0E       		.uleb128 0xe
 643 0091 3A       		.uleb128 0x3a
 644 0092 0B       		.uleb128 0xb
 645 0093 3B       		.uleb128 0x3b
 646 0094 0B       		.uleb128 0xb
 647 0095 49       		.uleb128 0x49
 648 0096 13       		.uleb128 0x13
 649 0097 3F       		.uleb128 0x3f
 650 0098 19       		.uleb128 0x19
 651 0099 3C       		.uleb128 0x3c
 652 009a 19       		.uleb128 0x19
 653 009b 00       		.byte	0
 654 009c 00       		.byte	0
 655 009d 0D       		.uleb128 0xd
 656 009e 34       		.uleb128 0x34
 657 009f 00       		.byte	0
 658 00a0 03       		.uleb128 0x3
 659 00a1 0E       		.uleb128 0xe
 660 00a2 3A       		.uleb128 0x3a
 661 00a3 0B       		.uleb128 0xb
 662 00a4 3B       		.uleb128 0x3b
 663 00a5 0B       		.uleb128 0xb
 664 00a6 49       		.uleb128 0x49
 665 00a7 13       		.uleb128 0x13
 666 00a8 3F       		.uleb128 0x3f
 667 00a9 19       		.uleb128 0x19
 668 00aa 02       		.uleb128 0x2
 669 00ab 18       		.uleb128 0x18
 670 00ac 00       		.byte	0
 671 00ad 00       		.byte	0
 672 00ae 00       		.byte	0
 673              		.section	.debug_aranges,"",%progbits
 674 0000 1C000000 		.4byte	0x1c
 675 0004 0200     		.2byte	0x2
 676 0006 00000000 		.4byte	.Ldebug_info0
 677 000a 04       		.byte	0x4
 678 000b 00       		.byte	0
 679 000c 0000     		.2byte	0
 680 000e 0000     		.2byte	0
 681 0010 00000000 		.4byte	.LFB7
ARM GAS  /var/folders/17/bkfps9l155v_zhlnnf_8b0040000gn/T//cc5ENRPV.s 			page 13


 682 0014 02000000 		.4byte	.LFE7-.LFB7
 683 0018 00000000 		.4byte	0
 684 001c 00000000 		.4byte	0
 685              		.section	.debug_ranges,"",%progbits
 686              	.Ldebug_ranges0:
 687 0000 00000000 		.4byte	.LFB7
 688 0004 02000000 		.4byte	.LFE7
 689 0008 00000000 		.4byte	0
 690 000c 00000000 		.4byte	0
 691              		.section	.debug_line,"",%progbits
 692              	.Ldebug_line0:
 693 0000 D2000000 		.section	.debug_str,"MS",%progbits,1
 693      0200BC00 
 693      00000201 
 693      FB0E0D00 
 693      01010101 
 694              	.LASF23:
 695 0000 76656374 		.ascii	"vector24\000"
 695      6F723234 
 695      00
 696              	.LASF13:
 697 0009 6972715F 		.ascii	"irq_vector_t\000"
 697      76656374 
 697      6F725F74 
 697      00
 698              	.LASF35:
 699 0016 2E2E2F2E 		.ascii	"../../vexell/../ChibiOS-RT/os/ports/GCC/ARMCMx/STM3"
 699      2E2F7665 
 699      78656C6C 
 699      2F2E2E2F 
 699      43686962 
 700 0049 32463178 		.ascii	"2F1xx/vectors.c\000"
 700      782F7665 
 700      63746F72 
 700      732E6300 
 701              	.LASF27:
 702 0059 76656374 		.ascii	"vector34\000"
 702      6F723334 
 702      00
 703              	.LASF33:
 704 0062 5F766563 		.ascii	"_vectors\000"
 704      746F7273 
 704      00
 705              	.LASF14:
 706 006b 696E6974 		.ascii	"init_stack\000"
 706      5F737461 
 706      636B00
 707              	.LASF25:
 708 0076 73766361 		.ascii	"svcall_vector\000"
 708      6C6C5F76 
 708      6563746F 
 708      7200
 709              	.LASF5:
 710 0084 756E7369 		.ascii	"unsigned char\000"
 710      676E6564 
 710      20636861 
 710      7200
ARM GAS  /var/folders/17/bkfps9l155v_zhlnnf_8b0040000gn/T//cc5ENRPV.s 			page 14


 711              	.LASF22:
 712 0092 76656374 		.ascii	"vector20\000"
 712      6F723230 
 712      00
 713              	.LASF7:
 714 009b 6C6F6E67 		.ascii	"long unsigned int\000"
 714      20756E73 
 714      69676E65 
 714      6420696E 
 714      7400
 715              	.LASF6:
 716 00ad 73686F72 		.ascii	"short unsigned int\000"
 716      7420756E 
 716      7369676E 
 716      65642069 
 716      6E7400
 717              	.LASF36:
 718 00c0 2F557365 		.ascii	"/Users/leroux/src/robotics/vex/convex-vexell/projec"
 718      72732F6C 
 718      65726F75 
 718      782F7372 
 718      632F726F 
 719 00f3 74732F64 		.ascii	"ts/default\000"
 719      65666175 
 719      6C7400
 720              	.LASF21:
 721 00fe 76656374 		.ascii	"vector1c\000"
 721      6F723163 
 721      00
 722              	.LASF29:
 723 0107 73797374 		.ascii	"systick_vector\000"
 723      69636B5F 
 723      76656374 
 723      6F7200
 724              	.LASF0:
 725 0116 756E7369 		.ascii	"unsigned int\000"
 725      676E6564 
 725      20696E74 
 725      00
 726              	.LASF16:
 727 0123 6E6D695F 		.ascii	"nmi_vector\000"
 727      76656374 
 727      6F7200
 728              	.LASF8:
 729 012e 6C6F6E67 		.ascii	"long long unsigned int\000"
 729      206C6F6E 
 729      6720756E 
 729      7369676E 
 729      65642069 
 730              	.LASF19:
 731 0145 62757366 		.ascii	"busfault_vector\000"
 731      61756C74 
 731      5F766563 
 731      746F7200 
 732              	.LASF34:
 733 0155 474E5520 		.ascii	"GNU C 4.8.3 20131129 (release) [ARM/embedded-4_8-br"
 733      4320342E 
ARM GAS  /var/folders/17/bkfps9l155v_zhlnnf_8b0040000gn/T//cc5ENRPV.s 			page 15


 733      382E3320 
 733      32303133 
 733      31313239 
 734 0188 616E6368 		.ascii	"anch revision 205641] -mcpu=cortex-m3 -mno-thumb-in"
 734      20726576 
 734      6973696F 
 734      6E203230 
 734      35363431 
 735 01bb 74657277 		.ascii	"terwork -mthumb -ggdb -O2 -std=gnu99 -fomit-frame-p"
 735      6F726B20 
 735      2D6D7468 
 735      756D6220 
 735      2D676764 
 736 01ee 6F696E74 		.ascii	"ointer -falign-functions=16 -ffreestanding -fno-str"
 736      6572202D 
 736      66616C69 
 736      676E2D66 
 736      756E6374 
 737 0221 6963742D 		.ascii	"ict-aliasing -ffunction-sections -fdata-sections -f"
 737      616C6961 
 737      73696E67 
 737      202D6666 
 737      756E6374 
 738 0254 6E6F2D63 		.ascii	"no-common\000"
 738      6F6D6D6F 
 738      6E00
 739              	.LASF24:
 740 025e 76656374 		.ascii	"vector28\000"
 740      6F723238 
 740      00
 741              	.LASF20:
 742 0267 75736167 		.ascii	"usagefault_vector\000"
 742      65666175 
 742      6C745F76 
 742      6563746F 
 742      7200
 743              	.LASF10:
 744 0279 73697A65 		.ascii	"sizetype\000"
 744      74797065 
 744      00
 745              	.LASF28:
 746 0282 70656E64 		.ascii	"pendsv_vector\000"
 746      73765F76 
 746      6563746F 
 746      7200
 747              	.LASF17:
 748 0290 68617264 		.ascii	"hardfault_vector\000"
 748      6661756C 
 748      745F7665 
 748      63746F72 
 748      00
 749              	.LASF4:
 750 02a1 6C6F6E67 		.ascii	"long long int\000"
 750      206C6F6E 
 750      6720696E 
 750      7400
 751              	.LASF11:
ARM GAS  /var/folders/17/bkfps9l155v_zhlnnf_8b0040000gn/T//cc5ENRPV.s 			page 16


 752 02af 63686172 		.ascii	"char\000"
 752      00
 753              	.LASF18:
 754 02b4 6D656D6D 		.ascii	"memmanage_vector\000"
 754      616E6167 
 754      655F7665 
 754      63746F72 
 754      00
 755              	.LASF37:
 756 02c5 5F756E68 		.ascii	"_unhandled_exception\000"
 756      616E646C 
 756      65645F65 
 756      78636570 
 756      74696F6E 
 757              	.LASF30:
 758 02da 76656374 		.ascii	"vectors\000"
 758      6F727300 
 759              	.LASF2:
 760 02e2 73686F72 		.ascii	"short int\000"
 760      7420696E 
 760      7400
 761              	.LASF15:
 762 02ec 72657365 		.ascii	"reset_vector\000"
 762      745F7665 
 762      63746F72 
 762      00
 763              	.LASF12:
 764 02f9 75696E74 		.ascii	"uint32_t\000"
 764      33325F74 
 764      00
 765              	.LASF3:
 766 0302 6C6F6E67 		.ascii	"long int\000"
 766      20696E74 
 766      00
 767              	.LASF1:
 768 030b 7369676E 		.ascii	"signed char\000"
 768      65642063 
 768      68617200 
 769              	.LASF26:
 770 0317 64656275 		.ascii	"debugmonitor_vector\000"
 770      676D6F6E 
 770      69746F72 
 770      5F766563 
 770      746F7200 
 771              	.LASF31:
 772 032b 76656374 		.ascii	"vectors_t\000"
 772      6F72735F 
 772      7400
 773              	.LASF9:
 774 0335 5F426F6F 		.ascii	"_Bool\000"
 774      6C00
 775              	.LASF32:
 776 033b 5F5F6D61 		.ascii	"__main_stack_end__\000"
 776      696E5F73 
 776      7461636B 
 776      5F656E64 
 776      5F5F00
ARM GAS  /var/folders/17/bkfps9l155v_zhlnnf_8b0040000gn/T//cc5ENRPV.s 			page 17


 777              		.ident	"GCC: (GNU Tools for ARM Embedded Processors) 4.8.3 20131129 (release) [ARM/embedded-4_8-br
ARM GAS  /var/folders/17/bkfps9l155v_zhlnnf_8b0040000gn/T//cc5ENRPV.s 			page 18


DEFINED SYMBOLS
                            *ABS*:0000000000000000 vectors.c
/var/folders/17/bkfps9l155v_zhlnnf_8b0040000gn/T//cc5ENRPV.s:19     .text._unhandled_exception:0000000000000000 $t
/var/folders/17/bkfps9l155v_zhlnnf_8b0040000gn/T//cc5ENRPV.s:25     .text._unhandled_exception:0000000000000000 _unhandled_exception
/var/folders/17/bkfps9l155v_zhlnnf_8b0040000gn/T//cc5ENRPV.s:25     .text._unhandled_exception:0000000000000000 NMIVector
/var/folders/17/bkfps9l155v_zhlnnf_8b0040000gn/T//cc5ENRPV.s:25     .text._unhandled_exception:0000000000000000 HardFaultVector
/var/folders/17/bkfps9l155v_zhlnnf_8b0040000gn/T//cc5ENRPV.s:25     .text._unhandled_exception:0000000000000000 MemManageVector
/var/folders/17/bkfps9l155v_zhlnnf_8b0040000gn/T//cc5ENRPV.s:25     .text._unhandled_exception:0000000000000000 BusFaultVector
/var/folders/17/bkfps9l155v_zhlnnf_8b0040000gn/T//cc5ENRPV.s:25     .text._unhandled_exception:0000000000000000 UsageFaultVector
/var/folders/17/bkfps9l155v_zhlnnf_8b0040000gn/T//cc5ENRPV.s:25     .text._unhandled_exception:0000000000000000 Vector1C
/var/folders/17/bkfps9l155v_zhlnnf_8b0040000gn/T//cc5ENRPV.s:25     .text._unhandled_exception:0000000000000000 Vector20
/var/folders/17/bkfps9l155v_zhlnnf_8b0040000gn/T//cc5ENRPV.s:25     .text._unhandled_exception:0000000000000000 Vector24
/var/folders/17/bkfps9l155v_zhlnnf_8b0040000gn/T//cc5ENRPV.s:25     .text._unhandled_exception:0000000000000000 Vector28
/var/folders/17/bkfps9l155v_zhlnnf_8b0040000gn/T//cc5ENRPV.s:25     .text._unhandled_exception:0000000000000000 SVCallVector
/var/folders/17/bkfps9l155v_zhlnnf_8b0040000gn/T//cc5ENRPV.s:25     .text._unhandled_exception:0000000000000000 DebugMonitorVector
/var/folders/17/bkfps9l155v_zhlnnf_8b0040000gn/T//cc5ENRPV.s:25     .text._unhandled_exception:0000000000000000 Vector34
/var/folders/17/bkfps9l155v_zhlnnf_8b0040000gn/T//cc5ENRPV.s:25     .text._unhandled_exception:0000000000000000 PendSVVector
/var/folders/17/bkfps9l155v_zhlnnf_8b0040000gn/T//cc5ENRPV.s:25     .text._unhandled_exception:0000000000000000 SysTickVector
/var/folders/17/bkfps9l155v_zhlnnf_8b0040000gn/T//cc5ENRPV.s:25     .text._unhandled_exception:0000000000000000 Vector40
/var/folders/17/bkfps9l155v_zhlnnf_8b0040000gn/T//cc5ENRPV.s:25     .text._unhandled_exception:0000000000000000 Vector44
/var/folders/17/bkfps9l155v_zhlnnf_8b0040000gn/T//cc5ENRPV.s:25     .text._unhandled_exception:0000000000000000 Vector48
/var/folders/17/bkfps9l155v_zhlnnf_8b0040000gn/T//cc5ENRPV.s:25     .text._unhandled_exception:0000000000000000 Vector4C
/var/folders/17/bkfps9l155v_zhlnnf_8b0040000gn/T//cc5ENRPV.s:25     .text._unhandled_exception:0000000000000000 Vector50
/var/folders/17/bkfps9l155v_zhlnnf_8b0040000gn/T//cc5ENRPV.s:25     .text._unhandled_exception:0000000000000000 Vector54
/var/folders/17/bkfps9l155v_zhlnnf_8b0040000gn/T//cc5ENRPV.s:25     .text._unhandled_exception:0000000000000000 Vector58
/var/folders/17/bkfps9l155v_zhlnnf_8b0040000gn/T//cc5ENRPV.s:25     .text._unhandled_exception:0000000000000000 Vector5C
/var/folders/17/bkfps9l155v_zhlnnf_8b0040000gn/T//cc5ENRPV.s:25     .text._unhandled_exception:0000000000000000 Vector60
/var/folders/17/bkfps9l155v_zhlnnf_8b0040000gn/T//cc5ENRPV.s:25     .text._unhandled_exception:0000000000000000 Vector64
/var/folders/17/bkfps9l155v_zhlnnf_8b0040000gn/T//cc5ENRPV.s:25     .text._unhandled_exception:0000000000000000 Vector68
/var/folders/17/bkfps9l155v_zhlnnf_8b0040000gn/T//cc5ENRPV.s:25     .text._unhandled_exception:0000000000000000 Vector6C
/var/folders/17/bkfps9l155v_zhlnnf_8b0040000gn/T//cc5ENRPV.s:25     .text._unhandled_exception:0000000000000000 Vector70
/var/folders/17/bkfps9l155v_zhlnnf_8b0040000gn/T//cc5ENRPV.s:25     .text._unhandled_exception:0000000000000000 Vector74
/var/folders/17/bkfps9l155v_zhlnnf_8b0040000gn/T//cc5ENRPV.s:25     .text._unhandled_exception:0000000000000000 Vector78
/var/folders/17/bkfps9l155v_zhlnnf_8b0040000gn/T//cc5ENRPV.s:25     .text._unhandled_exception:0000000000000000 Vector7C
/var/folders/17/bkfps9l155v_zhlnnf_8b0040000gn/T//cc5ENRPV.s:25     .text._unhandled_exception:0000000000000000 Vector80
/var/folders/17/bkfps9l155v_zhlnnf_8b0040000gn/T//cc5ENRPV.s:25     .text._unhandled_exception:0000000000000000 Vector84
/var/folders/17/bkfps9l155v_zhlnnf_8b0040000gn/T//cc5ENRPV.s:25     .text._unhandled_exception:0000000000000000 Vector88
/var/folders/17/bkfps9l155v_zhlnnf_8b0040000gn/T//cc5ENRPV.s:25     .text._unhandled_exception:0000000000000000 Vector8C
/var/folders/17/bkfps9l155v_zhlnnf_8b0040000gn/T//cc5ENRPV.s:25     .text._unhandled_exception:0000000000000000 Vector90
/var/folders/17/bkfps9l155v_zhlnnf_8b0040000gn/T//cc5ENRPV.s:25     .text._unhandled_exception:0000000000000000 Vector94
/var/folders/17/bkfps9l155v_zhlnnf_8b0040000gn/T//cc5ENRPV.s:25     .text._unhandled_exception:0000000000000000 Vector98
/var/folders/17/bkfps9l155v_zhlnnf_8b0040000gn/T//cc5ENRPV.s:25     .text._unhandled_exception:0000000000000000 Vector9C
/var/folders/17/bkfps9l155v_zhlnnf_8b0040000gn/T//cc5ENRPV.s:25     .text._unhandled_exception:0000000000000000 VectorA0
/var/folders/17/bkfps9l155v_zhlnnf_8b0040000gn/T//cc5ENRPV.s:25     .text._unhandled_exception:0000000000000000 VectorA4
/var/folders/17/bkfps9l155v_zhlnnf_8b0040000gn/T//cc5ENRPV.s:25     .text._unhandled_exception:0000000000000000 VectorA8
/var/folders/17/bkfps9l155v_zhlnnf_8b0040000gn/T//cc5ENRPV.s:25     .text._unhandled_exception:0000000000000000 VectorAC
/var/folders/17/bkfps9l155v_zhlnnf_8b0040000gn/T//cc5ENRPV.s:25     .text._unhandled_exception:0000000000000000 VectorB0
/var/folders/17/bkfps9l155v_zhlnnf_8b0040000gn/T//cc5ENRPV.s:25     .text._unhandled_exception:0000000000000000 VectorB4
/var/folders/17/bkfps9l155v_zhlnnf_8b0040000gn/T//cc5ENRPV.s:25     .text._unhandled_exception:0000000000000000 VectorB8
/var/folders/17/bkfps9l155v_zhlnnf_8b0040000gn/T//cc5ENRPV.s:25     .text._unhandled_exception:0000000000000000 VectorBC
/var/folders/17/bkfps9l155v_zhlnnf_8b0040000gn/T//cc5ENRPV.s:25     .text._unhandled_exception:0000000000000000 VectorC0
/var/folders/17/bkfps9l155v_zhlnnf_8b0040000gn/T//cc5ENRPV.s:25     .text._unhandled_exception:0000000000000000 VectorC4
/var/folders/17/bkfps9l155v_zhlnnf_8b0040000gn/T//cc5ENRPV.s:25     .text._unhandled_exception:0000000000000000 VectorC8
/var/folders/17/bkfps9l155v_zhlnnf_8b0040000gn/T//cc5ENRPV.s:25     .text._unhandled_exception:0000000000000000 VectorCC
/var/folders/17/bkfps9l155v_zhlnnf_8b0040000gn/T//cc5ENRPV.s:25     .text._unhandled_exception:0000000000000000 VectorD0
/var/folders/17/bkfps9l155v_zhlnnf_8b0040000gn/T//cc5ENRPV.s:25     .text._unhandled_exception:0000000000000000 VectorD4
/var/folders/17/bkfps9l155v_zhlnnf_8b0040000gn/T//cc5ENRPV.s:25     .text._unhandled_exception:0000000000000000 VectorD8
ARM GAS  /var/folders/17/bkfps9l155v_zhlnnf_8b0040000gn/T//cc5ENRPV.s 			page 19


/var/folders/17/bkfps9l155v_zhlnnf_8b0040000gn/T//cc5ENRPV.s:25     .text._unhandled_exception:0000000000000000 VectorDC
/var/folders/17/bkfps9l155v_zhlnnf_8b0040000gn/T//cc5ENRPV.s:25     .text._unhandled_exception:0000000000000000 VectorE0
/var/folders/17/bkfps9l155v_zhlnnf_8b0040000gn/T//cc5ENRPV.s:25     .text._unhandled_exception:0000000000000000 VectorE4
/var/folders/17/bkfps9l155v_zhlnnf_8b0040000gn/T//cc5ENRPV.s:25     .text._unhandled_exception:0000000000000000 VectorE8
/var/folders/17/bkfps9l155v_zhlnnf_8b0040000gn/T//cc5ENRPV.s:25     .text._unhandled_exception:0000000000000000 VectorEC
/var/folders/17/bkfps9l155v_zhlnnf_8b0040000gn/T//cc5ENRPV.s:25     .text._unhandled_exception:0000000000000000 VectorF0
/var/folders/17/bkfps9l155v_zhlnnf_8b0040000gn/T//cc5ENRPV.s:25     .text._unhandled_exception:0000000000000000 VectorF4
/var/folders/17/bkfps9l155v_zhlnnf_8b0040000gn/T//cc5ENRPV.s:25     .text._unhandled_exception:0000000000000000 VectorF8
/var/folders/17/bkfps9l155v_zhlnnf_8b0040000gn/T//cc5ENRPV.s:25     .text._unhandled_exception:0000000000000000 VectorFC
/var/folders/17/bkfps9l155v_zhlnnf_8b0040000gn/T//cc5ENRPV.s:25     .text._unhandled_exception:0000000000000000 Vector100
/var/folders/17/bkfps9l155v_zhlnnf_8b0040000gn/T//cc5ENRPV.s:25     .text._unhandled_exception:0000000000000000 Vector104
/var/folders/17/bkfps9l155v_zhlnnf_8b0040000gn/T//cc5ENRPV.s:25     .text._unhandled_exception:0000000000000000 Vector108
/var/folders/17/bkfps9l155v_zhlnnf_8b0040000gn/T//cc5ENRPV.s:25     .text._unhandled_exception:0000000000000000 Vector10C
/var/folders/17/bkfps9l155v_zhlnnf_8b0040000gn/T//cc5ENRPV.s:25     .text._unhandled_exception:0000000000000000 Vector110
/var/folders/17/bkfps9l155v_zhlnnf_8b0040000gn/T//cc5ENRPV.s:25     .text._unhandled_exception:0000000000000000 Vector114
/var/folders/17/bkfps9l155v_zhlnnf_8b0040000gn/T//cc5ENRPV.s:25     .text._unhandled_exception:0000000000000000 Vector118
/var/folders/17/bkfps9l155v_zhlnnf_8b0040000gn/T//cc5ENRPV.s:25     .text._unhandled_exception:0000000000000000 Vector11C
/var/folders/17/bkfps9l155v_zhlnnf_8b0040000gn/T//cc5ENRPV.s:25     .text._unhandled_exception:0000000000000000 Vector120
/var/folders/17/bkfps9l155v_zhlnnf_8b0040000gn/T//cc5ENRPV.s:25     .text._unhandled_exception:0000000000000000 Vector124
/var/folders/17/bkfps9l155v_zhlnnf_8b0040000gn/T//cc5ENRPV.s:25     .text._unhandled_exception:0000000000000000 Vector128
/var/folders/17/bkfps9l155v_zhlnnf_8b0040000gn/T//cc5ENRPV.s:25     .text._unhandled_exception:0000000000000000 Vector12C
/var/folders/17/bkfps9l155v_zhlnnf_8b0040000gn/T//cc5ENRPV.s:192    vectors:0000000000000000 _vectors
/var/folders/17/bkfps9l155v_zhlnnf_8b0040000gn/T//cc5ENRPV.s:189    vectors:0000000000000000 $d
                     .debug_frame:0000000000000010 $d

UNDEFINED SYMBOLS
__main_stack_end__
ResetHandler
